{
  "number": 4096,
  "title": "Solution does not builds under VS 2019 preview 2",
  "body": "### Steps to reproduce\r\n\r\nAfter updating to VS 2019 preview 2, the solution in https://github.com/TranslucentTB/TranslucentTB (branch master) doesn't builds anymore.\r\n\r\nCommand line\r\n```\r\nmsbuild\r\n```\r\n### Expected  behavior\r\n\r\nThe solution builds\r\n\r\n### Actual behavior\r\n\r\nIt outputs something akin to for each project in the solution without building:\r\n\r\n```\r\nThe \"Configuration\" property is a global property, and cannot be modified.\r\nThe \"Configuration\" property is a global property, and cannot be modified.\r\nThe \"SolutionDir\" property is a global property, and cannot be modified.\r\nThe \"SolutionExt\" property is a global property, and cannot be modified.\r\nThe \"Configuration\" property is a global property, and cannot be modified.\r\nThe \"SolutionName\" property is a global property, and cannot be modified.\r\nThe \"SolutionFileName\" property is a global property, and cannot be modified.\r\nThe \"SolutionPath\" property is a global property, and cannot be modified.\r\nThe \"SolutionDir\" property is a global property, and cannot be modified.\r\nThe \"SolutionExt\" property is a global property, and cannot be modified.\r\nProject \"C:\\Projects\\tmp\\TranslucentTB\\TranslucentTB.sln\" (1) is building \"C:\\Projects\\tmp\\TranslucentTB\\TranslucentTB\\TranslucentTB.vcxproj\" (2) on node 1 (default targets).\r\nC:\\Program Files (x86)\\Microsoft Visual Studio\\2019\\Preview\\MSBuild\\Current\\Bin\\Microsoft.Common.CurrentVersion.targets(775,5): error : The OutputPath property is not set for project 'TranslucentTB.vcxproj'.  Please check to make sure that you have specified a valid combination of Configuration and Platform for this project.  Configuration='Debug'  Platform='Win32'.  You may be seeing this message because you are trying to build a project without a solution file, and have specified a non-default Configuration or Platform that doesn't exist for this project. [C:\\Projects\\tmp\\TranslucentTB\\TranslucentTB\\TranslucentTB.vcxproj]\r\nDone Building Project \"C:\\Projects\\tmp\\TranslucentTB\\TranslucentTB\\TranslucentTB.vcxproj\" (default targets) -- FAILED.\r\n```\r\n\r\n### Environment data\r\n```\r\nMicrosoft (R) Build Engine version 16.0.360-preview+g9781d96883 for .NET Framework\r\nCopyright (C) Microsoft Corporation. All rights reserved.\r\n\r\n16.0.360.33175\r\n```\r\n\r\nOS info:\r\n\r\nVisual Studio 2019 Preview 2 developer command prompt. Windows 10 Enterprise Insider Preview (build 18317)\r\n",
  "state": "CLOSED",
  "createdAt": "2019-01-24T13:42:53Z",
  "updatedAt": "2024-02-21T17:09:33Z",
  "closedAt": "2019-01-28T14:33:31Z",
  "author": {
    "login": "sylveon"
  },
  "labels": [
    "triaged"
  ],
  "assignees": {
    "nodes": []
  },
  "milestone": null,
  "comments": {
    "nodes": [
      {
        "body": "I can't reproduce this with https://github.com/TranslucentTB/TranslucentTB/commit/833ae80fe3040177c933b2a7ef362c421b10f7ed. I get this failure, which seems to be after what you're reporting:\r\n\r\n```\r\nBuild FAILED.\r\n\r\n\"C:\\TranslucentTB\\TranslucentTB.sln\" (default target) (1) ->\r\n\"C:\\TranslucentTB\\TranslucentTB\\TranslucentTB.vcxproj\" (default target) (2) ->\r\n\"C:\\TranslucentTB\\CPicker\\CPicker.vcxproj\" (default target) (3) ->\r\n(ClCompile target) ->\r\n  C:\\Program Files (x86)\\Windows Kits\\10\\Include\\10.0.17134.0\\um\\windows.h(167): fatal error : 'excpt.h' file not found\r\n [C:\\TranslucentTB\\CPicker\\CPicker.vcxproj]\r\n\r\n    0 Warning(s)\r\n    1 Error(s)\r\n\r\nTime Elapsed 00:00:12.74\r\n```\r\n\r\nCan you capture and share a binary log? Please look at https://gist.github.com/dsplaisted/b256d7804672a6f6375476a5f5658b7b for instructions and caveats.",
        "createdAt": "2019-01-24T21:16:27Z",
        "updatedAt": "2019-01-24T21:16:27Z",
        "author": {
          "login": "rainersigwald"
        }
      },
      {
        "body": "I've created a binary log for both master and develop (where the issue also occurs) but I did not manage to get anything interesting out of it: [binlogs.zip](https://github.com/Microsoft/msbuild/files/2793722/binlogs.zip)\r\n\r\nNote that for building `develop` on VS 2019, a patched platform toolset is required: https://reviews.llvm.org/D56034",
        "createdAt": "2019-01-24T21:38:38Z",
        "updatedAt": "2019-01-24T21:38:38Z",
        "author": {
          "login": "sylveon"
        }
      },
      {
        "body": "Changing the platform toolset to v142 seems to have fixed it, it's a bug in the llvm toolset.",
        "createdAt": "2019-01-28T14:33:31Z",
        "updatedAt": "2019-01-28T14:33:31Z",
        "author": {
          "login": "sylveon"
        }
      },
      {
        "body": "Thanks for following up!",
        "createdAt": "2019-01-28T16:17:38Z",
        "updatedAt": "2019-01-28T16:17:38Z",
        "author": {
          "login": "rainersigwald"
        }
      },
      {
        "body": "I am having a similar issue here with the same errors in the bin log. I've attached bin logs to the issue. Is this the same bug or a different one?\r\n\r\nOur solution is a C# solution, however we include a C++ project which uses v142 toolset in the solution as well.\r\n\r\nhttps://developercommunity.visualstudio.com/content/problem/817870/intellisense-lag-and-huge-number-of-false-red-squi.html?childToView=832130#comment-832130",
        "createdAt": "2019-11-25T00:47:31Z",
        "updatedAt": "2019-11-25T00:50:56Z",
        "author": {
          "login": "rollsch"
        }
      }
    ]
  }
}