{
  "number": 3945,
  "title": "Cannot build Release MSBuild due to PrintLineDebugger",
  "body": "Seems to have been introduced by #3878 \r\n\r\n### Steps to reproduce\r\n\r\nBuild MSBuild with ```build -configuration Release``` on the latest tip of master\r\n\r\n### Expected  behavior\r\nBuilds successfully\r\n\r\n### Actual behavior\r\nFails to build with the following errors:\r\n```\r\nBuild FAILED.\r\n\r\nC:\\src\\msbuild\\src\\Shared\\UnitTests\\TestEnvironment.cs(683,26): error CS0246: The type or namespace name 'PrintLineDebugger' could not be found (are you missing a using directive or an assem\r\nbly reference?) [C:\\src\\msbuild\\src\\Framework.UnitTests\\Microsoft.Build.Framework.UnitTests.csproj]\r\nC:\\src\\msbuild\\src\\Shared\\UnitTests\\TestEnvironment.cs(683,26): error CS0246: The type or namespace name 'PrintLineDebugger' could not be found (are you missing a using directive or an assem\r\nbly reference?) [C:\\src\\msbuild\\src\\Framework.UnitTests\\Microsoft.Build.Framework.UnitTests.csproj]\r\nC:\\src\\msbuild\\src\\Shared\\UnitTests\\TestEnvironment.cs(683,26): error CS0246: The type or namespace name 'PrintLineDebugger' could not be found (are you missing a using directive or an assem\r\nbly reference?) [C:\\src\\msbuild\\src\\Build.OM.UnitTests\\Microsoft.Build.Engine.OM.UnitTests.csproj]\r\nC:\\src\\msbuild\\src\\Shared\\UnitTests\\TestEnvironment.cs(683,26): error CS0246: The type or namespace name 'PrintLineDebugger' could not be found (are you missing a using directive or an assem\r\nbly reference?) [C:\\src\\msbuild\\src\\Build.OM.UnitTests\\Microsoft.Build.Engine.OM.UnitTests.csproj]\r\nC:\\src\\msbuild\\src\\Shared\\UnitTests\\TestEnvironment.cs(683,26): error CS0246: The type or namespace name 'PrintLineDebugger' could not be found (are you missing a using directive or an assem\r\nbly reference?) [C:\\src\\msbuild\\src\\Tasks.UnitTests\\Microsoft.Build.Tasks.UnitTests.csproj]\r\nC:\\src\\msbuild\\src\\Shared\\UnitTests\\TestEnvironment.cs(683,26): error CS0246: The type or namespace name 'PrintLineDebugger' could not be found (are you missing a using directive or an assem\r\nbly reference?) [C:\\src\\msbuild\\src\\Tasks.UnitTests\\Microsoft.Build.Tasks.UnitTests.csproj]\r\nC:\\src\\msbuild\\src\\Shared\\UnitTests\\TestEnvironment.cs(683,26): error CS0246: The type or namespace name 'PrintLineDebugger' could not be found (are you missing a using directive or an assem\r\nbly reference?) [C:\\src\\msbuild\\src\\MSBuild.UnitTests\\Microsoft.Build.CommandLine.UnitTests.csproj]\r\nC:\\src\\msbuild\\src\\Shared\\UnitTests\\TestEnvironment.cs(683,26): error CS0246: The type or namespace name 'PrintLineDebugger' could not be found (are you missing a using directive or an assem\r\nbly reference?) [C:\\src\\msbuild\\src\\Utilities.UnitTests\\Microsoft.Build.Utilities.UnitTests.csproj]\r\nC:\\src\\msbuild\\src\\Shared\\UnitTests\\TestEnvironment.cs(683,26): error CS0246: The type or namespace name 'PrintLineDebugger' could not be found (are you missing a using directive or an assem\r\nbly reference?) [C:\\src\\msbuild\\src\\Utilities.UnitTests\\Microsoft.Build.Utilities.UnitTests.csproj]\r\nC:\\src\\msbuild\\src\\Shared\\UnitTests\\TestEnvironment.cs(683,26): error CS0246: The type or namespace name 'PrintLineDebugger' could not be found (are you missing a using directive or an assem\r\nbly reference?) [C:\\src\\msbuild\\src\\Build.UnitTests\\Microsoft.Build.Engine.UnitTests.csproj]\r\nC:\\src\\msbuild\\src\\Shared\\UnitTests\\TestEnvironment.cs(683,26): error CS0246: The type or namespace name 'PrintLineDebugger' could not be found (are you missing a using directive or an assem\r\nbly reference?) [C:\\src\\msbuild\\src\\MSBuild.UnitTests\\Microsoft.Build.CommandLine.UnitTests.csproj]\r\nC:\\src\\msbuild\\src\\Shared\\UnitTests\\TestEnvironment.cs(683,26): error CS0246: The type or namespace name 'PrintLineDebugger' could not be found (are you missing a using directive or an assem\r\nbly reference?) [C:\\src\\msbuild\\src\\Build.UnitTests\\Microsoft.Build.Engine.UnitTests.csproj]\r\n    0 Warning(s)\r\n    12 Error(s)\r\n```\r\n\r\n",
  "state": "CLOSED",
  "createdAt": "2018-11-20T21:12:40Z",
  "updatedAt": "2024-02-21T17:10:24Z",
  "closedAt": "2018-11-21T22:11:19Z",
  "author": {
    "login": "ccastanedaucf"
  },
  "labels": [
    "triaged"
  ],
  "assignees": {
    "nodes": [
      {
        "login": "cdmihai"
      }
    ]
  },
  "milestone": null,
  "comments": {
    "nodes": [
      {
        "body": "Closed by #3946 ",
        "createdAt": "2018-11-21T01:07:21Z",
        "updatedAt": "2018-11-21T01:07:21Z",
        "author": {
          "login": "ccastanedaucf"
        }
      },
      {
        "body": "```build -test -configuration Release``` fails after #3946 ",
        "createdAt": "2018-11-21T01:13:25Z",
        "updatedAt": "2018-11-21T01:13:25Z",
        "author": {
          "login": "ccastanedaucf"
        }
      },
      {
        "body": "May have been addressed by https://github.com/Microsoft/msbuild/pull/3949?",
        "createdAt": "2018-11-21T22:09:00Z",
        "updatedAt": "2018-11-21T22:09:00Z",
        "author": {
          "login": "livarcocc"
        }
      },
      {
        "body": "Closed by #3949 ",
        "createdAt": "2018-11-21T22:11:16Z",
        "updatedAt": "2018-11-21T22:11:16Z",
        "author": {
          "login": "ccastanedaucf"
        }
      }
    ]
  }
}