{
  "number": 8182,
  "title": "`dotnet restore` failing for empty project under arm64",
  "body": "I'm using docker buildx to build under and emulated arm64 environment, this may be a bug with buildx instead, but I do not have a native arm64 environment to test on and the error occurs inside msbuild.\r\n\r\n```\r\n => ERROR [4/4] RUN dotnet restore                                                                                                                                                                                                   7.5s\r\n------                                                                                                                                                                                                                                    \r\n > [4/4] RUN dotnet restore:                                                                                                                                                                                                              \r\n#0 7.274 MSBUILD : error : This is an unhandled exception in MSBuild -- PLEASE UPVOTE AN EXISTING ISSUE OR FILE A NEW ONE AT https://aka.ms/msbuild/unhandled. [/source/CrashSample.csproj]                                               \r\n#0 7.274 MSBUILD : error :     System.NullReferenceException: Object reference not set to an instance of an object. [/source/CrashSample.csproj]                                                                                          \r\n#0 7.274 MSBUILD : error :    at Regex1_Scan(RegexRunner, ReadOnlySpan`1) [/source/CrashSample.csproj]                                                                                                                                    \r\n#0 7.274 MSBUILD : error :    at System.Text.RegularExpressions.Regex.ScanInternal(RegexRunnerMode mode, Boolean reuseMatchObject, String input, Int32 beginning, RegexRunner runner, ReadOnlySpan`1 span, Boolean returnNullIfReuseMatchObject) [/source/CrashSample.csproj]\r\n#0 7.274 MSBUILD : error :    at System.Text.RegularExpressions.Regex.RunAllMatchesWithCallback[TState](String inputString, ReadOnlySpan`1 inputSpan, Int32 startat, TState& state, MatchCallback`1 callback, RegexRunnerMode mode, Boolean reuseMatchObject) [/source/CrashSample.csproj]\r\n#0 7.274 MSBUILD : error :    at System.Text.RegularExpressions.Regex.RunAllMatchesWithCallback[TState](String input, Int32 startat, TState& state, MatchCallback`1 callback, RegexRunnerMode mode, Boolean reuseMatchObject) [/source/CrashSample.csproj]\r\n#0 7.274 MSBUILD : error :    at System.Text.RegularExpressions.Regex.Replace(MatchEvaluator evaluator, Regex regex, String input, Int32 count, Int32 startat) [/source/CrashSample.csproj]\r\n#0 7.274 MSBUILD : error :    at Microsoft.Build.Evaluation.Expander`2.ItemExpander.IntrinsicItemFunctions`1.ExpandQuotedExpressionFunction(Expander`2 expander, IElementLocation elementLocation, Boolean includeNullEntries, String functionName, IEnumerable`1 itemsOfType, String[] arguments)+MoveNext() [/source/CrashSample.csproj]\r\n#0 7.274 MSBUILD : error :    at Microsoft.Build.Evaluation.Expander`2.ItemExpander.Transform[S](Expander`2 expander, Boolean includeNullEntries, Stack`1 transformFunctionStack, IEnumerable`1 itemsOfType)+MoveNext() [/source/CrashSample.csproj]\r\n#0 7.274 MSBUILD : error :    at Microsoft.Build.Evaluation.Expander`2.ItemExpander.Transform[S](Expander`2 expander, Boolean includeNullEntries, Stack`1 transformFunctionStack, IEnumerable`1 itemsOfType)+MoveNext() [/source/CrashSample.csproj]\r\n#0 7.274 MSBUILD : error :    at Microsoft.Build.Evaluation.Expander`2.ItemExpander.ExpandExpressionCapture[S](Expander`2 expander, ItemExpressionCapture expressionCapture, IItemProvider`1 evaluatedItems, IElementLocation elementLocation, ExpanderOptions options, Boolean includeNullEntries, Boolean& isTransformExpression, List`1& itemsFromCapture) [/source/CrashSample.csproj]\r\n#0 7.274 MSBUILD : error :    at Microsoft.Build.Evaluation.Expander`2.ItemExpander.ExpandExpressionCaptureIntoItems[S,T](ItemExpressionCapture expressionCapture, Expander`2 expander, IItemProvider`1 items, IItemFactory`2 itemFactory, ExpanderOptions options, Boolean includeNullEntries, Boolean& isTransformExpression, IElementLocation elementLocation) [/source/CrashSample.csproj]\r\n#0 7.274 MSBUILD : error :    at Microsoft.Build.Evaluation.LazyItemEvaluator`4.IncludeOperation.SelectItems(Builder listBuilder, ImmutableHashSet`1 globsToIgnore) [/source/CrashSample.csproj]\r\n#0 7.274 MSBUILD : error :    at Microsoft.Build.Evaluation.LazyItemEvaluator`4.LazyItemOperation.ApplyImpl(Builder listBuilder, ImmutableHashSet`1 globsToIgnore) [/source/CrashSample.csproj]\r\n#0 7.274 MSBUILD : error :    at Microsoft.Build.Evaluation.LazyItemEvaluator`4.LazyItemOperation.Apply(Builder listBuilder, ImmutableHashSet`1 globsToIgnore) [/source/CrashSample.csproj]\r\n#0 7.274 MSBUILD : error :    at Microsoft.Build.Evaluation.LazyItemEvaluator`4.LazyItemList.ComputeItems(LazyItemList lazyItemList, ImmutableHashSet`1 globsToIgnore) [/source/CrashSample.csproj]\r\n#0 7.274 MSBUILD : error :    at Microsoft.Build.Evaluation.LazyItemEvaluator`4.LazyItemList.GetItemData(ImmutableHashSet`1 globsToIgnore) [/source/CrashSample.csproj]\r\n#0 7.274 MSBUILD : error :    at System.Linq.Enumerable.SelectManySingleSelectorIterator`2.ToArray() [/source/CrashSample.csproj]\r\n#0 7.274 MSBUILD : error :    at System.Linq.Buffer`1..ctor(IEnumerable`1 source) [/source/CrashSample.csproj]\r\n#0 7.274 MSBUILD : error :    at System.Linq.OrderedEnumerable`1.GetEnumerator()+MoveNext() [/source/CrashSample.csproj]\r\n#0 7.274 MSBUILD : error :    at Microsoft.Build.Evaluation.Evaluator`4.Evaluate() [/source/CrashSample.csproj]\r\n#0 7.274 MSBUILD : error :    at Microsoft.Build.Evaluation.Evaluator`4.Evaluate(IEvaluatorData`4 data, Project project, ProjectRootElement root, ProjectLoadSettings loadSettings, Int32 maxNodeCount, PropertyDictionary`1 environmentProperties, ILoggingService loggingService, IItemFactory`2 itemFactory, IToolsetProvider toolsetProvider, ProjectRootElementCacheBase projectRootElementCache, BuildEventContext buildEventContext, ISdkResolverService sdkResolverService, Int32 submissionId, EvaluationContext evaluationContext, Boolean interactive) [/source/CrashSample.csproj]\r\n#0 7.274 MSBUILD : error :    at Microsoft.Build.Execution.ProjectInstance.Initialize(ProjectRootElement xml, IDictionary`2 globalProperties, String explicitToolsVersion, String explicitSubToolsetVersion, Int32 visualStudioVersionFromSolution, BuildParameters buildParameters, ILoggingService loggingService, BuildEventContext buildEventContext, ISdkResolverService sdkResolverService, Int32 submissionId, Nullable`1 projectLoadSettings, EvaluationContext evaluationContext) [/source/CrashSample.csproj]\r\n#0 7.274 MSBUILD : error :    at Microsoft.Build.Execution.ProjectInstance..ctor(String projectFile, IDictionary`2 globalProperties, String toolsVersion, BuildParameters buildParameters, ILoggingService loggingService, BuildEventContext buildEventContext, ISdkResolverService sdkResolverService, Int32 submissionId, Nullable`1 projectLoadSettings) [/source/CrashSample.csproj]\r\n#0 7.274 MSBUILD : error :    at Microsoft.Build.BackEnd.BuildRequestConfiguration.<>c__DisplayClass60_0.<LoadProjectIntoConfiguration>b__0() [/source/CrashSample.csproj]\r\n#0 7.274 MSBUILD : error :    at Microsoft.Build.BackEnd.BuildRequestConfiguration.InitializeProject(BuildParameters buildParameters, Func`1 loadProjectFromFile) [/source/CrashSample.csproj]\r\n#0 7.274 MSBUILD : error :    at Microsoft.Build.BackEnd.RequestBuilder.BuildProject() [/source/CrashSample.csproj]\r\n#0 7.274 MSBUILD : error :    at Microsoft.Build.BackEnd.RequestBuilder.BuildAndReport() [/source/CrashSample.csproj]\r\n```\r\n\r\nSteps to reproduce:\r\n1. `dotnet new console -o CrashSample`\r\n2. `cd CrashSample`\r\n3. `touch Dockerfile`\r\n```\r\nFROM mcr.microsoft.com/dotnet/sdk:7.0\r\nWORKDIR /source\r\nCOPY *.csproj .\r\nRUN dotnet restore\r\n```\r\n4. `docker buildx build . --platform linux/arm64`\r\n\r\nAttempting the same build without buildx or buildx specifying linux/amd64 both run to completion.\r\n\r\nAlso, to note, this build fails with a different error when building against platform linux/arm/7. This error is not an msbuild unhandled exceptions so might not fit into the same category as above, but might be of use figuring out what's going on.\r\n```\r\n > [4/4] RUN dotnet restore:                                                                                                                                                                                                              \r\n#0 4.280 /usr/share/dotnet/sdk/7.0.100/Sdks/Microsoft.NET.Sdk/targets/Microsoft.NET.TargetFrameworkInference.targets(55,5): error MSB4184: The expression \"[MSBuild]::GetTargetFrameworkVersion(net7.0, 2)\" cannot be evaluated. Exception has been thrown by the target of an invocation. [/source/CrashSample.csproj]\r\n```\r\n\r\nThanks!",
  "state": "CLOSED",
  "createdAt": "2022-11-20T00:29:02Z",
  "updatedAt": "2024-02-21T16:59:55Z",
  "closedAt": "2022-11-21T15:30:06Z",
  "author": {
    "login": "Yen"
  },
  "labels": [
    "triaged"
  ],
  "assignees": {
    "nodes": []
  },
  "milestone": null,
  "comments": {
    "nodes": [
      {
        "body": "Full .csproj for reference, using sdk 7.0.100.\r\n```\r\n<Project Sdk=\"Microsoft.NET.Sdk\">\r\n\r\n  <PropertyGroup>\r\n    <OutputType>Exe</OutputType>\r\n    <TargetFramework>net7.0</TargetFramework>\r\n    <ImplicitUsings>enable</ImplicitUsings>\r\n    <Nullable>enable</Nullable>\r\n  </PropertyGroup>\r\n\r\n</Project>\r\n```",
        "createdAt": "2022-11-20T00:30:41Z",
        "updatedAt": "2022-11-20T00:30:41Z",
        "author": {
          "login": "Yen"
        }
      },
      {
        "body": "Same issue here.",
        "createdAt": "2022-11-21T13:30:19Z",
        "updatedAt": "2022-11-21T13:30:19Z",
        "author": {
          "login": "uxsoft"
        }
      },
      {
        "body": "Thanks for the report. We're tracking this in the NuGet repository at the moment (MSBuild calls into NuGet APIs on that codepath, and they're what seems to be going wrong).",
        "createdAt": "2022-11-21T15:30:01Z",
        "updatedAt": "2022-11-21T15:30:01Z",
        "author": {
          "login": "rainersigwald"
        }
      },
      {
        "body": "Duplicate of NuGet/Home#12227",
        "createdAt": "2022-11-21T15:30:06Z",
        "updatedAt": "2022-11-21T15:30:06Z",
        "author": {
          "login": "rainersigwald"
        }
      },
      {
        "body": "> Thanks for the report. We're tracking this in the NuGet repository at the moment (MSBuild calls into NuGet APIs on that codepath, and they're what seems to be going wrong).\r\n\r\nJust to be clear, the issue occurs from nuget, but this is a null reference exception and presumably still a bug in msbuild if an incorrect invocation of msbuild crashes like this. Unsure how you prioritise these sort of issues, thanks.",
        "createdAt": "2022-11-21T15:35:19Z",
        "updatedAt": "2022-11-21T15:35:19Z",
        "author": {
          "login": "Yen"
        }
      },
      {
        "body": "Ah sorry, this symptom is actually https://github.com/dotnet/runtime/issues/78340 -- but still not in the MSBuild layer.",
        "createdAt": "2022-11-21T15:41:14Z",
        "updatedAt": "2022-11-21T15:41:14Z",
        "author": {
          "login": "rainersigwald"
        }
      }
    ]
  }
}