{
  "number": 5133,
  "title": "Need a way to continue on error when building a sln",
  "body": "Hi,\r\n\r\nIn the past, we had issues with compiling large solutions (10-600 C++/C# projects) on the command-line using devenv. We then switched to msbuild and are using the multiple logging feature (we have a file with errors and warnings and one with all info, the first file being used to signal issue without having to parse the full report).\r\n\r\nThe problem that we have is regarding what happens when one of the project returns an error. From the various test that we did here, we figured out that a project returning an error will stop queuing projects for build and will exit msbuild when the current projects finish building.\r\nSo if we have 60 projects and the 30th project fails, the remaining unbuilded projects will never be queued. This does not happen if we call devenv instead of msbuild.\r\n\r\nAs we are using sln file and not build files, we do not have access to build files extra option.\r\nThe property that would help us is ContinueOnError . We would need a way to override the default when calling msbuild with a SLN file.\r\n\r\nThanks\r\nJean-Sebastien",
  "state": "CLOSED",
  "createdAt": "2020-02-18T14:41:13Z",
  "updatedAt": "2024-02-21T17:05:01Z",
  "closedAt": "2020-02-25T21:59:40Z",
  "author": {
    "login": "jeanslabrie"
  },
  "labels": [
    "triaged"
  ],
  "assignees": {
    "nodes": [
      {
        "login": "Forgind"
      }
    ]
  },
  "milestone": null,
  "comments": {
    "nodes": [
      {
        "body": "I tested this (building `MSBuild.sln`). Here's part of my (diagnostic) log:\r\n```MSBuild -> C:\\Users\\forgind\\Documents\\GitHub\\msbuild\\artifacts\\bin\\MSBuild\\Debug\\net472\\MSBuild.exe\r\n  MSBuild -> C:\\Users\\forgind\\Documents\\GitHub\\msbuild\\artifacts\\bin\\MSBuild\\Debug\\netcoreapp2.1\\MSBuild.dll\r\n  MSBuild.Engine.Corext -> C:\\Users\\forgind\\Documents\\GitHub\\msbuild\\artifacts\\bin\\MSBuild.Engine.Corext\\Debug\\net472\\\r\n  MSBuild.Engine.Corext.dll\r\n  DevDivPackage -> C:\\Users\\forgind\\Documents\\GitHub\\msbuild\\artifacts\\bin\\DevDivPackage\\Debug\\net472\\DevDivPackage.dl\r\n  l\r\n  Microsoft.Build.CommandLine.UnitTests -> C:\\Users\\forgind\\Documents\\GitHub\\msbuild\\artifacts\\bin\\Microsoft.Build.Com\r\n  mandLine.UnitTests\\Debug\\net472\\Microsoft.Build.CommandLine.UnitTests.dll\r\n  Microsoft.Build.Tasks.UnitTests -> C:\\Users\\forgind\\Documents\\GitHub\\msbuild\\artifacts\\bin\\Microsoft.Build.Tasks.Uni\r\n  tTests\\Debug\\net472\\Microsoft.Build.Tasks.UnitTests.dll\r\n  MSBuild.Bootstrap -> C:\\Users\\forgind\\Documents\\GitHub\\msbuild\\artifacts\\bin\\MSBuild.Bootstrap\\Debug\\netcoreapp2.1\\M\r\n  SBuild.Bootstrap.dll\r\n  Microsoft.Build.Engine.UnitTests -> C:\\Users\\forgind\\Documents\\GitHub\\msbuild\\artifacts\\bin\\Microsoft.Build.Engine.U\r\n  nitTests\\Debug\\net472\\Microsoft.Build.Engine.UnitTests.dll\r\n  Microsoft.Build.Utilities.UnitTests -> C:\\Users\\forgind\\Documents\\GitHub\\msbuild\\artifacts\\bin\\Microsoft.Build.Utili\r\n  ties.UnitTests\\Debug\\netcoreapp2.1\\Microsoft.Build.Utilities.UnitTests.dll\r\nC:\\Users\\forgind\\Documents\\GitHub\\msbuild\\src\\Build.OM.UnitTests\\LazyFormattedEventArgs_Tests.cs(31,13): error CS1002:\r\n ; expected [C:\\Users\\forgind\\Documents\\GitHub\\msbuild\\src\\Build.OM.UnitTests\\Microsoft.Build.Engine.OM.UnitTests.cspr\r\noj]\r\nC:\\Users\\forgind\\Documents\\GitHub\\msbuild\\src\\Build.OM.UnitTests\\LazyFormattedEventArgs_Tests.cs(36,9): error CS0650:\r\nBad array declarator: To declare a managed array the rank specifier precedes the variable's identifier. To declare a fi\r\nxed size buffer field, use the fixed keyword before the field type. [C:\\Users\\forgind\\Documents\\GitHub\\msbuild\\src\\Bui\r\nld.OM.UnitTests\\Microsoft.Build.Engine.OM.UnitTests.csproj]\r\nC:\\Users\\forgind\\Documents\\GitHub\\msbuild\\src\\Build.OM.UnitTests\\LazyFormattedEventArgs_Tests.cs(36,10): error CS0270:\r\n Array size cannot be specified in a variable declaration (try initializing with a 'new' expression) [C:\\Users\\forgind\r\n\\Documents\\GitHub\\msbuild\\src\\Build.OM.UnitTests\\Microsoft.Build.Engine.OM.UnitTests.csproj]\r\nC:\\Users\\forgind\\Documents\\GitHub\\msbuild\\src\\Build.OM.UnitTests\\LazyFormattedEventArgs_Tests.cs(36,15): error CS1002:\r\n ; expected [C:\\Users\\forgind\\Documents\\GitHub\\msbuild\\src\\Build.OM.UnitTests\\Microsoft.Build.Engine.OM.UnitTests.cspr\r\noj]\r\n  Microsoft.Build.Engine.UnitTests -> C:\\Users\\forgind\\Documents\\GitHub\\msbuild\\artifacts\\bin\\Microsoft.Build.Engine.U\r\n  nitTests\\Debug\\netcoreapp2.1\\Microsoft.Build.Engine.UnitTests.dll\r\n  MSBuild.VSSetup -> C:\\Users\\forgind\\Documents\\GitHub\\msbuild\\artifacts\\bin\\MSBuild.VSSetup\\Debug\\net472\\MSBuild.VSSe\r\n  tup.dll\r\n  MSBuild.Bootstrap -> C:\\Users\\forgind\\Documents\\GitHub\\msbuild\\artifacts\\bin\\MSBuild.Bootstrap\\Debug\\net472\\MSBuild.\r\n  Bootstrap.dll\r\n  Microsoft.Build.Utilities.UnitTests -> C:\\Users\\forgind\\Documents\\GitHub\\msbuild\\artifacts\\bin\\Microsoft.Build.Utili\r\n  ties.UnitTests\\Debug\\net472\\Microsoft.Build.Utilities.UnitTests.dll\r\n  Localization -> C:\\Users\\forgind\\Documents\\GitHub\\msbuild\\artifacts\\bin\\Localization\\Debug\\netcoreapp2.1\\Localizatio\r\n  n.dll\r\n  MSBuild -> C:\\Users\\forgind\\Documents\\GitHub\\msbuild\\artifacts\\bin\\MSBuild\\x64\\Debug\\net472\\MSBuild.exe\r\n  Microsoft.Build.CommandLine.UnitTests -> C:\\Users\\forgind\\Documents\\GitHub\\msbuild\\artifacts\\bin\\Microsoft.Build.Com\r\n  mandLine.UnitTests\\Debug\\netcoreapp2.1\\Microsoft.Build.CommandLine.UnitTests.dll\r\n  Microsoft.Build.Tasks.UnitTests -> C:\\Users\\forgind\\Documents\\GitHub\\msbuild\\artifacts\\bin\\Microsoft.Build.Tasks.Uni\r\n  tTests\\Debug\\netcoreapp2.1\\Microsoft.Build.Tasks.UnitTests.dll\r\n  MSBuildTaskHost -> C:\\Users\\forgind\\Documents\\GitHub\\msbuild\\artifacts\\bin\\MSBuildTaskHost\\x64\\Debug\\net35\\MSBuildTa\r\n  skHost.exe\r\n```\r\n\r\nAs you can see, it fails to build `Build.OM.UnitTests`, but it keeps going afterwards. Closing as could-not-reproduce.",
        "createdAt": "2020-02-25T21:59:40Z",
        "updatedAt": "2020-02-26T00:54:25Z",
        "author": {
          "login": "Forgind"
        }
      },
      {
        "body": "Hi,\r\n\r\nI will try to recreate on my side as it might depend on other factors that I might not be aware.\r\nThanks\r\nJean-Sebastien",
        "createdAt": "2020-02-25T22:09:36Z",
        "updatedAt": "2020-02-25T22:09:36Z",
        "author": {
          "login": "jeanslabrie"
        }
      }
    ]
  }
}