{
  "number": 1286,
  "title": "Malformed-XML error messages no longer have filename + location",
  "body": "The error message for bad XML is missing the filename, line, and column location that it used to have.\r\n\r\nI suspect this is due to the changes in #1004 (the `XmlTextReader` we're using no longer knows the path of the file, because we're giving it a stream instead.\r\n\r\n<details>\r\n<summary>Expected and actual output</summary>\r\n\r\n```XML\r\n<Project xmlns=\"http://schemas.microsoft.com/developer/msbuild/2003\"\r\n      DefaultTargets=\"t1\">\r\n  <Target Name=\"t1\">\r\n    <Message Text= [p2.t1]/>\r\n  </Target>\r\n  <Target Name=\"t2\">\r\n    <Message Text=\"[p2.t2]\"/>\r\n  </Target>\r\n</Project>\r\n```\r\n\r\nCurrent:\r\n\r\n```\r\nS:\\work\\1244940>\\msbuild\\bin\\Bootstrap\\15.0\\Bin\\MSBuild.exe pE.proj\r\nMicrosoft (R) Build Engine version 15.1.0.0\r\nCopyright (C) Microsoft Corporation. All rights reserved.\r\n\r\nBuild started 10/31/2016 11:14:10 AM.\r\nProject \"S:\\work\\1244940\\pE.proj\" on node 1 (default targets).\r\nMSBUILD : error MSB4025: The project file could not be loaded. '[' is an unexpected token. The expected token is '\"' or '''. Line 4, position 26. [S:\\work\\1244940\\pE.proj]\r\nDone Building Project \"S:\\work\\1244940\\pE.proj\" (default targets) -- FAILED.\r\n\r\n\r\nBuild FAILED.\r\n\r\n\"S:\\work\\1244940\\pE.proj\" (default target) (1) ->\r\n  MSBUILD : error MSB4025: The project file could not be loaded. '[' is an unexpected token. The expected token is '\"' or '''. Line 4, position 26. [S:\\work\\1244940\\pE.proj]\r\n\r\n    0 Warning(s)\r\n    1 Error(s)\r\n\r\nTime Elapsed 00:00:00.23\r\n```\r\n\r\nMSBuild 14:\r\n\r\n```\r\nS:\\work\\1244940>MSBuild.exe pE.proj\r\nMicrosoft (R) Build Engine version 14.0.25420.1\r\nCopyright (C) Microsoft Corporation. All rights reserved.\r\n\r\nBuild started 10/31/2016 11:14:39 AM.\r\nProject \"S:\\work\\1244940\\pE.proj\" on node 1 (default targets).\r\nS:\\work\\1244940\\pE.proj(4,26): error MSB4025: The project file could not be loaded. '[' is an unexpected token. The expected token is '\"' or '''. Line 4, position 26.\r\nDone Building Project \"S:\\work\\1244940\\pE.proj\" (default targets) -- FAILED.\r\n\r\n\r\nBuild FAILED.\r\n\r\n\"S:\\work\\1244940\\pE.proj\" (default target) (1) ->\r\n  S:\\work\\1244940\\pE.proj(4,26): error MSB4025: The project file could not be loaded. '[' is an unexpected token. The expected token is '\"' or '''. Line 4, position 26.\r\n\r\n    0 Warning(s)\r\n    1 Error(s)\r\n\r\nTime Elapsed 00:00:00.02\r\n```\r\n</details>",
  "state": "CLOSED",
  "createdAt": "2016-10-31T16:23:19Z",
  "updatedAt": "2024-02-21T17:24:44Z",
  "closedAt": "2016-10-31T20:54:04Z",
  "author": {
    "login": "rainersigwald"
  },
  "labels": [
    "bug",
    "triaged"
  ],
  "assignees": {
    "nodes": [
      {
        "login": "rainersigwald"
      }
    ]
  },
  "milestone": {
    "title": "Visual Studio 15 RTW"
  },
  "comments": {
    "nodes": []
  }
}