{
  "number": 3580,
  "title": "msbuild fail under opensuse ",
  "body": "i was trying to compile using last openssl and get this ... \r\n\r\nCannot get required symbol EC_KEY_set_public_key_affine_coordinates from libssl\r\n",
  "state": "CLOSED",
  "createdAt": "2018-08-04T00:25:45Z",
  "updatedAt": "2024-02-21T17:12:04Z",
  "closedAt": "2021-04-14T21:35:38Z",
  "author": {
    "login": "red0bear"
  },
  "labels": [
    "triaged"
  ],
  "assignees": {
    "nodes": []
  },
  "milestone": null,
  "comments": {
    "nodes": [
      {
        "body": "Can you provide a bit more detail about what command you were running, and how this error occurs? Ideally in the form of repro instructions.",
        "createdAt": "2018-08-06T14:25:22Z",
        "updatedAt": "2018-08-06T14:25:22Z",
        "author": {
          "login": "rainersigwald"
        }
      },
      {
        "body": "I just resolved this question formatting to more recent version from opensuse. now errors are another one during building. How could i set verbosity compiling to put here ?",
        "createdAt": "2018-08-06T14:39:22Z",
        "updatedAt": "2018-08-06T14:39:22Z",
        "author": {
          "login": "red0bear"
        }
      },
      {
        "body": "What are you trying to build? The MSBuild repo, or a project of your own?\r\n\r\nCan you copy and paste the command line command you're using and its output?",
        "createdAt": "2018-08-06T14:48:19Z",
        "updatedAt": "2018-08-06T14:48:19Z",
        "author": {
          "login": "rainersigwald"
        }
      },
      {
        "body": "here the firstoutput : [output_compiling.txt](https://github.com/Microsoft/msbuild/files/2263025/output_compiling.txt)\r\n",
        "createdAt": "2018-08-06T15:06:49Z",
        "updatedAt": "2018-08-06T15:06:49Z",
        "author": {
          "login": "red0bear"
        }
      },
      {
        "body": "```\r\n/run/media/felipe/FFCOSTA/PROGRAMAS/msbuild/src/Tasks/Microsoft.Build.Tasks.csproj(993,5): error MSB3030: Could not copy the file \"/home/felipe/.nuget/packages/netstandard.library/2.0.3/build/netstandard2.0/ref/netstandard.dll\" because it was not found.\r\n/run/media/felipe/FFCOSTA/PROGRAMAS/msbuild/src/Tasks/Microsoft.Build.Tasks.csproj(993,5): error MSB3030: Could not copy the file \"/home/felipe/.nuget/packages/netstandard.library/2.0.3/build/netstandard2.0/ref/netstandard.dll\" because it was not found.\r\n/run/media/felipe/FFCOSTA/PROGRAMAS/msbuild/src/Tasks/Microsoft.Build.Tasks.csproj(993,5): error MSB3030: Could not copy the file \"/home/felipe/.nuget/packages/netstandard.library/2.0.3/build/netstandard2.0/ref/netstandard.dll\" because it was not found.\r\n```\r\n\r\nPossibly related to https://github.com/Microsoft/msbuild/pull/3528/files#diff-4d3fc7780500131817fceb95ddcea3fe.\r\n\r\n@cdmihai What causes `NETStandard.Library` version `2.0.3` to be restored? AFAIK the implicit reference from our version of the SDK is `2.0.2`. But of course it works on our machines and CI . . .\r\n",
        "createdAt": "2018-08-06T15:17:22Z",
        "updatedAt": "2018-08-06T15:17:22Z",
        "author": {
          "login": "rainersigwald"
        }
      },
      {
        "body": "what command could i try to solve this ? ",
        "createdAt": "2018-08-06T15:33:31Z",
        "updatedAt": "2018-08-06T15:33:31Z",
        "author": {
          "login": "red0bear"
        }
      },
      {
        "body": "@red0bear Can you try to check out an earlier commit, like d4e8d81a880edb21b26873aa928ce96f5255d748 and build that? That would help narrow down whether it's a recently introduced problem.",
        "createdAt": "2018-08-06T15:39:12Z",
        "updatedAt": "2018-08-06T15:39:12Z",
        "author": {
          "login": "rainersigwald"
        }
      },
      {
        "body": "git command to back to that version please. ",
        "createdAt": "2018-08-06T15:59:19Z",
        "updatedAt": "2018-08-06T15:59:19Z",
        "author": {
          "login": "red0bear"
        }
      },
      {
        "body": "`git checkout d4e8d81`",
        "createdAt": "2018-08-06T16:05:02Z",
        "updatedAt": "2018-08-06T16:05:02Z",
        "author": {
          "login": "rainersigwald"
        }
      },
      {
        "body": "Roger that. ",
        "createdAt": "2018-08-06T16:26:21Z",
        "updatedAt": "2018-08-06T16:26:21Z",
        "author": {
          "login": "red0bear"
        }
      },
      {
        "body": "> @cdmihai What causes NETStandard.Library version 2.0.3 to be restored? AFAIK the implicit reference from our version of the SDK is 2.0.2. But of course it works on our machines and CI . . .\r\n\r\nAFAIK it happens magically in the SDK: https://github.com/dotnet/sdk/blob/fd24f4b3df6d4839b03f0481677743ccf0d816b8/src/Tasks/Microsoft.NET.Build.Tasks/targets/Microsoft.NET.Sdk.DefaultItems.props#L38-L46",
        "createdAt": "2018-08-06T16:54:32Z",
        "updatedAt": "2018-08-06T16:54:59Z",
        "author": {
          "login": "cdmihai"
        }
      },
      {
        "body": "Seems tests doesn't pass .... [output_compiling.txt](https://github.com/Microsoft/msbuild/files/2263983/output_compiling.txt)\r\n",
        "createdAt": "2018-08-06T20:25:33Z",
        "updatedAt": "2018-08-06T20:25:33Z",
        "author": {
          "login": "red0bear"
        }
      },
      {
        "body": "second one ... \r\n[output_compiling.txt](https://github.com/Microsoft/msbuild/files/2264008/output_compiling.txt)\r\n",
        "createdAt": "2018-08-06T20:34:11Z",
        "updatedAt": "2018-08-06T20:34:11Z",
        "author": {
          "login": "red0bear"
        }
      },
      {
        "body": "Can you share the `.log` files that are mentioned in the warnings?\r\n\r\n```\r\nXUnit : warning : /run/media/felipe/FFCOSTA/PROGRAMAS/msbuild/build/../artifacts/2/Debug/TestResults/Microsoft.Build.Utilities.UnitTests_netcoreapp2.0_x64.log [netcoreapp2.0|x64] [/run/media/felipe/FFCOSTA/PROGRAMAS/msbuild/src/Utilities.UnitTests/Microsoft.Build.Utilities.UnitTests.csproj]\r\nXUnit : warning : /run/media/felipe/FFCOSTA/PROGRAMAS/msbuild/build/../artifacts/2/Debug/TestResults/Microsoft.Build.Utilities.UnitTests_netcoreapp2.1_x64.log [netcoreapp2.1|x64] [/run/media/felipe/FFCOSTA/PROGRAMAS/msbuild/src/Utilities.UnitTests/Microsoft.Build.Utilities.UnitTests.csproj]\r\n```\r\n\r\nThere should also be a `.xml` file with the same base name next to each of them; that would also be helpful.",
        "createdAt": "2018-08-06T20:37:43Z",
        "updatedAt": "2018-08-06T20:37:43Z",
        "author": {
          "login": "rainersigwald"
        }
      },
      {
        "body": "right here [Microsoft.Build.zip](https://github.com/Microsoft/msbuild/files/2264050/Microsoft.Build.zip)\r\n",
        "createdAt": "2018-08-06T20:53:15Z",
        "updatedAt": "2018-08-06T20:53:15Z",
        "author": {
          "login": "red0bear"
        }
      },
      {
        "body": "Some progress there  ? Im curious . ",
        "createdAt": "2018-08-07T13:05:46Z",
        "updatedAt": "2018-08-07T13:05:46Z",
        "author": {
          "login": "red0bear"
        }
      },
      {
        "body": "The error is\r\n\r\n```\r\n    Microsoft.Build.UnitTests.ToolTask_Tests.FindOnPathSucceeds [FAIL]\r\n      Shouldly.ShouldAssertException : \"/usr/bin/sh\"\r\n          should be with options: Ignoring case\r\n      \"/bin/sh\"\r\n          but was not\r\n          difference\r\n      Difference     |       |    |    |         |    |    |    |    |    |   \r\n                     |      \\|/  \\|/  \\|/       \\|/  \\|/  \\|/  \\|/  \\|/  \\|/  \r\n      Index          | 0    1    2    3    4    5    6    7    8    9    10   \r\n      Expected Value | /    b    i    n    /    s    h                        \r\n      Actual Value   | /    u    s    r    /    b    i    n    /    s    h    \r\n      Expected Code  | 47   98   105  110  47   115  104                      \r\n      Actual Code    | 47   117  115  114  47   98   105  110  47   115  104  \r\n      Stack Trace:\r\n           at Shouldly.ShouldBeStringTestExtensions.ExecuteAssertion(IAssertion assertion, Func`1 customMessage)\r\n        /_/src/Utilities.UnitTests/ToolTask_Tests.cs(690,0): at Microsoft.Build.UnitTests.ToolTask_Tests.FindOnPathSucceeds()\r\n```\r\n\r\nSo it looks like your machine (or maybe just opensuse in general) has `/usr/bin` before `/bin` in `PATH`, and the test is broken for that case. It'd probably be better for the test to compare against the output of `which sh` instead of hardcoding `/bin/sh` as the expected result.\r\n\r\nWe'd happily take such a fix if you're interested in contributing it.",
        "createdAt": "2018-08-07T15:09:12Z",
        "updatedAt": "2018-08-07T15:09:12Z",
        "author": {
          "login": "rainersigwald"
        }
      },
      {
        "body": "But i need to set this path ? i wish to test here then. ",
        "createdAt": "2018-08-07T15:12:31Z",
        "updatedAt": "2018-08-07T15:12:31Z",
        "author": {
          "login": "red0bear"
        }
      },
      {
        "body": "here in /etc/shells\r\n\r\n/bin/ash\r\n/bin/bash\r\n/bin/csh\r\n/bin/dash\r\n/bin/false\r\n/bin/ksh\r\n/bin/ksh93\r\n/bin/mksh\r\n/bin/pdksh\r\n/bin/sh\r\n/bin/tcsh\r\n/bin/true\r\n/bin/zsh\r\n/usr/bin/csh\r\n/usr/bin/dash\r\n/usr/bin/ksh\r\n/usr/bin/ksh93\r\n/usr/bin/mksh\r\n/usr/bin/passwd\r\n/usr/bin/pdksh\r\n/usr/bin/bash\r\n/usr/bin/tcsh\r\n/usr/bin/zsh\r\n/usr/bin/fish\r\n",
        "createdAt": "2018-08-07T15:22:02Z",
        "updatedAt": "2018-08-07T15:22:02Z",
        "author": {
          "login": "red0bear"
        }
      },
      {
        "body": "What's `echo $PATH` say?",
        "createdAt": "2018-08-07T15:22:58Z",
        "updatedAt": "2018-08-07T15:22:58Z",
        "author": {
          "login": "rainersigwald"
        }
      },
      {
        "body": "/sbin:/bin:/usr/sbin:/usr/bin root\r\n\r\n/usr/local/bin:/usr/bin:/bin: user\r\n",
        "createdAt": "2018-08-07T15:23:52Z",
        "updatedAt": "2018-08-07T15:25:22Z",
        "author": {
          "login": "red0bear"
        }
      },
      {
        "body": "That user path confirms my suspicion.\r\n\r\nThe failing test does\r\n\r\nhttps://github.com/Microsoft/msbuild/blob/5b306279d417df77c2434a881660b5fcf4a1f266/src/Utilities.UnitTests/ToolTask_Tests.cs#L684-L690\r\n\r\nBut with your `PATH`, that's not correct.\r\n\r\nAs I mentioned, we'd gladly take a patch for that, or you can ignore this test failure for now.",
        "createdAt": "2018-08-07T15:30:16Z",
        "updatedAt": "2018-08-07T15:30:16Z",
        "author": {
          "login": "rainersigwald"
        }
      },
      {
        "body": "So if i ignore tests this will pass ..... good to know. Just more one question. To compile and execute msbuild projects under linux do you have a good wiki to suggest ? \r\n",
        "createdAt": "2018-08-07T15:38:21Z",
        "updatedAt": "2018-08-07T15:38:21Z",
        "author": {
          "login": "red0bear"
        }
      },
      {
        "body": "Are you interested in building this repo, or code of your own?\r\n\r\nDocs for our repo are at https://github.com/Microsoft/msbuild/blob/master/documentation/wiki/Building-Testing-and-Debugging-on-.Net-Core-MSBuild.md#unix\r\n\r\nFor the more generic case, I would recommend the .NET Core docs at https://www.microsoft.com/net/learn/get-started-with-dotnet-tutorial.\r\n\r\nOr do you have a specific thing you're trying to do?",
        "createdAt": "2018-08-07T15:46:43Z",
        "updatedAt": "2018-08-07T15:46:43Z",
        "author": {
          "login": "rainersigwald"
        }
      },
      {
        "body": "I wish to compile this project to test: https://github.com/BigBitsYouTube/BitMEXAssistant/tree/master/BitMEXAssistant",
        "createdAt": "2018-08-07T17:03:43Z",
        "updatedAt": "2018-08-07T17:03:43Z",
        "author": {
          "login": "red0bear"
        }
      },
      {
        "body": "the problem to me is where is dotnet is built and msbuild ..... or dotnet have already msbuild on line command. .....",
        "createdAt": "2018-08-07T17:07:05Z",
        "updatedAt": "2018-08-07T17:07:05Z",
        "author": {
          "login": "red0bear"
        }
      },
      {
        "body": "You don't generally need to build `dotnet` or MSBuild if you just want to build some .NET code. I would start with the openSUSE installation instructions at https://www.microsoft.com/net/learn/get-started-with-dotnet-tutorial, which will get you a working copy of MSBuild that you can use to build projects.\r\n\r\nI took a quick look at that project, though, and I'm not sure it's .NET Core compatible. It may only build on Windows at the moment.",
        "createdAt": "2018-08-08T15:29:11Z",
        "updatedAt": "2018-08-08T15:29:11Z",
        "author": {
          "login": "rainersigwald"
        }
      },
      {
        "body": "The problem i have opensuse leap 15.0 ........ you still on 42.2 ",
        "createdAt": "2018-08-08T15:54:17Z",
        "updatedAt": "2018-08-08T15:54:17Z",
        "author": {
          "login": "red0bear"
        }
      },
      {
        "body": "Oh, I see. https://github.com/dotnet/core-setup/issues/4413 may be related.\r\n\r\nYou can download a tarball of the .NET Core SDK from https://www.microsoft.com/net/download/dotnet-core/2.1. ",
        "createdAt": "2018-08-08T16:16:58Z",
        "updatedAt": "2018-08-08T16:16:58Z",
        "author": {
          "login": "rainersigwald"
        }
      },
      {
        "body": "@rainersigwald , sorry for not respond ... im busy here too. \r\n\r\nWell i see msbuild have  a good potential . But i think people should use cmake with big structures to compile. I have been looking around and people make things too much hard to people today. Well i see good effort to make easy to build ... but the big question is what tool to build big things to do the hard work easy ?\r\n\r\nThe dotnet2.1 fails to build the simple program because dependencies.  Well i will keep watching guys your work. ;-)\r\n",
        "createdAt": "2018-08-15T19:45:10Z",
        "updatedAt": "2018-08-15T19:45:10Z",
        "author": {
          "login": "red0bear"
        }
      },
      {
        "body": "I did it but with ./build.sh -skipTests ... i build good. but i need know where msbuild stay and a simple example. \r\n",
        "createdAt": "2018-08-25T13:14:40Z",
        "updatedAt": "2018-08-25T13:14:40Z",
        "author": {
          "login": "red0bear"
        }
      },
      {
        "body": "Should be fixed by #6055.",
        "createdAt": "2021-04-14T21:35:34Z",
        "updatedAt": "2021-04-14T21:35:34Z",
        "author": {
          "login": "rainersigwald"
        }
      }
    ]
  }
}