{
  "number": 8559,
  "title": "BuildProjectWithMultipleTargetsInParallel failing intermittently",
  "body": "              Off-topic except that I saw the problem while working on this issue:\r\nThe unit test `Microsoft.Build.UnitTests.Construction.SolutionProjectGenerator_Tests.BuildProjectWithMultipleTargetsInParallel` is sometimes failing on macOS, but it is not consistent. The failure is at line 262 in the following snippet:\r\n\r\nhttps://github.com/dotnet/msbuild/blob/4ffba3fe0dd35a30cc892bc8c202a006acb8f20a/src/Build.UnitTests/Construction/SolutionProjectGenerator_Tests.cs#L261-L262\r\n\r\n_Originally posted by @jrdodds in https://github.com/dotnet/msbuild/issues/8558#issuecomment-1466573977_\r\n            ",
  "state": "CLOSED",
  "createdAt": "2023-03-13T17:19:34Z",
  "updatedAt": "2024-03-06T09:29:43Z",
  "closedAt": "2024-03-06T09:29:42Z",
  "author": {
    "login": "rainersigwald"
  },
  "labels": [
    "backlog",
    "Priority:3",
    "triaged"
  ],
  "assignees": {
    "nodes": [
      {
        "login": "GangWang01"
      }
    ]
  },
  "milestone": null,
  "comments": {
    "nodes": [
      {
        "body": "Build log from a failure:\r\n\r\n```\r\n    MSBuild version 17.6.0-dev-23162-01+2620429ef for .NET\r\nBuild started 3/12/2023 10:41:51 PM.\r\nIncluded response file: /Users/jrdodds/Projects/jrdodds/msbuild/artifacts/bin/Microsoft.Build.Engine.UnitTests/Debug/net7.0/MSBuild.rsp\r\n\r\nIncluded response file: /var/folders/v6/qj76vzyd5m3dhrkzkb2tmz440000gn/T/horgykvv.4vr/Directory.Build.rsp\r\n\r\n     1>Project \\\"/var/folders/v6/qj76vzyd5m3dhrkzkb2tmz440000gn/T/horgykvv.4vr/MSBuildTempjrdodds/Temporarya2c01bd25fd840f495f565e79be8f335/testFolder.sln\\\" on node 1 (Clean;Build;Custom target(s)).\r\n     1>ValidateSolutionConfiguration:\r\n         Building solution configuration \\\"Debug|x86\\\".\r\n     1>Project \\\"/var/folders/v6/qj76vzyd5m3dhrkzkb2tmz440000gn/T/horgykvv.4vr/MSBuildTempjrdodds/Temporarya2c01bd25fd840f495f565e79be8f335/testFolder.sln\\\" (1) is building \\\"/var/folders/v6/qj76vzyd5m3dhrkzkb2tmz440000gn/T/horgykvv.4vr/MSBuildTempjrdodds/Temporarya2c01bd25fd840f495f565e79be8f335/simpleProject/simpleProject.csproj\\\" (2) on node 1 (Clean;Build;Custom target(s)).\r\n     2>Clean:\r\n         simpleProject.Clean\r\n       Build:\r\n         simpleProject.Build\r\n       Custom:\r\n         simpleProject.Custom\r\n     2>Done Building Project \\\"/var/folders/v6/qj76vzyd5m3dhrkzkb2tmz440000gn/T/horgykvv.4vr/MSBuildTempjrdodds/Temporarya2c01bd25fd840f495f565e79be8f335/simpleProject/simpleProject.csproj\\\" (Clean;Build;Custom target(s)).\r\n     1>Project \\\"/var/folders/v6/qj76vzyd5m3dhrkzkb2tmz440000gn/T/horgykvv.4vr/MSBuildTempjrdodds/Temporarya2c01bd25fd840f495f565e79be8f335/testFolder.sln\\\" (1) is building \\\"/var/folders/v6/qj76vzyd5m3dhrkzkb2tmz440000gn/T/horgykvv.4vr/MSBuildTempjrdodds/Temporarya2c01bd25fd840f495f565e79be8f335/classlib/classlib.csproj\\\" (3) on node 2 (Clean;Build;Custom target(s)).\r\n     3>/var/folders/v6/qj76vzyd5m3dhrkzkb2tmz440000gn/T/horgykvv.4vr/MSBuildTempjrdodds/Temporarya2c01bd25fd840f495f565e79be8f335/classlib/classlib.csproj(6,23): error MSB4062: The \\\"Microsoft.Build.Tasks.Message\\\" task could not be loaded from the assembly Microsoft.Build.Tasks.Core, Version=15.1.0.0, Culture=neutral, PublicKeyToken=b03f5f7f11d50a3a. Index not found. (0x80131124) Confirm that the <UsingTask> declaration is correct, that the assembly and all its dependencies are available, and that the task contains a public class that implements Microsoft.Build.Framework.ITask.\r\n     3>Done Building Project \\\"/var/folders/v6/qj76vzyd5m3dhrkzkb2tmz440000gn/T/horgykvv.4vr/MSBuildTempjrdodds/Temporarya2c01bd25fd840f495f565e79be8f335/classlib/classlib.csproj\\\" (Clean;Build;Custom target(s)) -- FAILED.\r\n     1>Done Building Project \\\"/var/folders/v6/qj76vzyd5m3dhrkzkb2tmz440000gn/T/horgykvv.4vr/MSBuildTempjrdodds/Temporarya2c01bd25fd840f495f565e79be8f335/testFolder.sln\\\" (Clean;Build;Custom target(s)) -- FAILED.\r\n\r\nBuild FAILED.\r\n\r\n       \\\"/var/folders/v6/qj76vzyd5m3dhrkzkb2tmz440000gn/T/horgykvv.4vr/MSBuildTempjrdodds/Temporarya2c01bd25fd840f495f565e79be8f335/testFolder.sln\\\" (Clean;Build;Custom target) (1) ->\r\n       \\\"/var/folders/v6/qj76vzyd5m3dhrkzkb2tmz440000gn/T/horgykvv.4vr/MSBuildTempjrdodds/Temporarya2c01bd25fd840f495f565e79be8f335/classlib/classlib.csproj\\\" (Clean;Build;Custom target) (3) ->\r\n       (Clean target) -> \r\n         /var/folders/v6/qj76vzyd5m3dhrkzkb2tmz440000gn/T/horgykvv.4vr/MSBuildTempjrdodds/Temporarya2c01bd25fd840f495f565e79be8f335/classlib/classlib.csproj(6,23): error MSB4062: The \\\"Microsoft.Build.Tasks.Message\\\" task could not be loaded from the assembly Microsoft.Build.Tasks.Core, Version=15.1.0.0, Culture=neutral, PublicKeyToken=b03f5f7f11d50a3a. Index not found. (0x80131124) Confirm that the <UsingTask> declaration is correct, that the assembly and all its dependencies are available, and that the task contains a public class that implements Microsoft.Build.Framework.ITask.\r\n\r\n    0 Warning(s)\r\n    1 Error(s)\r\n\r\nTime Elapsed 00:00:00.76\r\n```",
        "createdAt": "2023-03-14T02:56:36Z",
        "updatedAt": "2023-03-14T02:56:36Z",
        "author": {
          "login": "jrdodds"
        }
      },
      {
        "body": "Weird. It's a fairly simple solution, and Message is clearly written properly given that it succeeded just before...seems like a race condition? simpleProject uses it at the same time that classLib tries to use it, classLib misses its lock, and simpleProject doesn't finish fast enough (random GC or something?) before classLib decides it needs to fail?\r\n\r\n/cc: @yuehuang010 in case you have any insight, since you wrote the test.",
        "createdAt": "2023-03-14T17:48:10Z",
        "updatedAt": "2023-03-14T17:48:20Z",
        "author": {
          "login": "Forgind"
        }
      },
      {
        "body": "The error seems unrelated to the tests.  Could it be related to \"/m\" flag?  Was there any node changes or task loading behavior changes?",
        "createdAt": "2023-03-14T18:28:02Z",
        "updatedAt": "2023-03-14T18:28:02Z",
        "author": {
          "login": "yuehuang010"
        }
      },
      {
        "body": "It also seemed to me to be unrelated with the changes for #8558.\r\n\r\nThere were no node or task loading behavior changes.\r\n\r\nI was running the tests from the command line with:\r\n\r\n```\r\n./build.sh --test\r\n```\r\n\r\nI captured the output by temporarily changing line 262 to:\r\n\r\n```c#\r\nsuccess.ShouldBeTrue(output);\r\n```",
        "createdAt": "2023-03-14T18:45:33Z",
        "updatedAt": "2023-03-14T18:45:33Z",
        "author": {
          "login": "jrdodds"
        }
      },
      {
        "body": "This might be red herring, but a quick google search hinted at mixing of bitness.  Could you add \"/nr:false\" to the tests to see if improves and makes the repro more consistent?",
        "createdAt": "2023-03-14T20:36:05Z",
        "updatedAt": "2023-03-14T20:36:05Z",
        "author": {
          "login": "yuehuang010"
        }
      },
      {
        "body": "I'll give it a try. Thanks",
        "createdAt": "2023-03-15T18:14:32Z",
        "updatedAt": "2023-03-15T18:14:32Z",
        "author": {
          "login": "jrdodds"
        }
      },
      {
        "body": "Did yuehuang010's suggestion on bitness help?",
        "createdAt": "2023-03-21T14:54:26Z",
        "updatedAt": "2023-03-21T14:54:26Z",
        "author": {
          "login": "Forgind"
        }
      },
      {
        "body": "Inconclusive so far because the issue is intermittent and I haven't run the tests frequently enough yet.",
        "createdAt": "2023-03-21T15:14:09Z",
        "updatedAt": "2023-03-21T15:14:09Z",
        "author": {
          "login": "jrdodds"
        }
      },
      {
        "body": "Run the test for 1000 times with following script.  doesn't repro that. \r\n```\r\n#!/bin/bash\r\na=0\r\nwhile [ $a -lt 1000 ]\r\ndo\r\n\tdotnet test ./artifacts/bin/Microsoft.Build.Engine.UnitTests/Debug/net7.0/Microsoft.Build.Engine.UnitTests.dll --filter \"FullyQualifiedName~BuildProjectWithMultipleTargetsInParallel\";\r\n\ta=`expr $a + 1`;\r\n\r\ndone\r\n```",
        "createdAt": "2023-04-25T07:30:37Z",
        "updatedAt": "2023-04-25T07:30:37Z",
        "author": {
          "login": "JaynieBai"
        }
      },
      {
        "body": "I have only seen the test fail when it is run with other tests but that could be down to chance.",
        "createdAt": "2023-04-25T13:11:13Z",
        "updatedAt": "2023-04-25T13:11:13Z",
        "author": {
          "login": "jrdodds"
        }
      },
      {
        "body": "Close it since it doesn't fail on CI these days. \r\n",
        "createdAt": "2024-03-06T09:29:42Z",
        "updatedAt": "2024-03-06T09:29:42Z",
        "author": {
          "login": "YuliiaKovalova"
        }
      }
    ]
  }
}