{
  "number": 8597,
  "title": "System.OutOfMemoryException building UE",
  "body": "1>MSBUILD : error : This is an unhandled exception in MSBuild -- PLEASE UPVOTE AN EXISTING ISSUE OR FILE A NEW ONE AT https://aka.ms/msbuild/unhandled.\r\n1>MSBUILD : error :     System.OutOfMemoryException: Exception of type 'System.OutOfMemoryException' was thrown.\r\n1>MSBUILD : error :    at Go4(RegexRunner )\r\n1>MSBUILD : error :    at System.Text.RegularExpressions.RegexRunner.Scan(Regex regex, String text, Int32 textbeg, Int32 textend, Int32 textstart, Int32 prevlen, Boolean quick, TimeSpan timeout)\r\n1>MSBUILD : error :    at System.Text.RegularExpressions.Regex.Run(Boolean quick, Int32 prevlen, String input, Int32 beginning, Int32 length, Int32 startat)\r\n1>MSBUILD : error :    at System.Text.RegularExpressions.Regex.Match(String input, Int32 startat)\r\n1>MSBUILD : error :    at Microsoft.Build.Shared.CanonicalError.Parse(String message)\r\n1>MSBUILD : error :    at Microsoft.Build.Utilities.TaskLoggingHelper.LogMessageFromText(String lineOfText, MessageImportance messageImportance)\r\n1>MSBUILD : error :    at Microsoft.Build.Tasks.Exec.LogEventsFromTextOutput(String singleLine, MessageImportance messageImportance)\r\n1>MSBUILD : error :    at Microsoft.Build.Utilities.ToolTask.LogMessagesFromStandardErrorOrOutput(Queue dataQueue, ManualResetEvent dataAvailableSignal, MessageImportance messageImportance, StandardOutputOrErrorQueueType queueType)\r\n1>MSBUILD : error :    at Microsoft.Build.Utilities.ToolTask.HandleToolNotifications(Process proc)\r\n1>MSBUILD : error :    at Microsoft.Build.Utilities.ToolTask.ExecuteTool(String pathToTool, String responseFileCommands, String commandLineCommands)\r\n1>MSBUILD : error :    at Microsoft.Build.Tasks.Exec.ExecuteTool(String pathToTool, String responseFileCommands, String commandLineCommands)\r\n1>MSBUILD : error :    at Microsoft.Build.Utilities.ToolTask.Execute()\r\n1>MSBUILD : error :    at Microsoft.Build.BackEnd.TaskExecutionHost.Microsoft.Build.BackEnd.ITaskExecutionHost.Execute()\r\n1>MSBUILD : error :    at Microsoft.Build.BackEnd.TaskBuilder.<ExecuteInstantiatedTask>d__26.MoveNext()\r\n1>MSBUILD : error : --- End of stack trace from previous location where exception was thrown ---\r\n1>MSBUILD : error :    at System.Runtime.ExceptionServices.ExceptionDispatchInfo.Throw()\r\n1>MSBUILD : error :    at System.Runtime.CompilerServices.TaskAwaiter.HandleNonSuccessAndDebuggerNotification(Task task)\r\n1>MSBUILD : error :    at Microsoft.Build.BackEnd.TaskBuilder.<InitializeAndExecuteTask>d__24.MoveNext()\r\n1>MSBUILD : error : --- End of stack trace from previous location where exception was thrown ---\r\n1>MSBUILD : error :    at System.Runtime.ExceptionServices.ExceptionDispatchInfo.Throw()\r\n1>MSBUILD : error :    at System.Runtime.CompilerServices.TaskAwaiter.HandleNonSuccessAndDebuggerNotification(Task task)\r\n1>MSBUILD : error :    at Microsoft.Build.BackEnd.TaskBuilder.<ExecuteBucket>d__19.MoveNext()\r\n1>MSBUILD : error : --- End of stack trace from previous location where exception was thrown ---\r\n1>MSBUILD : error :    at System.Runtime.ExceptionServices.ExceptionDispatchInfo.Throw()\r\n1>MSBUILD : error :    at Microsoft.Build.BackEnd.TaskBuilder.<ExecuteTask>d__18.MoveNext()\r\n1>MSBUILD : error : --- End of stack trace from previous location where exception was thrown ---\r\n1>MSBUILD : error :    at System.Runtime.ExceptionServices.ExceptionDispatchInfo.Throw()\r\n1>MSBUILD : error :    at System.Runtime.CompilerServices.TaskAwaiter.HandleNonSuccessAndDebuggerNotification(Task task)\r\n1>MSBUILD : error :    at Microsoft.Build.BackEnd.TaskBuilder.<ExecuteTask>d__13.MoveNext()\r\n1>MSBUILD : error : --- End of stack trace from previous location where exception was thrown ---\r\n1>MSBUILD : error :    at System.Runtime.ExceptionServices.ExceptionDispatchInfo.Throw()\r\n1>MSBUILD : error :    at Microsoft.Build.BackEnd.TargetEntry.<ProcessBucket>d__51.MoveNext()\r\n1>MSBUILD : error : --- End of stack trace from previous location where exception was thrown ---\r\n1>MSBUILD : error :    at System.Runtime.ExceptionServices.ExceptionDispatchInfo.Throw()\r\n1>MSBUILD : error :    at Microsoft.Build.BackEnd.TargetEntry.<ExecuteTarget>d__44.MoveNext()\r\n1>MSBUILD : error : --- End of stack trace from previous location where exception was thrown ---\r\n1>MSBUILD : error :    at System.Runtime.ExceptionServices.ExceptionDispatchInfo.Throw()\r\n1>MSBUILD : error :    at Microsoft.Build.BackEnd.TargetBuilder.<ProcessTargetStack>d__23.MoveNext()\r\n1>MSBUILD : error : --- End of stack trace from previous location where exception was thrown ---\r\n1>MSBUILD : error :    at System.Runtime.ExceptionServices.ExceptionDispatchInfo.Throw()\r\n1>MSBUILD : error :    at System.Runtime.CompilerServices.TaskAwaiter.HandleNonSuccessAndDebuggerNotification(Task task)\r\n1>MSBUILD : error :    at Microsoft.Build.BackEnd.TargetBuilder.<BuildTargets>d__10.MoveNext()\r\n1>MSBUILD : error : --- End of stack trace from previous location where exception was thrown ---\r\n1>MSBUILD : error :    at System.Runtime.ExceptionServices.ExceptionDispatchInfo.Throw()\r\n1>MSBUILD : error :    at System.Runtime.CompilerServices.TaskAwaiter.HandleNonSuccessAndDebuggerNotification(Task task)\r\n1>MSBUILD : error :    at Microsoft.Build.BackEnd.RequestBuilder.<BuildProject>d__68.MoveNext()\r\n1>MSBUILD : error : --- End of stack trace from previous location where exception was thrown ---\r\n1>MSBUILD : error :    at System.Runtime.ExceptionServices.ExceptionDispatchInfo.Throw()\r\n1>MSBUILD : error :    at System.Runtime.CompilerServices.TaskAwaiter.HandleNonSuccessAndDebuggerNotification(Task task)\r\n1>MSBUILD : error :    at Microsoft.Build.BackEnd.RequestBuilder.<BuildAndReport>d__59.MoveNext()",
  "state": "OPEN",
  "createdAt": "2023-03-24T21:35:14Z",
  "updatedAt": "2024-11-20T17:57:08Z",
  "closedAt": null,
  "author": {
    "login": "MaxAbernethy"
  },
  "labels": [
    "triaged"
  ],
  "assignees": {
    "nodes": []
  },
  "milestone": null,
  "comments": {
    "nodes": [
      {
        "body": "I get this error building a completely different project.  I wouldn't doubt a quirk of the project i am building is at least in part responsible, but I'm not sure how to debug this.  It looks like it's trying to parse some message that is being emitted during build and running out of memory whilst.  If I could know what message this is, perhaps I can fix this in my codebase.  If anyone has any advice I am all ears.",
        "createdAt": "2023-08-15T15:39:24Z",
        "updatedAt": "2023-08-15T15:39:33Z",
        "author": {
          "login": "jack-work"
        }
      },
      {
        "body": "Saw a similar unhandled exception today when my system ran out of memory during a heavy parallelized build.\r\nI don't think that this is related to the project that is being built directly but rather to the fact that the host system runs out of memory.\r\n\r\n<details><summary>Stack Trace</summary>\r\n<p>\r\n<pre>33>MSBUILD : error : This is an unhandled exception in MSBuild -- PLEASE UPVOTE AN EXISTING ISSUE OR FILE A NEW ONE AT https://aka.ms/msbuild/unhandled\r\n33>MSBUILD : error :     System.AggregateException: One or more errors occurred. ---> System.OutOfMemoryException: Exception of type 'System.OutOfMemoryException' was thrown.\r\n33>MSBUILD : error :    at Go7(RegexRunner )\r\n33>MSBUILD : error :    at System.Text.RegularExpressions.RegexRunner.Scan(Regex regex, String text, Int32 textbeg, Int32 textend, Int32 textstart, Int32 prevlen, Boolean quick, TimeSpan timeout)\r\n33>MSBUILD : error :    at System.Text.RegularExpressions.Regex.Run(Boolean quick, Int32 prevlen, String input, Int32 beginning, Int32 length, Int32 startat)\r\n33>MSBUILD : error :    at System.Text.RegularExpressions.Regex.Match(String input, Int32 startat)\r\n33>MSBUILD : error :    at Microsoft.Build.Shared.CanonicalError.Parse(String message)\r\n33>MSBUILD : error :    at Microsoft.Build.Utilities.TaskLoggingHelper.LogMessageFromText(String lineOfText, MessageImportance messageImportance)\r\n33>MSBUILD : error :    at Microsoft.Build.CPPTasks.VCToolTask.LogEventsFromTextOutput(String singleLine, MessageImportance messageImportance)\r\n33>MSBUILD : error :    at Microsoft.Build.CPPTasks.TrackedVCToolTask.ToolOutputPipe.ProcessQueue()\r\n33>MSBUILD : error :    at System.Threading.Tasks.Task.Execute()\r\n33>MSBUILD : error :    --- End of inner exception stack trace ---\r\n33>MSBUILD : error :    at System.Threading.Tasks.Task.ThrowIfExceptional(Boolean includeTaskCanceledExceptions)\r\n33>MSBUILD : error :    at System.Threading.Tasks.Task.Wait(Int32 millisecondsTimeout, CancellationToken cancellationToken)\r\n33>MSBUILD : error :    at Microsoft.Build.CPPTasks.TrackedVCToolTask.ToolOutputPipe.OnProcessFinished()\r\n33>MSBUILD : error :    at Microsoft.Build.CPPTasks.TrackedVCToolTask.CloseToolOutputPipes()\r\n33>MSBUILD : error :    at Microsoft.Build.CPPTasks.TrackedVCToolTask.Execute()\r\n33>MSBUILD : error :    at Microsoft.Build.BackEnd.TaskExecutionHost.Microsoft.Build.BackEnd.ITaskExecutionHost.Execute()\r\n33>MSBUILD : error :    at Microsoft.Build.BackEnd.TaskBuilder.<ExecuteInstantiatedTask>d__26.MoveNext()\r\n33>MSBUILD : error : --- End of stack trace from previous location where exception was thrown ---\r\n33>MSBUILD : error :    at System.Runtime.ExceptionServices.ExceptionDispatchInfo.Throw()\r\n33>MSBUILD : error :    at System.Runtime.CompilerServices.TaskAwaiter.HandleNonSuccessAndDebuggerNotification(Task task)\r\n33>MSBUILD : error :    at Microsoft.Build.BackEnd.TaskBuilder.<InitializeAndExecuteTask>d__24.MoveNext()\r\n33>MSBUILD : error : --- End of stack trace from previous location where exception was thrown ---\r\n33>MSBUILD : error :    at System.Runtime.ExceptionServices.ExceptionDispatchInfo.Throw()\r\n33>MSBUILD : error :    at System.Runtime.CompilerServices.TaskAwaiter.HandleNonSuccessAndDebuggerNotification(Task task)\r\n33>MSBUILD : error :    at Microsoft.Build.BackEnd.TaskBuilder.<ExecuteBucket>d__19.MoveNext()\r\n33>MSBUILD : error : --- End of stack trace from previous location where exception was thrown ---\r\n33>MSBUILD : error :    at System.Runtime.ExceptionServices.ExceptionDispatchInfo.Throw()\r\n33>MSBUILD : error :    at Microsoft.Build.BackEnd.TaskBuilder.<ExecuteTask>d__18.MoveNext()\r\n33>MSBUILD : error : --- End of stack trace from previous location where exception was thrown ---\r\n33>MSBUILD : error :    at System.Runtime.ExceptionServices.ExceptionDispatchInfo.Throw()\r\n33>MSBUILD : error :    at System.Runtime.CompilerServices.TaskAwaiter.HandleNonSuccessAndDebuggerNotification(Task task)\r\n33>MSBUILD : error :    at Microsoft.Build.BackEnd.TaskBuilder.<ExecuteTask>d__13.MoveNext()\r\n33>MSBUILD : error : --- End of stack trace from previous location where exception was thrown ---\r\n33>MSBUILD : error :    at System.Runtime.ExceptionServices.ExceptionDispatchInfo.Throw()\r\n33>MSBUILD : error :    at Microsoft.Build.BackEnd.TargetEntry.<ProcessBucket>d__51.MoveNext()\r\n33>MSBUILD : error : --- End of stack trace from previous location where exception was thrown ---\r\n33>MSBUILD : error :    at System.Runtime.ExceptionServices.ExceptionDispatchInfo.Throw()\r\n33>MSBUILD : error :    at Microsoft.Build.BackEnd.TargetEntry.<ExecuteTarget>d__44.MoveNext()\r\n33>MSBUILD : error : --- End of stack trace from previous location where exception was thrown ---\r\n33>MSBUILD : error :    at System.Runtime.ExceptionServices.ExceptionDispatchInfo.Throw()\r\n33>MSBUILD : error :    at Microsoft.Build.BackEnd.TargetBuilder.<ProcessTargetStack>d__23.MoveNext()\r\n33>MSBUILD : error : --- End of stack trace from previous location where exception was thrown ---\r\n33>MSBUILD : error :    at System.Runtime.ExceptionServices.ExceptionDispatchInfo.Throw()\r\n33>MSBUILD : error :    at System.Runtime.CompilerServices.TaskAwaiter.HandleNonSuccessAndDebuggerNotification(Task task)\r\n33>MSBUILD : error :    at Microsoft.Build.BackEnd.TargetBuilder.<BuildTargets>d__10.MoveNext()\r\n33>MSBUILD : error : --- End of stack trace from previous location where exception was thrown ---\r\n33>MSBUILD : error :    at System.Runtime.ExceptionServices.ExceptionDispatchInfo.Throw()\r\n33>MSBUILD : error :    at System.Runtime.CompilerServices.TaskAwaiter.HandleNonSuccessAndDebuggerNotification(Task task)\r\n33>MSBUILD : error :    at Microsoft.Build.BackEnd.RequestBuilder.<BuildProject>d__68.MoveNext()\r\n33>MSBUILD : error : --- End of stack trace from previous location where exception was thrown ---\r\n33>MSBUILD : error :    at System.Runtime.ExceptionServices.ExceptionDispatchInfo.Throw()\r\n33>MSBUILD : error :    at System.Runtime.CompilerServices.TaskAwaiter.HandleNonSuccessAndDebuggerNotification(Task task)\r\n33>MSBUILD : error :    at Microsoft.Build.BackEnd.RequestBuilder.<BuildAndReport>d__59.MoveNext()\r\n33>MSBUILD : error : ---> (Inner Exception #0) System.OutOfMemoryException: Exception of type 'System.OutOfMemoryException' was thrown.\r\n33>MSBUILD : error :    at Go7(RegexRunner )\r\n33>MSBUILD : error :    at System.Text.RegularExpressions.RegexRunner.Scan(Regex regex, String text, Int32 textbeg, Int32 textend, Int32 textstart, Int32 prevlen, Boolean quick, TimeSpan timeout)\r\n33>MSBUILD : error :    at System.Text.RegularExpressions.Regex.Run(Boolean quick, Int32 prevlen, String input, Int32 beginning, Int32 length, Int32 startat)\r\n33>MSBUILD : error :    at System.Text.RegularExpressions.Regex.Match(String input, Int32 startat)\r\n33>MSBUILD : error :    at Microsoft.Build.Shared.CanonicalError.Parse(String message)\r\n33>MSBUILD : error :    at Microsoft.Build.Utilities.TaskLoggingHelper.LogMessageFromText(String lineOfText, MessageImportance messageImportance)\r\n33>MSBUILD : error :    at Microsoft.Build.CPPTasks.VCToolTask.LogEventsFromTextOutput(String singleLine, MessageImportance messageImportance)\r\n33>MSBUILD : error :    at Microsoft.Build.CPPTasks.TrackedVCToolTask.ToolOutputPipe.ProcessQueue()\r\n33>MSBUILD : error :    at System.Threading.Tasks.Task.Execute()<---\r\n33>MSBUILD : error :`\r\n</pre>\r\n</p>\r\n</details> ",
        "createdAt": "2024-06-19T13:23:34Z",
        "updatedAt": "2024-06-19T13:23:34Z",
        "author": {
          "login": "MarcelNehring"
        }
      },
      {
        "body": "I get this error, 64gb memory occupied in a few seconds:>>>>>\n\n`C:\\Program Files\\Microsoft Visual Studio\\2022\\Community\\MSBuild\\Microsoft\\VC\\v170\\Microsoft.CppCommon.targets(741,5): e\nrror MSB8071: \u65e0\u6cd5\u5206\u6790\u5e26\u6b63\u5219\u8868\u8fbe\u5f0f\u201c^In file included from .*$\u201d\u7684\u5de5\u5177\u8f93\u51fa\u201cH:\\Blender\\bpy\\blender\\extern\\Eigen3\\Eigen\\src/Core/DenseCoef\nfsBase.h(667,1): fatal error C1060: \u7f16\u8bd1\u5668\u7684\u5806\u7a7a\u95f4\u4e0d\u8db3 (\u7f16\u8bd1\u6e90\u6587\u4ef6 H:\\Blender\\bpy\\blender\\extern\\ceres\\internal\\ceres\\generated\\schur\n_eliminator_2_d_d.cc)\u201d: \u5f15\u53d1\u7c7b\u578b\u4e3a\u201cSystem.OutOfMemoryException\u201d\u7684\u5f02\u5e38\u3002 [H:\\Blender\\bpy\\build_windows_Bpy_x64_vc17_Release\\exter\nn\\ceres\\extern_ceres.vcxproj]\nMSBUILD : error : \u8fd9\u662f MSBuild \u4e2d\u672a\u7ecf\u5904\u7406\u7684\u5f02\u5e38 -- \u8bf7\u5bf9\u73b0\u6709\u95ee\u9898\u6295\u8d5e\u6210\u7968\u6216\u5728 https://aka.ms/msbuild/unhandled \u4e0a\u63d0\u4ea4\u65b0\u95ee\u9898\u3002 [H:\\Blender\\bpy\\build_wi\nndows_Bpy_x64_vc17_Release\\extern\\ceres\\extern_ceres.vcxproj]\nMSBUILD : error :     System.OutOfMemoryException: \u5f15\u53d1\u7c7b\u578b\u4e3a\u201cSystem.OutOfMemoryException\u201d\u7684\u5f02\u5e38\u3002 [H:\\Blender\\bpy\\build_windows\n_Bpy_x64_vc17_Release\\extern\\ceres\\extern_ceres.vcxproj]\nMSBUILD : error :    \u5728 Go8(RegexRunner ) [H:\\Blender\\bpy\\build_windows_Bpy_x64_vc17_Release\\extern\\ceres\\extern_ceres.v\ncxproj]\nMSBUILD : error :    \u5728 System.Text.RegularExpressions.RegexRunner.Scan(Regex regex, String text, Int32 textbeg, Int32 t\nextend, Int32 textstart, Int32 prevlen, Boolean quick, TimeSpan timeout) [H:\\Blender\\bpy\\build_windows_Bpy_x64_vc17_Rel\nease\\extern\\ceres\\extern_ceres.vcxproj]\nMSBUILD : error :    \u5728 System.Text.RegularExpressions.Regex.Run(Boolean quick, Int32 prevlen, String input, Int32 begin\nning, Int32 length, Int32 startat) [H:\\Blender\\bpy\\build_windows_Bpy_x64_vc17_Release\\extern\\ceres\\extern_ceres.vcxproj\n]\nMSBUILD : error :    \u5728 System.Text.RegularExpressions.Regex.Match(String input, Int32 startat) [H:\\Blender\\bpy\\build_wi\nndows_Bpy_x64_vc17_Release\\extern\\ceres\\extern_ceres.vcxproj]\nMSBUILD : error :    \u5728 Microsoft.Build.CPPTasks.VCToolTask.ParseLine(String inputLine) [H:\\Blender\\bpy\\build_windows_Bp\ny_x64_vc17_Release\\extern\\ceres\\extern_ceres.vcxproj]\nMSBUILD : error : --- \u5f15\u53d1\u5f02\u5e38\u7684\u4e0a\u4e00\u4f4d\u7f6e\u4e2d\u5806\u6808\u8ddf\u8e2a\u7684\u672b\u5c3e --- [H:\\Blender\\bpy\\build_windows_Bpy_x64_vc17_Release\\extern\\ceres\\extern_cere\ns.vcxproj]\nMSBUILD : error :    \u5728 System.Runtime.ExceptionServices.ExceptionDispatchInfo.Throw() [H:\\Blender\\bpy\\build_windows_Bpy\n_x64_vc17_Release\\extern\\ceres\\extern_ceres.vcxproj]\nMSBUILD : error :    \u5728 Microsoft.Build.CPPTasks.VCToolTask.ReportRegexException(String inputLine, Regex regex, Exceptio\nn e) [H:\\Blender\\bpy\\build_windows_Bpy_x64_vc17_Release\\extern\\ceres\\extern_ceres.vcxproj]\nMSBUILD : error :    \u5728 Microsoft.Build.CPPTasks.VCToolTask.ParseLine(String inputLine) [H:\\Blender\\bpy\\build_windows_Bp\ny_x64_vc17_Release\\extern\\ceres\\extern_ceres.vcxproj]\nMSBUILD : error :    \u5728 Microsoft.Build.CPPTasks.VCToolTask.LogEventsFromTextOutput(String singleLine, MessageImportance\n messageImportance) [H:\\Blender\\bpy\\build_windows_Bpy_x64_vc17_Release\\extern\\ceres\\extern_ceres.vcxproj]\nMSBUILD : error :    \u5728 Microsoft.Build.Utilities.ToolTask.LogMessagesFromStandardErrorOrOutput(Queue dataQueue, ManualR\nesetEvent dataAvailableSignal, MessageImportance messageImportance, StandardOutputOrErrorQueueType queueType) [H:\\Blend\ner\\bpy\\build_windows_Bpy_x64_vc17_Release\\extern\\ceres\\extern_ceres.vcxproj]\nMSBUILD : error :    \u5728 Microsoft.Build.Utilities.ToolTask.HandleToolNotifications(Process proc) [H:\\Blender\\bpy\\build_w\nindows_Bpy_x64_vc17_Release\\extern\\ceres\\extern_ceres.vcxproj]\nMSBUILD : error :    \u5728 Microsoft.Build.Utilities.ToolTask.ExecuteTool(String pathToTool, String responseFileCommands, S\ntring commandLineCommands) [H:\\Blender\\bpy\\build_windows_Bpy_x64_vc17_Release\\extern\\ceres\\extern_ceres.vcxproj]\nMSBUILD : error :    \u5728 Microsoft.Build.CPPTasks.TrackedVCToolTask.TrackerExecuteTool(String pathToTool, String response\nFileCommands, String commandLineCommands) [H:\\Blender\\bpy\\build_windows_Bpy_x64_vc17_Release\\extern\\ceres\\extern_ceres.\nvcxproj]\nMSBUILD : error :    \u5728 Microsoft.Build.CPPTasks.TrackedVCToolTask.ExecuteTool(String pathToTool, String responseFileCom\nmands, String commandLineCommands) [H:\\Blender\\bpy\\build_windows_Bpy_x64_vc17_Release\\extern\\ceres\\extern_ceres.vcxproj\n]\nMSBUILD : error :    \u5728 Microsoft.Build.Utilities.ToolTask.Execute() [H:\\Blender\\bpy\\build_windows_Bpy_x64_vc17_Release\\\nextern\\ceres\\extern_ceres.vcxproj]\nMSBUILD : error :    \u5728 Microsoft.Build.CPPTasks.VCToolTask.Execute() [H:\\Blender\\bpy\\build_windows_Bpy_x64_vc17_Release\n\\extern\\ceres\\extern_ceres.vcxproj]\nMSBUILD : error :    \u5728 Microsoft.Build.CPPTasks.TrackedVCToolTask.Execute() [H:\\Blender\\bpy\\build_windows_Bpy_x64_vc17_\nRelease\\extern\\ceres\\extern_ceres.vcxproj]\nMSBUILD : error :    \u5728 Microsoft.Build.BackEnd.TaskExecutionHost.Microsoft.Build.BackEnd.ITaskExecutionHost.Execute() [\nH:\\Blender\\bpy\\build_windows_Bpy_x64_vc17_Release\\extern\\ceres\\extern_ceres.vcxproj]\nMSBUILD : error :    \u5728 Microsoft.Build.BackEnd.TaskBuilder.<ExecuteInstantiatedTask>d__26.MoveNext() [H:\\Blender\\bpy\\bu\nild_windows_Bpy_x64_vc17_Release\\extern\\ceres\\extern_ceres.vcxproj]\nMSBUILD : error : --- \u5f15\u53d1\u5f02\u5e38\u7684\u4e0a\u4e00\u4f4d\u7f6e\u4e2d\u5806\u6808\u8ddf\u8e2a\u7684\u672b\u5c3e --- [H:\\Blender\\bpy\\build_windows_Bpy_x64_vc17_Release\\extern\\ceres\\extern_cere\ns.vcxproj]\nMSBUILD : error :    \u5728 System.Runtime.ExceptionServices.ExceptionDispatchInfo.Throw() [H:\\Blender\\bpy\\build_windows_Bpy\n_x64_vc17_Release\\extern\\ceres\\extern_ceres.vcxproj]\nMSBUILD : error :    \u5728 System.Runtime.CompilerServices.TaskAwaiter.HandleNonSuccessAndDebuggerNotification(Task task) [\nH:\\Blender\\bpy\\build_windows_Bpy_x64_vc17_Release\\extern\\ceres\\extern_ceres.vcxproj]\nMSBUILD : error :    \u5728 Microsoft.Build.BackEnd.TaskBuilder.<InitializeAndExecuteTask>d__24.MoveNext() [H:\\Blender\\bpy\\b\nuild_windows_Bpy_x64_vc17_Release\\extern\\ceres\\extern_ceres.vcxproj]\nMSBUILD : error : --- \u5f15\u53d1\u5f02\u5e38\u7684\u4e0a\u4e00\u4f4d\u7f6e\u4e2d\u5806\u6808\u8ddf\u8e2a\u7684\u672b\u5c3e --- [H:\\Blender\\bpy\\build_windows_Bpy_x64_vc17_Release\\extern\\ceres\\extern_cere\ns.vcxproj]\nMSBUILD : error :    \u5728 System.Runtime.ExceptionServices.ExceptionDispatchInfo.Throw() [H:\\Blender\\bpy\\build_windows_Bpy\n_x64_vc17_Release\\extern\\ceres\\extern_ceres.vcxproj]\nMSBUILD : error :    \u5728 System.Runtime.CompilerServices.TaskAwaiter.HandleNonSuccessAndDebuggerNotification(Task task) [\nH:\\Blender\\bpy\\build_windows_Bpy_x64_vc17_Release\\extern\\ceres\\extern_ceres.vcxproj]\nMSBUILD : error :    \u5728 Microsoft.Build.BackEnd.TaskBuilder.<ExecuteBucket>d__19.MoveNext() [H:\\Blender\\bpy\\build_window\ns_Bpy_x64_vc17_Release\\extern\\ceres\\extern_ceres.vcxproj]\nMSBUILD : error : --- \u5f15\u53d1\u5f02\u5e38\u7684\u4e0a\u4e00\u4f4d\u7f6e\u4e2d\u5806\u6808\u8ddf\u8e2a\u7684\u672b\u5c3e --- [H:\\Blender\\bpy\\build_windows_Bpy_x64_vc17_Release\\extern\\ceres\\extern_cere\ns.vcxproj]\nMSBUILD : error :    \u5728 System.Runtime.ExceptionServices.ExceptionDispatchInfo.Throw() [H:\\Blender\\bpy\\build_windows_Bpy\n_x64_vc17_Release\\extern\\ceres\\extern_ceres.vcxproj]\nMSBUILD : error :    \u5728 Microsoft.Build.BackEnd.TaskBuilder.<ExecuteTask>d__18.MoveNext() [H:\\Blender\\bpy\\build_windows_\nBpy_x64_vc17_Release\\extern\\ceres\\extern_ceres.vcxproj]\nMSBUILD : error : --- \u5f15\u53d1\u5f02\u5e38\u7684\u4e0a\u4e00\u4f4d\u7f6e\u4e2d\u5806\u6808\u8ddf\u8e2a\u7684\u672b\u5c3e --- [H:\\Blender\\bpy\\build_windows_Bpy_x64_vc17_Release\\extern\\ceres\\extern_cere\ns.vcxproj]\nMSBUILD : error :    \u5728 System.Runtime.ExceptionServices.ExceptionDispatchInfo.Throw() [H:\\Blender\\bpy\\build_windows_Bpy\n_x64_vc17_Release\\extern\\ceres\\extern_ceres.vcxproj]\nMSBUILD : error :    \u5728 System.Runtime.CompilerServices.TaskAwaiter.HandleNonSuccessAndDebuggerNotification(Task task) [\nH:\\Blender\\bpy\\build_windows_Bpy_x64_vc17_Release\\extern\\ceres\\extern_ceres.vcxproj]\nMSBUILD : error :    \u5728 Microsoft.Build.BackEnd.TaskBuilder.<ExecuteTask>d__13.MoveNext() [H:\\Blender\\bpy\\build_windows_\nBpy_x64_vc17_Release\\extern\\ceres\\extern_ceres.vcxproj]\nMSBUILD : error : --- \u5f15\u53d1\u5f02\u5e38\u7684\u4e0a\u4e00\u4f4d\u7f6e\u4e2d\u5806\u6808\u8ddf\u8e2a\u7684\u672b\u5c3e --- [H:\\Blender\\bpy\\build_windows_Bpy_x64_vc17_Release\\extern\\ceres\\extern_cere\ns.vcxproj]\nMSBUILD : error :    \u5728 System.Runtime.ExceptionServices.ExceptionDispatchInfo.Throw() [H:\\Blender\\bpy\\build_windows_Bpy\n_x64_vc17_Release\\extern\\ceres\\extern_ceres.vcxproj]\nMSBUILD : error :    \u5728 Microsoft.Build.BackEnd.TargetEntry.<ProcessBucket>d__51.MoveNext() [H:\\Blender\\bpy\\build_window\ns_Bpy_x64_vc17_Release\\extern\\ceres\\extern_ceres.vcxproj]\nMSBUILD : error : --- \u5f15\u53d1\u5f02\u5e38\u7684\u4e0a\u4e00\u4f4d\u7f6e\u4e2d\u5806\u6808\u8ddf\u8e2a\u7684\u672b\u5c3e --- [H:\\Blender\\bpy\\build_windows_Bpy_x64_vc17_Release\\extern\\ceres\\extern_cere\ns.vcxproj]\nMSBUILD : error :    \u5728 System.Runtime.ExceptionServices.ExceptionDispatchInfo.Throw() [H:\\Blender\\bpy\\build_windows_Bpy\n_x64_vc17_Release\\extern\\ceres\\extern_ceres.vcxproj]\nMSBUILD : error :    \u5728 Microsoft.Build.BackEnd.TargetEntry.<ExecuteTarget>d__44.MoveNext() [H:\\Blender\\bpy\\build_window\ns_Bpy_x64_vc17_Release\\extern\\ceres\\extern_ceres.vcxproj]\nMSBUILD : error : --- \u5f15\u53d1\u5f02\u5e38\u7684\u4e0a\u4e00\u4f4d\u7f6e\u4e2d\u5806\u6808\u8ddf\u8e2a\u7684\u672b\u5c3e --- [H:\\Blender\\bpy\\build_windows_Bpy_x64_vc17_Release\\extern\\ceres\\extern_cere\ns.vcxproj]\nMSBUILD : error :    \u5728 System.Runtime.ExceptionServices.ExceptionDispatchInfo.Throw() [H:\\Blender\\bpy\\build_windows_Bpy\n_x64_vc17_Release\\extern\\ceres\\extern_ceres.vcxproj]\nMSBUILD : error :    \u5728 Microsoft.Build.BackEnd.TargetBuilder.<ProcessTargetStack>d__23.MoveNext() [H:\\Blender\\bpy\\build\n_windows_Bpy_x64_vc17_Release\\extern\\ceres\\extern_ceres.vcxproj]\nMSBUILD : error : --- \u5f15\u53d1\u5f02\u5e38\u7684\u4e0a\u4e00\u4f4d\u7f6e\u4e2d\u5806\u6808\u8ddf\u8e2a\u7684\u672b\u5c3e --- [H:\\Blender\\bpy\\build_windows_Bpy_x64_vc17_Release\\extern\\ceres\\extern_cere\ns.vcxproj]\nMSBUILD : error :    \u5728 System.Runtime.ExceptionServices.ExceptionDispatchInfo.Throw() [H:\\Blender\\bpy\\build_windows_Bpy\n_x64_vc17_Release\\extern\\ceres\\extern_ceres.vcxproj]\nMSBUILD : error :    \u5728 System.Runtime.CompilerServices.TaskAwaiter.HandleNonSuccessAndDebuggerNotification(Task task) [\nH:\\Blender\\bpy\\build_windows_Bpy_x64_vc17_Release\\extern\\ceres\\extern_ceres.vcxproj]\nMSBUILD : error :    \u5728 Microsoft.Build.BackEnd.TargetBuilder.<BuildTargets>d__10.MoveNext() [H:\\Blender\\bpy\\build_windo\nws_Bpy_x64_vc17_Release\\extern\\ceres\\extern_ceres.vcxproj]\nMSBUILD : error : --- \u5f15\u53d1\u5f02\u5e38\u7684\u4e0a\u4e00\u4f4d\u7f6e\u4e2d\u5806\u6808\u8ddf\u8e2a\u7684\u672b\u5c3e --- [H:\\Blender\\bpy\\build_windows_Bpy_x64_vc17_Release\\extern\\ceres\\extern_cere\ns.vcxproj]\nMSBUILD : error :    \u5728 System.Runtime.ExceptionServices.ExceptionDispatchInfo.Throw() [H:\\Blender\\bpy\\build_windows_Bpy\n_x64_vc17_Release\\extern\\ceres\\extern_ceres.vcxproj]\nMSBUILD : error :    \u5728 System.Runtime.CompilerServices.TaskAwaiter.HandleNonSuccessAndDebuggerNotification(Task task) [\nH:\\Blender\\bpy\\build_windows_Bpy_x64_vc17_Release\\extern\\ceres\\extern_ceres.vcxproj]\nMSBUILD : error :    \u5728 Microsoft.Build.BackEnd.RequestBuilder.<BuildProject>d__68.MoveNext() [H:\\Blender\\bpy\\build_wind\nows_Bpy_x64_vc17_Release\\extern\\ceres\\extern_ceres.vcxproj]\nMSBUILD : error : --- \u5f15\u53d1\u5f02\u5e38\u7684\u4e0a\u4e00\u4f4d\u7f6e\u4e2d\u5806\u6808\u8ddf\u8e2a\u7684\u672b\u5c3e --- [H:\\Blender\\bpy\\build_windows_Bpy_x64_vc17_Release\\extern\\ceres\\extern_cere\ns.vcxproj]\nMSBUILD : error :    \u5728 System.Runtime.ExceptionServices.ExceptionDispatchInfo.Throw() [H:\\Blender\\bpy\\build_windows_Bpy\n_x64_vc17_Release\\extern\\ceres\\extern_ceres.vcxproj]\nMSBUILD : error :    \u5728 System.Runtime.CompilerServices.TaskAwaiter.HandleNonSuccessAndDebuggerNotification(Task task) [\nH:\\Blender\\bpy\\build_windows_Bpy_x64_vc17_Release\\extern\\ceres\\extern_ceres.vcxproj]\nMSBUILD : error :    \u5728 Microsoft.Build.BackEnd.RequestBuilder.<BuildAndReport>d__59.MoveNext() [H:\\Blender\\bpy\\build_wi\nndows_Bpy_x64_vc17_Release\\extern\\ceres\\extern_ceres.vcxproj]`\n\n",
        "createdAt": "2024-11-20T05:00:42Z",
        "updatedAt": "2024-11-20T05:00:42Z",
        "author": {
          "login": "ken-zhangqian"
        }
      },
      {
        "body": "> I get this error, 64gb memory occupied in a few seconds:>>>>>\n> \n> `C:\\Program Files\\Microsoft Visual Studio\\2022\\Community\\MSBuild\\Microsoft\\VC\\v170\\Microsoft.CppCommon.targets(741,5): e rror MSB8071: \u65e0\u6cd5\u5206\u6790\u5e26\u6b63\u5219\u8868\u8fbe\u5f0f\u201c^In file included from .*$\u201d\u7684\u5de5\u5177\u8f93\u51fa\u201cH:\\Blender\\bpy\\blender\\extern\\Eigen3\\Eigen\\src/Core/DenseCoef fsBase.h(667,1): fatal error C1060: \u7f16\u8bd1\u5668\u7684\u5806\u7a7a\u95f4\u4e0d\u8db3 (\u7f16\u8bd1\u6e90\u6587\u4ef6 H:\\Blender\\bpy\\blender\\extern\\ceres\\internal\\ceres\\generated\\schur _eliminator_2_d_d.cc)\u201d: \u5f15\u53d1\u7c7b\u578b\u4e3a\u201cSystem.OutOfMemoryException\u201d\u7684\u5f02\u5e38\u3002 [H:\\Blender\\bpy\\build_windows_Bpy_x64_vc17_Release\\exter n\\ceres\\extern_ceres.vcxproj] MSBUILD : error : \u8fd9\u662f MSBuild \u4e2d\u672a\u7ecf\u5904\u7406\u7684\u5f02\u5e38 -- \u8bf7\u5bf9\u73b0\u6709\u95ee\u9898\u6295\u8d5e\u6210\u7968\u6216\u5728 https://aka.ms/msbuild/unhandled \u4e0a\u63d0\u4ea4\u65b0\u95ee\u9898\u3002 [H:\\Blender\\bpy\\build_wi ndows_Bpy_x64_vc17_Release\\extern\\ceres\\extern_ceres.vcxproj] MSBUILD : error : System.OutOfMemoryException: \u5f15\u53d1\u7c7b\u578b\u4e3a\u201cSystem.OutOfMemoryException\u201d\u7684\u5f02\u5e38\u3002 [H:\\Blender\\bpy\\build_windows _Bpy_x64_vc17_Release\\extern\\ceres\\extern_ceres.vcxproj] MSBUILD : error : \u5728 Go8(RegexRunner ) [H:\\Blender\\bpy\\build_windows_Bpy_x64_vc17_Release\\extern\\ceres\\extern_ceres.v cxproj] MSBUILD : error : \u5728 System.Text.RegularExpressions.RegexRunner.Scan(Regex regex, String text, Int32 textbeg, Int32 t extend, Int32 textstart, Int32 prevlen, Boolean quick, TimeSpan timeout) [H:\\Blender\\bpy\\build_windows_Bpy_x64_vc17_Rel ease\\extern\\ceres\\extern_ceres.vcxproj] MSBUILD : error : \u5728 System.Text.RegularExpressions.Regex.Run(Boolean quick, Int32 prevlen, String input, Int32 begin ning, Int32 length, Int32 startat) [H:\\Blender\\bpy\\build_windows_Bpy_x64_vc17_Release\\extern\\ceres\\extern_ceres.vcxproj ] MSBUILD : error : \u5728 System.Text.RegularExpressions.Regex.Match(String input, Int32 startat) [H:\\Blender\\bpy\\build_wi ndows_Bpy_x64_vc17_Release\\extern\\ceres\\extern_ceres.vcxproj] MSBUILD : error : \u5728 Microsoft.Build.CPPTasks.VCToolTask.ParseLine(String inputLine) [H:\\Blender\\bpy\\build_windows_Bp y_x64_vc17_Release\\extern\\ceres\\extern_ceres.vcxproj] MSBUILD : error : --- \u5f15\u53d1\u5f02\u5e38\u7684\u4e0a\u4e00\u4f4d\u7f6e\u4e2d\u5806\u6808\u8ddf\u8e2a\u7684\u672b\u5c3e --- [H:\\Blender\\bpy\\build_windows_Bpy_x64_vc17_Release\\extern\\ceres\\extern_cere s.vcxproj] MSBUILD : error : \u5728 System.Runtime.ExceptionServices.ExceptionDispatchInfo.Throw() [H:\\Blender\\bpy\\build_windows_Bpy _x64_vc17_Release\\extern\\ceres\\extern_ceres.vcxproj] MSBUILD : error : \u5728 Microsoft.Build.CPPTasks.VCToolTask.ReportRegexException(String inputLine, Regex regex, Exceptio n e) [H:\\Blender\\bpy\\build_windows_Bpy_x64_vc17_Release\\extern\\ceres\\extern_ceres.vcxproj] MSBUILD : error : \u5728 Microsoft.Build.CPPTasks.VCToolTask.ParseLine(String inputLine) [H:\\Blender\\bpy\\build_windows_Bp y_x64_vc17_Release\\extern\\ceres\\extern_ceres.vcxproj] MSBUILD : error : \u5728 Microsoft.Build.CPPTasks.VCToolTask.LogEventsFromTextOutput(String singleLine, MessageImportance messageImportance) [H:\\Blender\\bpy\\build_windows_Bpy_x64_vc17_Release\\extern\\ceres\\extern_ceres.vcxproj] MSBUILD : error : \u5728 Microsoft.Build.Utilities.ToolTask.LogMessagesFromStandardErrorOrOutput(Queue dataQueue, ManualR esetEvent dataAvailableSignal, MessageImportance messageImportance, StandardOutputOrErrorQueueType queueType) [H:\\Blend er\\bpy\\build_windows_Bpy_x64_vc17_Release\\extern\\ceres\\extern_ceres.vcxproj] MSBUILD : error : \u5728 Microsoft.Build.Utilities.ToolTask.HandleToolNotifications(Process proc) [H:\\Blender\\bpy\\build_w indows_Bpy_x64_vc17_Release\\extern\\ceres\\extern_ceres.vcxproj] MSBUILD : error : \u5728 Microsoft.Build.Utilities.ToolTask.ExecuteTool(String pathToTool, String responseFileCommands, S tring commandLineCommands) [H:\\Blender\\bpy\\build_windows_Bpy_x64_vc17_Release\\extern\\ceres\\extern_ceres.vcxproj] MSBUILD : error : \u5728 Microsoft.Build.CPPTasks.TrackedVCToolTask.TrackerExecuteTool(String pathToTool, String response FileCommands, String commandLineCommands) [H:\\Blender\\bpy\\build_windows_Bpy_x64_vc17_Release\\extern\\ceres\\extern_ceres. vcxproj] MSBUILD : error : \u5728 Microsoft.Build.CPPTasks.TrackedVCToolTask.ExecuteTool(String pathToTool, String responseFileCom mands, String commandLineCommands) [H:\\Blender\\bpy\\build_windows_Bpy_x64_vc17_Release\\extern\\ceres\\extern_ceres.vcxproj ] MSBUILD : error : \u5728 Microsoft.Build.Utilities.ToolTask.Execute() [H:\\Blender\\bpy\\build_windows_Bpy_x64_vc17_Release\\ extern\\ceres\\extern_ceres.vcxproj] MSBUILD : error : \u5728 Microsoft.Build.CPPTasks.VCToolTask.Execute() [H:\\Blender\\bpy\\build_windows_Bpy_x64_vc17_Release \\extern\\ceres\\extern_ceres.vcxproj] MSBUILD : error : \u5728 Microsoft.Build.CPPTasks.TrackedVCToolTask.Execute() [H:\\Blender\\bpy\\build_windows_Bpy_x64_vc17_ Release\\extern\\ceres\\extern_ceres.vcxproj] MSBUILD : error : \u5728 Microsoft.Build.BackEnd.TaskExecutionHost.Microsoft.Build.BackEnd.ITaskExecutionHost.Execute() [ H:\\Blender\\bpy\\build_windows_Bpy_x64_vc17_Release\\extern\\ceres\\extern_ceres.vcxproj] MSBUILD : error : \u5728 Microsoft.Build.BackEnd.TaskBuilder.<ExecuteInstantiatedTask>d__26.MoveNext() [H:\\Blender\\bpy\\bu ild_windows_Bpy_x64_vc17_Release\\extern\\ceres\\extern_ceres.vcxproj] MSBUILD : error : --- \u5f15\u53d1\u5f02\u5e38\u7684\u4e0a\u4e00\u4f4d\u7f6e\u4e2d\u5806\u6808\u8ddf\u8e2a\u7684\u672b\u5c3e --- [H:\\Blender\\bpy\\build_windows_Bpy_x64_vc17_Release\\extern\\ceres\\extern_cere s.vcxproj] MSBUILD : error : \u5728 System.Runtime.ExceptionServices.ExceptionDispatchInfo.Throw() [H:\\Blender\\bpy\\build_windows_Bpy _x64_vc17_Release\\extern\\ceres\\extern_ceres.vcxproj] MSBUILD : error : \u5728 System.Runtime.CompilerServices.TaskAwaiter.HandleNonSuccessAndDebuggerNotification(Task task) [ H:\\Blender\\bpy\\build_windows_Bpy_x64_vc17_Release\\extern\\ceres\\extern_ceres.vcxproj] MSBUILD : error : \u5728 Microsoft.Build.BackEnd.TaskBuilder.<InitializeAndExecuteTask>d__24.MoveNext() [H:\\Blender\\bpy\\b uild_windows_Bpy_x64_vc17_Release\\extern\\ceres\\extern_ceres.vcxproj] MSBUILD : error : --- \u5f15\u53d1\u5f02\u5e38\u7684\u4e0a\u4e00\u4f4d\u7f6e\u4e2d\u5806\u6808\u8ddf\u8e2a\u7684\u672b\u5c3e --- [H:\\Blender\\bpy\\build_windows_Bpy_x64_vc17_Release\\extern\\ceres\\extern_cere s.vcxproj] MSBUILD : error : \u5728 System.Runtime.ExceptionServices.ExceptionDispatchInfo.Throw() [H:\\Blender\\bpy\\build_windows_Bpy _x64_vc17_Release\\extern\\ceres\\extern_ceres.vcxproj] MSBUILD : error : \u5728 System.Runtime.CompilerServices.TaskAwaiter.HandleNonSuccessAndDebuggerNotification(Task task) [ H:\\Blender\\bpy\\build_windows_Bpy_x64_vc17_Release\\extern\\ceres\\extern_ceres.vcxproj] MSBUILD : error : \u5728 Microsoft.Build.BackEnd.TaskBuilder.<ExecuteBucket>d__19.MoveNext() [H:\\Blender\\bpy\\build_window s_Bpy_x64_vc17_Release\\extern\\ceres\\extern_ceres.vcxproj] MSBUILD : error : --- \u5f15\u53d1\u5f02\u5e38\u7684\u4e0a\u4e00\u4f4d\u7f6e\u4e2d\u5806\u6808\u8ddf\u8e2a\u7684\u672b\u5c3e --- [H:\\Blender\\bpy\\build_windows_Bpy_x64_vc17_Release\\extern\\ceres\\extern_cere s.vcxproj] MSBUILD : error : \u5728 System.Runtime.ExceptionServices.ExceptionDispatchInfo.Throw() [H:\\Blender\\bpy\\build_windows_Bpy _x64_vc17_Release\\extern\\ceres\\extern_ceres.vcxproj] MSBUILD : error : \u5728 Microsoft.Build.BackEnd.TaskBuilder.<ExecuteTask>d__18.MoveNext() [H:\\Blender\\bpy\\build_windows_ Bpy_x64_vc17_Release\\extern\\ceres\\extern_ceres.vcxproj] MSBUILD : error : --- \u5f15\u53d1\u5f02\u5e38\u7684\u4e0a\u4e00\u4f4d\u7f6e\u4e2d\u5806\u6808\u8ddf\u8e2a\u7684\u672b\u5c3e --- [H:\\Blender\\bpy\\build_windows_Bpy_x64_vc17_Release\\extern\\ceres\\extern_cere s.vcxproj] MSBUILD : error : \u5728 System.Runtime.ExceptionServices.ExceptionDispatchInfo.Throw() [H:\\Blender\\bpy\\build_windows_Bpy _x64_vc17_Release\\extern\\ceres\\extern_ceres.vcxproj] MSBUILD : error : \u5728 System.Runtime.CompilerServices.TaskAwaiter.HandleNonSuccessAndDebuggerNotification(Task task) [ H:\\Blender\\bpy\\build_windows_Bpy_x64_vc17_Release\\extern\\ceres\\extern_ceres.vcxproj] MSBUILD : error : \u5728 Microsoft.Build.BackEnd.TaskBuilder.<ExecuteTask>d__13.MoveNext() [H:\\Blender\\bpy\\build_windows_ Bpy_x64_vc17_Release\\extern\\ceres\\extern_ceres.vcxproj] MSBUILD : error : --- \u5f15\u53d1\u5f02\u5e38\u7684\u4e0a\u4e00\u4f4d\u7f6e\u4e2d\u5806\u6808\u8ddf\u8e2a\u7684\u672b\u5c3e --- [H:\\Blender\\bpy\\build_windows_Bpy_x64_vc17_Release\\extern\\ceres\\extern_cere s.vcxproj] MSBUILD : error : \u5728 System.Runtime.ExceptionServices.ExceptionDispatchInfo.Throw() [H:\\Blender\\bpy\\build_windows_Bpy _x64_vc17_Release\\extern\\ceres\\extern_ceres.vcxproj] MSBUILD : error : \u5728 Microsoft.Build.BackEnd.TargetEntry.<ProcessBucket>d__51.MoveNext() [H:\\Blender\\bpy\\build_window s_Bpy_x64_vc17_Release\\extern\\ceres\\extern_ceres.vcxproj] MSBUILD : error : --- \u5f15\u53d1\u5f02\u5e38\u7684\u4e0a\u4e00\u4f4d\u7f6e\u4e2d\u5806\u6808\u8ddf\u8e2a\u7684\u672b\u5c3e --- [H:\\Blender\\bpy\\build_windows_Bpy_x64_vc17_Release\\extern\\ceres\\extern_cere s.vcxproj] MSBUILD : error : \u5728 System.Runtime.ExceptionServices.ExceptionDispatchInfo.Throw() [H:\\Blender\\bpy\\build_windows_Bpy _x64_vc17_Release\\extern\\ceres\\extern_ceres.vcxproj] MSBUILD : error : \u5728 Microsoft.Build.BackEnd.TargetEntry.<ExecuteTarget>d__44.MoveNext() [H:\\Blender\\bpy\\build_window s_Bpy_x64_vc17_Release\\extern\\ceres\\extern_ceres.vcxproj] MSBUILD : error : --- \u5f15\u53d1\u5f02\u5e38\u7684\u4e0a\u4e00\u4f4d\u7f6e\u4e2d\u5806\u6808\u8ddf\u8e2a\u7684\u672b\u5c3e --- [H:\\Blender\\bpy\\build_windows_Bpy_x64_vc17_Release\\extern\\ceres\\extern_cere s.vcxproj] MSBUILD : error : \u5728 System.Runtime.ExceptionServices.ExceptionDispatchInfo.Throw() [H:\\Blender\\bpy\\build_windows_Bpy _x64_vc17_Release\\extern\\ceres\\extern_ceres.vcxproj] MSBUILD : error : \u5728 Microsoft.Build.BackEnd.TargetBuilder.<ProcessTargetStack>d__23.MoveNext() [H:\\Blender\\bpy\\build _windows_Bpy_x64_vc17_Release\\extern\\ceres\\extern_ceres.vcxproj] MSBUILD : error : --- \u5f15\u53d1\u5f02\u5e38\u7684\u4e0a\u4e00\u4f4d\u7f6e\u4e2d\u5806\u6808\u8ddf\u8e2a\u7684\u672b\u5c3e --- [H:\\Blender\\bpy\\build_windows_Bpy_x64_vc17_Release\\extern\\ceres\\extern_cere s.vcxproj] MSBUILD : error : \u5728 System.Runtime.ExceptionServices.ExceptionDispatchInfo.Throw() [H:\\Blender\\bpy\\build_windows_Bpy _x64_vc17_Release\\extern\\ceres\\extern_ceres.vcxproj] MSBUILD : error : \u5728 System.Runtime.CompilerServices.TaskAwaiter.HandleNonSuccessAndDebuggerNotification(Task task) [ H:\\Blender\\bpy\\build_windows_Bpy_x64_vc17_Release\\extern\\ceres\\extern_ceres.vcxproj] MSBUILD : error : \u5728 Microsoft.Build.BackEnd.TargetBuilder.<BuildTargets>d__10.MoveNext() [H:\\Blender\\bpy\\build_windo ws_Bpy_x64_vc17_Release\\extern\\ceres\\extern_ceres.vcxproj] MSBUILD : error : --- \u5f15\u53d1\u5f02\u5e38\u7684\u4e0a\u4e00\u4f4d\u7f6e\u4e2d\u5806\u6808\u8ddf\u8e2a\u7684\u672b\u5c3e --- [H:\\Blender\\bpy\\build_windows_Bpy_x64_vc17_Release\\extern\\ceres\\extern_cere s.vcxproj] MSBUILD : error : \u5728 System.Runtime.ExceptionServices.ExceptionDispatchInfo.Throw() [H:\\Blender\\bpy\\build_windows_Bpy _x64_vc17_Release\\extern\\ceres\\extern_ceres.vcxproj] MSBUILD : error : \u5728 System.Runtime.CompilerServices.TaskAwaiter.HandleNonSuccessAndDebuggerNotification(Task task) [ H:\\Blender\\bpy\\build_windows_Bpy_x64_vc17_Release\\extern\\ceres\\extern_ceres.vcxproj] MSBUILD : error : \u5728 Microsoft.Build.BackEnd.RequestBuilder.<BuildProject>d__68.MoveNext() [H:\\Blender\\bpy\\build_wind ows_Bpy_x64_vc17_Release\\extern\\ceres\\extern_ceres.vcxproj] MSBUILD : error : --- \u5f15\u53d1\u5f02\u5e38\u7684\u4e0a\u4e00\u4f4d\u7f6e\u4e2d\u5806\u6808\u8ddf\u8e2a\u7684\u672b\u5c3e --- [H:\\Blender\\bpy\\build_windows_Bpy_x64_vc17_Release\\extern\\ceres\\extern_cere s.vcxproj] MSBUILD : error : \u5728 System.Runtime.ExceptionServices.ExceptionDispatchInfo.Throw() [H:\\Blender\\bpy\\build_windows_Bpy _x64_vc17_Release\\extern\\ceres\\extern_ceres.vcxproj] MSBUILD : error : \u5728 System.Runtime.CompilerServices.TaskAwaiter.HandleNonSuccessAndDebuggerNotification(Task task) [ H:\\Blender\\bpy\\build_windows_Bpy_x64_vc17_Release\\extern\\ceres\\extern_ceres.vcxproj] MSBUILD : error : \u5728 Microsoft.Build.BackEnd.RequestBuilder.<BuildAndReport>d__59.MoveNext() [H:\\Blender\\bpy\\build_wi ndows_Bpy_x64_vc17_Release\\extern\\ceres\\extern_ceres.vcxproj]`\n\nAlready Solved!\nIncrease Virtual Mem to 32GB ~ 128 GB. Done.",
        "createdAt": "2024-11-20T17:57:05Z",
        "updatedAt": "2024-11-20T17:57:05Z",
        "author": {
          "login": "ken-zhangqian"
        }
      }
    ]
  }
}