{
  "number": 8057,
  "title": "Running ./build.cmd doesn't work",
  "body": "I just cloned and then immediately tried to run ./build.cmd. Hopefully the error message helps you.\r\n\r\n```\r\nPS C:\\Users\\ethanseal\\Documents\\msbuild> .\\build.cmd\r\n  Determining projects to restore...\r\n  All projects are up-to-date for restore.\r\n  Determining projects to restore...\r\n  All projects are up-to-date for restore.\r\n  Microsoft.Build.Framework -> C:\\Users\\ethanseal\\Documents\\msbuild\\artifacts\\bin\\Microsoft.Build.Framework\\Debug\\net47\r\n  2\\Microsoft.Build.Framework.dll\r\n  Dependency -> C:\\Users\\ethanseal\\Documents\\msbuild\\artifacts\\bin\\Samples\\Dependency\\Debug\\net472\\Dependency.dll\r\n  TaskUsageLogger -> C:\\Users\\ethanseal\\Documents\\msbuild\\artifacts\\bin\\Samples\\TaskUsageLogger\\Debug\\net472\\TaskUsageL\r\n  ogger.dll\r\n  TaskUsageLogger -> C:\\Users\\ethanseal\\Documents\\msbuild\\artifacts\\bin\\Samples\\TaskUsageLogger\\Debug\\netstandard2.0\\Ta\r\n  skUsageLogger.dll\r\n  Dependency -> C:\\Users\\ethanseal\\Documents\\msbuild\\artifacts\\bin\\Samples\\Dependency\\Debug\\netstandard2.0\\Dependency.d\r\n  ll\r\n  TaskUsageLogger -> C:\\Users\\ethanseal\\Documents\\msbuild\\artifacts\\bin\\Samples\\TaskUsageLogger\\Debug\\net7.0\\TaskUsageL\r\n  ogger.dll\r\n  Dependency -> C:\\Users\\ethanseal\\Documents\\msbuild\\artifacts\\bin\\Samples\\Dependency\\Debug\\net7.0\\Dependency.dll\r\n  PortableTask -> C:\\Users\\ethanseal\\Documents\\msbuild\\artifacts\\bin\\Samples\\PortableTask\\Debug\\netstandard2.0\\Portable\r\n  Task.dll\r\n  XmlFileLogger -> C:\\Users\\ethanseal\\Documents\\msbuild\\artifacts\\bin\\Samples\\XmlFileLogger\\Debug\\net472\\XmlFileLogger.\r\n  dll\r\n  XmlFileLogger -> C:\\Users\\ethanseal\\Documents\\msbuild\\artifacts\\bin\\Samples\\XmlFileLogger\\Debug\\netstandard2.0\\XmlFil\r\n  eLogger.dll\r\n  Xunit.NetCore.Extensions -> C:\\Users\\ethanseal\\Documents\\msbuild\\artifacts\\bin\\Xunit.NetCore.Extensions\\Debug\\netstan\r\n  dard2.0\\Xunit.NetCore.Extensions.dll\r\n  Xunit.NetCore.Extensions -> C:\\Users\\ethanseal\\Documents\\msbuild\\artifacts\\bin\\Xunit.NetCore.Extensions\\Debug\\net472\\\r\n  Xunit.NetCore.Extensions.dll\r\n  Xunit.NetCore.Extensions -> C:\\Users\\ethanseal\\Documents\\msbuild\\artifacts\\bin\\Xunit.NetCore.Extensions\\Debug\\net7.0\\\r\n  Xunit.NetCore.Extensions.dll\r\n  Microsoft.Build.UnGAC -> C:\\Users\\ethanseal\\Documents\\msbuild\\artifacts\\bin\\Microsoft.Build.UnGAC\\Debug\\net45\\Microso\r\n  ft.Build.UnGAC.exe\r\n  StringTools -> C:\\Users\\ethanseal\\Documents\\msbuild\\artifacts\\bin\\StringTools\\Debug\\net35\\Microsoft.NET.StringTools.n\r\n  et35.dll\r\n  XmlFileLogger -> C:\\Users\\ethanseal\\Documents\\msbuild\\artifacts\\bin\\Samples\\XmlFileLogger\\Debug\\net7.0\\XmlFileLogger.\r\n  dll\r\n  StringTools -> C:\\Users\\ethanseal\\Documents\\msbuild\\artifacts\\bin\\StringTools\\Debug\\net472\\Microsoft.NET.StringTools.\r\n  dll\r\n  MSBuildTaskHost -> C:\\Users\\ethanseal\\Documents\\msbuild\\artifacts\\bin\\MSBuildTaskHost\\Debug\\net35\\MSBuildTaskHost.exe\r\n  StringTools -> C:\\Users\\ethanseal\\Documents\\msbuild\\artifacts\\bin\\StringTools\\Debug\\netstandard2.0\\Microsoft.NET.Stri\r\n  ngTools.dll\r\n  StringTools.UnitTests.net35 -> C:\\Users\\ethanseal\\Documents\\msbuild\\artifacts\\bin\\StringTools.UnitTests.net35\\Debug\\n\r\n  et472\\Microsoft.NET.StringTools.net35.UnitTests.dll\r\n  Microsoft.Build.Framework -> C:\\Users\\ethanseal\\Documents\\msbuild\\artifacts\\bin\\Microsoft.Build.Framework\\Debug\\net7.\r\n  0\\Microsoft.Build.Framework.dll\r\n  StringTools.UnitTests -> C:\\Users\\ethanseal\\Documents\\msbuild\\artifacts\\bin\\StringTools.UnitTests\\Debug\\net472\\Micros\r\n  oft.NET.StringTools.UnitTests.dll\r\n  StringTools -> C:\\Users\\ethanseal\\Documents\\msbuild\\artifacts\\bin\\StringTools\\Debug\\net7.0\\Microsoft.NET.StringTools.\r\n  dll\r\n  Microsoft.Build.Framework -> C:\\Users\\ethanseal\\Documents\\msbuild\\artifacts\\bin\\Microsoft.Build.Framework\\Debug\\netst\r\n  andard2.0\\Microsoft.Build.Framework.dll\r\n  Microsoft.Build.Framework.UnitTests -> C:\\Users\\ethanseal\\Documents\\msbuild\\artifacts\\bin\\Microsoft.Build.Framework.U\r\n  nitTests\\Debug\\net472\\Microsoft.Build.Framework.UnitTests.dll\r\n  StringTools.Benchmark -> C:\\Users\\ethanseal\\Documents\\msbuild\\artifacts\\bin\\StringTools.Benchmark\\Debug\\net472\\String\r\n  Tools.Benchmark.exe\r\n  Microsoft.Build.Utilities -> C:\\Users\\ethanseal\\Documents\\msbuild\\artifacts\\bin\\Microsoft.Build.Utilities\\Debug\\net7.\r\n  0\\Microsoft.Build.Utilities.Core.dll\r\n  Microsoft.Build.Utilities -> C:\\Users\\ethanseal\\Documents\\msbuild\\artifacts\\bin\\Microsoft.Build.Utilities\\Debug\\net47\r\n  2\\Microsoft.Build.Utilities.Core.dll\r\n  Microsoft.Build.Engine -> C:\\Users\\ethanseal\\Documents\\msbuild\\artifacts\\bin\\Microsoft.Build.Engine\\Debug\\net472\\Micr\r\n  osoft.Build.Engine.dll\r\n  StringTools.Benchmark -> C:\\Users\\ethanseal\\Documents\\msbuild\\artifacts\\bin\\StringTools.Benchmark\\Debug\\net7.0\\String\r\n  Tools.Benchmark.dll\r\n  Microsoft.Build -> C:\\Users\\ethanseal\\Documents\\msbuild\\artifacts\\bin\\Microsoft.Build\\Debug\\net7.0\\Microsoft.Build.dl\r\n  l\r\n  Microsoft.Build -> C:\\Users\\ethanseal\\Documents\\msbuild\\artifacts\\bin\\Microsoft.Build\\Debug\\net472\\Microsoft.Build.dl\r\n  l\r\n  Microsoft.Build.Utilities -> C:\\Users\\ethanseal\\Documents\\msbuild\\artifacts\\bin\\Microsoft.Build.Utilities\\Debug\\netst\r\n  andard2.0\\Microsoft.Build.Utilities.Core.dll\r\n  TaskWithDependency -> C:\\Users\\ethanseal\\Documents\\msbuild\\artifacts\\bin\\Samples\\TaskWithDependency\\Debug\\net7.0\\Task\r\n  WithDependency.dll\r\n  StringTools.UnitTests -> C:\\Users\\ethanseal\\Documents\\msbuild\\artifacts\\bin\\StringTools.UnitTests\\Debug\\net7.0\\Micros\r\n  oft.NET.StringTools.UnitTests.dll\r\n  Microsoft.Build.Framework.UnitTests -> C:\\Users\\ethanseal\\Documents\\msbuild\\artifacts\\bin\\Microsoft.Build.Framework.U\r\n  nitTests\\Debug\\net7.0\\Microsoft.Build.Framework.UnitTests.dll\r\n  Microsoft.Build.Tasks -> C:\\Users\\ethanseal\\Documents\\msbuild\\artifacts\\bin\\Microsoft.Build.Tasks\\Debug\\net7.0\\Micros\r\n  oft.Build.Tasks.Core.dll\r\n  Microsoft.Build.Tasks -> C:\\Users\\ethanseal\\Documents\\msbuild\\artifacts\\bin\\Microsoft.Build.Tasks\\Debug\\netstandard2.\r\n  0\\Microsoft.Build.Tasks.Core.dll\r\n  ProjectCachePlugin -> C:\\Users\\ethanseal\\Documents\\msbuild\\artifacts\\bin\\Samples\\ProjectCachePlugin\\Debug\\net7.0\\Proj\r\n  ectCachePlugin.dll\r\n  ProjectCachePlugin -> C:\\Users\\ethanseal\\Documents\\msbuild\\artifacts\\bin\\Samples\\ProjectCachePlugin\\Debug\\net472\\Proj\r\n  ectCachePlugin.dll\r\n  TaskWithDependency -> C:\\Users\\ethanseal\\Documents\\msbuild\\artifacts\\bin\\Samples\\TaskWithDependency\\Debug\\netstandard\r\n  2.0\\TaskWithDependency.dll\r\n  TaskWithDependency -> C:\\Users\\ethanseal\\Documents\\msbuild\\artifacts\\bin\\Samples\\TaskWithDependency\\Debug\\net472\\Task\r\n  WithDependency.dll\r\n  Microsoft.Build.Conversion -> C:\\Users\\ethanseal\\Documents\\msbuild\\artifacts\\bin\\Microsoft.Build.Conversion\\Debug\\net\r\n  472\\Microsoft.Build.Conversion.Core.dll\r\n  Microsoft.Build.Tasks -> C:\\Users\\ethanseal\\Documents\\msbuild\\artifacts\\bin\\Microsoft.Build.Tasks\\Debug\\net472\\Micros\r\n  oft.Build.Tasks.Core.dll\r\n  Microsoft.Build.Engine.OM.UnitTests -> C:\\Users\\ethanseal\\Documents\\msbuild\\artifacts\\bin\\Microsoft.Build.Engine.OM.U\r\n  nitTests\\Debug\\net7.0\\Microsoft.Build.Engine.OM.UnitTests.dll\r\n  MSBuild.VSSetup.Arm64 -> C:\\Users\\ethanseal\\Documents\\msbuild\\artifacts\\bin\\MSBuild.VSSetup.Arm64\\Debug\\net472\\MSBuil\r\n  d.VSSetup.Arm64.dll\r\n  MSBuild -> C:\\Users\\ethanseal\\Documents\\msbuild\\artifacts\\bin\\MSBuild\\Debug\\net7.0\\MSBuild.dll\r\n  MSBuild -> C:\\Users\\ethanseal\\Documents\\msbuild\\artifacts\\bin\\MSBuild\\Debug\\net472\\MSBuild.exe\r\n  Microsoft.Build.Engine.OM.UnitTests -> C:\\Users\\ethanseal\\Documents\\msbuild\\artifacts\\bin\\Microsoft.Build.Engine.OM.U\r\n  nitTests\\Debug\\net472\\Microsoft.Build.Engine.OM.UnitTests.dll\r\n  MSBuild -> C:\\Users\\ethanseal\\Documents\\msbuild\\artifacts\\bin\\MSBuild\\arm64\\Debug\\net472\\MSBuild.exe\r\n  Localization -> C:\\Users\\ethanseal\\Documents\\msbuild\\artifacts\\bin\\Localization\\Debug\\net7.0\\Localization.dll\r\n  MSBuild.Bootstrap -> C:\\Users\\ethanseal\\Documents\\msbuild\\artifacts\\bin\\MSBuild.Bootstrap\\Debug\\net7.0\\MSBuild.Bootst\r\n  rap.dll\r\n  Microsoft.Build.Utilities.UnitTests -> C:\\Users\\ethanseal\\Documents\\msbuild\\artifacts\\bin\\Microsoft.Build.Utilities.U\r\n  nitTests\\Debug\\net7.0\\Microsoft.Build.Utilities.UnitTests.dll\r\n  Microsoft.Build.CommandLine.UnitTests -> C:\\Users\\ethanseal\\Documents\\msbuild\\artifacts\\bin\\Microsoft.Build.CommandLi\r\n  ne.UnitTests\\Debug\\net7.0\\Microsoft.Build.CommandLine.UnitTests.dll\r\n  Microsoft.Build.CommandLine.UnitTests -> C:\\Users\\ethanseal\\Documents\\msbuild\\artifacts\\bin\\Microsoft.Build.CommandLi\r\n  ne.UnitTests\\Debug\\net472\\Microsoft.Build.CommandLine.UnitTests.dll\r\n  Microsoft.Build.Utilities.UnitTests -> C:\\Users\\ethanseal\\Documents\\msbuild\\artifacts\\bin\\Microsoft.Build.Utilities.U\r\n  nitTests\\Debug\\net472\\Microsoft.Build.Utilities.UnitTests.dll\r\n  Microsoft.Build.Tasks.UnitTests -> C:\\Users\\ethanseal\\Documents\\msbuild\\artifacts\\bin\\Microsoft.Build.Tasks.UnitTests\r\n  \\Debug\\net7.0\\Microsoft.Build.Tasks.UnitTests.dll\r\n  Microsoft.Build.Tasks.UnitTests -> C:\\Users\\ethanseal\\Documents\\msbuild\\artifacts\\bin\\Microsoft.Build.Tasks.UnitTests\r\n  \\Debug\\net472\\Microsoft.Build.Tasks.UnitTests.dll\r\n  Microsoft.Build.Engine.UnitTests -> C:\\Users\\ethanseal\\Documents\\msbuild\\artifacts\\bin\\Microsoft.Build.Engine.UnitTes\r\n  ts\\Debug\\net7.0\\Microsoft.Build.Engine.UnitTests.dll\r\n  DevDivPackage -> C:\\Users\\ethanseal\\Documents\\msbuild\\artifacts\\bin\\DevDivPackage\\Debug\\net472\\DevDivPackage.dll\r\n  Microsoft.Build.Engine.UnitTests -> C:\\Users\\ethanseal\\Documents\\msbuild\\artifacts\\bin\\Microsoft.Build.Engine.UnitTes\r\n  ts\\Debug\\net472\\Microsoft.Build.Engine.UnitTests.dll\r\n  MSBuild.Bootstrap -> C:\\Users\\ethanseal\\Documents\\msbuild\\artifacts\\bin\\MSBuild.Bootstrap\\Debug\\net7.0\\net7.0\\publish\r\n  \\\r\n  MSBuild.VSSetup -> C:\\Users\\ethanseal\\Documents\\msbuild\\artifacts\\bin\\MSBuild.VSSetup\\Debug\\net472\\MSBuild.VSSetup.dl\r\n  l\r\n  MSBuild -> C:\\Users\\ethanseal\\Documents\\msbuild\\artifacts\\bin\\MSBuild\\x64\\Debug\\net472\\MSBuild.exe\r\n  MSBuild.Bootstrap -> C:\\Users\\ethanseal\\Documents\\msbuild\\artifacts\\bin\\MSBuild.Bootstrap\\Debug\\net472\\MSBuild.Bootst\r\n  rap.dll\r\n  MSBuildTaskHost -> C:\\Users\\ethanseal\\Documents\\msbuild\\artifacts\\bin\\MSBuildTaskHost\\x64\\Debug\\net35\\MSBuildTaskHost\r\n  .exe\r\nC:\\Users\\ethanseal\\.nuget\\packages\\microsoft.dotnet.arcade.sdk\\6.0.0-beta.22458.2\\tools\\VisualStudio.BuildIbcTrainingIn\r\nputs.targets(21,5): error MSB4018: The \"GenerateTrainingInputFiles\" task failed unexpectedly. [C:\\Users\\ethanseal\\.nuge\r\nt\\packages\\microsoft.dotnet.arcade.sdk\\6.0.0-beta.22458.2\\tools\\AfterSigning.proj]\r\nC:\\Users\\ethanseal\\.nuget\\packages\\microsoft.dotnet.arcade.sdk\\6.0.0-beta.22458.2\\tools\\VisualStudio.BuildIbcTrainingIn\r\nputs.targets(21,5): error MSB4018: System.IO.DirectoryNotFoundException: Could not find a part of the path 'C:\\Users\\et\r\nhanseal\\Documents\\msbuild\\artifacts\\OptProf\\Debug\\Data\\Microsoft.VisualStudio.ProjectSystem.DDRIT\\Configurations\\Micros\r\noft.VisualStudio.ProjectSystem.DDRIT.OptProfOpenCloseTest.OpenAndCloseProjectTestSolution\\Microsoft.Build.Conversion.Co\r\nre.0.IBC.json'. [C:\\Users\\ethanseal\\.nuget\\packages\\microsoft.dotnet.arcade.sdk\\6.0.0-beta.22458.2\\tools\\AfterSigning.p\r\nroj]\r\nC:\\Users\\ethanseal\\.nuget\\packages\\microsoft.dotnet.arcade.sdk\\6.0.0-beta.22458.2\\tools\\VisualStudio.BuildIbcTrainingIn\r\nputs.targets(21,5): error MSB4018:    at System.IO.__Error.WinIOError(Int32 errorCode, String maybeFullPath) [C:\\Users\\\r\nethanseal\\.nuget\\packages\\microsoft.dotnet.arcade.sdk\\6.0.0-beta.22458.2\\tools\\AfterSigning.proj]\r\nC:\\Users\\ethanseal\\.nuget\\packages\\microsoft.dotnet.arcade.sdk\\6.0.0-beta.22458.2\\tools\\VisualStudio.BuildIbcTrainingIn\r\nputs.targets(21,5): error MSB4018:    at System.IO.FileStream.Init(String path, FileMode mode, FileAccess access, Int32\r\n rights, Boolean useRights, FileShare share, Int32 bufferSize, FileOptions options, SECURITY_ATTRIBUTES secAttrs, Strin\r\ng msgPath, Boolean bFromProxy, Boolean useLongPath, Boolean checkHost) [C:\\Users\\ethanseal\\.nuget\\packages\\microsoft.do\r\ntnet.arcade.sdk\\6.0.0-beta.22458.2\\tools\\AfterSigning.proj]\r\nC:\\Users\\ethanseal\\.nuget\\packages\\microsoft.dotnet.arcade.sdk\\6.0.0-beta.22458.2\\tools\\VisualStudio.BuildIbcTrainingIn\r\nputs.targets(21,5): error MSB4018:    at System.IO.FileStream..ctor(String path, FileMode mode, FileAccess access, File\r\nShare share) [C:\\Users\\ethanseal\\.nuget\\packages\\microsoft.dotnet.arcade.sdk\\6.0.0-beta.22458.2\\tools\\AfterSigning.proj\r\n]\r\nC:\\Users\\ethanseal\\.nuget\\packages\\microsoft.dotnet.arcade.sdk\\6.0.0-beta.22458.2\\tools\\VisualStudio.BuildIbcTrainingIn\r\nputs.targets(21,5): error MSB4018:    at Microsoft.DotNet.Build.Tasks.VisualStudio.GenerateTrainingInputFiles.WriteEntr\r\nies(IbcEntry[] ibcEntries, String outDir) in /_/src/Microsoft.DotNet.Build.Tasks.VisualStudio/OptProf/GenerateTrainingI\r\nnputFiles.cs:line 157 [C:\\Users\\ethanseal\\.nuget\\packages\\microsoft.dotnet.arcade.sdk\\6.0.0-beta.22458.2\\tools\\AfterSig\r\nning.proj]\r\nC:\\Users\\ethanseal\\.nuget\\packages\\microsoft.dotnet.arcade.sdk\\6.0.0-beta.22458.2\\tools\\VisualStudio.BuildIbcTrainingIn\r\nputs.targets(21,5): error MSB4018:    at Microsoft.DotNet.Build.Tasks.VisualStudio.GenerateTrainingInputFiles.WriteEntr\r\nies(OptProfTrainingTest[] tests, IbcEntry[] ibcEntries) in /_/src/Microsoft.DotNet.Build.Tasks.VisualStudio/OptProf/Gen\r\nerateTrainingInputFiles.cs:line 123 [C:\\Users\\ethanseal\\.nuget\\packages\\microsoft.dotnet.arcade.sdk\\6.0.0-beta.22458.2\\\r\ntools\\AfterSigning.proj]\r\nC:\\Users\\ethanseal\\.nuget\\packages\\microsoft.dotnet.arcade.sdk\\6.0.0-beta.22458.2\\tools\\VisualStudio.BuildIbcTrainingIn\r\nputs.targets(21,5): error MSB4018:    at Microsoft.DotNet.Build.Tasks.VisualStudio.GenerateTrainingInputFiles.ExecuteIm\r\npl() in /_/src/Microsoft.DotNet.Build.Tasks.VisualStudio/OptProf/GenerateTrainingInputFiles.cs:line 83 [C:\\Users\\ethans\r\neal\\.nuget\\packages\\microsoft.dotnet.arcade.sdk\\6.0.0-beta.22458.2\\tools\\AfterSigning.proj]\r\nC:\\Users\\ethanseal\\.nuget\\packages\\microsoft.dotnet.arcade.sdk\\6.0.0-beta.22458.2\\tools\\VisualStudio.BuildIbcTrainingIn\r\nputs.targets(21,5): error MSB4018:    at Microsoft.DotNet.Build.Tasks.VisualStudio.GenerateTrainingInputFiles.Execute()\r\n in /_/src/Microsoft.DotNet.Build.Tasks.VisualStudio/OptProf/GenerateTrainingInputFiles.cs:line 41 [C:\\Users\\ethanseal\\\r\n.nuget\\packages\\microsoft.dotnet.arcade.sdk\\6.0.0-beta.22458.2\\tools\\AfterSigning.proj]\r\nC:\\Users\\ethanseal\\.nuget\\packages\\microsoft.dotnet.arcade.sdk\\6.0.0-beta.22458.2\\tools\\VisualStudio.BuildIbcTrainingIn\r\nputs.targets(21,5): error MSB4018:    at Microsoft.Build.BackEnd.TaskExecutionHost.Microsoft.Build.BackEnd.ITaskExecuti\r\nonHost.Execute() [C:\\Users\\ethanseal\\.nuget\\packages\\microsoft.dotnet.arcade.sdk\\6.0.0-beta.22458.2\\tools\\AfterSigning.\r\nproj]\r\nC:\\Users\\ethanseal\\.nuget\\packages\\microsoft.dotnet.arcade.sdk\\6.0.0-beta.22458.2\\tools\\VisualStudio.BuildIbcTrainingIn\r\nputs.targets(21,5): error MSB4018:    at Microsoft.Build.BackEnd.TaskBuilder.<ExecuteInstantiatedTask>d__26.MoveNext()\r\n[C:\\Users\\ethanseal\\.nuget\\packages\\microsoft.dotnet.arcade.sdk\\6.0.0-beta.22458.2\\tools\\AfterSigning.proj]\r\n\r\nBuild FAILED.\r\n\r\nC:\\Users\\ethanseal\\.nuget\\packages\\microsoft.dotnet.arcade.sdk\\6.0.0-beta.22458.2\\tools\\VisualStudio.BuildIbcTrainingIn\r\nputs.targets(21,5): error MSB4018: The \"GenerateTrainingInputFiles\" task failed unexpectedly. [C:\\Users\\ethanseal\\.nuge\r\nt\\packages\\microsoft.dotnet.arcade.sdk\\6.0.0-beta.22458.2\\tools\\AfterSigning.proj]\r\nC:\\Users\\ethanseal\\.nuget\\packages\\microsoft.dotnet.arcade.sdk\\6.0.0-beta.22458.2\\tools\\VisualStudio.BuildIbcTrainingIn\r\nputs.targets(21,5): error MSB4018: System.IO.DirectoryNotFoundException: Could not find a part of the path 'C:\\Users\\et\r\nhanseal\\Documents\\msbuild\\artifacts\\OptProf\\Debug\\Data\\Microsoft.VisualStudio.ProjectSystem.DDRIT\\Configurations\\Micros\r\noft.VisualStudio.ProjectSystem.DDRIT.OptProfOpenCloseTest.OpenAndCloseProjectTestSolution\\Microsoft.Build.Conversion.Co\r\nre.0.IBC.json'. [C:\\Users\\ethanseal\\.nuget\\packages\\microsoft.dotnet.arcade.sdk\\6.0.0-beta.22458.2\\tools\\AfterSigning.p\r\nroj]\r\nC:\\Users\\ethanseal\\.nuget\\packages\\microsoft.dotnet.arcade.sdk\\6.0.0-beta.22458.2\\tools\\VisualStudio.BuildIbcTrainingIn\r\nputs.targets(21,5): error MSB4018:    at System.IO.__Error.WinIOError(Int32 errorCode, String maybeFullPath) [C:\\Users\\\r\nethanseal\\.nuget\\packages\\microsoft.dotnet.arcade.sdk\\6.0.0-beta.22458.2\\tools\\AfterSigning.proj]\r\nC:\\Users\\ethanseal\\.nuget\\packages\\microsoft.dotnet.arcade.sdk\\6.0.0-beta.22458.2\\tools\\VisualStudio.BuildIbcTrainingIn\r\nputs.targets(21,5): error MSB4018:    at System.IO.FileStream.Init(String path, FileMode mode, FileAccess access, Int32\r\n rights, Boolean useRights, FileShare share, Int32 bufferSize, FileOptions options, SECURITY_ATTRIBUTES secAttrs, Strin\r\ng msgPath, Boolean bFromProxy, Boolean useLongPath, Boolean checkHost) [C:\\Users\\ethanseal\\.nuget\\packages\\microsoft.do\r\ntnet.arcade.sdk\\6.0.0-beta.22458.2\\tools\\AfterSigning.proj]\r\nC:\\Users\\ethanseal\\.nuget\\packages\\microsoft.dotnet.arcade.sdk\\6.0.0-beta.22458.2\\tools\\VisualStudio.BuildIbcTrainingIn\r\nputs.targets(21,5): error MSB4018:    at System.IO.FileStream..ctor(String path, FileMode mode, FileAccess access, File\r\nShare share) [C:\\Users\\ethanseal\\.nuget\\packages\\microsoft.dotnet.arcade.sdk\\6.0.0-beta.22458.2\\tools\\AfterSigning.proj\r\n]\r\nC:\\Users\\ethanseal\\.nuget\\packages\\microsoft.dotnet.arcade.sdk\\6.0.0-beta.22458.2\\tools\\VisualStudio.BuildIbcTrainingIn\r\nputs.targets(21,5): error MSB4018:    at Microsoft.DotNet.Build.Tasks.VisualStudio.GenerateTrainingInputFiles.WriteEntr\r\nies(IbcEntry[] ibcEntries, String outDir) in /_/src/Microsoft.DotNet.Build.Tasks.VisualStudio/OptProf/GenerateTrainingI\r\nnputFiles.cs:line 157 [C:\\Users\\ethanseal\\.nuget\\packages\\microsoft.dotnet.arcade.sdk\\6.0.0-beta.22458.2\\tools\\AfterSig\r\nning.proj]\r\nC:\\Users\\ethanseal\\.nuget\\packages\\microsoft.dotnet.arcade.sdk\\6.0.0-beta.22458.2\\tools\\VisualStudio.BuildIbcTrainingIn\r\nputs.targets(21,5): error MSB4018:    at Microsoft.DotNet.Build.Tasks.VisualStudio.GenerateTrainingInputFiles.WriteEntr\r\nies(OptProfTrainingTest[] tests, IbcEntry[] ibcEntries) in /_/src/Microsoft.DotNet.Build.Tasks.VisualStudio/OptProf/Gen\r\nerateTrainingInputFiles.cs:line 123 [C:\\Users\\ethanseal\\.nuget\\packages\\microsoft.dotnet.arcade.sdk\\6.0.0-beta.22458.2\\\r\ntools\\AfterSigning.proj]\r\nC:\\Users\\ethanseal\\.nuget\\packages\\microsoft.dotnet.arcade.sdk\\6.0.0-beta.22458.2\\tools\\VisualStudio.BuildIbcTrainingIn\r\nputs.targets(21,5): error MSB4018:    at Microsoft.DotNet.Build.Tasks.VisualStudio.GenerateTrainingInputFiles.ExecuteIm\r\npl() in /_/src/Microsoft.DotNet.Build.Tasks.VisualStudio/OptProf/GenerateTrainingInputFiles.cs:line 83 [C:\\Users\\ethans\r\neal\\.nuget\\packages\\microsoft.dotnet.arcade.sdk\\6.0.0-beta.22458.2\\tools\\AfterSigning.proj]\r\nC:\\Users\\ethanseal\\.nuget\\packages\\microsoft.dotnet.arcade.sdk\\6.0.0-beta.22458.2\\tools\\VisualStudio.BuildIbcTrainingIn\r\nputs.targets(21,5): error MSB4018:    at Microsoft.DotNet.Build.Tasks.VisualStudio.GenerateTrainingInputFiles.Execute()\r\n in /_/src/Microsoft.DotNet.Build.Tasks.VisualStudio/OptProf/GenerateTrainingInputFiles.cs:line 41 [C:\\Users\\ethanseal\\\r\n.nuget\\packages\\microsoft.dotnet.arcade.sdk\\6.0.0-beta.22458.2\\tools\\AfterSigning.proj]\r\nC:\\Users\\ethanseal\\.nuget\\packages\\microsoft.dotnet.arcade.sdk\\6.0.0-beta.22458.2\\tools\\VisualStudio.BuildIbcTrainingIn\r\nputs.targets(21,5): error MSB4018:    at Microsoft.Build.BackEnd.TaskExecutionHost.Microsoft.Build.BackEnd.ITaskExecuti\r\nonHost.Execute() [C:\\Users\\ethanseal\\.nuget\\packages\\microsoft.dotnet.arcade.sdk\\6.0.0-beta.22458.2\\tools\\AfterSigning.\r\nproj]\r\nC:\\Users\\ethanseal\\.nuget\\packages\\microsoft.dotnet.arcade.sdk\\6.0.0-beta.22458.2\\tools\\VisualStudio.BuildIbcTrainingIn\r\nputs.targets(21,5): error MSB4018:    at Microsoft.Build.BackEnd.TaskBuilder.<ExecuteInstantiatedTask>d__26.MoveNext()\r\n[C:\\Users\\ethanseal\\.nuget\\packages\\microsoft.dotnet.arcade.sdk\\6.0.0-beta.22458.2\\tools\\AfterSigning.proj]\r\n    0 Warning(s)\r\n    1 Error(s)\r\n\r\nTime Elapsed 00:00:12.56\r\nBuild failed with exit code 1. Check errors above.\r\nPS C:\\Users\\ethanseal\\Documents\\msbuild>\r\n```\r\n\r\n### Issue Description\r\n<!--\r\n* Please include a clear and concise description of the problem.\r\n-->\r\n\r\n### Steps to Reproduce\r\n<!--\r\n* Include as much of the following as possible:\r\n\r\n* A minimal sample project that reproduces the issue.\r\n* Your zipped project.\r\n* IDE / CLI steps to create the project and reproduce the behaviour.\r\n* Your command line invocation\r\n\r\nIf providing steps to reproduce the issue proves difficult, consider attaching a binlog:\r\n[Details on sharing binary logs](https://aka.ms/msbuild/binlog)\r\n[More information on binary logs](https://github.com/dotnet/msbuild/blob/main/documentation/wiki/Binary-Log.md)\r\nNOTE: Binary logs capture environment information. Ensure it does not include any information you don't want to be public before you attach one.\r\nIf you want to share one just with Microsoft, you can [report a problem through Visual Studio](https://developercommunity.visualstudio.com/report) and share it privately with Microsoft.\r\n-->\r\n\r\n### Expected Behavior\r\n<!--\r\n* The expected output or behavior.\r\n-->\r\n\r\n### Actual Behavior\r\n<!--\r\n* The actual output or behavior.\r\n-->\r\n\r\n### Analysis\r\n<!--\r\n* If you have an idea where the problem might lie, let us know that here.\r\n* Please include any pointers to code, relevant changes, or related issues you know of.\r\n-->\r\n\r\n### Versions & Configurations\r\n<!--\r\n* In a Visual Studio developer command prompt, run `msbuild -version` and paste the output here.\r\n* If applicable, include the version of the tool that invokes MSBuild (Visual Studio, dotnet CLI, etc):\r\n\r\n* Post any other relevant configuration settings here.\r\n*   OS, architecture, etc.\r\n-->\r\n",
  "state": "CLOSED",
  "createdAt": "2022-10-12T22:53:32Z",
  "updatedAt": "2024-02-21T14:07:21Z",
  "closedAt": "2022-10-17T15:43:53Z",
  "author": {
    "login": "ejsealms"
  },
  "labels": [
    "bug",
    "Area: Documentation",
    "author-responded",
    "triaged"
  ],
  "assignees": {
    "nodes": []
  },
  "milestone": null,
  "comments": {
    "nodes": [
      {
        "body": "Can you please [enable long path support in Windows](https://learn.microsoft.com/windows/win32/fileio/maximum-file-path-limitation?tabs=registry#enable-long-paths-in-windows-10-version-1607-and-later) and try again? We've seen similar reports when that isn't enabled.",
        "createdAt": "2022-10-13T13:37:37Z",
        "updatedAt": "2022-10-13T13:37:37Z",
        "author": {
          "login": "rainersigwald"
        }
      },
      {
        "body": "This worked, thanks @rainersigwald! Probably worth including this in the readme if multiple people are having the issue. ",
        "createdAt": "2022-10-13T19:33:03Z",
        "updatedAt": "2022-10-13T19:33:03Z",
        "author": {
          "login": "ejsealms"
        }
      },
      {
        "body": "> Probably worth including this in the readme\r\n\r\nI agree! https://github.com/dotnet/msbuild/pull/8064.",
        "createdAt": "2022-10-13T20:39:22Z",
        "updatedAt": "2022-10-13T20:39:22Z",
        "author": {
          "login": "rainersigwald"
        }
      }
    ]
  }
}