{
  "number": 4256,
  "title": "Yocto build failure: Mono 5.18.1.0 cannot build msbuild 16.0 from current xplat-master",
  "body": "### Steps to reproduce\r\n\r\n1. Set up a Yocto based build environment e.g. via https://github.com/Angstrom-distribution/angstrom-manifest, use the genericx86 or genericx86-64  machine type for building software.\r\n\r\n2. Add the meta-mono layer from the below repository to this custom OS:\r\n\r\nhttps://github.com/zboszor/meta-mono\r\nbranch: add-msbuild-16-WIP\r\n\r\n3. Run these commands:\r\n\r\nbitbake mono-native\r\nbitbake -c compile msbuild-native\r\n\r\n### Expected  behavior\r\n\r\nmsbuild should be built correctly.\r\n\r\n### Actual behavior\r\n\r\nmsbuild fails with errors. The actual error depends on the command line switches to the build script or extra patches.\r\n\r\nWith the basic setup, i.e. running \"make\" the command extracted from the msbuild Makefile in the msbuild recipe, this error occurs:\r\n```\r\n$ bitbake -c compile msbuild-native\r\n...\r\n| Build FAILED.\r\n| \r\n| /data/OE/sicom-manifest-2.5/build/tmp-sicom-glibc/work/x86_64-linux/msbuild-native/16.0-r0/git/.packages/nerdbank.gitversioning/2.2.33/build/Nerdbank.GitVersioning.targets(63,5): error MSB4018: The \"Nerdbank.GitVersioning.Tasks.GetBuildVersion\" task failed unexpectedly. [/data/OE/sicom-manifest-2.5/build/tmp-sicom-glibc/work/x86_64-linux/msbuild-native/16.0-r0/git/src/Framework/Microsoft.Build.Framework.csproj]\r\n| /data/OE/sicom-manifest-2.5/build/tmp-sicom-glibc/work/x86_64-linux/msbuild-native/16.0-r0/git/.packages/nerdbank.gitversioning/2.2.33/build/Nerdbank.GitVersioning.targets(63,5): error MSB4018: This is an unhandled exception from a task -- PLEASE OPEN A BUG AGAINST THE TASK OWNER. [/data/OE/sicom-manifest-2.5/build/tmp-sicom-glibc/work/x86_64-linux/msbuild-native/16.0-r0/git/src/Framework/Microsoft.Build.Framework.csproj]\r\n| /data/OE/sicom-manifest-2.5/build/tmp-sicom-glibc/work/x86_64-linux/msbuild-native/16.0-r0/git/.packages/nerdbank.gitversioning/2.2.33/build/Nerdbank.GitVersioning.targets(63,5): error MSB4018: System.BadImageFormatException: Method has no body [/data/OE/sicom-manifest-2.5/build/tmp-sicom-glibc/work/x86_64-linux/msbuild-native/16.0-r0/git/src/Framework/Microsoft.Build.Framework.csproj]\r\n| /data/OE/sicom-manifest-2.5/build/tmp-sicom-glibc/work/x86_64-linux/msbuild-native/16.0-r0/git/.packages/nerdbank.gitversioning/2.2.33/build/Nerdbank.GitVersioning.targets(63,5): error MSB4018: File name: 'LibGit2Sharp' [/data/OE/sicom-manifest-2.5/build/tmp-sicom-glibc/work/x86_64-linux/msbuild-native/16.0-r0/git/src/Framework/Microsoft.Build.Framework.csproj]\r\n| /data/OE/sicom-manifest-2.5/build/tmp-sicom-glibc/work/x86_64-linux/msbuild-native/16.0-r0/git/.packages/nerdbank.gitversioning/2.2.33/build/Nerdbank.GitVersioning.targets(63,5): error MSB4018:   at LibGit2Sharp.Core.Proxy.git_libgit2_opts_set_search_path (LibGit2Sharp.ConfigurationLevel level, System.String path) [0x00000] in <b59d5da32f8541b2a767004d8bddc22b>:0  [/data/OE/sicom-manifest-2.5/build/tmp-sicom-glibc/work/x86_64-linux/msbuild-native/16.0-r0/git/src/Framework/Microsoft.Build.Framework.csproj]\r\n| /data/OE/sicom-manifest-2.5/build/tmp-sicom-glibc/work/x86_64-linux/msbuild-native/16.0-r0/git/.packages/nerdbank.gitversioning/2.2.33/build/Nerdbank.GitVersioning.targets(63,5): error MSB4018:   at LibGit2Sharp.GlobalSettings.SetConfigSearchPaths (LibGit2Sharp.ConfigurationLevel level, System.String[] paths) [0x0001a] in <b59d5da32f8541b2a767004d8bddc22b>:0  [/data/OE/sicom-manifest-2.5/build/tmp-sicom-glibc/work/x86_64-linux/msbuild-native/16.0-r0/git/src/Framework/Microsoft.Build.Framework.csproj]\r\n| /data/OE/sicom-manifest-2.5/build/tmp-sicom-glibc/work/x86_64-linux/msbuild-native/16.0-r0/git/.packages/nerdbank.gitversioning/2.2.33/build/Nerdbank.GitVersioning.targets(63,5): error MSB4018:   at Nerdbank.GitVersioning.GitExtensions.OpenGitRepo (System.String pathUnderGitRepo) [0x00012] in <d5c302de109d414fa214601b94ba5a00>:0  [/data/OE/sicom-manifest-2.5/build/tmp-sicom-glibc/work/x86_64-linux/msbuild-native/16.0-r0/git/src/Framework/Microsoft.Build.Framework.csproj]\r\n| /data/OE/sicom-manifest-2.5/build/tmp-sicom-glibc/work/x86_64-linux/msbuild-native/16.0-r0/git/.packages/nerdbank.gitversioning/2.2.33/build/Nerdbank.GitVersioning.targets(63,5): error MSB4018:   at Nerdbank.GitVersioning.VersionOracle.Create (System.String projectDirectory, System.String gitRepoDirectory, Nerdbank.GitVersioning.ICloudBuild cloudBuild, System.Nullable`1[T] overrideBuildNumberOffset, System.String projectPathRelativeToGitRepoRoot) [0x00017] in <d5c302de109d414fa214601b94ba5a00>:0  [/data/OE/sicom-manifest-2.5/build/tmp-sicom-glibc/work/x86_64-linux/msbuild-native/16.0-r0/git/src/Framework/Microsoft.Build.Framework.csproj]\r\n| /data/OE/sicom-manifest-2.5/build/tmp-sicom-glibc/work/x86_64-linux/msbuild-native/16.0-r0/git/.packages/nerdbank.gitversioning/2.2.33/build/Nerdbank.GitVersioning.targets(63,5): error MSB4018:   at Nerdbank.GitVersioning.Tasks.GetBuildVersion.ExecuteInner () [0x000c5] in <db38da72e3ec49ccb3403d46c2880fec>:0  [/data/OE/sicom-manifest-2.5/build/tmp-sicom-glibc/work/x86_64-linux/msbuild-native/16.0-r0/git/src/Framework/Microsoft.Build.Framework.csproj]\r\n| /data/OE/sicom-manifest-2.5/build/tmp-sicom-glibc/work/x86_64-linux/msbuild-native/16.0-r0/git/.packages/nerdbank.gitversioning/2.2.33/build/Nerdbank.GitVersioning.targets(63,5): error MSB4018:   at MSBuildExtensionTask.ContextAwareTask.Execute () [0x0005e] in <2863c467d0fb4834bca629d1f35b9331>:0  [/data/OE/sicom-manifest-2.5/build/tmp-sicom-glibc/work/x86_64-linux/msbuild-native/16.0-r0/git/src/Framework/Microsoft.Build.Framework.csproj]\r\n| /data/OE/sicom-manifest-2.5/build/tmp-sicom-glibc/work/x86_64-linux/msbuild-native/16.0-r0/git/.packages/nerdbank.gitversioning/2.2.33/build/Nerdbank.GitVersioning.targets(63,5): error MSB4018:   at Microsoft.Build.BackEnd.TaskExecutionHost.Microsoft.Build.BackEnd.ITaskExecutionHost.Execute () [0x0002a] in <143af2be99a94a8480f7f49f5d47377c>:0  [/data/OE/sicom-manifest-2.5/build/tmp-sicom-glibc/work/x86_64-linux/msbuild-native/16.0-r0/git/src/Framework/Microsoft.Build.Framework.csproj]\r\n| /data/OE/sicom-manifest-2.5/build/tmp-sicom-glibc/work/x86_64-linux/msbuild-native/16.0-r0/git/.packages/nerdbank.gitversioning/2.2.33/build/Nerdbank.GitVersioning.targets(63,5): error MSB4018:   at Microsoft.Build.BackEnd.TaskBuilder.ExecuteInstantiatedTask (Microsoft.Build.BackEnd.ITaskExecutionHost taskExecutionHost, Microsoft.Build.BackEnd.Logging.TaskLoggingContext taskLoggingContext, Microsoft.Build.BackEnd.TaskHost taskHost, Microsoft.Build.BackEnd.ItemBucket bucket, Microsoft.Build.BackEnd.TaskExecutionMode howToExecuteTask) [0x002a2] in <143af2be99a94a8480f7f49f5d47377c>:0  [/data/OE/sicom-manifest-2.5/build/tmp-sicom-glibc/work/x86_64-linux/msbuild-native/16.0-r0/git/src/Framework/Microsoft.Build.Framework.csproj]\r\n| /data/OE/sicom-manifest-2.5/build/tmp-sicom-glibc/work/x86_64-linux/msbuild-native/16.0-r0/git/.packages/nerdbank.gitversioning/2.2.33/build/Nerdbank.GitVersioning.targets(63,5): error MSB4018: The \"Nerdbank.GitVersioning.Tasks.GetBuildVersion\" task failed unexpectedly. [/data/OE/sicom-manifest-2.5/build/tmp-sicom-glibc/work/x86_64-linux/msbuild-native/16.0-r0/git/src/Xunit.NetCore.Extensions/Xunit.NetCore.Extensions.csproj]\r\n| /data/OE/sicom-manifest-2.5/build/tmp-sicom-glibc/work/x86_64-linux/msbuild-native/16.0-r0/git/.packages/nerdbank.gitversioning/2.2.33/build/Nerdbank.GitVersioning.targets(63,5): error MSB4018: This is an unhandled exception from a task -- PLEASE OPEN A BUG AGAINST THE TASK OWNER. [/data/OE/sicom-manifest-2.5/build/tmp-sicom-glibc/work/x86_64-linux/msbuild-native/16.0-r0/git/src/Xunit.NetCore.Extensions/Xunit.NetCore.Extensions.csproj]\r\n| /data/OE/sicom-manifest-2.5/build/tmp-sicom-glibc/work/x86_64-linux/msbuild-native/16.0-r0/git/.packages/nerdbank.gitversioning/2.2.33/build/Nerdbank.GitVersioning.targets(63,5): error MSB4018: System.BadImageFormatException: Method has no body [/data/OE/sicom-manifest-2.5/build/tmp-sicom-glibc/work/x86_64-linux/msbuild-native/16.0-r0/git/src/Xunit.NetCore.Extensions/Xunit.NetCore.Extensions.csproj]\r\n| /data/OE/sicom-manifest-2.5/build/tmp-sicom-glibc/work/x86_64-linux/msbuild-native/16.0-r0/git/.packages/nerdbank.gitversioning/2.2.33/build/Nerdbank.GitVersioning.targets(63,5): error MSB4018: File name: 'LibGit2Sharp' [/data/OE/sicom-manifest-2.5/build/tmp-sicom-glibc/work/x86_64-linux/msbuild-native/16.0-r0/git/src/Xunit.NetCore.Extensions/Xunit.NetCore.Extensions.csproj]\r\n| /data/OE/sicom-manifest-2.5/build/tmp-sicom-glibc/work/x86_64-linux/msbuild-native/16.0-r0/git/.packages/nerdbank.gitversioning/2.2.33/build/Nerdbank.GitVersioning.targets(63,5): error MSB4018:   at LibGit2Sharp.Core.Proxy.git_libgit2_opts_set_search_path (LibGit2Sharp.ConfigurationLevel level, System.String path) [0x00000] in <b59d5da32f8541b2a767004d8bddc22b>:0  [/data/OE/sicom-manifest-2.5/build/tmp-sicom-glibc/work/x86_64-linux/msbuild-native/16.0-r0/git/src/Xunit.NetCore.Extensions/Xunit.NetCore.Extensions.csproj]\r\n| /data/OE/sicom-manifest-2.5/build/tmp-sicom-glibc/work/x86_64-linux/msbuild-native/16.0-r0/git/.packages/nerdbank.gitversioning/2.2.33/build/Nerdbank.GitVersioning.targets(63,5): error MSB4018:   at LibGit2Sharp.GlobalSettings.SetConfigSearchPaths (LibGit2Sharp.ConfigurationLevel level, System.String[] paths) [0x0001a] in <b59d5da32f8541b2a767004d8bddc22b>:0  [/data/OE/sicom-manifest-2.5/build/tmp-sicom-glibc/work/x86_64-linux/msbuild-native/16.0-r0/git/src/Xunit.NetCore.Extensions/Xunit.NetCore.Extensions.csproj]\r\n| /data/OE/sicom-manifest-2.5/build/tmp-sicom-glibc/work/x86_64-linux/msbuild-native/16.0-r0/git/.packages/nerdbank.gitversioning/2.2.33/build/Nerdbank.GitVersioning.targets(63,5): error MSB4018:   at Nerdbank.GitVersioning.GitExtensions.OpenGitRepo (System.String pathUnderGitRepo) [0x00012] in <d5c302de109d414fa214601b94ba5a00>:0  [/data/OE/sicom-manifest-2.5/build/tmp-sicom-glibc/work/x86_64-linux/msbuild-native/16.0-r0/git/src/Xunit.NetCore.Extensions/Xunit.NetCore.Extensions.csproj]\r\n| /data/OE/sicom-manifest-2.5/build/tmp-sicom-glibc/work/x86_64-linux/msbuild-native/16.0-r0/git/.packages/nerdbank.gitversioning/2.2.33/build/Nerdbank.GitVersioning.targets(63,5): error MSB4018:   at Nerdbank.GitVersioning.VersionOracle.Create (System.String projectDirectory, System.String gitRepoDirectory, Nerdbank.GitVersioning.ICloudBuild cloudBuild, System.Nullable`1[T] overrideBuildNumberOffset, System.String projectPathRelativeToGitRepoRoot) [0x00017] in <d5c302de109d414fa214601b94ba5a00>:0  [/data/OE/sicom-manifest-2.5/build/tmp-sicom-glibc/work/x86_64-linux/msbuild-native/16.0-r0/git/src/Xunit.NetCore.Extensions/Xunit.NetCore.Extensions.csproj]\r\n| /data/OE/sicom-manifest-2.5/build/tmp-sicom-glibc/work/x86_64-linux/msbuild-native/16.0-r0/git/.packages/nerdbank.gitversioning/2.2.33/build/Nerdbank.GitVersioning.targets(63,5): error MSB4018:   at Nerdbank.GitVersioning.Tasks.GetBuildVersion.ExecuteInner () [0x000c5] in <db38da72e3ec49ccb3403d46c2880fec>:0  [/data/OE/sicom-manifest-2.5/build/tmp-sicom-glibc/work/x86_64-linux/msbuild-native/16.0-r0/git/src/Xunit.NetCore.Extensions/Xunit.NetCore.Extensions.csproj]\r\n| /data/OE/sicom-manifest-2.5/build/tmp-sicom-glibc/work/x86_64-linux/msbuild-native/16.0-r0/git/.packages/nerdbank.gitversioning/2.2.33/build/Nerdbank.GitVersioning.targets(63,5): error MSB4018:   at MSBuildExtensionTask.ContextAwareTask.Execute () [0x0005e] in <2863c467d0fb4834bca629d1f35b9331>:0  [/data/OE/sicom-manifest-2.5/build/tmp-sicom-glibc/work/x86_64-linux/msbuild-native/16.0-r0/git/src/Xunit.NetCore.Extensions/Xunit.NetCore.Extensions.csproj]\r\n| /data/OE/sicom-manifest-2.5/build/tmp-sicom-glibc/work/x86_64-linux/msbuild-native/16.0-r0/git/.packages/nerdbank.gitversioning/2.2.33/build/Nerdbank.GitVersioning.targets(63,5): error MSB4018:   at Microsoft.Build.BackEnd.TaskExecutionHost.Microsoft.Build.BackEnd.ITaskExecutionHost.Execute () [0x0002a] in <143af2be99a94a8480f7f49f5d47377c>:0  [/data/OE/sicom-manifest-2.5/build/tmp-sicom-glibc/work/x86_64-linux/msbuild-native/16.0-r0/git/src/Xunit.NetCore.Extensions/Xunit.NetCore.Extensions.csproj]\r\n| /data/OE/sicom-manifest-2.5/build/tmp-sicom-glibc/work/x86_64-linux/msbuild-native/16.0-r0/git/.packages/nerdbank.gitversioning/2.2.33/build/Nerdbank.GitVersioning.targets(63,5): error MSB4018:   at Microsoft.Build.BackEnd.TaskBuilder.ExecuteInstantiatedTask (Microsoft.Build.BackEnd.ITaskExecutionHost taskExecutionHost, Microsoft.Build.BackEnd.Logging.TaskLoggingContext taskLoggingContext, Microsoft.Build.BackEnd.TaskHost taskHost, Microsoft.Build.BackEnd.ItemBucket bucket, Microsoft.Build.BackEnd.TaskExecutionMode howToExecuteTask) [0x002a2] in <143af2be99a94a8480f7f49f5d47377c>:0  [/data/OE/sicom-manifest-2.5/build/tmp-sicom-glibc/work/x86_64-linux/msbuild-native/16.0-r0/git/src/Xunit.NetCore.Extensions/Xunit.NetCore.Extensions.csproj]\r\n| /data/OE/sicom-manifest-2.5/build/tmp-sicom-glibc/work/x86_64-linux/msbuild-native/16.0-r0/git/.packages/nerdbank.gitversioning/2.2.13/build/Nerdbank.GitVersioning.targets(63,5): error MSB4018: The \"Nerdbank.GitVersioning.Tasks.GetBuildVersion\" task failed unexpectedly. [/data/OE/sicom-manifest-2.5/build/tmp-sicom-glibc/work/x86_64-linux/msbuild-native/16.0-r0/git/src/Samples/Dependency/Dependency.csproj]\r\n| /data/OE/sicom-manifest-2.5/build/tmp-sicom-glibc/work/x86_64-linux/msbuild-native/16.0-r0/git/.packages/nerdbank.gitversioning/2.2.13/build/Nerdbank.GitVersioning.targets(63,5): error MSB4018: This is an unhandled exception from a task -- PLEASE OPEN A BUG AGAINST THE TASK OWNER. [/data/OE/sicom-manifest-2.5/build/tmp-sicom-glibc/work/x86_64-linux/msbuild-native/16.0-r0/git/src/Samples/Dependency/Dependency.csproj]\r\n| /data/OE/sicom-manifest-2.5/build/tmp-sicom-glibc/work/x86_64-linux/msbuild-native/16.0-r0/git/.packages/nerdbank.gitversioning/2.2.13/build/Nerdbank.GitVersioning.targets(63,5): error MSB4018: System.BadImageFormatException: Method has no body [/data/OE/sicom-manifest-2.5/build/tmp-sicom-glibc/work/x86_64-linux/msbuild-native/16.0-r0/git/src/Samples/Dependency/Dependency.csproj]\r\n| /data/OE/sicom-manifest-2.5/build/tmp-sicom-glibc/work/x86_64-linux/msbuild-native/16.0-r0/git/.packages/nerdbank.gitversioning/2.2.13/build/Nerdbank.GitVersioning.targets(63,5): error MSB4018: File name: 'LibGit2Sharp' [/data/OE/sicom-manifest-2.5/build/tmp-sicom-glibc/work/x86_64-linux/msbuild-native/16.0-r0/git/src/Samples/Dependency/Dependency.csproj]\r\n| /data/OE/sicom-manifest-2.5/build/tmp-sicom-glibc/work/x86_64-linux/msbuild-native/16.0-r0/git/.packages/nerdbank.gitversioning/2.2.13/build/Nerdbank.GitVersioning.targets(63,5): error MSB4018:   at LibGit2Sharp.Core.Proxy.git_libgit2_opts_set_search_path (LibGit2Sharp.ConfigurationLevel level, System.String path) [0x00000] in <b59d5da32f8541b2a767004d8bddc22b>:0  [/data/OE/sicom-manifest-2.5/build/tmp-sicom-glibc/work/x86_64-linux/msbuild-native/16.0-r0/git/src/Samples/Dependency/Dependency.csproj]\r\n| /data/OE/sicom-manifest-2.5/build/tmp-sicom-glibc/work/x86_64-linux/msbuild-native/16.0-r0/git/.packages/nerdbank.gitversioning/2.2.13/build/Nerdbank.GitVersioning.targets(63,5): error MSB4018:   at LibGit2Sharp.GlobalSettings.SetConfigSearchPaths (LibGit2Sharp.ConfigurationLevel level, System.String[] paths) [0x0001a] in <b59d5da32f8541b2a767004d8bddc22b>:0  [/data/OE/sicom-manifest-2.5/build/tmp-sicom-glibc/work/x86_64-linux/msbuild-native/16.0-r0/git/src/Samples/Dependency/Dependency.csproj]\r\n| /data/OE/sicom-manifest-2.5/build/tmp-sicom-glibc/work/x86_64-linux/msbuild-native/16.0-r0/git/.packages/nerdbank.gitversioning/2.2.13/build/Nerdbank.GitVersioning.targets(63,5): error MSB4018:   at Nerdbank.GitVersioning.GitExtensions.OpenGitRepo (System.String pathUnderGitRepo) [0x00012] in <150882c73d494e8384ad79d7674b0ae0>:0  [/data/OE/sicom-manifest-2.5/build/tmp-sicom-glibc/work/x86_64-linux/msbuild-native/16.0-r0/git/src/Samples/Dependency/Dependency.csproj]\r\n| /data/OE/sicom-manifest-2.5/build/tmp-sicom-glibc/work/x86_64-linux/msbuild-native/16.0-r0/git/.packages/nerdbank.gitversioning/2.2.13/build/Nerdbank.GitVersioning.targets(63,5): error MSB4018:   at Nerdbank.GitVersioning.VersionOracle.Create (System.String projectDirectory, System.String gitRepoDirectory, Nerdbank.GitVersioning.ICloudBuild cloudBuild, System.Nullable`1[T] overrideBuildNumberOffset, System.String projectPathRelativeToGitRepoRoot) [0x00017] in <150882c73d494e8384ad79d7674b0ae0>:0  [/data/OE/sicom-manifest-2.5/build/tmp-sicom-glibc/work/x86_64-linux/msbuild-native/16.0-r0/git/src/Samples/Dependency/Dependency.csproj]\r\n| /data/OE/sicom-manifest-2.5/build/tmp-sicom-glibc/work/x86_64-linux/msbuild-native/16.0-r0/git/.packages/nerdbank.gitversioning/2.2.13/build/Nerdbank.GitVersioning.targets(63,5): error MSB4018:   at Nerdbank.GitVersioning.Tasks.GetBuildVersion.ExecuteInner () [0x000c5] in <a9ad9b18f9d14576b838941f05d31209>:0  [/data/OE/sicom-manifest-2.5/build/tmp-sicom-glibc/work/x86_64-linux/msbuild-native/16.0-r0/git/src/Samples/Dependency/Dependency.csproj]\r\n| /data/OE/sicom-manifest-2.5/build/tmp-sicom-glibc/work/x86_64-linux/msbuild-native/16.0-r0/git/.packages/nerdbank.gitversioning/2.2.13/build/Nerdbank.GitVersioning.targets(63,5): error MSB4018:   at MSBuildExtensionTask.ContextAwareTask.Execute () [0x0005e] in <a039684190264706bf075ac0ee99291f>:0  [/data/OE/sicom-manifest-2.5/build/tmp-sicom-glibc/work/x86_64-linux/msbuild-native/16.0-r0/git/src/Samples/Dependency/Dependency.csproj]\r\n| /data/OE/sicom-manifest-2.5/build/tmp-sicom-glibc/work/x86_64-linux/msbuild-native/16.0-r0/git/.packages/nerdbank.gitversioning/2.2.13/build/Nerdbank.GitVersioning.targets(63,5): error MSB4018:   at Microsoft.Build.BackEnd.TaskExecutionHost.Microsoft.Build.BackEnd.ITaskExecutionHost.Execute () [0x0002a] in <143af2be99a94a8480f7f49f5d47377c>:0  [/data/OE/sicom-manifest-2.5/build/tmp-sicom-glibc/work/x86_64-linux/msbuild-native/16.0-r0/git/src/Samples/Dependency/Dependency.csproj]\r\n| /data/OE/sicom-manifest-2.5/build/tmp-sicom-glibc/work/x86_64-linux/msbuild-native/16.0-r0/git/.packages/nerdbank.gitversioning/2.2.13/build/Nerdbank.GitVersioning.targets(63,5): error MSB4018:   at Microsoft.Build.BackEnd.TaskBuilder.ExecuteInstantiatedTask (Microsoft.Build.BackEnd.ITaskExecutionHost taskExecutionHost, Microsoft.Build.BackEnd.Logging.TaskLoggingContext taskLoggingContext, Microsoft.Build.BackEnd.TaskHost taskHost, Microsoft.Build.BackEnd.ItemBucket bucket, Microsoft.Build.BackEnd.TaskExecutionMode howToExecuteTask) [0x002a2] in <143af2be99a94a8480f7f49f5d47377c>:0  [/data/OE/sicom-manifest-2.5/build/tmp-sicom-glibc/work/x86_64-linux/msbuild-native/16.0-r0/git/src/Samples/Dependency/Dependency.csproj]\r\n| /data/OE/sicom-manifest-2.5/build/tmp-sicom-glibc/work/x86_64-linux/msbuild-native/16.0-r0/git/.packages/nerdbank.gitversioning/2.2.13/build/Nerdbank.GitVersioning.targets(63,5): error MSB4018: The \"Nerdbank.GitVersioning.Tasks.GetBuildVersion\" task failed unexpectedly. [/data/OE/sicom-manifest-2.5/build/tmp-sicom-glibc/work/x86_64-linux/msbuild-native/16.0-r0/git/src/Samples/PortableTask/PortableTask.csproj]\r\n| /data/OE/sicom-manifest-2.5/build/tmp-sicom-glibc/work/x86_64-linux/msbuild-native/16.0-r0/git/.packages/nerdbank.gitversioning/2.2.13/build/Nerdbank.GitVersioning.targets(63,5): error MSB4018: This is an unhandled exception from a task -- PLEASE OPEN A BUG AGAINST THE TASK OWNER. [/data/OE/sicom-manifest-2.5/build/tmp-sicom-glibc/work/x86_64-linux/msbuild-native/16.0-r0/git/src/Samples/PortableTask/PortableTask.csproj]\r\n| /data/OE/sicom-manifest-2.5/build/tmp-sicom-glibc/work/x86_64-linux/msbuild-native/16.0-r0/git/.packages/nerdbank.gitversioning/2.2.13/build/Nerdbank.GitVersioning.targets(63,5): error MSB4018: System.BadImageFormatException: Method has no body [/data/OE/sicom-manifest-2.5/build/tmp-sicom-glibc/work/x86_64-linux/msbuild-native/16.0-r0/git/src/Samples/PortableTask/PortableTask.csproj]\r\n| /data/OE/sicom-manifest-2.5/build/tmp-sicom-glibc/work/x86_64-linux/msbuild-native/16.0-r0/git/.packages/nerdbank.gitversioning/2.2.13/build/Nerdbank.GitVersioning.targets(63,5): error MSB4018: File name: 'LibGit2Sharp' [/data/OE/sicom-manifest-2.5/build/tmp-sicom-glibc/work/x86_64-linux/msbuild-native/16.0-r0/git/src/Samples/PortableTask/PortableTask.csproj]\r\n| /data/OE/sicom-manifest-2.5/build/tmp-sicom-glibc/work/x86_64-linux/msbuild-native/16.0-r0/git/.packages/nerdbank.gitversioning/2.2.13/build/Nerdbank.GitVersioning.targets(63,5): error MSB4018:   at LibGit2Sharp.Core.Proxy.git_libgit2_opts_set_search_path (LibGit2Sharp.ConfigurationLevel level, System.String path) [0x00000] in <b59d5da32f8541b2a767004d8bddc22b>:0  [/data/OE/sicom-manifest-2.5/build/tmp-sicom-glibc/work/x86_64-linux/msbuild-native/16.0-r0/git/src/Samples/PortableTask/PortableTask.csproj]\r\n| /data/OE/sicom-manifest-2.5/build/tmp-sicom-glibc/work/x86_64-linux/msbuild-native/16.0-r0/git/.packages/nerdbank.gitversioning/2.2.13/build/Nerdbank.GitVersioning.targets(63,5): error MSB4018:   at LibGit2Sharp.GlobalSettings.SetConfigSearchPaths (LibGit2Sharp.ConfigurationLevel level, System.String[] paths) [0x0001a] in <b59d5da32f8541b2a767004d8bddc22b>:0  [/data/OE/sicom-manifest-2.5/build/tmp-sicom-glibc/work/x86_64-linux/msbuild-native/16.0-r0/git/src/Samples/PortableTask/PortableTask.csproj]\r\n| /data/OE/sicom-manifest-2.5/build/tmp-sicom-glibc/work/x86_64-linux/msbuild-native/16.0-r0/git/.packages/nerdbank.gitversioning/2.2.13/build/Nerdbank.GitVersioning.targets(63,5): error MSB4018:   at Nerdbank.GitVersioning.GitExtensions.OpenGitRepo (System.String pathUnderGitRepo) [0x00012] in <150882c73d494e8384ad79d7674b0ae0>:0  [/data/OE/sicom-manifest-2.5/build/tmp-sicom-glibc/work/x86_64-linux/msbuild-native/16.0-r0/git/src/Samples/PortableTask/PortableTask.csproj]\r\n| /data/OE/sicom-manifest-2.5/build/tmp-sicom-glibc/work/x86_64-linux/msbuild-native/16.0-r0/git/.packages/nerdbank.gitversioning/2.2.13/build/Nerdbank.GitVersioning.targets(63,5): error MSB4018:   at Nerdbank.GitVersioning.VersionOracle.Create (System.String projectDirectory, System.String gitRepoDirectory, Nerdbank.GitVersioning.ICloudBuild cloudBuild, System.Nullable`1[T] overrideBuildNumberOffset, System.String projectPathRelativeToGitRepoRoot) [0x00017] in <150882c73d494e8384ad79d7674b0ae0>:0  [/data/OE/sicom-manifest-2.5/build/tmp-sicom-glibc/work/x86_64-linux/msbuild-native/16.0-r0/git/src/Samples/PortableTask/PortableTask.csproj]\r\n| /data/OE/sicom-manifest-2.5/build/tmp-sicom-glibc/work/x86_64-linux/msbuild-native/16.0-r0/git/.packages/nerdbank.gitversioning/2.2.13/build/Nerdbank.GitVersioning.targets(63,5): error MSB4018:   at Nerdbank.GitVersioning.Tasks.GetBuildVersion.ExecuteInner () [0x000c5] in <a9ad9b18f9d14576b838941f05d31209>:0  [/data/OE/sicom-manifest-2.5/build/tmp-sicom-glibc/work/x86_64-linux/msbuild-native/16.0-r0/git/src/Samples/PortableTask/PortableTask.csproj]\r\n| /data/OE/sicom-manifest-2.5/build/tmp-sicom-glibc/work/x86_64-linux/msbuild-native/16.0-r0/git/.packages/nerdbank.gitversioning/2.2.13/build/Nerdbank.GitVersioning.targets(63,5): error MSB4018:   at MSBuildExtensionTask.ContextAwareTask.Execute () [0x0005e] in <a039684190264706bf075ac0ee99291f>:0  [/data/OE/sicom-manifest-2.5/build/tmp-sicom-glibc/work/x86_64-linux/msbuild-native/16.0-r0/git/src/Samples/PortableTask/PortableTask.csproj]\r\n| /data/OE/sicom-manifest-2.5/build/tmp-sicom-glibc/work/x86_64-linux/msbuild-native/16.0-r0/git/.packages/nerdbank.gitversioning/2.2.13/build/Nerdbank.GitVersioning.targets(63,5): error MSB4018:   at Microsoft.Build.BackEnd.TaskExecutionHost.Microsoft.Build.BackEnd.ITaskExecutionHost.Execute () [0x0002a] in <143af2be99a94a8480f7f49f5d47377c>:0  [/data/OE/sicom-manifest-2.5/build/tmp-sicom-glibc/work/x86_64-linux/msbuild-native/16.0-r0/git/src/Samples/PortableTask/PortableTask.csproj]\r\n| /data/OE/sicom-manifest-2.5/build/tmp-sicom-glibc/work/x86_64-linux/msbuild-native/16.0-r0/git/.packages/nerdbank.gitversioning/2.2.13/build/Nerdbank.GitVersioning.targets(63,5): error MSB4018:   at Microsoft.Build.BackEnd.TaskBuilder.ExecuteInstantiatedTask (Microsoft.Build.BackEnd.ITaskExecutionHost taskExecutionHost, Microsoft.Build.BackEnd.Logging.TaskLoggingContext taskLoggingContext, Microsoft.Build.BackEnd.TaskHost taskHost, Microsoft.Build.BackEnd.ItemBucket bucket, Microsoft.Build.BackEnd.TaskExecutionMode howToExecuteTask) [0x002a2] in <143af2be99a94a8480f7f49f5d47377c>:0  [/data/OE/sicom-manifest-2.5/build/tmp-sicom-glibc/work/x86_64-linux/msbuild-native/16.0-r0/git/src/Samples/PortableTask/PortableTask.csproj]\r\n| /data/OE/sicom-manifest-2.5/build/tmp-sicom-glibc/work/x86_64-linux/msbuild-native/16.0-r0/git/.packages/nerdbank.gitversioning/2.2.13/build/Nerdbank.GitVersioning.targets(63,5): error MSB4018: The \"Nerdbank.GitVersioning.Tasks.GetBuildVersion\" task failed unexpectedly. [/data/OE/sicom-manifest-2.5/build/tmp-sicom-glibc/work/x86_64-linux/msbuild-native/16.0-r0/git/src/Samples/TaskUsageLogger/TaskUsageLogger.csproj]\r\n| /data/OE/sicom-manifest-2.5/build/tmp-sicom-glibc/work/x86_64-linux/msbuild-native/16.0-r0/git/.packages/nerdbank.gitversioning/2.2.13/build/Nerdbank.GitVersioning.targets(63,5): error MSB4018: This is an unhandled exception from a task -- PLEASE OPEN A BUG AGAINST THE TASK OWNER. [/data/OE/sicom-manifest-2.5/build/tmp-sicom-glibc/work/x86_64-linux/msbuild-native/16.0-r0/git/src/Samples/TaskUsageLogger/TaskUsageLogger.csproj]\r\n| /data/OE/sicom-manifest-2.5/build/tmp-sicom-glibc/work/x86_64-linux/msbuild-native/16.0-r0/git/.packages/nerdbank.gitversioning/2.2.13/build/Nerdbank.GitVersioning.targets(63,5): error MSB4018: System.BadImageFormatException: Method has no body [/data/OE/sicom-manifest-2.5/build/tmp-sicom-glibc/work/x86_64-linux/msbuild-native/16.0-r0/git/src/Samples/TaskUsageLogger/TaskUsageLogger.csproj]\r\n| /data/OE/sicom-manifest-2.5/build/tmp-sicom-glibc/work/x86_64-linux/msbuild-native/16.0-r0/git/.packages/nerdbank.gitversioning/2.2.13/build/Nerdbank.GitVersioning.targets(63,5): error MSB4018: File name: 'LibGit2Sharp' [/data/OE/sicom-manifest-2.5/build/tmp-sicom-glibc/work/x86_64-linux/msbuild-native/16.0-r0/git/src/Samples/TaskUsageLogger/TaskUsageLogger.csproj]\r\n| /data/OE/sicom-manifest-2.5/build/tmp-sicom-glibc/work/x86_64-linux/msbuild-native/16.0-r0/git/.packages/nerdbank.gitversioning/2.2.13/build/Nerdbank.GitVersioning.targets(63,5): error MSB4018:   at LibGit2Sharp.Core.Proxy.git_libgit2_opts_set_search_path (LibGit2Sharp.ConfigurationLevel level, System.String path) [0x00000] in <b59d5da32f8541b2a767004d8bddc22b>:0  [/data/OE/sicom-manifest-2.5/build/tmp-sicom-glibc/work/x86_64-linux/msbuild-native/16.0-r0/git/src/Samples/TaskUsageLogger/TaskUsageLogger.csproj]\r\n| /data/OE/sicom-manifest-2.5/build/tmp-sicom-glibc/work/x86_64-linux/msbuild-native/16.0-r0/git/.packages/nerdbank.gitversioning/2.2.13/build/Nerdbank.GitVersioning.targets(63,5): error MSB4018:   at LibGit2Sharp.GlobalSettings.SetConfigSearchPaths (LibGit2Sharp.ConfigurationLevel level, System.String[] paths) [0x0001a] in <b59d5da32f8541b2a767004d8bddc22b>:0  [/data/OE/sicom-manifest-2.5/build/tmp-sicom-glibc/work/x86_64-linux/msbuild-native/16.0-r0/git/src/Samples/TaskUsageLogger/TaskUsageLogger.csproj]\r\n| /data/OE/sicom-manifest-2.5/build/tmp-sicom-glibc/work/x86_64-linux/msbuild-native/16.0-r0/git/.packages/nerdbank.gitversioning/2.2.13/build/Nerdbank.GitVersioning.targets(63,5): error MSB4018:   at Nerdbank.GitVersioning.GitExtensions.OpenGitRepo (System.String pathUnderGitRepo) [0x00012] in <150882c73d494e8384ad79d7674b0ae0>:0  [/data/OE/sicom-manifest-2.5/build/tmp-sicom-glibc/work/x86_64-linux/msbuild-native/16.0-r0/git/src/Samples/TaskUsageLogger/TaskUsageLogger.csproj]\r\n| /data/OE/sicom-manifest-2.5/build/tmp-sicom-glibc/work/x86_64-linux/msbuild-native/16.0-r0/git/.packages/nerdbank.gitversioning/2.2.13/build/Nerdbank.GitVersioning.targets(63,5): error MSB4018:   at Nerdbank.GitVersioning.VersionOracle.Create (System.String projectDirectory, System.String gitRepoDirectory, Nerdbank.GitVersioning.ICloudBuild cloudBuild, System.Nullable`1[T] overrideBuildNumberOffset, System.String projectPathRelativeToGitRepoRoot) [0x00017] in <150882c73d494e8384ad79d7674b0ae0>:0  [/data/OE/sicom-manifest-2.5/build/tmp-sicom-glibc/work/x86_64-linux/msbuild-native/16.0-r0/git/src/Samples/TaskUsageLogger/TaskUsageLogger.csproj]\r\n| /data/OE/sicom-manifest-2.5/build/tmp-sicom-glibc/work/x86_64-linux/msbuild-native/16.0-r0/git/.packages/nerdbank.gitversioning/2.2.13/build/Nerdbank.GitVersioning.targets(63,5): error MSB4018:   at Nerdbank.GitVersioning.Tasks.GetBuildVersion.ExecuteInner () [0x000c5] in <a9ad9b18f9d14576b838941f05d31209>:0  [/data/OE/sicom-manifest-2.5/build/tmp-sicom-glibc/work/x86_64-linux/msbuild-native/16.0-r0/git/src/Samples/TaskUsageLogger/TaskUsageLogger.csproj]\r\n| /data/OE/sicom-manifest-2.5/build/tmp-sicom-glibc/work/x86_64-linux/msbuild-native/16.0-r0/git/.packages/nerdbank.gitversioning/2.2.13/build/Nerdbank.GitVersioning.targets(63,5): error MSB4018:   at MSBuildExtensionTask.ContextAwareTask.Execute () [0x0005e] in <a039684190264706bf075ac0ee99291f>:0  [/data/OE/sicom-manifest-2.5/build/tmp-sicom-glibc/work/x86_64-linux/msbuild-native/16.0-r0/git/src/Samples/TaskUsageLogger/TaskUsageLogger.csproj]\r\n| /data/OE/sicom-manifest-2.5/build/tmp-sicom-glibc/work/x86_64-linux/msbuild-native/16.0-r0/git/.packages/nerdbank.gitversioning/2.2.13/build/Nerdbank.GitVersioning.targets(63,5): error MSB4018:   at Microsoft.Build.BackEnd.TaskExecutionHost.Microsoft.Build.BackEnd.ITaskExecutionHost.Execute () [0x0002a] in <143af2be99a94a8480f7f49f5d47377c>:0  [/data/OE/sicom-manifest-2.5/build/tmp-sicom-glibc/work/x86_64-linux/msbuild-native/16.0-r0/git/src/Samples/TaskUsageLogger/TaskUsageLogger.csproj]\r\n| /data/OE/sicom-manifest-2.5/build/tmp-sicom-glibc/work/x86_64-linux/msbuild-native/16.0-r0/git/.packages/nerdbank.gitversioning/2.2.13/build/Nerdbank.GitVersioning.targets(63,5): error MSB4018:   at Microsoft.Build.BackEnd.TaskBuilder.ExecuteInstantiatedTask (Microsoft.Build.BackEnd.ITaskExecutionHost taskExecutionHost, Microsoft.Build.BackEnd.Logging.TaskLoggingContext taskLoggingContext, Microsoft.Build.BackEnd.TaskHost taskHost, Microsoft.Build.BackEnd.ItemBucket bucket, Microsoft.Build.BackEnd.TaskExecutionMode howToExecuteTask) [0x002a2] in <143af2be99a94a8480f7f49f5d47377c>:0  [/data/OE/sicom-manifest-2.5/build/tmp-sicom-glibc/work/x86_64-linux/msbuild-native/16.0-r0/git/src/Samples/TaskUsageLogger/TaskUsageLogger.csproj]\r\n| /data/OE/sicom-manifest-2.5/build/tmp-sicom-glibc/work/x86_64-linux/msbuild-native/16.0-r0/git/.packages/nerdbank.gitversioning/2.2.13/build/Nerdbank.GitVersioning.targets(63,5): error MSB4018: The \"Nerdbank.GitVersioning.Tasks.GetBuildVersion\" task failed unexpectedly. [/data/OE/sicom-manifest-2.5/build/tmp-sicom-glibc/work/x86_64-linux/msbuild-native/16.0-r0/git/src/Samples/XmlFileLogger/XmlFileLogger.csproj]\r\n| /data/OE/sicom-manifest-2.5/build/tmp-sicom-glibc/work/x86_64-linux/msbuild-native/16.0-r0/git/.packages/nerdbank.gitversioning/2.2.13/build/Nerdbank.GitVersioning.targets(63,5): error MSB4018: This is an unhandled exception from a task -- PLEASE OPEN A BUG AGAINST THE TASK OWNER. [/data/OE/sicom-manifest-2.5/build/tmp-sicom-glibc/work/x86_64-linux/msbuild-native/16.0-r0/git/src/Samples/XmlFileLogger/XmlFileLogger.csproj]\r\n| /data/OE/sicom-manifest-2.5/build/tmp-sicom-glibc/work/x86_64-linux/msbuild-native/16.0-r0/git/.packages/nerdbank.gitversioning/2.2.13/build/Nerdbank.GitVersioning.targets(63,5): error MSB4018: System.BadImageFormatException: Method has no body [/data/OE/sicom-manifest-2.5/build/tmp-sicom-glibc/work/x86_64-linux/msbuild-native/16.0-r0/git/src/Samples/XmlFileLogger/XmlFileLogger.csproj]\r\n| /data/OE/sicom-manifest-2.5/build/tmp-sicom-glibc/work/x86_64-linux/msbuild-native/16.0-r0/git/.packages/nerdbank.gitversioning/2.2.13/build/Nerdbank.GitVersioning.targets(63,5): error MSB4018: File name: 'LibGit2Sharp' [/data/OE/sicom-manifest-2.5/build/tmp-sicom-glibc/work/x86_64-linux/msbuild-native/16.0-r0/git/src/Samples/XmlFileLogger/XmlFileLogger.csproj]\r\n| /data/OE/sicom-manifest-2.5/build/tmp-sicom-glibc/work/x86_64-linux/msbuild-native/16.0-r0/git/.packages/nerdbank.gitversioning/2.2.13/build/Nerdbank.GitVersioning.targets(63,5): error MSB4018:   at LibGit2Sharp.Core.Proxy.git_libgit2_opts_set_search_path (LibGit2Sharp.ConfigurationLevel level, System.String path) [0x00000] in <b59d5da32f8541b2a767004d8bddc22b>:0  [/data/OE/sicom-manifest-2.5/build/tmp-sicom-glibc/work/x86_64-linux/msbuild-native/16.0-r0/git/src/Samples/XmlFileLogger/XmlFileLogger.csproj]\r\n| /data/OE/sicom-manifest-2.5/build/tmp-sicom-glibc/work/x86_64-linux/msbuild-native/16.0-r0/git/.packages/nerdbank.gitversioning/2.2.13/build/Nerdbank.GitVersioning.targets(63,5): error MSB4018:   at LibGit2Sharp.GlobalSettings.SetConfigSearchPaths (LibGit2Sharp.ConfigurationLevel level, System.String[] paths) [0x0001a] in <b59d5da32f8541b2a767004d8bddc22b>:0  [/data/OE/sicom-manifest-2.5/build/tmp-sicom-glibc/work/x86_64-linux/msbuild-native/16.0-r0/git/src/Samples/XmlFileLogger/XmlFileLogger.csproj]\r\n| /data/OE/sicom-manifest-2.5/build/tmp-sicom-glibc/work/x86_64-linux/msbuild-native/16.0-r0/git/.packages/nerdbank.gitversioning/2.2.13/build/Nerdbank.GitVersioning.targets(63,5): error MSB4018:   at Nerdbank.GitVersioning.GitExtensions.OpenGitRepo (System.String pathUnderGitRepo) [0x00012] in <150882c73d494e8384ad79d7674b0ae0>:0  [/data/OE/sicom-manifest-2.5/build/tmp-sicom-glibc/work/x86_64-linux/msbuild-native/16.0-r0/git/src/Samples/XmlFileLogger/XmlFileLogger.csproj]\r\n| /data/OE/sicom-manifest-2.5/build/tmp-sicom-glibc/work/x86_64-linux/msbuild-native/16.0-r0/git/.packages/nerdbank.gitversioning/2.2.13/build/Nerdbank.GitVersioning.targets(63,5): error MSB4018:   at Nerdbank.GitVersioning.VersionOracle.Create (System.String projectDirectory, System.String gitRepoDirectory, Nerdbank.GitVersioning.ICloudBuild cloudBuild, System.Nullable`1[T] overrideBuildNumberOffset, System.String projectPathRelativeToGitRepoRoot) [0x00017] in <150882c73d494e8384ad79d7674b0ae0>:0  [/data/OE/sicom-manifest-2.5/build/tmp-sicom-glibc/work/x86_64-linux/msbuild-native/16.0-r0/git/src/Samples/XmlFileLogger/XmlFileLogger.csproj]\r\n| /data/OE/sicom-manifest-2.5/build/tmp-sicom-glibc/work/x86_64-linux/msbuild-native/16.0-r0/git/.packages/nerdbank.gitversioning/2.2.13/build/Nerdbank.GitVersioning.targets(63,5): error MSB4018:   at Nerdbank.GitVersioning.Tasks.GetBuildVersion.ExecuteInner () [0x000c5] in <a9ad9b18f9d14576b838941f05d31209>:0  [/data/OE/sicom-manifest-2.5/build/tmp-sicom-glibc/work/x86_64-linux/msbuild-native/16.0-r0/git/src/Samples/XmlFileLogger/XmlFileLogger.csproj]\r\n| /data/OE/sicom-manifest-2.5/build/tmp-sicom-glibc/work/x86_64-linux/msbuild-native/16.0-r0/git/.packages/nerdbank.gitversioning/2.2.13/build/Nerdbank.GitVersioning.targets(63,5): error MSB4018:   at MSBuildExtensionTask.ContextAwareTask.Execute () [0x0005e] in <a039684190264706bf075ac0ee99291f>:0  [/data/OE/sicom-manifest-2.5/build/tmp-sicom-glibc/work/x86_64-linux/msbuild-native/16.0-r0/git/src/Samples/XmlFileLogger/XmlFileLogger.csproj]\r\n| /data/OE/sicom-manifest-2.5/build/tmp-sicom-glibc/work/x86_64-linux/msbuild-native/16.0-r0/git/.packages/nerdbank.gitversioning/2.2.13/build/Nerdbank.GitVersioning.targets(63,5): error MSB4018:   at Microsoft.Build.BackEnd.TaskExecutionHost.Microsoft.Build.BackEnd.ITaskExecutionHost.Execute () [0x0002a] in <143af2be99a94a8480f7f49f5d47377c>:0  [/data/OE/sicom-manifest-2.5/build/tmp-sicom-glibc/work/x86_64-linux/msbuild-native/16.0-r0/git/src/Samples/XmlFileLogger/XmlFileLogger.csproj]\r\n| /data/OE/sicom-manifest-2.5/build/tmp-sicom-glibc/work/x86_64-linux/msbuild-native/16.0-r0/git/.packages/nerdbank.gitversioning/2.2.13/build/Nerdbank.GitVersioning.targets(63,5): error MSB4018:   at Microsoft.Build.BackEnd.TaskBuilder.ExecuteInstantiatedTask (Microsoft.Build.BackEnd.ITaskExecutionHost taskExecutionHost, Microsoft.Build.BackEnd.Logging.TaskLoggingContext taskLoggingContext, Microsoft.Build.BackEnd.TaskHost taskHost, Microsoft.Build.BackEnd.ItemBucket bucket, Microsoft.Build.BackEnd.TaskExecutionMode howToExecuteTask) [0x002a2] in <143af2be99a94a8480f7f49f5d47377c>:0  [/data/OE/sicom-manifest-2.5/build/tmp-sicom-glibc/work/x86_64-linux/msbuild-native/16.0-r0/git/src/Samples/XmlFileLogger/XmlFileLogger.csproj]\r\n| \r\n| Time Elapsed 00:02:42.94\r\n| Build failed (exit code '1').\r\n| Cannot open assembly '/data/OE/sicom-manifest-2.5/build/tmp-sicom-glibc/work/x86_64-linux/msbuild-native/16.0-r0/git/eng/../artifacts/bin/bootstrap/net472/MSBuild/Current/Bin/MSBuild.dll': No such file or directory.\r\n| Build failed (exit code '2').\r\n| WARNING: /data/OE/sicom-manifest-2.5/build/tmp-sicom-glibc/work/x86_64-linux/msbuild-native/16.0-r0/temp/run.do_compile.7519:1 exit 2 from './eng/cibuild_bootstrapped_msbuild.sh --host_type mono --configuration Release --binaryLog --skip_tests'\r\n| ERROR: Function failed: do_compile (log file is located at /data/OE/sicom-manifest-2.5/build/tmp-sicom-glibc/work/x86_64-linux/msbuild-native/16.0-r0/temp/log.do_compile.7519)\r\n...\r\n```\r\nPatching msbuild/src/Samples/Directory.Build.targets to use the latest Nerdbank.Gitversioning 2.3.38 (that promises to fix build errors on CentOS and Fedora hosts) does not help.\r\n\r\nUsing /p:DisableNerdbankVersioning=true gives this error:\r\n```\r\n$ bitbake -c compile msbuild-native\r\n...\r\nBuild FAILED.\r\n\r\n/data/OE/sicom-manifest-2.5/build/tmp-sicom-glibc/work/x86_64-linux/msbuild-native/16.0-r0/git/artifacts/bin/bootstrap/net472/MSBuild/Current/Bin/Microsoft.Common.CurrentVersion.targets(2248,5): error MSB3836: The explicit binding redirect on \"Microsoft.Build.Framework, Culture=neutral, PublicKeyToken=b03f5f7f11d50a3a\" conflicts with an autogenerated binding redirect. Consider removing it from the application configuration file or disabling autogenerated binding redirects. The build will replace it with: \"<bindingRedirect oldVersion=\"0.0.0.0-99.9.9.9\" newVersion=\"42.42.42.42\" xmlns=\"urn:schemas-microsoft-com:asm.v1\" />\". [/data/OE/sicom-manifest-2.5/build/tmp-sicom-glibc/work/x86_64-linux/msbuild-native/16.0-r0/git/src/Build.OM.UnitTests/Microsoft.Build.Engine.OM.UnitTests.csproj]\r\n/data/OE/sicom-manifest-2.5/build/tmp-sicom-glibc/work/x86_64-linux/msbuild-native/16.0-r0/git/artifacts/bin/bootstrap/net472/MSBuild/Current/Bin/Microsoft.Common.CurrentVersion.targets(2248,5): error MSB3836: The explicit binding redirect on \"Microsoft.Build.Utilities.Core, Culture=neutral, PublicKeyToken=b03f5f7f11d50a3a\" conflicts with an autogenerated binding redirect. Consider removing it from the application configuration file or disabling autogenerated binding redirects. The build will replace it with: \"<bindingRedirect oldVersion=\"0.0.0.0-99.9.9.9\" newVersion=\"42.42.42.42\" xmlns=\"urn:schemas-microsoft-com:asm.v1\" />\". [/data/OE/sicom-manifest-2.5/build/tmp-sicom-glibc/work/x86_64-linux/msbuild-native/16.0-r0/git/src/Build.OM.UnitTests/Microsoft.Build.Engine.OM.UnitTests.csproj]\r\nDefinition/ProjectCollection_Tests.cs(1425,51): error CS0122: 'ThisAssembly' is inaccessible due to its protection level [/data/OE/sicom-manifest-2.5/build/tmp-sicom-glibc/work/x86_64-linux/msbuild-native/16.0-r0/git/src/Build.OM.UnitTests/Microsoft.Build.Engine.OM.UnitTests.csproj]\r\n/data/OE/sicom-manifest-2.5/build/tmp-sicom-glibc/work/x86_64-linux/msbuild-native/16.0-r0/git/artifacts/bin/bootstrap/net472/MSBuild/Current/Bin/Microsoft.Common.CurrentVersion.targets(2248,5): error MSB3836: The explicit binding redirect on \"Microsoft.Build.Framework, Culture=neutral, PublicKeyToken=b03f5f7f11d50a3a\" conflicts with an autogenerated binding redirect. Consider removing it from the application configuration file or disabling autogenerated binding redirects. The build will replace it with: \"<bindingRedirect oldVersion=\"0.0.0.0-99.9.9.9\" newVersion=\"42.42.42.42\" xmlns=\"urn:schemas-microsoft-com:asm.v1\" />\". [/data/OE/sicom-manifest-2.5/build/tmp-sicom-glibc/work/x86_64-linux/msbuild-native/16.0-r0/git/src/MSBuild/MSBuild.csproj]\r\n/data/OE/sicom-manifest-2.5/build/tmp-sicom-glibc/work/x86_64-linux/msbuild-native/16.0-r0/git/artifacts/bin/bootstrap/net472/MSBuild/Current/Bin/Microsoft.Common.CurrentVersion.targets(2248,5): error MSB3836: The explicit binding redirect on \"Microsoft.Build.Utilities.Core, Culture=neutral, PublicKeyToken=b03f5f7f11d50a3a\" conflicts with an autogenerated binding redirect. Consider removing it from the application configuration file or disabling autogenerated binding redirects. The build will replace it with: \"<bindingRedirect oldVersion=\"0.0.0.0-99.9.9.9\" newVersion=\"42.42.42.42\" xmlns=\"urn:schemas-microsoft-com:asm.v1\" />\". [/data/OE/sicom-manifest-2.5/build/tmp-sicom-glibc/work/x86_64-linux/msbuild-native/16.0-r0/git/src/MSBuild/MSBuild.csproj]\r\n/data/OE/sicom-manifest-2.5/build/tmp-sicom-glibc/work/x86_64-linux/msbuild-native/16.0-r0/git/artifacts/bin/bootstrap/net472/MSBuild/Current/Bin/Microsoft.Common.CurrentVersion.targets(2248,5): error MSB3836: The explicit binding redirect on \"Microsoft.Build.Framework, Culture=neutral, PublicKeyToken=b03f5f7f11d50a3a\" conflicts with an autogenerated binding redirect. Consider removing it from the application configuration file or disabling autogenerated binding redirects. The build will replace it with: \"<bindingRedirect oldVersion=\"0.0.0.0-99.9.9.9\" newVersion=\"42.42.42.42\" xmlns=\"urn:schemas-microsoft-com:asm.v1\" />\". [/data/OE/sicom-manifest-2.5/build/tmp-sicom-glibc/work/x86_64-linux/msbuild-native/16.0-r0/git/src/Build.UnitTests/Microsoft.Build.Engine.UnitTests.csproj]\r\n/data/OE/sicom-manifest-2.5/build/tmp-sicom-glibc/work/x86_64-linux/msbuild-native/16.0-r0/git/artifacts/bin/bootstrap/net472/MSBuild/Current/Bin/Microsoft.Common.CurrentVersion.targets(2248,5): error MSB3836: The explicit binding redirect on \"Microsoft.Build, Culture=neutral, PublicKeyToken=b03f5f7f11d50a3a\" conflicts with an autogenerated binding redirect. Consider removing it from the application configuration file or disabling autogenerated binding redirects. The build will replace it with: \"<bindingRedirect oldVersion=\"0.0.0.0-99.9.9.9\" newVersion=\"42.42.42.42\" xmlns=\"urn:schemas-microsoft-com:asm.v1\" />\". [/data/OE/sicom-manifest-2.5/build/tmp-sicom-glibc/work/x86_64-linux/msbuild-native/16.0-r0/git/src/Build.UnitTests/Microsoft.Build.Engine.UnitTests.csproj]\r\n/data/OE/sicom-manifest-2.5/build/tmp-sicom-glibc/work/x86_64-linux/msbuild-native/16.0-r0/git/artifacts/bin/bootstrap/net472/MSBuild/Current/Bin/Microsoft.Common.CurrentVersion.targets(2248,5): error MSB3836: The explicit binding redirect on \"Microsoft.Build.Tasks.Core, Culture=neutral, PublicKeyToken=b03f5f7f11d50a3a\" conflicts with an autogenerated binding redirect. Consider removing it from the application configuration file or disabling autogenerated binding redirects. The build will replace it with: \"<bindingRedirect oldVersion=\"0.0.0.0-99.9.9.9\" newVersion=\"42.42.42.42\" xmlns=\"urn:schemas-microsoft-com:asm.v1\" />\". [/data/OE/sicom-manifest-2.5/build/tmp-sicom-glibc/work/x86_64-linux/msbuild-native/16.0-r0/git/src/Build.UnitTests/Microsoft.Build.Engine.UnitTests.csproj]\r\n/data/OE/sicom-manifest-2.5/build/tmp-sicom-glibc/work/x86_64-linux/msbuild-native/16.0-r0/git/artifacts/bin/bootstrap/net472/MSBuild/Current/Bin/Microsoft.Common.CurrentVersion.targets(2248,5): error MSB3836: The explicit binding redirect on \"Microsoft.Build.Utilities.Core, Culture=neutral, PublicKeyToken=b03f5f7f11d50a3a\" conflicts with an autogenerated binding redirect. Consider removing it from the application configuration file or disabling autogenerated binding redirects. The build will replace it with: \"<bindingRedirect oldVersion=\"0.0.0.0-99.9.9.9\" newVersion=\"42.42.42.42\" xmlns=\"urn:schemas-microsoft-com:asm.v1\" />\". [/data/OE/sicom-manifest-2.5/build/tmp-sicom-glibc/work/x86_64-linux/msbuild-native/16.0-r0/git/src/Build.UnitTests/Microsoft.Build.Engine.UnitTests.csproj]\r\n/data/OE/sicom-manifest-2.5/build/tmp-sicom-glibc/work/x86_64-linux/msbuild-native/16.0-r0/git/artifacts/bin/bootstrap/net472/MSBuild/Current/Bin/Microsoft.Common.CurrentVersion.targets(2248,5): error MSB3836: The explicit binding redirect on \"Microsoft.Build.Framework, Culture=neutral, PublicKeyToken=b03f5f7f11d50a3a\" conflicts with an autogenerated binding redirect. Consider removing it from the application configuration file or disabling autogenerated binding redirects. The build will replace it with: \"<bindingRedirect oldVersion=\"0.0.0.0-99.9.9.9\" newVersion=\"42.42.42.42\" xmlns=\"urn:schemas-microsoft-com:asm.v1\" />\". [/data/OE/sicom-manifest-2.5/build/tmp-sicom-glibc/work/x86_64-linux/msbuild-native/16.0-r0/git/src/MSBuild.UnitTests/Microsoft.Build.CommandLine.UnitTests.csproj]\r\n/data/OE/sicom-manifest-2.5/build/tmp-sicom-glibc/work/x86_64-linux/msbuild-native/16.0-r0/git/artifacts/bin/bootstrap/net472/MSBuild/Current/Bin/Microsoft.Common.CurrentVersion.targets(2248,5): error MSB3836: The explicit binding redirect on \"Microsoft.Build, Culture=neutral, PublicKeyToken=b03f5f7f11d50a3a\" conflicts with an autogenerated binding redirect. Consider removing it from the application configuration file or disabling autogenerated binding redirects. The build will replace it with: \"<bindingRedirect oldVersion=\"0.0.0.0-99.9.9.9\" newVersion=\"42.42.42.42\" xmlns=\"urn:schemas-microsoft-com:asm.v1\" />\". [/data/OE/sicom-manifest-2.5/build/tmp-sicom-glibc/work/x86_64-linux/msbuild-native/16.0-r0/git/src/MSBuild.UnitTests/Microsoft.Build.CommandLine.UnitTests.csproj]\r\n/data/OE/sicom-manifest-2.5/build/tmp-sicom-glibc/work/x86_64-linux/msbuild-native/16.0-r0/git/artifacts/bin/bootstrap/net472/MSBuild/Current/Bin/Microsoft.Common.CurrentVersion.targets(2248,5): error MSB3836: The explicit binding redirect on \"Microsoft.Build.Utilities.Core, Culture=neutral, PublicKeyToken=b03f5f7f11d50a3a\" conflicts with an autogenerated binding redirect. Consider removing it from the application configuration file or disabling autogenerated binding redirects. The build will replace it with: \"<bindingRedirect oldVersion=\"0.0.0.0-99.9.9.9\" newVersion=\"42.42.42.42\" xmlns=\"urn:schemas-microsoft-com:asm.v1\" />\". [/data/OE/sicom-manifest-2.5/build/tmp-sicom-glibc/work/x86_64-linux/msbuild-native/16.0-r0/git/src/MSBuild.UnitTests/Microsoft.Build.CommandLine.UnitTests.csproj]\r\n/data/OE/sicom-manifest-2.5/build/tmp-sicom-glibc/work/x86_64-linux/msbuild-native/16.0-r0/git/artifacts/bin/bootstrap/net472/MSBuild/Current/Bin/Microsoft.Common.CurrentVersion.targets(2248,5): error MSB3836: The explicit binding redirect on \"Microsoft.Build.Framework, Culture=neutral, PublicKeyToken=b03f5f7f11d50a3a\" conflicts with an autogenerated binding redirect. Consider removing it from the application configuration file or disabling autogenerated binding redirects. The build will replace it with: \"<bindingRedirect oldVersion=\"0.0.0.0-99.9.9.9\" newVersion=\"42.42.42.42\" xmlns=\"urn:schemas-microsoft-com:asm.v1\" />\". [/data/OE/sicom-manifest-2.5/build/tmp-sicom-glibc/work/x86_64-linux/msbuild-native/16.0-r0/git/src/Tasks.UnitTests/Microsoft.Build.Tasks.UnitTests.csproj]\r\n/data/OE/sicom-manifest-2.5/build/tmp-sicom-glibc/work/x86_64-linux/msbuild-native/16.0-r0/git/artifacts/bin/bootstrap/net472/MSBuild/Current/Bin/Microsoft.Common.CurrentVersion.targets(2248,5): error MSB3836: The explicit binding redirect on \"Microsoft.Build, Culture=neutral, PublicKeyToken=b03f5f7f11d50a3a\" conflicts with an autogenerated binding redirect. Consider removing it from the application configuration file or disabling autogenerated binding redirects. The build will replace it with: \"<bindingRedirect oldVersion=\"0.0.0.0-99.9.9.9\" newVersion=\"42.42.42.42\" xmlns=\"urn:schemas-microsoft-com:asm.v1\" />\". [/data/OE/sicom-manifest-2.5/build/tmp-sicom-glibc/work/x86_64-linux/msbuild-native/16.0-r0/git/src/Tasks.UnitTests/Microsoft.Build.Tasks.UnitTests.csproj]\r\n/data/OE/sicom-manifest-2.5/build/tmp-sicom-glibc/work/x86_64-linux/msbuild-native/16.0-r0/git/artifacts/bin/bootstrap/net472/MSBuild/Current/Bin/Microsoft.Common.CurrentVersion.targets(2248,5): error MSB3836: The explicit binding redirect on \"Microsoft.Build.Utilities.Core, Culture=neutral, PublicKeyToken=b03f5f7f11d50a3a\" conflicts with an autogenerated binding redirect. Consider removing it from the application configuration file or disabling autogenerated binding redirects. The build will replace it with: \"<bindingRedirect oldVersion=\"0.0.0.0-99.9.9.9\" newVersion=\"42.42.42.42\" xmlns=\"urn:schemas-microsoft-com:asm.v1\" />\". [/data/OE/sicom-manifest-2.5/build/tmp-sicom-glibc/work/x86_64-linux/msbuild-native/16.0-r0/git/src/Tasks.UnitTests/Microsoft.Build.Tasks.UnitTests.csproj]\r\n/data/OE/sicom-manifest-2.5/build/tmp-sicom-glibc/work/x86_64-linux/msbuild-native/16.0-r0/git/artifacts/bin/bootstrap/net472/MSBuild/Current/Bin/Microsoft.Common.CurrentVersion.targets(2248,5): error MSB3836: The explicit binding redirect on \"Microsoft.Build.Framework, Culture=neutral, PublicKeyToken=b03f5f7f11d50a3a\" conflicts with an autogenerated binding redirect. Consider removing it from the application configuration file or disabling autogenerated binding redirects. The build will replace it with: \"<bindingRedirect oldVersion=\"0.0.0.0-99.9.9.9\" newVersion=\"42.42.42.42\" xmlns=\"urn:schemas-microsoft-com:asm.v1\" />\". [/data/OE/sicom-manifest-2.5/build/tmp-sicom-glibc/work/x86_64-linux/msbuild-native/16.0-r0/git/src/Utilities.UnitTests/Microsoft.Build.Utilities.UnitTests.csproj]\r\n/data/OE/sicom-manifest-2.5/build/tmp-sicom-glibc/work/x86_64-linux/msbuild-native/16.0-r0/git/artifacts/bin/bootstrap/net472/MSBuild/Current/Bin/Microsoft.Common.CurrentVersion.targets(2248,5): error MSB3836: The explicit binding redirect on \"Microsoft.Build.Tasks.Core, Culture=neutral, PublicKeyToken=b03f5f7f11d50a3a\" conflicts with an autogenerated binding redirect. Consider removing it from the application configuration file or disabling autogenerated binding redirects. The build will replace it with: \"<bindingRedirect oldVersion=\"0.0.0.0-99.9.9.9\" newVersion=\"42.42.42.42\" xmlns=\"urn:schemas-microsoft-com:asm.v1\" />\". [/data/OE/sicom-manifest-2.5/build/tmp-sicom-glibc/work/x86_64-linux/msbuild-native/16.0-r0/git/src/Utilities.UnitTests/Microsoft.Build.Utilities.UnitTests.csproj]\r\n/data/OE/sicom-manifest-2.5/build/tmp-sicom-glibc/work/x86_64-linux/msbuild-native/16.0-r0/git/artifacts/bin/bootstrap/net472/MSBuild/Current/Bin/Microsoft.Common.CurrentVersion.targets(2248,5): error MSB3836: The explicit binding redirect on \"Microsoft.Build.Utilities.Core, Culture=neutral, PublicKeyToken=b03f5f7f11d50a3a\" conflicts with an autogenerated binding redirect. Consider removing it from the application configuration file or disabling autogenerated binding redirects. The build will replace it with: \"<bindingRedirect oldVersion=\"0.0.0.0-99.9.9.9\" newVersion=\"42.42.42.42\" xmlns=\"urn:schemas-microsoft-com:asm.v1\" />\". [/data/OE/sicom-manifest-2.5/build/tmp-sicom-glibc/work/x86_64-linux/msbuild-native/16.0-r0/git/src/Utilities.UnitTests/Microsoft.Build.Utilities.UnitTests.csproj]\r\n\r\nTime Elapsed 00:02:06.45\r\nBuild failed (exit code '1').\r\nWARNING: /data/OE/sicom-manifest-2.5/build/tmp-sicom-glibc/work/x86_64-linux/msbuild-native/16.0-r0/temp/run.do_compile.8704:1 exit 1 from './eng/cibuild_bootstrapped_msbuild.sh --host_type mono --configuration Release --binaryLog --skip_tests /p:DisableNerdbankVersioning=true'\r\n...\r\n```\r\nI then added /p:AutoGenerateBindingRedirects=false according to the suggested solution. Now this error pops up:\r\n```\r\n$ bitbake -c compile msbuild-native\r\n...\r\nBuild FAILED.\r\n\r\nDefinition/ProjectCollection_Tests.cs(1425,51): error CS0122: 'ThisAssembly' is inaccessible due to its protection level [/data/OE/sicom-manifest-2.5/build/tmp-sicom-glibc/work/x86_64-linux/msbuild-native/16.0-r0/git/src/Build.OM.UnitTests/Microsoft.Build.Engine.OM.UnitTests.csproj]\r\n/data/OE/sicom-manifest-2.5/build/tmp-sicom-glibc/work/x86_64-linux/msbuild-native/16.0-r0/git/artifacts/bin/bootstrap/net472/MSBuild/Current/Bin/Microsoft.Common.CurrentVersion.targets(2134,5): error MSB3276: Found conflicts between different versions of the same dependent assembly. Please set the \"AutoGenerateBindingRedirects\" property to true in the project file. For more information, see http://go.microsoft.com/fwlink/?LinkId=294190. [/data/OE/sicom-manifest-2.5/build/tmp-sicom-glibc/work/x86_64-linux/msbuild-native/16.0-r0/git/src/MSBuild/MSBuild.csproj]\r\n\r\nTime Elapsed 00:02:04.29\r\nBuild failed (exit code '1').\r\nWARNING: /data/OE/sicom-manifest-2.5/build/tmp-sicom-glibc/work/x86_64-linux/msbuild-native/16.0-r0/temp/run.do_compile.11886:1 exit 1 from './eng/cibuild_bootstrapped_msbuild.sh --host_type mono --configuration Release --binaryLog --skip_tests /p:DisableNerdbankVersioning=true /p:AutoGenerateBindingRedirects=false'\r\n...\r\n```\r\nTried to patch MSBuild.sln to remove the failing unittest subproject, Microsoft.Build.Engine.OM.UnitTests. Now this happens:\r\n```\r\n$ bitbake -c compile msbuild-native\r\n...\r\nBuild FAILED.\r\n\r\n/data/OE/sicom-manifest-2.5/build/tmp-sicom-glibc/work/x86_64-linux/msbuild-native/16.0-r0/git/artifacts/bin/bootstrap/net472/MSBuild/Current/Bin/Microsoft.Common.CurrentVersion.targets(2134,5): error MSB3276: Found conflicts between different versions of the same dependent assembly. Please set the \"AutoGenerateBindingRedirects\" property to true in the project file. For more information, see http://go.microsoft.com/fwlink/?LinkId=294190. [/data/OE/sicom-manifest-2.5/build/tmp-sicom-glibc/work/x86_64-linux/msbuild-native/16.0-r0/git/src/MSBuild/MSBuild.csproj]\r\n...\r\n```\r\nSo, there's a build error with or without /p:AutoGenerateBindingRedirects=false. This is a complete failure. \r\n\r\nHow to build msbuild solely from sources with only Mono present as a pre-built software with no extra dependencies?\r\n\r\n### Environment data\r\n`msbuild /version` output:\r\n\r\nNothing, it's msbuild that I am trying to build.\r\n\r\nOS info:\r\n\r\nYocto 2.5 based cross-compiled custom OS on CentOS 7 build host.\r\n",
  "state": "CLOSED",
  "createdAt": "2019-03-22T11:19:41Z",
  "updatedAt": "2024-02-21T17:08:51Z",
  "closedAt": "2019-03-22T11:53:08Z",
  "author": {
    "login": "zboszor"
  },
  "labels": [
    "triaged"
  ],
  "assignees": {
    "nodes": []
  },
  "milestone": null,
  "comments": {
    "nodes": [
      {
        "body": "Mistakenly made against the Microsoft repo.\r\nNow reported against Mono at https://github.com/mono/mono/issues/13602",
        "createdAt": "2019-03-22T11:53:08Z",
        "updatedAt": "2019-03-22T11:53:08Z",
        "author": {
          "login": "zboszor"
        }
      }
    ]
  }
}