{
  "number": 2965,
  "title": "Failing tests are not showing up correctly in Jenkins",
  "body": "See for example https://ci2.dot.net/job/Microsoft_msbuild/job/master/job/innerloop_Ubuntu16.04_CoreCLR_prtest/33/console\r\n\r\nThe build failed with a single (logical) error:\r\n\r\n```\r\nXUnit : error : /mnt/j/w/Microsoft_msbuild/master/innerloop_Ubuntu16.04_CoreCLR_prtest/build/../artifacts/2Debug/TestResults/Microsoft.Build.Engine.UnitTests_netcoreapp2.0_x64.log [netcoreapp2.0|x64] [/mnt/j/w/Microsoft_msbuild/master/innerloop_Ubuntu16.04_CoreCLR_prtest/src/Build.UnitTests/Microsoft.Build.Engine.UnitTests.csproj]\r\nXUnit : error : Tests failed on platforms: netcoreapp2.0|x64 [/mnt/j/w/Microsoft_msbuild/master/innerloop_Ubuntu16.04_CoreCLR_prtest/src/Build.UnitTests/Microsoft.Build.Engine.UnitTests.csproj]\r\n```\r\n\r\nand it did use the xunit scraper, which reported finding 7 results files:\r\n\r\n```\r\n[xUnit] [INFO] - Starting to record.\r\n[xUnit] [INFO] - Processing xUnit.Net-v2 (default)\r\n[xUnit] [INFO] - [xUnit.Net-v2 (default)] - 7 test report file(s) were found with the pattern 'artifacts/**/TestResults/*.xml' relative to '/mnt/j/w/Microsoft_msbuild/master/innerloop_Ubuntu16.04_CoreCLR_prtest' for the testing framework 'xUnit.Net-v2 (default)'.\r\n[xUnit] [INFO] - Check 'Failed Tests' threshold.\r\n[xUnit] [INFO] - Check 'Skipped Tests' threshold.\r\n[xUnit] [INFO] - Setting the build status to FAILURE\r\n[xUnit] [INFO] - Stopping recording.\r\n```\r\n\r\nBut the [test result](https://ci2.dot.net/job/Microsoft_msbuild/job/master/job/innerloop_Ubuntu16.04_CoreCLR_prtest/33/testReport/) shows no failures and 641 fewer tests than the previous run.\r\n\r\nThat's despite [`Microsoft.Build.Engine.UnitTests_netcoreapp2.0_x64.xml`](https://ci2.dot.net/job/Microsoft_msbuild/job/master/job/innerloop_Ubuntu16.04_CoreCLR_prtest/33/artifact/artifacts/2Debug/TestResults/Microsoft.Build.Framework.UnitTests_netcoreapp2.0_x64.xml) showing a failure:\r\n\r\n```xml\r\n<test time=\"0.0019735\" name=\"Microsoft.Build.UnitTests.Construction.SolutionFile_Tests.ParseFirstProjectLineWhereProjectPathHasBackslash\" type=\"Microsoft.Build.UnitTests.Construction.SolutionFile_Tests\" result=\"Fail\" method=\"ParseFirstProjectLineWhereProjectPathHasBackslash\">\r\n <failure exception-type=\"Xunit.Sdk.EqualException\">\r\n  <message>\r\n   <![CDATA[\r\nAssert.Equal() Failure\r\n                  \u2193 (pos 8)\r\nExpected: Relative/path/to/project file\r\nActual:   Relative\\\\path\\\\to\\\\project file\r\n                  \u2191 (pos 8)\r\n]]>\r\n  </message>\r\n  <stack-trace>\r\n  <![CDATA[\r\n   at Microsoft.Build.UnitTests.Construction.SolutionFile_Tests.ParseFirstProjectLineWhereProjectPathHasBackslash() in /_/src/Build.UnitTests/Construction/SolutionFile_Tests.cs:line 719]]>\r\n  </stack-trace>\r\n </failure>\r\n</test>\r\n```\r\n\r\nIt looks like none of the results from that file made it to the Jenkins UI.",
  "state": "CLOSED",
  "createdAt": "2018-02-07T19:17:27Z",
  "updatedAt": "2024-02-21T17:14:35Z",
  "closedAt": "2018-07-27T15:40:24Z",
  "author": {
    "login": "rainersigwald"
  },
  "labels": [
    "triaged"
  ],
  "assignees": {
    "nodes": []
  },
  "milestone": {
    "title": "Selfhost Sdks"
  },
  "comments": {
    "nodes": [
      {
        "body": "Closing because I don't remember seeing this recently and we're switching to VSTS so any Jenkins quirks aren't useful anyway.",
        "createdAt": "2018-07-27T15:40:24Z",
        "updatedAt": "2018-07-27T15:40:24Z",
        "author": {
          "login": "rainersigwald"
        }
      }
    ]
  }
}