{
  "number": 224,
  "title": "Clear error when Windows SDK is not installed (which causes NuGet to silently fail)",
  "body": "On a Windows 7 and 8 PC with a recent install of Visual Studio Community, there are a number of build errors. Nearly all of them are related to being unable to find xunit or dataflow packages.\n\nI have tried manually install microsoft.tpl.dataflow, xunit, and the xunit runner through nuget, but it did not affect the issue.\n\nIs there another dependency not described in the build steps? I didn't see anything obviously different in the logs on the CI server.\n\nBuild output:\n\nC:\\Program Files (x86)\\Microsoft Visual Studio 14.0>cd \\Projects\\msbuild\n\nC:\\Projects\\msbuild>build.cmd\n*\\* MSBuild Path: MSBuild.exe\n*\\* Building all sources\n*\\* \"MSBuild.exe\" \"C:\\Projects\\msbuild\\build.proj\" /verbosity:minimal /nodeReuse:\nfalse /fileloggerparameters:Verbosity=diag;LogFile=\"C:\\Projects\\msbuild\\msbuild.\nlog\"\nMicrosoft (R) Build Engine version 14.0.23107.0\nCopyright (C) Microsoft Corporation. All rights reserved.\n\n  Restoring NuGet packages...\n  Microsoft.Build.Framework -> C:\\Projects\\msbuild\\bin\\Windows_NT\\Debug\\Microso\n  ft.Build.Framework.dll\n  Microsoft.Build.Utilities -> C:\\Projects\\msbuild\\bin\\Windows_NT\\Debug\\Microso\n  ft.Build.Utilities.Core.dll\nBackEnd\\BuildManager\\BuildManager.cs(18,30): error CS0234: The type or namespac\ne name 'Dataflow' does not exist in the namespace 'System.Threading.Tasks' (are\n you missing an assembly reference?) [C:\\Projects\\msbuild\\src\\XMakeBuildEngine\\\nMicrosoft.Build.csproj]\nBackEnd\\Components\\Logging\\LoggingService.cs(15,30): error CS0234: The type or\nnamespace name 'Dataflow' does not exist in the namespace 'System.Threading.Tas\nks' (are you missing an assembly reference?) [C:\\Projects\\msbuild\\src\\XMakeBuil\ndEngine\\Microsoft.Build.csproj]\nBackEnd\\Components\\BuildRequestEngine\\BuildRequestEngine.cs(16,30): error CS023\n4: The type or namespace name 'Dataflow' does not exist in the namespace 'Syste\nm.Threading.Tasks' (are you missing an assembly reference?) [C:\\Projects\\msbuil\nd\\src\\XMakeBuildEngine\\Microsoft.Build.csproj]\nBackEnd\\BuildManager\\BuildManager.cs(208,17): error CS0246: The type or namespa\nce name 'ActionBlock<Action>' could not be found (are you missing a using direc\ntive or an assembly reference?) [C:\\Projects\\msbuild\\src\\XMakeBuildEngine\\Micro\nsoft.Build.csproj]\nBackEnd\\Components\\BuildRequestEngine\\BuildRequestEngine.cs(61,17): error CS024\n6: The type or namespace name 'ActionBlock<Action>' could not be found (are you\n missing a using directive or an assembly reference?) [C:\\Projects\\msbuild\\src\\\nXMakeBuildEngine\\Microsoft.Build.csproj]\nBackEnd\\Components\\Logging\\LoggingService.cs(197,17): error CS0246: The type or\n namespace name 'BufferBlock<object>' could not be found (are you missing a usi\nng directive or an assembly reference?) [C:\\Projects\\msbuild\\src\\XMakeBuildEngi\nne\\Microsoft.Build.csproj]\nBackEnd\\Components\\Logging\\LoggingService.cs(202,17): error CS0246: The type or\n namespace name 'ActionBlock<object>' could not be found (are you missing a usi\nng directive or an assembly reference?) [C:\\Projects\\msbuild\\src\\XMakeBuildEngi\nne\\Microsoft.Build.csproj]\n  Microsoft.Build.Tasks -> C:\\Projects\\msbuild\\bin\\Windows_NT\\Debug\\Microsoft.B\n  uild.Tasks.Core.dll\nAttribute_Tests.cs(12,7): error CS0246: The type or namespace name 'Xunit' coul\nd not be found (are you missing a using directive or an assembly reference?) [C\n:\\Projects\\msbuild\\src\\Framework\\UnitTests\\Microsoft.Build.Framework.UnitTests.\ncsproj]\nBuildErrorEventArgs_Tests.cs(11,7): error CS0246: The type or namespace name 'X\nunit' could not be found (are you missing a using directive or an assembly refe\nrence?) [C:\\Projects\\msbuild\\src\\Framework\\UnitTests\\Microsoft.Build.Framework.\nUnitTests.csproj]\n\n```\n... Removed some errors, but all of them are about Xunit and Fact...\n```\n\nEventArgs_Tests.cs(86,10): error CS0246: The type or namespace name 'Fact' coul\nd not be found (are you missing a using directive or an assembly reference?) [C\n:\\Projects\\msbuild\\src\\Framework\\UnitTests\\Microsoft.Build.Framework.UnitTests.\ncsproj]\n  XmlFileLogger -> C:\\Projects\\msbuild\\bin\\Samples\\Debug\\XmlFileLogger\\XmlFileL\n  ogger.dll\n\n```\n0 Warning(s)\n68 Error(s)\n```\n\nTime Elapsed 00:00:13.36\n*\\* Build completed. Exit code: 1\n",
  "state": "CLOSED",
  "createdAt": "2015-09-22T18:53:18Z",
  "updatedAt": "2024-02-21T17:30:38Z",
  "closedAt": "2015-10-13T22:38:32Z",
  "author": {
    "login": "nateglims"
  },
  "labels": [
    "triaged"
  ],
  "assignees": {
    "nodes": []
  },
  "milestone": null,
  "comments": {
    "nodes": [
      {
        "body": "That's interesting, thanks for the report.  Can you successfully build within Visual Studio?\n\nI have a hunch; I'll set up a clean VM to test it out.\n",
        "createdAt": "2015-09-22T18:58:47Z",
        "updatedAt": "2015-09-22T18:58:47Z",
        "author": {
          "login": "rainersigwald"
        }
      },
      {
        "body": "No, I am unable to build in Visual Studio either.\n",
        "createdAt": "2015-09-22T19:16:02Z",
        "updatedAt": "2015-09-22T19:16:02Z",
        "author": {
          "login": "nateglims"
        }
      },
      {
        "body": "(My VM is still spinning up . . .)\n\nCan you restore manually?  From the root of the repo\n\n``` cmd\npackages\\NuGet.exe restore src\\MSBuild.sln\n\nbuild.cmd\n```\n",
        "createdAt": "2015-09-22T19:42:49Z",
        "updatedAt": "2015-09-22T19:42:49Z",
        "author": {
          "login": "rainersigwald"
        }
      },
      {
        "body": "It just says all the packages in packages.config are installed, and compatible. build.cmd still fails.\n\nC:\\Projects\\msbuild>packages\\NuGet.exe restore src\\MSBuild.sln\nMSBuild auto-detection: using msbuild version '14.0' from 'C:\\Program Files (x86\n)\\MSBuild\\14.0\\bin'.\nAll packages listed in packages.config are already installed.\nRestoring packages for C:\\Projects\\msbuild\\src\\XMakeBuildEngine\\project.json...\nAll packages are compatible with .NETFramework,Version=v4.5.1.\nAll packages are compatible with .NETFramework,Version=v4.6.\nGenerating MSBuild file Microsoft.Build.nuget.targets.\nRestoring packages for C:\\Projects\\msbuild\\src\\Framework\\UnitTests\\project.json.\n..\nAll packages are compatible with .NETFramework,Version=v4.5.1.\nAll packages are compatible with .NETFramework,Version=v4.6.\nAll packages are compatible with .NETFramework,Version=v4.5.1 (win-).\nAll packages are compatible with .NETFramework,Version=v4.6 (win-).\nGenerating MSBuild file Microsoft.Build.Framework.UnitTests.nuget.targets.\nRestoring packages for C:\\Projects\\msbuild\\src\\XMakeCommandLine\\UnitTests\\projec\nt.json...\nAll packages are compatible with .NETFramework,Version=v4.5.1.\nAll packages are compatible with .NETFramework,Version=v4.6.\nAll packages are compatible with .NETFramework,Version=v4.5.1 (win-).\nAll packages are compatible with .NETFramework,Version=v4.6 (win-).\nGenerating MSBuild file Microsoft.Build.CommandLine.UnitTests.nuget.targets.\nRestoring packages for C:\\Projects\\msbuild\\src\\Utilities\\UnitTests\\project.json.\n..\nAll packages are compatible with .NETFramework,Version=v4.5.1.\nAll packages are compatible with .NETFramework,Version=v4.6.\nAll packages are compatible with .NETFramework,Version=v4.5.1 (win-).\nAll packages are compatible with .NETFramework,Version=v4.6 (win-).\nGenerating MSBuild file Microsoft.Build.Utilities.UnitTests.nuget.targets.\nRestoring packages for C:\\Projects\\msbuild\\src\\XMakeTasks\\UnitTests\\project.json\n...\nAll packages are compatible with .NETFramework,Version=v4.5.1.\nAll packages are compatible with .NETFramework,Version=v4.6.\nAll packages are compatible with .NETFramework,Version=v4.5.1 (win-).\nAll packages are compatible with .NETFramework,Version=v4.6 (win-).\nGenerating MSBuild file Microsoft.Build.Tasks.UnitTests.nuget.targets.\nRestoring packages for C:\\Projects\\msbuild\\src\\XMakeBuildEngine\\UnitTests\\projec\nt.json...\nAll packages are compatible with .NETFramework,Version=v4.5.1.\nAll packages are compatible with .NETFramework,Version=v4.6.\nAll packages are compatible with .NETFramework,Version=v4.5.1 (win-).\nAll packages are compatible with .NETFramework,Version=v4.6 (win-).\nGenerating MSBuild file Microsoft.Build.Engine.UnitTests.nuget.targets.\n",
        "createdAt": "2015-09-22T20:14:16Z",
        "updatedAt": "2015-09-22T20:14:16Z",
        "author": {
          "login": "nateglims"
        }
      },
      {
        "body": "Hmm.  I still don't repro.  I set up a Win8.1 VM with VS2015 Community and was able to clone and run build.cmd from a \"Developer Command Prompt for Visual Studio 2015\", including tests.\n\nI used some internal tooling to manage the OS + VS installation, which conceivably set something sneakily.\n\nCan you put the (gigantic) MSBuild.log file on a gist and link it here?  It sounds like a problem with NuGet package resolution at build time (rather than restore time).\n",
        "createdAt": "2015-09-23T15:47:38Z",
        "updatedAt": "2015-09-23T15:47:38Z",
        "author": {
          "login": "rainersigwald"
        }
      },
      {
        "body": "Oh, and what commit are you trying to build?\n",
        "createdAt": "2015-09-23T15:51:40Z",
        "updatedAt": "2015-09-23T15:51:40Z",
        "author": {
          "login": "rainersigwald"
        }
      },
      {
        "body": "Same thing, Windows 10, VS 2015 Pro. MSBuild.log: https://gist.github.com/LordJZ/cdf60e1a54a86bfd6ee6 building d2666006a8cb3139a8907742c5e3ff04886b4cfe\n",
        "createdAt": "2015-10-01T02:56:56Z",
        "updatedAt": "2015-10-01T02:57:31Z",
        "author": {
          "login": "LordJZ"
        }
      },
      {
        "body": "Thanks to @dsplaisted, I think we've narrowed down the problem.  Can you make sure you have the \"Universal Windows App Development Tools and Windows SDK\" installed?\n\n![image](https://cloud.githubusercontent.com/assets/3347530/10229970/69396342-6840-11e5-8ef6-1f4434c4b36f.png)\n\nThat's the VS install option that installs the NuGet targets that read the project.json files and injects references.\n\n@LordJZ, @nateglims -- can you please let me know whether installing that component resolves your problems?  If it does, I'll find a home for an FAQ or something about this. \n",
        "createdAt": "2015-10-01T18:31:42Z",
        "updatedAt": "2015-10-01T18:31:42Z",
        "author": {
          "login": "rainersigwald"
        }
      },
      {
        "body": "Can confirm this works, thanks :+1: \n",
        "createdAt": "2015-10-02T02:41:03Z",
        "updatedAt": "2015-10-02T02:41:03Z",
        "author": {
          "login": "LordJZ"
        }
      },
      {
        "body": "Worked for me also.\n",
        "createdAt": "2015-10-02T13:12:46Z",
        "updatedAt": "2015-10-02T13:12:46Z",
        "author": {
          "login": "nateglims"
        }
      },
      {
        "body": "Great, thanks folks.  I'll leave this issue open--we should detect and give a nice error for this condition.\n",
        "createdAt": "2015-10-02T14:10:59Z",
        "updatedAt": "2015-10-02T14:10:59Z",
        "author": {
          "login": "rainersigwald"
        }
      }
    ]
  }
}