{
  "number": 3368,
  "title": "XslTransform task not available in .NET Core",
  "body": "### Steps to reproduce\r\n\r\nProject file (test.msbuild)\r\n```xml\r\n<Project>\r\n   <Target Name=\"Foo\">\r\n      <XslTransform />\r\n   </Target>\r\n</Project>\r\n```\r\n\r\nCommand line\r\n```\r\ndotnet msbuild /t:Foo\r\n```\r\n### Expected  behavior\r\nmsbuild complains that not all necessary parameters are given to the task:\r\n\r\n>  error MSB4044: The \"XslTransform\" task was not given a value for the required parameter \"...\".\r\n\r\n(of course, if all required parameter would be given it should execute the task...)\r\n\r\n### Actual behavior\r\n>error MSB4036: The \"XslTransform\" task was not found. Check the following: 1.) The name of the task in the project file is the same as the name of the task class. 2.) The task class is \"public\" and implements the Microsoft.Build.Framework.ITask interface. 3.) The task is correctly declared with <UsingTask> in the project file, or in the *.tasks files located in the \"C:\\Program Files\\dotnet\\sdk\\2.1.201\" directory.\r\n\r\n### Environment data\r\n`dotnet --version` output:\r\n>2.1.201\r\n\r\ndotnet msbuild output:\r\n>Microsoft (R) Build Engine version 15.7.179.6572 for .NET Core\r\n\r\nNote:\r\nThis is similar to https://github.com/Microsoft/msbuild/issues/1731 which was fixed by https://github.com/Microsoft/msbuild/commit/0956cef84e35eb05b2756416059d8cbe00430c5f\r\n",
  "state": "CLOSED",
  "createdAt": "2018-06-05T12:22:31Z",
  "updatedAt": "2024-02-21T17:12:51Z",
  "closedAt": "2019-10-24T22:50:58Z",
  "author": {
    "login": "BrunoJuchli"
  },
  "labels": [
    "help wanted",
    ".NET Core",
    "Area: Tasks",
    "triaged"
  ],
  "assignees": {
    "nodes": [
      {
        "login": "benvillalobos"
      }
    ]
  },
  "milestone": {
    "title": "MSBuild 16.4"
  },
  "comments": {
    "nodes": [
      {
        "body": "Note, that when I encounter this issue in my actual project configuration, the error output is different:\r\n>error MSB4062: The \"Microsoft.Build.Tasks.XslTransformation\" task could not be loaded from the assembly Microsoft.Build.Tasks.Core, Version=15.1.0.0, Culture=neutral, PublicKeyToken=b03f5f7f11d50a3a.  Confirm that the <UsingTask> declaration is correct, that the assembly and all its dependencies are available, and that the task contains a public class that implements Microsoft.Build.Framework.ITask. [C:\\work\\Erowa.ContractGenerator\\source\\Erowa.ContractGenerator\\Erowa.ContractGenerator.csproj]\r\n\r\nSo there's actually a `UsingTask` declaration being loaded somewhere. I've been unable to create a minimal repro for this, so far, though. So I don't know what's causing this.\r\n\r\nHowever, if anyone would like to have a look at the binary log, here it is:\r\n[binlog.zip](https://github.com/Microsoft/msbuild/files/2072321/binlog.zip)\r\n",
        "createdAt": "2018-06-05T12:27:57Z",
        "updatedAt": "2018-06-05T12:28:24Z",
        "author": {
          "login": "BrunoJuchli"
        }
      },
      {
        "body": "This was a task that didn't make the cut way back when we originally ported to .NET Core. My understanding is that .NET Core 2.0 added all the XSL functionality we need (like [`XslCompiledTransform`](https://docs.microsoft.com/en-us/dotnet/api/system.xml.xsl.xslcompiledtransform?view=netstandard-2.0)), so this should be easy to bring up for all target frameworks.",
        "createdAt": "2018-06-05T16:06:43Z",
        "updatedAt": "2018-06-05T16:06:43Z",
        "author": {
          "login": "rainersigwald"
        }
      },
      {
        "body": "Unfortunately, it's more complicated than just turning the task on again. I tried in https://github.com/rainersigwald/msbuild/tree/xsltransform but the tests give errors\r\n\r\n```\r\nXslTransformation_Tests.cs(1161,100): error CS0117: 'AssemblyBuilderAccess' does not contain a definition for 'Save' [/Users/raines/src/msbuild/src/Tasks.UnitTests/Microsoft.Build.Tasks.UnitTests.csproj]\r\nXslTransformation_Tests.cs(1161,47): error CS1061: 'AppDomain' does not contain a definition for 'DefineDynamicAssembly' and no extension method 'DefineDynamicAssembly' accepting a first argument of type 'AppDomain' could be found (are you missing a using directive or an assembly reference?) [/Users/raines/src/msbuild/src/Tasks.UnitTests/Microsoft.Build.Tasks.UnitTests.csproj]\r\nXslTransformation_Tests.cs(1170,45): error CS1501: No overload for method 'DefineDynamicModule' takes 3 arguments [/Users/raines/src/msbuild/src/Tasks.UnitTests/Microsoft.Build.Tasks.UnitTests.csproj]\r\nXslTransformation_Tests.cs(1187,51): error CS0117: 'XslCompiledTransform' does not contain a definition for 'CompileToType' [/Users/raines/src/msbuild/src/Tasks.UnitTests/Microsoft.Build.Tasks.UnitTests.csproj]\r\nXslTransformation_Tests.cs(1197,21): error CS1061: 'AssemblyBuilder' does not contain a definition for 'Save' and no extension method 'Save' accepting a first argument of type 'AssemblyBuilder' could be found (are you missing a using directive or an assembly reference?) [/Users/raines/src/msbuild/src/Tasks.UnitTests/Microsoft.Build.Tasks.UnitTests.csproj]\r\nXslTransformation_Tests.cs(1217,100): error CS0117: 'AssemblyBuilderAccess' does not contain a definition for 'Save' [/Users/raines/src/msbuild/src/Tasks.UnitTests/Microsoft.Build.Tasks.UnitTests.csproj]\r\nXslTransformation_Tests.cs(1217,47): error CS1061: 'AppDomain' does not contain a definition for 'DefineDynamicAssembly' and no extension method 'DefineDynamicAssembly' accepting a first argument of type 'AppDomain' could be found (are you missing a using directive or an assembly reference?) [/Users/raines/src/msbuild/src/Tasks.UnitTests/Microsoft.Build.Tasks.UnitTests.csproj]\r\nXslTransformation_Tests.cs(1219,45): error CS1501: No overload for method 'DefineDynamicModule' takes 3 arguments [/Users/raines/src/msbuild/src/Tasks.UnitTests/Microsoft.Build.Tasks.UnitTests.csproj]\r\nXslTransformation_Tests.cs(1233,21): error CS1061: 'AssemblyBuilder' does not contain a definition for 'Save' and no extension method 'Save' accepting a first argument of type 'AssemblyBuilder' could be found (are you missing a using directive or an assembly reference?) [/Users/raines/src/msbuild/src/Tasks.UnitTests/Microsoft.Build.Tasks.UnitTests.csproj]\r\nXslTransformation_Tests.cs(1161,100): error CS0117: 'AssemblyBuilderAccess' does not contain a definition for 'Save' [/Users/raines/src/msbuild/src/Tasks.UnitTests/Microsoft.Build.Tasks.UnitTests.csproj]\r\nXslTransformation_Tests.cs(1161,47): error CS1061: 'AppDomain' does not contain a definition for 'DefineDynamicAssembly' and no extension method 'DefineDynamicAssembly' accepting a first argument of type 'AppDomain' could be found (are you missing a using directive or an assembly reference?) [/Users/raines/src/msbuild/src/Tasks.UnitTests/Microsoft.Build.Tasks.UnitTests.csproj]\r\nXslTransformation_Tests.cs(1170,45): error CS1501: No overload for method 'DefineDynamicModule' takes 3 arguments [/Users/raines/src/msbuild/src/Tasks.UnitTests/Microsoft.Build.Tasks.UnitTests.csproj]\r\nXslTransformation_Tests.cs(1187,51): error CS0117: 'XslCompiledTransform' does not contain a definition for 'CompileToType' [/Users/raines/src/msbuild/src/Tasks.UnitTests/Microsoft.Build.Tasks.UnitTests.csproj]\r\nXslTransformation_Tests.cs(1197,21): error CS1061: 'AssemblyBuilder' does not contain a definition for 'Save' and no extension method 'Save' accepting a first argument of type 'AssemblyBuilder' could be found (are you missing a using directive or an assembly reference?) [/Users/raines/src/msbuild/src/Tasks.UnitTests/Microsoft.Build.Tasks.UnitTests.csproj]\r\nXslTransformation_Tests.cs(1217,100): error CS0117: 'AssemblyBuilderAccess' does not contain a definition for 'Save' [/Users/raines/src/msbuild/src/Tasks.UnitTests/Microsoft.Build.Tasks.UnitTests.csproj]\r\nXslTransformation_Tests.cs(1217,47): error CS1061: 'AppDomain' does not contain a definition for 'DefineDynamicAssembly' and no extension method 'DefineDynamicAssembly' accepting a first argument of type 'AppDomain' could be found (are you missing a using directive or an assembly reference?) [/Users/raines/src/msbuild/src/Tasks.UnitTests/Microsoft.Build.Tasks.UnitTests.csproj]\r\nXslTransformation_Tests.cs(1219,45): error CS1501: No overload for method 'DefineDynamicModule' takes 3 arguments [/Users/raines/src/msbuild/src/Tasks.UnitTests/Microsoft.Build.Tasks.UnitTests.csproj]\r\nXslTransformation_Tests.cs(1233,21): error CS1061: 'AssemblyBuilder' does not contain a definition for 'Save' and no extension method 'Save' accepting a first argument of type 'AssemblyBuilder' could be found (are you missing a using directive or an assembly reference?) [/Users/raines/src/msbuild/src/Tasks.UnitTests/Microsoft.Build.Tasks.UnitTests.csproj]\r\n```",
        "createdAt": "2018-06-05T16:36:44Z",
        "updatedAt": "2018-06-05T16:36:44Z",
        "author": {
          "login": "rainersigwald"
        }
      },
      {
        "body": "I think I didn't notice that those errors are all in tests. If those test compilation failures are the only problem, we should consider disabling only those tests on Core, or rewriting them so that they work everywhere.",
        "createdAt": "2019-08-14T15:24:30Z",
        "updatedAt": "2019-08-14T15:24:30Z",
        "author": {
          "login": "rainersigwald"
        }
      },
      {
        "body": "Hello, I still have the same issue on my .net core 3.0 project. Is there a fix in sight yet?\r\n\r\n## Environment data\r\n\r\n> ```dotnet --version``` output:\r\n\r\n    3.0.100\r\n\r\n> ```dotnet msbuild``` output:\r\n\r\n    Microsoft (R)-Build-Engine, Version 16.3.0+0f4c62fea f\u00fcr .NET Core\r\n",
        "createdAt": "2019-10-20T19:16:30Z",
        "updatedAt": "2019-10-20T19:16:30Z",
        "author": {
          "login": "sven-n"
        }
      },
      {
        "body": "@sven-n yes! a fix is in the works and is planned to be released in 16.4 ",
        "createdAt": "2019-10-21T23:08:53Z",
        "updatedAt": "2019-10-21T23:08:53Z",
        "author": {
          "login": "benvillalobos"
        }
      }
    ]
  }
}