{
  "number": 1546,
  "title": "[Regression] Unqualified expansion isn't expanding in some cases",
  "body": "Build: 26107.1 D15PreRel\r\n\r\nThis appears to be a regression, and is succeeding on certain builds of VS but failing on others.\r\n\r\nI attempted to break down the repro but it does not repro outside of our environment\r\n\r\n1. git clone https://github.com/dotnet/roslyn-project-system.git\r\n2. cd roslyn-project-system\r\n3. git checkout 7ad11b8\r\n4. build\r\n\r\nExpected: Build to succeed\r\nActual: \r\n\r\n```\r\nE:\\project-system\\build\\Targets\\VSL.Imports.targets(559,5): error MSB3030: Could not copy the file \"\\**\\\" because it was not found. [E:\\project-system\\src\\Dependencies\\Immutable\\Immutable.csproj]\r\nE:\\project-system\\build\\Targets\\VSL.Imports.targets(559,5): error MSB3030: Could not copy the file \"\\**\\\" because it was not found. [E:\\project-system\\src\\Dependencies\\CoreFX\\CoreFX.csproj]\r\nE:\\project-system\\build\\Targets\\VSL.Imports.targets(559,5): error MSB3030: Could not copy the file \"\\**\\\" because it was not found. [E:\\project-system\\src\\Dependencies\\xUnit.net\\xUnit.net.csproj]\r\nC:\\Program Files (x86)\\Microsoft Visual Studio\\2017\\Enterprise\\MSBuild\\15.0\\bin\\Microsoft.Common.CurrentVersion.targets(4604,5): error MSB3541: Files has invalid value \"E:\\project-system\\bin\\Debug\\\\Rules\\**\\\". Illegal characters in path. [E:\\project-system\\src\\Dependencies\\CoreFX\\CoreFX.csproj]\r\nC:\\Program Files (x86)\\Microsoft Visual Studio\\2017\\Enterprise\\MSBuild\\15.0\\bin\\Microsoft.Common.CurrentVersion.targets(4604,5): error MSB3541: Files has invalid value \"E:\\project-system\\bin\\Debug\\\\Rules\\**\\\". Illegal characters in path. [E:\\project-system\\src\\Dependencies\\Immutable\\Immutable.csproj]\r\n```\r\n\r\nThe target that is failing is this:\r\n\r\n``` XML\r\n  <Target Name=\"CopyAdditionalFilesToOutputDirectory\" AfterTargets=\"CopyFilesToOutputDirectory\">\r\n\r\n    <!-- Copy manifests to be picked up by NuGet insertion packages -->\r\n    <Copy SourceFiles=\"source.extension.vsixmanifest\" \r\n          DestinationFolder=\"$(OutDir)\\Manifests\\$(MSBuildProjectName)\"\r\n          Condition=\"'$(CreateVsixContainer)' == 'true'\">\r\n      \r\n      <Output TaskParameter=\"DestinationFiles\" ItemName=\"FileWrites\"/>\r\n    </Copy>\r\n\r\n    <ItemGroup>\r\n       <_XamlPropertyRuleToCopy Include=\"@(XamlPropertyRule);@(XamlPropertyRuleNoCodeBehind);@(XamlPropertyProjectItemsSchema)\" />\r\n\r\n       <!-- Pick up localized copies as well -->\r\n       <_XamlPropertyRuleToCopy Include=\"%(RootDir)%(Directory)\\**\\%(Filename)%(Extension)\" />\r\n    </ItemGroup>\r\n\r\n    <!-- Copy rule files for testing and setup authoring purposes -->\r\n    <Copy SourceFiles=\"@(_XamlPropertyRuleToCopy)\"\r\n          DestinationFiles=\"@(_XamlPropertyRuleToCopy->'$(OutDir)\\Rules\\%(RecursiveDir)%(Filename)%(Extension)')\">\r\n      \r\n      <Output TaskParameter=\"DestinationFiles\" ItemName=\"FileWrites\"/>      \r\n    </Copy>\r\n    \r\n  </Target>\r\n```\r\n\r\nIn particular:\r\n\r\n``` XML\r\n       <_XamlPropertyRuleToCopy Include=\"%(RootDir)%(Directory)\\**\\%(Filename)%(Extension)\" />\r\n```\r\n\r\nIs expanding to:\r\n\r\n```\r\n\\**\\\r\n```\r\n\r\nWhich appears to be invalid item spec (I think?), resulting in the trailing copy to fail.",
  "state": "OPEN",
  "createdAt": "2017-01-12T03:10:17Z",
  "updatedAt": "2024-02-21T16:37:45Z",
  "closedAt": null,
  "author": {
    "login": "davkean"
  },
  "labels": [
    "triaged"
  ],
  "assignees": {
    "nodes": []
  },
  "milestone": {
    "title": "Consider for Next Major Version"
  },
  "comments": {
    "nodes": [
      {
        "body": "tag @cdmihai ",
        "createdAt": "2017-01-12T05:39:30Z",
        "updatedAt": "2017-01-12T05:39:30Z",
        "author": {
          "login": "davkean"
        }
      },
      {
        "body": "I tried to do a minimal repro on this and I can't repro it. I am going to take your repro steps and try to minimize them.\r\n\r\ndisk layout:\r\n```\r\n+---a\r\n|   |   a1.cs\r\n|   |   a1.txt\r\n|   |\r\n|   \\---subA\r\n|           a1.cs\r\n|           a2.cs\r\n|           a2.txt\r\n|\r\n\\---b\r\n    |   b1.cs\r\n    |   b1.txt\r\n    |\r\n    \\---subB\r\n            b1.cs\r\n            b2.cs\r\n            b2.txt\r\n```\r\n\r\nminimal repro:\r\n```xml\r\n<?xml version=\"1.0\" encoding=\"utf-8\"?>\r\n<Project xmlns=\"http://schemas.microsoft.com/developer/msbuild/2003\">\r\n\r\n    <ItemGroup>\r\n        <a Include=\"a\\*.cs\"/>\r\n        <b Include=\"b\\*.cs\"/>\r\n    </ItemGroup>\r\n\r\n    <Target Name=\"batching\">\r\n\r\n        <ItemGroup>\r\n        <aggregate Include=\"@(a);@(b)\" />\r\n        <aggregate Include=\"%(RootDir)%(Directory)\\**\\%(Filename)%(Extension)\" />\r\n        </ItemGroup>\r\n\r\n        <Message Text=\"a: @(a)\"/>\r\n        <Message Text=\"b: @(b)\"/>\r\n        <Message Text=\"aggregate: @(aggregate)\"/>\r\n\r\n    </Target>\r\n</Project>\r\n```\r\n\r\ncommandline output:\r\n```\r\nPS D:\\projects\\tests\\projects\\globbing> Get-Command msbuild\r\n\r\nCommandType     Name                                               Version    Source\r\n-----------     ----                                               -------    ------\r\nApplication     MSBuild.exe                                        14.0.25... C:\\Program Files (x86)\\MSBuild\\14.0\\bin\\MSBuild.exe\r\n\r\n\r\nPS D:\\projects\\tests\\projects\\globbing> msbuild\r\nMicrosoft (R) Build Engine version 14.0.25420.1\r\nCopyright (C) Microsoft Corporation. All rights reserved.\r\n\r\nBuild started 12/01/2017 11:19:18 AM.\r\nProject \"D:\\projects\\tests\\projects\\globbing\\build.proj\" on node 1 (default targets).\r\nbatching:\r\n  a: a\\a1.cs\r\n  b: b\\b1.cs\r\n  aggregate: a\\a1.cs;b\\b1.cs;D:\\projects\\tests\\projects\\globbing\\a\\\\a1.cs;D:\\projects\\tests\\projects\\globbing\\a\\\\subA\\a1.cs;D:\\projects\\tests\\projects\\globbing\\b\\\\b1.cs;D:\\projects\\tests\\projects\\globbing\\b\\\\subB\\b1.cs\r\nDone Building Project \"D:\\projects\\tests\\projects\\globbing\\build.proj\" (default targets).\r\n\r\n\r\nBuild succeeded.\r\n    0 Warning(s)\r\n    0 Error(s)\r\n\r\nTime Elapsed 00:00:00.05\r\nPS D:\\projects\\tests\\projects\\globbing> D:\\projects\\msbuild_2\\bin\\Bootstrap\\15.0\\Bin\\MSBuild.exe\r\nMicrosoft (R) Build Engine version 15.1.519.44296\r\nCopyright (C) Microsoft Corporation. All rights reserved.\r\n\r\nBuild started 12/01/2017 11:19:32 AM.\r\nProject \"D:\\projects\\tests\\projects\\globbing\\build.proj\" on node 1 (default targets).\r\nbatching:\r\n  a: a\\a1.cs\r\n  b: b\\b1.cs\r\n  aggregate: a\\a1.cs;b\\b1.cs;D:\\projects\\tests\\projects\\globbing\\a\\\\a1.cs;D:\\projects\\tests\\projects\\globbing\\a\\\\subA\\a1.cs;D:\\projects\\tests\\projects\\globbing\\b\\\\b1.cs;D:\\projects\\tests\\projects\\globbing\\b\\\\subB\\b1.cs\r\nDone Building Project \"D:\\projects\\tests\\projects\\globbing\\build.proj\" (default targets).\r\n\r\n\r\nBuild succeeded.\r\n    0 Warning(s)\r\n    0 Error(s)\r\n\r\nTime Elapsed 00:00:00.47\r\nPS D:\\projects\\tests\\projects\\globbing> D:\\projects\\msbuild_2\\bin\\Bootstrap-NetCore\\CoreRun.exe D:\\projects\\msbuild_2\\bin\\Bootstrap-NetCore\\MSBuild.dll\r\nMicrosoft (R) Build Engine version 15.1.0.0\r\nCopyright (C) Microsoft Corporation. All rights reserved.\r\n\r\nBuild started 12/01/2017 11:20:02 AM.\r\nProject \"D:\\projects\\tests\\projects\\globbing\\build.proj\" on node 1 (default targets).\r\nbatching:\r\n  a: a\\a1.cs\r\n  b: b\\b1.cs\r\n  aggregate: a\\a1.cs;b\\b1.cs;D:\\projects\\tests\\projects\\globbing\\a\\\\a1.cs;D:\\projects\\tests\\projects\\globbing\\a\\\\subA\\a1.cs;D:\\projects\\tests\\projects\\globbing\\b\\\\b1.cs;D:\\projects\\tests\\projects\\globbing\\b\\\\subB\\b1.cs\r\nDone Building Project \"D:\\projects\\tests\\projects\\globbing\\build.proj\" (default targets).\r\n\r\n\r\nBuild succeeded.\r\n    0 Warning(s)\r\n    0 Error(s)\r\n\r\nTime Elapsed 00:00:00.93\r\n```\r\n\r\n\r\n",
        "createdAt": "2017-01-12T19:21:58Z",
        "updatedAt": "2017-01-12T19:21:58Z",
        "author": {
          "login": "cdmihai"
        }
      },
      {
        "body": "@davkean \r\nI repeated the repro steps you mentioned a couple of times but the build succeeded on all attempts. The only things I got were some RAR conflict warnings. Is the build failing only on specific machines? I guess the next step is getting my hands on some of them failing VMs :)",
        "createdAt": "2017-01-13T01:24:57Z",
        "updatedAt": "2017-01-13T01:26:15Z",
        "author": {
          "login": "cdmihai"
        }
      },
      {
        "body": "Same build?",
        "createdAt": "2017-01-13T01:33:14Z",
        "updatedAt": "2017-01-13T01:33:14Z",
        "author": {
          "login": "davkean"
        }
      },
      {
        "body": "I built the repo at 7ad11b8",
        "createdAt": "2017-01-13T01:35:56Z",
        "updatedAt": "2017-01-13T01:35:56Z",
        "author": {
          "login": "cdmihai"
        }
      },
      {
        "body": "Same build of VS, I mean?",
        "createdAt": "2017-01-13T01:37:08Z",
        "updatedAt": "2017-01-13T01:37:08Z",
        "author": {
          "login": "davkean"
        }
      },
      {
        "body": "Oops, I'm using 26111.1, which is using msbuild build of 20170110.3.15.1.516.52544\r\nI'll downgrade to the one you mentioned and try again. I see that one's using msbuild's build 20170107.2.15.1.509.30326\r\n\r\nI'll check the diffs and see if I spot anything.",
        "createdAt": "2017-01-13T01:42:53Z",
        "updatedAt": "2017-01-13T01:43:15Z",
        "author": {
          "login": "cdmihai"
        }
      },
      {
        "body": "26107.1 D15PreRel builds succsesfuly for me at 7ad11b8. If you want to take a look, I've given you access to cdmihai-meta2. The repo is cloned in C:\\projects\r\n\r\nCan you give me a VM where it fails?",
        "createdAt": "2017-01-13T22:37:16Z",
        "updatedAt": "2017-01-13T22:37:16Z",
        "author": {
          "login": "cdmihai"
        }
      },
      {
        "body": "I'm still running into this 26114.2 (MSBuild 15.1.523.56541) from D15Rel.\r\n\r\nI don't have a VM with this - it's my dev box so you'll need to coordinate with me.",
        "createdAt": "2017-01-17T01:34:48Z",
        "updatedAt": "2017-01-17T01:34:48Z",
        "author": {
          "login": "davkean"
        }
      },
      {
        "body": "If it makes a difference, my enlistment is on a different drive to my MSBuild.",
        "createdAt": "2017-01-17T01:40:20Z",
        "updatedAt": "2017-01-17T01:40:20Z",
        "author": {
          "login": "davkean"
        }
      },
      {
        "body": "@RaulPerez1 is also running into this.",
        "createdAt": "2017-01-18T22:22:10Z",
        "updatedAt": "2017-01-18T22:22:10Z",
        "author": {
          "login": "davkean"
        }
      },
      {
        "body": "FWIW, the fix for us appears to be removing an extra `\\`, see https://github.com/dotnet/roslyn-project-system/pull/1235.",
        "createdAt": "2017-01-18T22:32:42Z",
        "updatedAt": "2017-01-18T22:32:42Z",
        "author": {
          "login": "333fred"
        }
      },
      {
        "body": "@RaulPerez1 Do you have a better repro for this issue?",
        "createdAt": "2017-01-19T01:44:24Z",
        "updatedAt": "2017-01-19T01:44:24Z",
        "author": {
          "login": "cdmihai"
        }
      },
      {
        "body": "@cdmihai There's been 4 reports on our team about this bug, so it seems like there's something missing on your box to prevent you from running into?",
        "createdAt": "2017-01-19T01:49:14Z",
        "updatedAt": "2017-01-19T01:49:14Z",
        "author": {
          "login": "davkean"
        }
      },
      {
        "body": "My repro is from the same sources as David's but if you're having issues getting that to repro here were my steps from yesterday:\r\n\r\n1) Fresh install of D15Prerel (Managed, C++, and VS SDK workloads, with a couple of extra components that shouldn't be related to the repro)\r\n2) Open the sources for dotnet\\roslyn-project-system (minus the changes in [this PR](https://github.com/dotnet/roslyn-project-system/pull/1235))\r\n3) Build the solution\r\n\r\nError happens early on and I also got the same from the command line. Also worth mentioning it repro on both D15Prerel and D15Rel from yesterday.\r\n\r\n\r\n",
        "createdAt": "2017-01-19T02:46:12Z",
        "updatedAt": "2017-01-19T02:46:12Z",
        "author": {
          "login": "RaulPerez1"
        }
      }
    ]
  }
}