{
  "number": 1846,
  "title": "High memory usage and out of memory crashes when building many projects in one invocation",
  "body": "We are building 521 projects in single `dotnet msbuild` invocation resulting in out of memory crash on machine with 8gb memory and 16gb of swap. Worker processes continuously grow in size and using `UnloadProjectsOnCompletion` on inner msbuild invocation doesn't help either.\r\n\r\n![](https://cloud.githubusercontent.com/assets/174281/23783842/51566754-0513-11e7-8fd1-b47c1821bf66.png)\r\n\r\nCan be reproduced by cloning `git@github.com:aspnet/Universe.git` commit `90922646bf422547d110376481d5d1f309fb0e37` and running `.\\build.cmd`\r\n\r\n\r\nSample crash logs:\r\n```\r\n[06:45:23]W:\t [Step 4/4] \r\n[06:45:23]W:\t [Step 4/4] Process is terminated due to StackOverflowException.\r\n[06:45:23]W:\t [Step 4/4] \r\n[06:45:23]W:\t [Step 4/4] Process is terminated due to StackOverflowException.\r\n[06:45:35] :\t [Step 4/4]   Installing Microsoft.Extensions.CommandLineUtils 1.2.0-preview1-20698.\r\n[06:45:35] :\t [Step 4/4] C:\\BuildAgent\\work\\29495d0a71cf35ac\\.dotnet\\sdk\\1.0.0\\NuGet.targets(97,5): error : System.AggregateException: One or more errors occurred. (Exception of type 'System.OutOfMemoryException' was thrown.) ---> System.OutOfMemoryException: Exception of type 'System.OutOfMemoryException' was thrown. [C:\\BuildAgent\\work\\29495d0a71cf35ac\\Universe\\.r\\MvcPrecompilation\\.build\\KoreBuild.proj]\r\n[06:45:35] :\t [Step 4/4] C:\\BuildAgent\\work\\29495d0a71cf35ac\\.dotnet\\sdk\\1.0.0\\NuGet.targets(97,5): error :    at System.Collections.Generic.HashSet`1.Initialize(Int32 capacity) [C:\\BuildAgent\\work\\29495d0a71cf35ac\\Universe\\.r\\MvcPrecompilation\\.build\\KoreBuild.proj]\r\n[06:45:35] :\t [Step 4/4] C:\\BuildAgent\\work\\29495d0a71cf35ac\\.dotnet\\sdk\\1.0.0\\NuGet.targets(97,5): error :    at System.Collections.Generic.HashSet`1.AddIfNotPresent(T value) [C:\\BuildAgent\\work\\29495d0a71cf35ac\\Universe\\.r\\MvcPrecompilation\\.build\\KoreBuild.proj]\r\n[06:45:35] :\t [Step 4/4] C:\\BuildAgent\\work\\29495d0a71cf35ac\\.dotnet\\sdk\\1.0.0\\NuGet.targets(97,5): error :    at System.Collections.Generic.HashSet`1.Add(T item) [C:\\BuildAgent\\work\\29495d0a71cf35ac\\Universe\\.r\\MvcPrecompilation\\.build\\KoreBuild.proj]\r\n[06:45:35] :\t [Step 4/4] C:\\BuildAgent\\work\\29495d0a71cf35ac\\.dotnet\\sdk\\1.0.0\\NuGet.targets(97,5): error :    at NuGet.Packaging.NuspecReader.<GetDependencyGroups>d__27.MoveNext() [C:\\BuildAgent\\work\\29495d0a71cf35ac\\Universe\\.r\\MvcPrecompilation\\.build\\KoreBuild.proj]\r\n[06:45:35] :\t [Step 4/4] C:\\BuildAgent\\work\\29495d0a71cf35ac\\.dotnet\\sdk\\1.0.0\\NuGet.targets(97,5): error :    at System.Collections.Generic.List`1..ctor(IEnumerable`1 collection) [C:\\BuildAgent\\work\\29495d0a71cf35ac\\Universe\\.r\\MvcPrecompilation\\.build\\KoreBuild.proj]\r\n[06:45:35] :\t [Step 4/4] C:\\BuildAgent\\work\\29495d0a71cf35ac\\.dotnet\\sdk\\1.0.0\\NuGet.targets(97,5): error :    at System.Linq.Enumerable.ToList[TSource](IEnumerable`1 source) [C:\\BuildAgent\\work\\29495d0a71cf35ac\\Universe\\.r\\MvcPrecompilation\\.build\\KoreBuild.proj]\r\n[06:45:35] :\t [Step 4/4] C:\\BuildAgent\\work\\29495d0a71cf35ac\\.dotnet\\sdk\\1.0.0\\NuGet.targets(97,5): error :    at NuGet.Protocol.Core.Types.FindPackageByIdDependencyInfo..ctor(IEnumerable`1 dependencyGroups, IEnumerable`1 frameworkReferenceGroups) [C:\\BuildAgent\\work\\29495d0a71cf35ac\\Universe\\.r\\MvcPrecompilation\\.build\\KoreBuild.proj]\r\n[06:45:35] :\t [Step 4/4] C:\\BuildAgent\\work\\29495d0a71cf35ac\\.dotnet\\sdk\\1.0.0\\NuGet.targets(97,5): error :    at NuGet.Protocol.Core.Types.FindPackageByIdResource.GetDependencyInfo(NuspecReader reader) [C:\\BuildAgent\\work\\29495d0a71cf35ac\\Universe\\.r\\MvcPrecompilation\\.build\\KoreBuild.proj]\r\n[06:45:35] :\t [Step 4/4] C:\\BuildAgent\\work\\29495d0a71cf35ac\\.dotnet\\sdk\\1.0.0\\NuGet.targets(97,5): error :    at NuGet.Protocol.LocalV3FindPackageByIdResource.<GetDependencyInfoAsync>b__8_0(NuspecReader nuspecReader) [C:\\BuildAgent\\work\\29495d0a71cf35ac\\Universe\\.r\\MvcPrecompilation\\.build\\KoreBuild.proj]\r\n[06:45:35] :\t [Step 4/4] C:\\BuildAgent\\work\\29495d0a71cf35ac\\.dotnet\\sdk\\1.0.0\\NuGet.targets(97,5): error :    at NuGet.Protocol.LocalV3FindPackageByIdResource.ProcessNuspecReader[T](String id, NuGetVersion version, Func`2 process) [C:\\BuildAgent\\work\\29495d0a71cf35ac\\Universe\\.r\\MvcPrecompilation\\.build\\KoreBuild.proj]\r\n[06:45:35] :\t [Step 4/4] C:\\BuildAgent\\work\\29495d0a71cf35ac\\.dotnet\\sdk\\1.0.0\\NuGet.targets(97,5): error :    at NuGet.Protocol.LocalV3FindPackageByIdResource.GetDependencyInfoAsync(String id, NuGetVersion version, SourceCacheContext cacheContext, ILogger logger, CancellationToken token) [C:\\BuildAgent\\work\\29495d0a71cf35ac\\Universe\\.r\\MvcPrecompilation\\.build\\KoreBuild.proj]\r\n[06:45:35] :\t [Step 4/4] C:\\BuildAgent\\work\\29495d0a71cf35ac\\.dotnet\\sdk\\1.0.0\\NuGet.targets(97,5): error :    at NuGet.Commands.SourceRepositoryDependencyProvider.<GetDependenciesAsync>d__13.MoveNext() [C:\\BuildAgent\\work\\29495d0a71cf35ac\\Universe\\.r\\MvcPrecompilation\\.build\\KoreBuild.proj]\r\n[06:45:35] :\t [Step 4/4] C:\\BuildAgent\\work\\29495d0a71cf35ac\\.dotnet\\sdk\\1.0.0\\NuGet.targets(97,5): error : --- End of stack trace from previous location where exception was thrown --- [C:\\BuildAgent\\work\\29495d0a71cf35ac\\Universe\\.r\\MvcPrecompilation\\.build\\KoreBuild.proj]\r\n[06:45:35] :\t [Step 4/4] C:\\BuildAgent\\work\\29495d0a71cf35ac\\.dotnet\\sdk\\1.0.0\\NuGet.targets(97,5): error :    at System.Runtime.ExceptionServices.ExceptionDispatchInfo.Throw() [C:\\BuildAgent\\work\\29495d0a71cf35ac\\Universe\\.r\\MvcPrecompilation\\.build\\KoreBuild.proj]\r\n[06:45:35] :\t [Step 4/4] C:\\BuildAgent\\work\\29495d0a71cf35ac\\.dotnet\\sdk\\1.0.0\\NuGet.targets(97,5): error :    at System.Runtime.CompilerServices.TaskAwaiter.HandleNonSuccessAndDebuggerNotification(Task task) [C:\\BuildAgent\\work\\29495d0a71cf35ac\\Universe\\.r\\MvcPrecompilation\\.build\\KoreBuild.proj]\r\n[06:45:35] :\t [Step 4/4] C:\\BuildAgent\\work\\29495d0a71cf35ac\\.dotnet\\sdk\\1.0.0\\NuGet.targets(97,5): error :    at System.Runtime.CompilerServices.TaskAwaiter`1.GetResult() [C:\\BuildAgent\\work\\29495d0a71cf35ac\\Universe\\.r\\MvcPrecompilation\\.build\\KoreBuild.proj]\r\n[06:45:35] :\t [Step 4/4] C:\\BuildAgent\\work\\29495d0a71cf35ac\\.dotnet\\sdk\\1.0.0\\NuGet.targets(97,5): error :    at NuGet.DependencyResolver.RemoteDependencyWalker.<FindLibraryEntry>d__8.MoveNext() [C:\\BuildAgent\\work\\29495d0a71cf35ac\\Universe\\.r\\MvcPrecompilation\\.build\\KoreBuild.proj]\r\n[06:45:35] :\t [Step 4/4] C:\\BuildAgent\\work\\29495d0a71cf35ac\\.dotnet\\sdk\\1.0.0\\NuGet.targets(97,5): error : --- End of stack trace from previous location where exception was thrown --- [C:\\BuildAgent\\work\\29495d0a71cf35ac\\Universe\\.r\\MvcPrecompilation\\.build\\KoreBuild.proj]\r\n[06:45:35] :\t [Step 4/4] C:\\BuildAgent\\work\\29495d0a71cf35ac\\.dotnet\\sdk\\1.0.0\\NuGet.targets(97,5): error :    at System.Runtime.ExceptionServices.ExceptionDispatchInfo.Throw() [C:\\BuildAgent\\work\\29495d0a71cf35ac\\Universe\\.r\\MvcPrecompilation\\.build\\KoreBuild.proj]\r\n[06:45:35] :\t [Step 4/4] C:\\BuildAgent\\work\\29495d0a71cf35ac\\.dotnet\\sdk\\1.0.0\\NuGet.targets(97,5): error :    at System.Runtime.CompilerServices.TaskAwaiter.HandleNonSuccessAndDebuggerNotification(Task task) [C:\\BuildAgent\\work\\29495d0a71cf35ac\\Universe\\.r\\MvcPrecompilation\\.build\\KoreBuild.proj]\r\n[06:45:35] :\t [Step 4/4] C:\\BuildAgent\\work\\29495d0a71cf35ac\\.dotnet\\sdk\\1.0.0\\NuGet.targets(97,5): error :    at System.Runtime.CompilerServices.TaskAwaiter`1.GetResult() [C:\\BuildAgent\\work\\29495d0a71cf35ac\\Universe\\.r\\MvcPrecompilation\\.build\\KoreBuild.proj]\r\n[06:45:35] :\t [Step 4/4] C:\\BuildAgent\\work\\29495d0a71cf35ac\\.dotnet\\sdk\\1.0.0\\NuGet.targets(97,5): error :    at NuGet.DependencyResolver.RemoteDependencyWalker.<CreateGraphNode>d__3.MoveNext() [C:\\BuildAgent\\work\\29495d0a71cf35ac\\Universe\\.r\\MvcPrecompilation\\.build\\KoreBuild.proj]\r\n[06:45:35] :\t [Step 4/4] C:\\BuildAgent\\work\\29495d0a71cf35ac\\.dotnet\\sdk\\1.0.0\\NuGet.targets(97,5): error : --- End of stack trace from previous location where exception was thrown --- [C:\\BuildAgent\\work\\29495d0a71cf35ac\\Universe\\.r\\MvcPrecompilation\\.build\\KoreBuild.proj]\r\n[06:45:35] :\t [Step 4/4] C:\\BuildAgent\\work\\29495d0a71cf35ac\\.dotnet\\sdk\\1.0.0\\NuGet.targets(97,5): error :    at System.Runtime.ExceptionServices.ExceptionDispatchInfo.Throw() [C:\\BuildAgent\\work\\29495d0a71cf35ac\\Universe\\.r\\MvcPrecompilation\\.build\\KoreBuild.proj]\r\n[06:45:35] :\t [Step 4/4] C:\\BuildAgent\\work\\29495d0a71cf35ac\\.dotnet\\sdk\\1.0.0\\NuGet.targets(97,5): error :    at System.Runtime.CompilerServices.TaskAwaiter.HandleNonSuccessAndDebuggerNotification(Task task) [C:\\BuildAgent\\work\\29495d0a71cf35ac\\Universe\\.r\\MvcPrecompilation\\.build\\KoreBuild.proj]\r\n[06:45:35] :\t [Step 4/4] C:\\BuildAgent\\work\\29495d0a71cf35ac\\.dotnet\\sdk\\1.0.0\\NuGet.targets(97,5): error :    at System.Runtime.CompilerServices.TaskAwaiter`1.GetResult() [C:\\BuildAgent\\work\\29495d0a71cf35ac\\Universe\\.r\\MvcPrecompilation\\.build\\KoreBuild.proj]\r\n[06:45:35] :\t [Step 4/4] C:\\BuildAgent\\work\\29495d0a71cf35ac\\.dotnet\\sdk\\1.0.0\\NuGet.targets(97,5): error :    at NuGet.DependencyResolver.RemoteDependencyWalker.<CreateGraphNode>d__3.MoveNext() [C:\\BuildAgent\\work\\29495d0a71cf35ac\\Universe\\.r\\MvcPrecompilation\\.build\\KoreBuild.proj]\r\n[06:45:35] :\t [Step 4/4] C:\\BuildAgent\\work\\29495d0a71cf35ac\\.dotnet\\sdk\\1.0.0\\NuGet.targets(97,5): error : --- End of stack trace from previous location where exception was thrown --- [C:\\BuildAgent\\work\\29495d0a71cf35ac\\Universe\\.r\\MvcPrecompilation\\.build\\KoreBuild.proj]\r\n[06:45:35] :\t [Step 4/4] C:\\BuildAgent\\work\\29495d0a71cf35ac\\.dotnet\\sdk\\1.0.0\\NuGet.targets(97,5): error :    at System.Runtime.ExceptionServices.ExceptionDispatchInfo.Throw() [C:\\BuildAgent\\work\\29495d0a71cf35ac\\Universe\\.r\\MvcPrecompilation\\.build\\KoreBuild.proj]\r\n[06:45:35] :\t [Step 4/4] C:\\BuildAgent\\work\\29495d0a71cf35ac\\.dotnet\\sdk\\1.0.0\\NuGet.targets(97,5): error :    at System.Runtime.CompilerServices.TaskAwaiter.HandleNonSuccessAndDebuggerNotification(Task task) [C:\\BuildAgent\\work\\29495d0a71cf35ac\\Universe\\.r\\MvcPrecompilation\\.build\\KoreBuild.proj]\r\n[06:45:35] :\t [Step 4/4] C:\\BuildAgent\\work\\29495d0a71cf35ac\\.dotnet\\sdk\\1.0.0\\NuGet.targets(97,5): error :    at System.Runtime.CompilerServices.TaskAwaiter`1.GetResult() [C:\\BuildAgent\\work\\29495d0a71cf35ac\\Universe\\.r\\MvcPrecompilation\\.build\\KoreBuild.proj]\r\n[06:45:35] :\t [Step 4/4] C:\\BuildAgent\\work\\29495d0a71cf35ac\\.dotnet\\sdk\\1.0.0\\NuGet.targets(97,5): error :    at NuGet.DependencyResolver.RemoteDependencyWalker.<CreateGraphNode>d__3.MoveNext() [C:\\BuildAgent\\work\\29495d0a71cf35ac\\Universe\\.r\\MvcPrecompilation\\.build\\KoreBuild.proj]\r\n[06:45:35] :\t [Step 4/4] C:\\BuildAgent\\work\\29495d0a71cf35ac\\.dotnet\\sdk\\1.0.0\\NuGet.targets(97,5): error : --- End of stack trace from previous location where exception was thrown --- [C:\\BuildAgent\\work\\29495d0a71cf35ac\\Universe\\.r\\MvcPrecompilation\\.build\\KoreBuild.proj]\r\n[06:45:35] :\t [Step 4/4] C:\\BuildAgent\\work\\29495d0a71cf35ac\\.dotnet\\sdk\\1.0.0\\NuGet.targets(97,5): error :    at System.Runtime.ExceptionServices.ExceptionDispatchInfo.Throw() [C:\\BuildAgent\\work\\29495d0a71cf35ac\\Universe\\.r\\MvcPrecompilation\\.build\\KoreBuild.proj]\r\n[06:45:35] :\t [Step 4/4] C:\\BuildAgent\\work\\29495d0a71cf35ac\\.dotnet\\sdk\\1.0.0\\NuGet.targets(97,5): error :    at System.Runtime.CompilerServices.TaskAwaiter.HandleNonSuccessAndDebuggerNotification(Task task) [C:\\BuildAgent\\work\\29495d0a71cf35ac\\Universe\\.r\\MvcPrecompilation\\.build\\KoreBuild.proj]\r\n[06:45:35] :\t [Step 4/4] C:\\BuildAgent\\work\\29495d0a71cf35ac\\.dotnet\\sdk\\1.0.0\\NuGet.targets(97,5): error :    at System.Runtime.CompilerServices.TaskAwaiter`1.GetResult() [C:\\BuildAgent\\work\\29495d0a71cf35ac\\Universe\\.r\\MvcPrecompilation\\.build\\KoreBuild.proj]\r\n[06:45:35] :\t [Step 4/4] C:\\BuildAgent\\work\\29495d0a71cf35ac\\.dotnet\\sdk\\1.0.0\\NuGet.targets(97,5): error :    at NuGet.DependencyResolver.RemoteDependencyWalker.<CreateGraphNode>d__3.MoveNext() [C:\\BuildAgent\\work\\29495d0a71cf35ac\\Universe\\.r\\MvcPrecompilation\\.build\\KoreBuild.proj]\r\n[06:45:35] :\t [Step 4/4] C:\\BuildAgent\\work\\29495d0a71cf35ac\\.dotnet\\sdk\\1.0.0\\NuGet.targets(97,5): error : --- End of stack trace from previous location where exception was thrown --- [C:\\BuildAgent\\work\\29495d0a71cf35ac\\Universe\\.r\\MvcPrecompilation\\.build\\KoreBuild.proj]\r\n[06:45:35] :\t [Step 4/4] C:\\BuildAgent\\work\\29495d0a71cf35ac\\.dotnet\\sdk\\1.0.0\\NuGet.targets(97,5): error :    at System.Runtime.ExceptionServices.ExceptionDispatchInfo.Throw() [C:\\BuildAgent\\work\\29495d0a71cf35ac\\Universe\\.r\\MvcPrecompilation\\.build\\KoreBuild.proj]\r\n[06:45:35] :\t [Step 4/4] C:\\BuildAgent\\work\\29495d0a71cf35ac\\.dotnet\\sdk\\1.0.0\\NuGet.targets(97,5): error :    at System.Runtime.CompilerServices.TaskAwaiter.HandleNonSuccessAndDebuggerNotification(Task task) [C:\\BuildAgent\\work\\29495d0a71cf35ac\\Universe\\.r\\MvcPrecompilation\\.build\\KoreBuild.proj]\r\n[06:45:35] :\t [Step 4/4] C:\\BuildAgent\\work\\29495d0a71cf35ac\\.dotnet\\sdk\\1.0.0\\NuGet.targets(97,5): error :    at System.Runtime.CompilerServices.TaskAwaiter`1.GetResult() [C:\\BuildAgent\\work\\29495d0a71cf35ac\\Universe\\.r\\MvcPrecompilation\\.build\\KoreBuild.proj]\r\n[06:45:35] :\t [Step 4/4] C:\\BuildAgent\\work\\29495d0a71cf35ac\\.dotnet\\sdk\\1.0.0\\NuGet.targets(97,5): error :    at NuGet.Commands.ProjectRestoreCommand.<WalkDependenciesAsync>d__5.MoveNext() [C:\\BuildAgent\\work\\29495d0a71cf35ac\\Universe\\.r\\MvcPrecompilation\\.build\\KoreBuild.proj]\r\n[06:45:35] :\t [Step 4/4] C:\\BuildAgent\\work\\29495d0a71cf35ac\\.dotnet\\sdk\\1.0.0\\NuGet.targets(97,5): error : --- End of stack trace from previous location where exception was thrown --- [C:\\BuildAgent\\work\\29495d0a71cf35ac\\Universe\\.r\\MvcPrecompilation\\.build\\KoreBuild.proj]\r\n[06:45:35] :\t [Step 4/4] C:\\BuildAgent\\work\\29495d0a71cf35ac\\.dotnet\\sdk\\1.0.0\\NuGet.targets(97,5): error :    at System.Runtime.ExceptionServices.ExceptionDispatchInfo.Throw() [C:\\BuildAgent\\work\\29495d0a71cf35ac\\Universe\\.r\\MvcPrecompilation\\.build\\KoreBuild.proj]\r\n[06:45:35] :\t [Step 4/4] C:\\BuildAgent\\work\\29495d0a71cf35ac\\.dotnet\\sdk\\1.0.0\\NuGet.targets(97,5): error :    at System.Runtime.CompilerServices.TaskAwaiter.HandleNonSuccessAndDebuggerNotification(Task task) [C:\\BuildAgent\\work\\29495d0a71cf35ac\\Universe\\.r\\MvcPrecompilation\\.build\\KoreBuild.proj]\r\n[06:45:35] :\t [Step 4/4] C:\\BuildAgent\\work\\29495d0a71cf35ac\\.dotnet\\sdk\\1.0.0\\NuGet.targets(97,5): error :    at System.Runtime.CompilerServices.TaskAwaiter`1.GetResult() [C:\\BuildAgent\\work\\29495d0a71cf35ac\\Universe\\.r\\MvcPrecompilation\\.build\\KoreBuild.proj]\r\n[06:45:35] :\t [Step 4/4] C:\\BuildAgent\\work\\29495d0a71cf35ac\\.dotnet\\sdk\\1.0.0\\NuGet.targets(97,5): error :    at NuGet.Commands.ProjectRestoreCommand.<TryRestore>d__3.MoveNext() [C:\\BuildAgent\\work\\29495d0a71cf35ac\\Universe\\.r\\MvcPrecompilation\\.build\\KoreBuild.proj]\r\n[06:45:35] :\t [Step 4/4] C:\\BuildAgent\\work\\29495d0a71cf35ac\\.dotnet\\sdk\\1.0.0\\NuGet.targets(97,5): error : --- End of stack trace from previous location where exception was thrown --- [C:\\BuildAgent\\work\\29495d0a71cf35ac\\Universe\\.r\\MvcPrecompilation\\.build\\KoreBuild.proj]\r\n[06:45:35] :\t [Step 4/4] C:\\BuildAgent\\work\\29495d0a71cf35ac\\.dotnet\\sdk\\1.0.0\\NuGet.targets(97,5): error :    at System.Runtime.ExceptionServices.ExceptionDispatchInfo.Throw() [C:\\BuildAgent\\work\\29495d0a71cf35ac\\Universe\\.r\\MvcPrecompilation\\.build\\KoreBuild.proj]\r\n[06:45:35] :\t [Step 4/4] C:\\BuildAgent\\work\\29495d0a71cf35ac\\.dotnet\\sdk\\1.0.0\\NuGet.targets(97,5): error :    at System.Runtime.CompilerServices.TaskAwaiter.HandleNonSuccessAndDebuggerNotification(Task task) [C:\\BuildAgent\\work\\29495d0a71cf35ac\\Universe\\.r\\MvcPrecompilation\\.build\\KoreBuild.proj]\r\n[06:45:35] :\t [Step 4/4] C:\\BuildAgent\\work\\29495d0a71cf35ac\\.dotnet\\sdk\\1.0.0\\NuGet.targets(97,5): error :    at System.Runtime.CompilerServices.TaskAwaiter`1.GetResult() [C:\\BuildAgent\\work\\29495d0a71cf35ac\\Universe\\.r\\MvcPrecompilation\\.build\\KoreBuild.proj]\r\n[06:45:35] :\t [Step 4/4] C:\\BuildAgent\\work\\29495d0a71cf35ac\\.dotnet\\sdk\\1.0.0\\NuGet.targets(97,5): error :    at NuGet.Commands.RestoreCommand.<ExecuteRestoreAsync>d__15.MoveNext() [C:\\BuildAgent\\work\\29495d0a71cf35ac\\Universe\\.r\\MvcPrecompilation\\.build\\KoreBuild.proj]\r\n[06:45:35] :\t [Step 4/4] C:\\BuildAgent\\work\\29495d0a71cf35ac\\.dotnet\\sdk\\1.0.0\\NuGet.targets(97,5): error : --- End of stack trace from previous location where exception was thrown --- [C:\\BuildAgent\\work\\29495d0a71cf35ac\\Universe\\.r\\MvcPrecompilation\\.build\\KoreBuild.proj]\r\n[06:45:35] :\t [Step 4/4] C:\\BuildAgent\\work\\29495d0a71cf35ac\\.dotnet\\sdk\\1.0.0\\NuGet.targets(97,5): error :    at System.Runtime.ExceptionServices.ExceptionDispatchInfo.Throw() [C:\\BuildAgent\\work\\29495d0a71cf35ac\\Universe\\.r\\MvcPrecompilation\\.build\\KoreBuild.proj]\r\n[06:45:35] :\t [Step 4/4] C:\\BuildAgent\\work\\29495d0a71cf35ac\\.dotnet\\sdk\\1.0.0\\NuGet.targets(97,5): error :    at System.Runtime.CompilerServices.TaskAwaiter.HandleNonSuccessAndDebuggerNotification(Task task) [C:\\BuildAgent\\work\\29495d0a71cf35ac\\Universe\\.r\\MvcPrecompilation\\.build\\KoreBuild.proj]\r\n[06:45:35] :\t [Step 4/4] C:\\BuildAgent\\work\\29495d0a71cf35ac\\.dotnet\\sdk\\1.0.0\\NuGet.targets(97,5): error :    at System.Runtime.CompilerServices.TaskAwaiter`1.GetResult() [C:\\BuildAgent\\work\\29495d0a71cf35ac\\Universe\\.r\\MvcPrecompilation\\.build\\KoreBuild.proj]\r\n[06:45:35] :\t [Step 4/4] C:\\BuildAgent\\work\\29495d0a71cf35ac\\.dotnet\\sdk\\1.0.0\\NuGet.targets(97,5): error :    at NuGet.Commands.RestoreCommand.<ExecuteAsync>d__8.MoveNext() [C:\\BuildAgent\\work\\29495d0a71cf35ac\\Universe\\.r\\MvcPrecompilation\\.build\\KoreBuild.proj]\r\n[06:45:35] :\t [Step 4/4] C:\\BuildAgent\\work\\29495d0a71cf35ac\\.dotnet\\sdk\\1.0.0\\NuGet.targets(97,5): error : --- End of stack trace from previous location where exception was thrown --- [C:\\BuildAgent\\work\\29495d0a71cf35ac\\Universe\\.r\\MvcPrecompilation\\.build\\KoreBuild.proj]\r\n[06:45:35] :\t [Step 4/4] C:\\BuildAgent\\work\\29495d0a71cf35ac\\.dotnet\\sdk\\1.0.0\\NuGet.targets(97,5): error :    at System.Runtime.ExceptionServices.ExceptionDispatchInfo.Throw() [C:\\BuildAgent\\work\\29495d0a71cf35ac\\Universe\\.r\\MvcPrecompilation\\.build\\KoreBuild.proj]\r\n[06:45:35] :\t [Step 4/4] C:\\BuildAgent\\work\\29495d0a71cf35ac\\.dotnet\\sdk\\1.0.0\\NuGet.targets(97,5): error :    at System.Runtime.CompilerServices.TaskAwaiter.HandleNonSuccessAndDebuggerNotification(Task task) [C:\\BuildAgent\\work\\29495d0a71cf35ac\\Universe\\.r\\MvcPrecompilation\\.build\\KoreBuild.proj]\r\n[06:45:35] :\t [Step 4/4] C:\\BuildAgent\\work\\29495d0a71cf35ac\\.dotnet\\sdk\\1.0.0\\NuGet.targets(97,5): error :    at System.Runtime.CompilerServices.TaskAwaiter`1.GetResult() [C:\\BuildAgent\\work\\29495d0a71cf35ac\\Universe\\.r\\MvcPrecompilation\\.build\\KoreBuild.proj]\r\n[06:45:35] :\t [Step 4/4] C:\\BuildAgent\\work\\29495d0a71cf35ac\\.dotnet\\sdk\\1.0.0\\NuGet.targets(97,5): error :    at NuGet.Commands.RestoreRunner.<ExecuteAsync>d__7.MoveNext() [C:\\BuildAgent\\work\\29495d0a71cf35ac\\Universe\\.r\\MvcPrecompilation\\.build\\KoreBuild.proj]\r\n[06:45:35] :\t [Step 4/4] C:\\BuildAgent\\work\\29495d0a71cf35ac\\.dotnet\\sdk\\1.0.0\\NuGet.targets(97,5): error : --- End of stack trace from previous location where exception was thrown --- [C:\\BuildAgent\\work\\29495d0a71cf35ac\\Universe\\.r\\MvcPrecompilation\\.build\\KoreBuild.proj]\r\n[06:45:35] :\t [Step 4/4] C:\\BuildAgent\\work\\29495d0a71cf35ac\\.dotnet\\sdk\\1.0.0\\NuGet.targets(97,5): error :    at System.Runtime.ExceptionServices.ExceptionDispatchInfo.Throw() [C:\\BuildAgent\\work\\29495d0a71cf35ac\\Universe\\.r\\MvcPrecompilation\\.build\\KoreBuild.proj]\r\n[06:45:35] :\t [Step 4/4] C:\\BuildAgent\\work\\29495d0a71cf35ac\\.dotnet\\sdk\\1.0.0\\NuGet.targets(97,5): error :    at System.Runtime.CompilerServices.TaskAwaiter.HandleNonSuccessAndDebuggerNotification(Task task) [C:\\BuildAgent\\work\\29495d0a71cf35ac\\Universe\\.r\\MvcPrecompilation\\.build\\KoreBuild.proj]\r\n[06:45:35] :\t [Step 4/4] C:\\BuildAgent\\work\\29495d0a71cf35ac\\.dotnet\\sdk\\1.0.0\\NuGet.targets(97,5): error :    at System.Runtime.CompilerServices.TaskAwaiter`1.GetResult() [C:\\BuildAgent\\work\\29495d0a71cf35ac\\Universe\\.r\\MvcPrecompilation\\.build\\KoreBuild.proj]\r\n[06:45:35] :\t [Step 4/4] C:\\BuildAgent\\work\\29495d0a71cf35ac\\.dotnet\\sdk\\1.0.0\\NuGet.targets(97,5): error :    at NuGet.Commands.RestoreRunner.<ExecuteAndCommitAsync>d__6.MoveNext() [C:\\BuildAgent\\work\\29495d0a71cf35ac\\Universe\\.r\\MvcPrecompilation\\.build\\KoreBuild.proj]\r\n[06:45:35] :\t [Step 4/4] C:\\BuildAgent\\work\\29495d0a71cf35ac\\.dotnet\\sdk\\1.0.0\\NuGet.targets(97,5): error : --- End of stack trace from previous location where exception was thrown --- [C:\\BuildAgent\\work\\29495d0a71cf35ac\\Universe\\.r\\MvcPrecompilation\\.build\\KoreBuild.proj]\r\n[06:45:35] :\t [Step 4/4] C:\\BuildAgent\\work\\29495d0a71cf35ac\\.dotnet\\sdk\\1.0.0\\NuGet.targets(97,5): error :    at System.Runtime.ExceptionServices.ExceptionDispatchInfo.Throw() [C:\\BuildAgent\\work\\29495d0a71cf35ac\\Universe\\.r\\MvcPrecompilation\\.build\\KoreBuild.proj]\r\n[06:45:35] :\t [Step 4/4] C:\\BuildAgent\\work\\29495d0a71cf35ac\\.dotnet\\sdk\\1.0.0\\NuGet.targets(97,5): error :    at System.Runtime.CompilerServices.TaskAwaiter.HandleNonSuccessAndDebuggerNotification(Task task) [C:\\BuildAgent\\work\\29495d0a71cf35ac\\Universe\\.r\\MvcPrecompilation\\.build\\KoreBuild.proj]\r\n[06:45:35] :\t [Step 4/4] C:\\BuildAgent\\work\\29495d0a71cf35ac\\.dotnet\\sdk\\1.0.0\\NuGet.targets(97,5): error :    at System.Runtime.CompilerServices.TaskAwaiter`1.GetResult() [C:\\BuildAgent\\work\\29495d0a71cf35ac\\Universe\\.r\\MvcPrecompilation\\.build\\KoreBuild.proj]\r\n[06:45:35] :\t [Step 4/4] C:\\BuildAgent\\work\\29495d0a71cf35ac\\.dotnet\\sdk\\1.0.0\\NuGet.targets(97,5): error :    at NuGet.Commands.RestoreRunner.<CompleteTaskAsync>d__9.MoveNext() [C:\\BuildAgent\\work\\29495d0a71cf35ac\\Universe\\.r\\MvcPrecompilation\\.build\\KoreBuild.proj]\r\n[06:45:35] :\t [Step 4/4] C:\\BuildAgent\\work\\29495d0a71cf35ac\\.dotnet\\sdk\\1.0.0\\NuGet.targets(97,5): error : --- End of stack trace from previous location where exception was thrown --- [C:\\BuildAgent\\work\\29495d0a71cf35ac\\Universe\\.r\\MvcPrecompilation\\.build\\KoreBuild.proj]\r\n[06:45:35] :\t [Step 4/4] C:\\BuildAgent\\work\\29495d0a71cf35ac\\.dotnet\\sdk\\1.0.0\\NuGet.targets(97,5): error :    at System.Runtime.ExceptionServices.ExceptionDispatchInfo.Throw() [C:\\BuildAgent\\work\\29495d0a71cf35ac\\Universe\\.r\\MvcPrecompilation\\.build\\KoreBuild.proj]\r\n[06:45:35] :\t [Step 4/4] C:\\BuildAgent\\work\\29495d0a71cf35ac\\.dotnet\\sdk\\1.0.0\\NuGet.targets(97,5): error :    at System.Runtime.CompilerServices.TaskAwaiter.HandleNonSuccessAndDebuggerNotification(Task task) [C:\\BuildAgent\\work\\29495d0a71cf35ac\\Universe\\.r\\MvcPrecompilation\\.build\\KoreBuild.proj]\r\n[06:45:35] :\t [Step 4/4] C:\\BuildAgent\\work\\29495d0a71cf35ac\\.dotnet\\sdk\\1.0.0\\NuGet.targets(97,5): error :    at System.Runtime.CompilerServices.TaskAwaiter`1.GetResult() [C:\\BuildAgent\\work\\29495d0a71cf35ac\\Universe\\.r\\MvcPrecompilation\\.build\\KoreBuild.proj]\r\n[06:45:35] :\t [Step 4/4] C:\\BuildAgent\\work\\29495d0a71cf35ac\\.dotnet\\sdk\\1.0.0\\NuGet.targets(97,5): error :    at NuGet.Commands.RestoreRunner.<RunAsync>d__2.MoveNext() [C:\\BuildAgent\\work\\29495d0a71cf35ac\\Universe\\.r\\MvcPrecompilation\\.build\\KoreBuild.proj]\r\n[06:45:35] :\t [Step 4/4] C:\\BuildAgent\\work\\29495d0a71cf35ac\\.dotnet\\sdk\\1.0.0\\NuGet.targets(97,5): error : --- End of stack trace from previous location where exception was thrown --- [C:\\BuildAgent\\work\\29495d0a71cf35ac\\Universe\\.r\\MvcPrecompilation\\.build\\KoreBuild.proj]\r\n[06:45:35] :\t [Step 4/4] C:\\BuildAgent\\work\\29495d0a71cf35ac\\.dotnet\\sdk\\1.0.0\\NuGet.targets(97,5): error :    at System.Runtime.ExceptionServices.ExceptionDispatchInfo.Throw() [C:\\BuildAgent\\work\\29495d0a71cf35ac\\Universe\\.r\\MvcPrecompilation\\.build\\KoreBuild.proj]\r\n[06:45:35] :\t [Step 4/4] C:\\BuildAgent\\work\\29495d0a71cf35ac\\.dotnet\\sdk\\1.0.0\\NuGet.targets(97,5): error :    at System.Runtime.CompilerServices.TaskAwaiter.HandleNonSuccessAndDebuggerNotification(Task task) [C:\\BuildAgent\\work\\29495d0a71cf35ac\\Universe\\.r\\MvcPrecompilation\\.build\\KoreBuild.proj]\r\n[06:45:35] :\t [Step 4/4] C:\\BuildAgent\\work\\29495d0a71cf35ac\\.dotnet\\sdk\\1.0.0\\NuGet.targets(97,5): error :    at System.Runtime.CompilerServices.TaskAwaiter`1.GetResult() [C:\\BuildAgent\\work\\29495d0a71cf35ac\\Universe\\.r\\MvcPrecompilation\\.build\\KoreBuild.proj]\r\n[06:45:35] :\t [Step 4/4] C:\\BuildAgent\\work\\29495d0a71cf35ac\\.dotnet\\sdk\\1.0.0\\NuGet.targets(97,5): error :    at NuGet.Commands.RestoreRunner.<Run>d__1.MoveNext() [C:\\BuildAgent\\work\\29495d0a71cf35ac\\Universe\\.r\\MvcPrecompilation\\.build\\KoreBuild.proj]\r\n[06:45:35] :\t [Step 4/4] C:\\BuildAgent\\work\\29495d0a71cf35ac\\.dotnet\\sdk\\1.0.0\\NuGet.targets(97,5): error : --- End of stack trace from previous location where exception was thrown --- [C:\\BuildAgent\\work\\29495d0a71cf35ac\\Universe\\.r\\MvcPrecompilation\\.build\\KoreBuild.proj]\r\n[06:45:35] :\t [Step 4/4] C:\\BuildAgent\\work\\29495d0a71cf35ac\\.dotnet\\sdk\\1.0.0\\NuGet.targets(97,5): error :    at System.Runtime.ExceptionServices.ExceptionDispatchInfo.Throw() [C:\\BuildAgent\\work\\29495d0a71cf35ac\\Universe\\.r\\MvcPrecompilation\\.build\\KoreBuild.proj]\r\n[06:45:35] :\t [Step 4/4] C:\\BuildAgent\\work\\29495d0a71cf35ac\\.dotnet\\sdk\\1.0.0\\NuGet.targets(97,5): error :    at System.Runtime.CompilerServices.TaskAwaiter.HandleNonSuccessAndDebuggerNotification(Task task) [C:\\BuildAgent\\work\\29495d0a71cf35ac\\Universe\\.r\\MvcPrecompilation\\.build\\KoreBuild.proj]\r\n[06:45:35] :\t [Step 4/4] C:\\BuildAgent\\work\\29495d0a71cf35ac\\.dotnet\\sdk\\1.0.0\\NuGet.targets(97,5): error :    at System.Runtime.CompilerServices.TaskAwaiter`1.GetResult() [C:\\BuildAgent\\work\\29495d0a71cf35ac\\Universe\\.r\\MvcPrecompilation\\.build\\KoreBuild.proj]\r\n[06:45:35] :\t [Step 4/4] C:\\BuildAgent\\work\\29495d0a71cf35ac\\.dotnet\\sdk\\1.0.0\\NuGet.targets(97,5): error :    at NuGet.Build.Tasks.RestoreTask.<ExecuteAsync>d__37.MoveNext() [C:\\BuildAgent\\work\\29495d0a71cf35ac\\Universe\\.r\\MvcPrecompilation\\.build\\KoreBuild.proj]\r\n[06:45:35] :\t [Step 4/4] C:\\BuildAgent\\work\\29495d0a71cf35ac\\.dotnet\\sdk\\1.0.0\\NuGet.targets(97,5): error :    --- End of inner exception stack trace --- [C:\\BuildAgent\\work\\29495d0a71cf35ac\\Universe\\.r\\MvcPrecompilation\\.build\\KoreBuild.proj]\r\n[06:45:35] :\t [Step 4/4] C:\\BuildAgent\\work\\29495d0a71cf35ac\\.dotnet\\sdk\\1.0.0\\NuGet.targets(97,5): error :    at System.Threading.Tasks.Task.ThrowIfExceptional(Boolean includeTaskCanceledExceptions) [C:\\BuildAgent\\work\\29495d0a71cf35ac\\Universe\\.r\\MvcPrecompilation\\.build\\KoreBuild.proj]\r\n[06:45:35] :\t [Step 4/4] C:\\BuildAgent\\work\\29495d0a71cf35ac\\.dotnet\\sdk\\1.0.0\\NuGet.targets(97,5): error :    at System.Threading.Tasks.Task`1.GetResultCore(Boolean waitCompletionNotification) [C:\\BuildAgent\\work\\29495d0a71cf35ac\\Universe\\.r\\MvcPrecompilation\\.build\\KoreBuild.proj]\r\n[06:45:35] :\t [Step 4/4] C:\\BuildAgent\\work\\29495d0a71cf35ac\\.dotnet\\sdk\\1.0.0\\NuGet.targets(97,5): error :    at NuGet.Build.Tasks.RestoreTask.Execute() [C:\\BuildAgent\\work\\29495d0a71cf35ac\\Universe\\.r\\MvcPrecompilation\\.build\\KoreBuild.proj]\r\n[06:45:35] :\t [Step 4/4] C:\\BuildAgent\\work\\29495d0a71cf35ac\\.dotnet\\sdk\\1.0.0\\NuGet.targets(97,5): error : ---> (Inner Exception #0) System.OutOfMemoryException: Exception of type 'System.OutOfMemoryException' was thrown. [C:\\BuildAgent\\work\\29495d0a71cf35ac\\Universe\\.r\\MvcPrecompilation\\.build\\KoreBuild.proj]\r\n[06:45:35] :\t [Step 4/4] C:\\BuildAgent\\work\\29495d0a71cf35ac\\.dotnet\\sdk\\1.0.0\\NuGet.targets(97,5): error :    at System.Collections.Generic.HashSet`1.Initialize(Int32 capacity) [C:\\BuildAgent\\work\\29495d0a71cf35ac\\Universe\\.r\\MvcPrecompilation\\.build\\KoreBuild.proj]\r\n[06:45:35] :\t [Step 4/4] C:\\BuildAgent\\work\\29495d0a71cf35ac\\.dotnet\\sdk\\1.0.0\\NuGet.targets(97,5): error :    at System.Collections.Generic.HashSet`1.AddIfNotPresent(T value) [C:\\BuildAgent\\work\\29495d0a71cf35ac\\Universe\\.r\\MvcPrecompilation\\.build\\KoreBuild.proj]\r\n[06:45:35] :\t [Step 4/4] C:\\BuildAgent\\work\\29495d0a71cf35ac\\.dotnet\\sdk\\1.0.0\\NuGet.targets(97,5): error :    at System.Collections.Generic.HashSet`1.Add(T item) [C:\\BuildAgent\\work\\29495d0a71cf35ac\\Universe\\.r\\MvcPrecompilation\\.build\\KoreBuild.proj]\r\n[06:45:35] :\t [Step 4/4] C:\\BuildAgent\\work\\29495d0a71cf35ac\\.dotnet\\sdk\\1.0.0\\NuGet.targets(97,5): error :    at NuGet.Packaging.NuspecReader.<GetDependencyGroups>d__27.MoveNext() [C:\\BuildAgent\\work\\29495d0a71cf35ac\\Universe\\.r\\MvcPrecompilation\\.build\\KoreBuild.proj]\r\n[06:45:35] :\t [Step 4/4] C:\\BuildAgent\\work\\29495d0a71cf35ac\\.dotnet\\sdk\\1.0.0\\NuGet.targets(97,5): error :    at System.Collections.Generic.List`1..ctor(IEnumerable`1 collection) [C:\\BuildAgent\\work\\29495d0a71cf35ac\\Universe\\.r\\MvcPrecompilation\\.build\\KoreBuild.proj]\r\n[06:45:35] :\t [Step 4/4] C:\\BuildAgent\\work\\29495d0a71cf35ac\\.dotnet\\sdk\\1.0.0\\NuGet.targets(97,5): error :    at System.Linq.Enumerable.ToList[TSource](IEnumerable`1 source) [C:\\BuildAgent\\work\\29495d0a71cf35ac\\Universe\\.r\\MvcPrecompilation\\.build\\KoreBuild.proj]\r\n[06:45:35] :\t [Step 4/4] C:\\BuildAgent\\work\\29495d0a71cf35ac\\.dotnet\\sdk\\1.0.0\\NuGet.targets(97,5): error :    at NuGet.Protocol.Core.Types.FindPackageByIdDependencyInfo..ctor(IEnumerable`1 dependencyGroups, IEnumerable`1 frameworkReferenceGroups) [C:\\BuildAgent\\work\\29495d0a71cf35ac\\Universe\\.r\\MvcPrecompilation\\.build\\KoreBuild.proj]\r\n[06:45:35] :\t [Step 4/4] C:\\BuildAgent\\work\\29495d0a71cf35ac\\.dotnet\\sdk\\1.0.0\\NuGet.targets(97,5): error :    at NuGet.Protocol.Core.Types.FindPackageByIdResource.GetDependencyInfo(NuspecReader reader) [C:\\BuildAgent\\work\\29495d0a71cf35ac\\Universe\\.r\\MvcPrecompilation\\.build\\KoreBuild.proj]\r\n[06:45:35] :\t [Step 4/4] C:\\BuildAgent\\work\\29495d0a71cf35ac\\.dotnet\\sdk\\1.0.0\\NuGet.targets(97,5): error :    at NuGet.Protocol.LocalV3FindPackageByIdResource.<GetDependencyInfoAsync>b__8_0(NuspecReader nuspecReader) [C:\\BuildAgent\\work\\29495d0a71cf35ac\\Universe\\.r\\MvcPrecompilation\\.build\\KoreBuild.proj]\r\n[06:45:35] :\t [Step 4/4] C:\\BuildAgent\\work\\29495d0a71cf35ac\\.dotnet\\sdk\\1.0.0\\NuGet.targets(97,5): error :    at NuGet.Protocol.LocalV3FindPackageByIdResource.ProcessNuspecReader[T](String id, NuGetVersion version, Func`2 process) [C:\\BuildAgent\\work\\29495d0a71cf35ac\\Universe\\.r\\MvcPrecompilation\\.build\\KoreBuild.proj]\r\n[06:45:35] :\t [Step 4/4] C:\\BuildAgent\\work\\29495d0a71cf35ac\\.dotnet\\sdk\\1.0.0\\NuGet.targets(97,5): error :    at NuGet.Protocol.LocalV3FindPackageByIdResource.GetDependencyInfoAsync(String id, NuGetVersion version, SourceCacheContext cacheContext, ILogger logger, CancellationToken token) [C:\\BuildAgent\\work\\29495d0a71cf35ac\\Universe\\.r\\MvcPrecompilation\\.build\\KoreBuild.proj]\r\n[06:45:35] :\t [Step 4/4] C:\\BuildAgent\\work\\29495d0a71cf35ac\\.dotnet\\sdk\\1.0.0\\NuGet.targets(97,5): error :    at NuGet.Commands.SourceRepositoryDependencyProvider.<GetDependenciesAsync>d__13.MoveNext() [C:\\BuildAgent\\work\\29495d0a71cf35ac\\Universe\\.r\\MvcPrecompilation\\.build\\KoreBuild.proj]\r\n[06:45:35] :\t [Step 4/4] C:\\BuildAgent\\work\\29495d0a71cf35ac\\.dotnet\\sdk\\1.0.0\\NuGet.targets(97,5): error : --- End of stack trace from previous location where exception was thrown --- [C:\\BuildAgent\\work\\29495d0a71cf35ac\\Universe\\.r\\MvcPrecompilation\\.build\\KoreBuild.proj]\r\n[06:45:35] :\t [Step 4/4] C:\\BuildAgent\\work\\29495d0a71cf35ac\\.dotnet\\sdk\\1.0.0\\NuGet.targets(97,5): error :    at System.Runtime.ExceptionServices.ExceptionDispatchInfo.Throw() [C:\\BuildAgent\\work\\29495d0a71cf35ac\\Universe\\.r\\MvcPrecompilation\\.build\\KoreBuild.proj]\r\n[06:45:35] :\t [Step 4/4] C:\\BuildAgent\\work\\29495d0a71cf35ac\\.dotnet\\sdk\\1.0.0\\NuGet.targets(97,5): error :    at System.Runtime.CompilerServices.TaskAwaiter.HandleNonSuccessAndDebuggerNotification(Task task) [C:\\BuildAgent\\work\\29495d0a71cf35ac\\Universe\\.r\\MvcPrecompilation\\.build\\KoreBuild.proj]\r\n[06:45:35] :\t [Step 4/4] C:\\BuildAgent\\work\\29495d0a71cf35ac\\.dotnet\\sdk\\1.0.0\\NuGet.targets(97,5): error :    at System.Runtime.CompilerServices.TaskAwaiter`1.GetResult() [C:\\BuildAgent\\work\\29495d0a71cf35ac\\Universe\\.r\\MvcPrecompilation\\.build\\KoreBuild.proj]\r\n[06:45:35] :\t [Step 4/4] C:\\BuildAgent\\work\\29495d0a71cf35ac\\.dotnet\\sdk\\1.0.0\\NuGet.targets(97,5): error :    at NuGet.DependencyResolver.RemoteDependencyWalker.<FindLibraryEntry>d__8.MoveNext() [C:\\BuildAgent\\work\\29495d0a71cf35ac\\Universe\\.r\\MvcPrecompilation\\.build\\KoreBuild.proj]\r\n[06:45:35] :\t [Step 4/4] C:\\BuildAgent\\work\\29495d0a71cf35ac\\.dotnet\\sdk\\1.0.0\\NuGet.targets(97,5): error : --- End of stack trace from previous location where exception was thrown --- [C:\\BuildAgent\\work\\29495d0a71cf35ac\\Universe\\.r\\MvcPrecompilation\\.build\\KoreBuild.proj]\r\n[06:45:35] :\t [Step 4/4] C:\\BuildAgent\\work\\29495d0a71cf35ac\\.dotnet\\sdk\\1.0.0\\NuGet.targets(97,5): error :    at System.Runtime.ExceptionServices.ExceptionDispatchInfo.Throw() [C:\\BuildAgent\\work\\29495d0a71cf35ac\\Universe\\.r\\MvcPrecompilation\\.build\\KoreBuild.proj]\r\n[06:45:35] :\t [Step 4/4] C:\\BuildAgent\\work\\29495d0a71cf35ac\\.dotnet\\sdk\\1.0.0\\NuGet.targets(97,5): error :    at System.Runtime.CompilerServices.TaskAwaiter.HandleNonSuccessAndDebuggerNotification(Task task) [C:\\BuildAgent\\work\\29495d0a71cf35ac\\Universe\\.r\\MvcPrecompilation\\.build\\KoreBuild.proj]\r\n[06:45:35] :\t [Step 4/4] C:\\BuildAgent\\work\\29495d0a71cf35ac\\.dotnet\\sdk\\1.0.0\\NuGet.targets(97,5): error :    at System.Runtime.CompilerServices.TaskAwaiter`1.GetResult() [C:\\BuildAgent\\work\\29495d0a71cf35ac\\Universe\\.r\\MvcPrecompilation\\.build\\KoreBuild.proj]\r\n[06:45:35] :\t [Step 4/4] C:\\BuildAgent\\work\\29495d0a71cf35ac\\.dotnet\\sdk\\1.0.0\\NuGet.targets(97,5): error :    at NuGet.DependencyResolver.RemoteDependencyWalker.<CreateGraphNode>d__3.MoveNext() [C:\\BuildAgent\\work\\29495d0a71cf35ac\\Universe\\.r\\MvcPrecompilation\\.build\\KoreBuild.proj]\r\n[06:45:35] :\t [Step 4/4] C:\\BuildAgent\\work\\29495d0a71cf35ac\\.dotnet\\sdk\\1.0.0\\NuGet.targets(97,5): error : --- End of stack trace from previous location where exception was thrown --- [C:\\BuildAgent\\work\\29495d0a71cf35ac\\Universe\\.r\\MvcPrecompilation\\.build\\KoreBuild.proj]\r\n[06:45:35] :\t [Step 4/4] C:\\BuildAgent\\work\\29495d0a71cf35ac\\.dotnet\\sdk\\1.0.0\\NuGet.targets(97,5): error :    at System.Runtime.ExceptionServices.ExceptionDispatchInfo.Throw() [C:\\BuildAgent\\work\\29495d0a71cf35ac\\Universe\\.r\\MvcPrecompilation\\.build\\KoreBuild.proj]\r\n[06:45:35] :\t [Step 4/4] C:\\BuildAgent\\work\\29495d0a71cf35ac\\.dotnet\\sdk\\1.0.0\\NuGet.targets(97,5): error :    at System.Runtime.CompilerServices.TaskAwaiter.HandleNonSuccessAndDebuggerNotification(Task task) [C:\\BuildAgent\\work\\29495d0a71cf35ac\\Universe\\.r\\MvcPrecompilation\\.build\\KoreBuild.proj]\r\n[06:45:35] :\t [Step 4/4] C:\\BuildAgent\\work\\29495d0a71cf35ac\\.dotnet\\sdk\\1.0.0\\NuGet.targets(97,5): error :    at System.Runtime.CompilerServices.TaskAwaiter`1.GetResult() [C:\\BuildAgent\\work\\29495d0a71cf35ac\\Universe\\.r\\MvcPrecompilation\\.build\\KoreBuild.proj]\r\n[06:45:35] :\t [Step 4/4] C:\\BuildAgent\\work\\29495d0a71cf35ac\\.dotnet\\sdk\\1.0.0\\NuGet.targets(97,5): error :    at NuGet.DependencyResolver.RemoteDependencyWalker.<CreateGraphNode>d__3.MoveNext() [C:\\BuildAgent\\work\\29495d0a71cf35ac\\Universe\\.r\\MvcPrecompilation\\.build\\KoreBuild.proj]\r\n[06:45:35] :\t [Step 4/4] C:\\BuildAgent\\work\\29495d0a71cf35ac\\.dotnet\\sdk\\1.0.0\\NuGet.targets(97,5): error : --- End of stack trace from previous location where exception was thrown --- [C:\\BuildAgent\\work\\29495d0a71cf35ac\\Universe\\.r\\MvcPrecompilation\\.build\\KoreBuild.proj]\r\n[06:45:35] :\t [Step 4/4] C:\\BuildAgent\\work\\29495d0a71cf35ac\\.dotnet\\sdk\\1.0.0\\NuGet.targets(97,5): error :    at System.Runtime.ExceptionServices.ExceptionDispatchInfo.Throw() [C:\\BuildAgent\\work\\29495d0a71cf35ac\\Universe\\.r\\MvcPrecompilation\\.build\\KoreBuild.proj]\r\n[06:45:35] :\t [Step 4/4] C:\\BuildAgent\\work\\29495d0a71cf35ac\\.dotnet\\sdk\\1.0.0\\NuGet.targets(97,5): error :    at System.Runtime.CompilerServices.TaskAwaiter.HandleNonSuccessAndDebuggerNotification(Task task) [C:\\BuildAgent\\work\\29495d0a71cf35ac\\Universe\\.r\\MvcPrecompilation\\.build\\KoreBuild.proj]\r\n[06:45:35] :\t [Step 4/4] C:\\BuildAgent\\work\\29495d0a71cf35ac\\.dotnet\\sdk\\1.0.0\\NuGet.targets(97,5): error :    at System.Runtime.CompilerServices.TaskAwaiter`1.GetResult() [C:\\BuildAgent\\work\\29495d0a71cf35ac\\Universe\\.r\\MvcPrecompilation\\.build\\KoreBuild.proj]\r\n[06:45:35] :\t [Step 4/4] C:\\BuildAgent\\work\\29495d0a71cf35ac\\.dotnet\\sdk\\1.0.0\\NuGet.targets(97,5): error :    at NuGet.DependencyResolver.RemoteDependencyWalker.<CreateGraphNode>d__3.MoveNext() [C:\\BuildAgent\\work\\29495d0a71cf35ac\\Universe\\.r\\MvcPrecompilation\\.build\\KoreBuild.proj]\r\n[06:45:35] :\t [Step 4/4] C:\\BuildAgent\\work\\29495d0a71cf35ac\\.dotnet\\sdk\\1.0.0\\NuGet.targets(97,5): error : --- End of stack trace from previous location where exception was thrown --- [C:\\BuildAgent\\work\\29495d0a71cf35ac\\Universe\\.r\\MvcPrecompilation\\.build\\KoreBuild.proj]\r\n[06:45:35] :\t [Step 4/4] C:\\BuildAgent\\work\\29495d0a71cf35ac\\.dotnet\\sdk\\1.0.0\\NuGet.targets(97,5): error :    at System.Runtime.ExceptionServices.ExceptionDispatchInfo.Throw() [C:\\BuildAgent\\work\\29495d0a71cf35ac\\Universe\\.r\\MvcPrecompilation\\.build\\KoreBuild.proj]\r\n[06:45:35] :\t [Step 4/4] C:\\BuildAgent\\work\\29495d0a71cf35ac\\.dotnet\\sdk\\1.0.0\\NuGet.targets(97,5): error :    at System.Runtime.CompilerServices.TaskAwaiter.HandleNonSuccessAndDebuggerNotification(Task task) [C:\\BuildAgent\\work\\29495d0a71cf35ac\\Universe\\.r\\MvcPrecompilation\\.build\\KoreBuild.proj]\r\n[06:45:35] :\t [Step 4/4] C:\\BuildAgent\\work\\29495d0a71cf35ac\\.dotnet\\sdk\\1.0.0\\NuGet.targets(97,5): error :    at System.Runtime.CompilerServices.TaskAwaiter`1.GetResult() [C:\\BuildAgent\\work\\29495d0a71cf35ac\\Universe\\.r\\MvcPrecompilation\\.build\\KoreBuild.proj]\r\n[06:45:35] :\t [Step 4/4] C:\\BuildAgent\\work\\29495d0a71cf35ac\\.dotnet\\sdk\\1.0.0\\NuGet.targets(97,5): error :    at NuGet.DependencyResolver.RemoteDependencyWalker.<CreateGraphNode>d__3.MoveNext() [C:\\BuildAgent\\work\\29495d0a71cf35ac\\Universe\\.r\\MvcPrecompilation\\.build\\KoreBuild.proj]\r\n[06:45:35] :\t [Step 4/4] C:\\BuildAgent\\work\\29495d0a71cf35ac\\.dotnet\\sdk\\1.0.0\\NuGet.targets(97,5): error : --- End of stack trace from previous location where exception was thrown --- [C:\\BuildAgent\\work\\29495d0a71cf35ac\\Universe\\.r\\MvcPrecompilation\\.build\\KoreBuild.proj]\r\n[06:45:35] :\t [Step 4/4] C:\\BuildAgent\\work\\29495d0a71cf35ac\\.dotnet\\sdk\\1.0.0\\NuGet.targets(97,5): error :    at System.Runtime.ExceptionServices.ExceptionDispatchInfo.Throw() [C:\\BuildAgent\\work\\29495d0a71cf35ac\\Universe\\.r\\MvcPrecompilation\\.build\\KoreBuild.proj]\r\n[06:45:35] :\t [Step 4/4] C:\\BuildAgent\\work\\29495d0a71cf35ac\\.dotnet\\sdk\\1.0.0\\NuGet.targets(97,5): error :    at System.Runtime.CompilerServices.TaskAwaiter.HandleNonSuccessAndDebuggerNotification(Task task) [C:\\BuildAgent\\work\\29495d0a71cf35ac\\Universe\\.r\\MvcPrecompilation\\.build\\KoreBuild.proj]\r\n[06:45:35] :\t [Step 4/4] C:\\BuildAgent\\work\\29495d0a71cf35ac\\.dotnet\\sdk\\1.0.0\\NuGet.targets(97,5): error :    at System.Runtime.CompilerServices.TaskAwaiter`1.GetResult() [C:\\BuildAgent\\work\\29495d0a71cf35ac\\Universe\\.r\\MvcPrecompilation\\.build\\KoreBuild.proj]\r\n[06:45:35] :\t [Step 4/4] C:\\BuildAgent\\work\\29495d0a71cf35ac\\.dotnet\\sdk\\1.0.0\\NuGet.targets(97,5): error :    at NuGet.Commands.ProjectRestoreCommand.<WalkDependenciesAsync>d__5.MoveNext() [C:\\BuildAgent\\work\\29495d0a71cf35ac\\Universe\\.r\\MvcPrecompilation\\.build\\KoreBuild.proj]\r\n[06:45:35] :\t [Step 4/4] C:\\BuildAgent\\work\\29495d0a71cf35ac\\.dotnet\\sdk\\1.0.0\\NuGet.targets(97,5): error : --- End of stack trace from previous location where exception was thrown --- [C:\\BuildAgent\\work\\29495d0a71cf35ac\\Universe\\.r\\MvcPrecompilation\\.build\\KoreBuild.proj]\r\n[06:45:35] :\t [Step 4/4] C:\\BuildAgent\\work\\29495d0a71cf35ac\\.dotnet\\sdk\\1.0.0\\NuGet.targets(97,5): error :    at System.Runtime.ExceptionServices.ExceptionDispatchInfo.Throw() [C:\\BuildAgent\\work\\29495d0a71cf35ac\\Universe\\.r\\MvcPrecompilation\\.build\\KoreBuild.proj]\r\n[06:45:35] :\t [Step 4/4] C:\\BuildAgent\\work\\29495d0a71cf35ac\\.dotnet\\sdk\\1.0.0\\NuGet.targets(97,5): error :    at System.Runtime.CompilerServices.TaskAwaiter.HandleNonSuccessAndDebuggerNotification(Task task) [C:\\BuildAgent\\work\\29495d0a71cf35ac\\Universe\\.r\\MvcPrecompilation\\.build\\KoreBuild.proj]\r\n[06:45:35] :\t [Step 4/4] C:\\BuildAgent\\work\\29495d0a71cf35ac\\.dotnet\\sdk\\1.0.0\\NuGet.targets(97,5): error :    at System.Runtime.CompilerServices.TaskAwaiter`1.GetResult() [C:\\BuildAgent\\work\\29495d0a71cf35ac\\Universe\\.r\\MvcPrecompilation\\.build\\KoreBuild.proj]\r\n[06:45:35] :\t [Step 4/4] C:\\BuildAgent\\work\\29495d0a71cf35ac\\.dotnet\\sdk\\1.0.0\\NuGet.targets(97,5): error :    at NuGet.Commands.ProjectRestoreCommand.<TryRestore>d__3.MoveNext() [C:\\BuildAgent\\work\\29495d0a71cf35ac\\Universe\\.r\\MvcPrecompilation\\.build\\KoreBuild.proj]\r\n[06:45:35] :\t [Step 4/4] C:\\BuildAgent\\work\\29495d0a71cf35ac\\.dotnet\\sdk\\1.0.0\\NuGet.targets(97,5): error : --- End of stack trace from previous location where exception was thrown --- [C:\\BuildAgent\\work\\29495d0a71cf35ac\\Universe\\.r\\MvcPrecompilation\\.build\\KoreBuild.proj]\r\n[06:45:35] :\t [Step 4/4] C:\\BuildAgent\\work\\29495d0a71cf35ac\\.dotnet\\sdk\\1.0.0\\NuGet.targets(97,5): error :    at System.Runtime.ExceptionServices.ExceptionDispatchInfo.Throw() [C:\\BuildAgent\\work\\29495d0a71cf35ac\\Universe\\.r\\MvcPrecompilation\\.build\\KoreBuild.proj]\r\n[06:45:35] :\t [Step 4/4] C:\\BuildAgent\\work\\29495d0a71cf35ac\\.dotnet\\sdk\\1.0.0\\NuGet.targets(97,5): error :    at System.Runtime.CompilerServices.TaskAwaiter.HandleNonSuccessAndDebuggerNotification(Task task) [C:\\BuildAgent\\work\\29495d0a71cf35ac\\Universe\\.r\\MvcPrecompilation\\.build\\KoreBuild.proj]\r\n[06:45:35] :\t [Step 4/4] C:\\BuildAgent\\work\\29495d0a71cf35ac\\.dotnet\\sdk\\1.0.0\\NuGet.targets(97,5): error :    at System.Runtime.CompilerServices.TaskAwaiter`1.GetResult() [C:\\BuildAgent\\work\\29495d0a71cf35ac\\Universe\\.r\\MvcPrecompilation\\.build\\KoreBuild.proj]\r\n[06:45:35] :\t [Step 4/4] C:\\BuildAgent\\work\\29495d0a71cf35ac\\.dotnet\\sdk\\1.0.0\\NuGet.targets(97,5): error :    at NuGet.Commands.RestoreCommand.<ExecuteRestoreAsync>d__15.MoveNext() [C:\\BuildAgent\\work\\29495d0a71cf35ac\\Universe\\.r\\MvcPrecompilation\\.build\\KoreBuild.proj]\r\n[06:45:35] :\t [Step 4/4] C:\\BuildAgent\\work\\29495d0a71cf35ac\\.dotnet\\sdk\\1.0.0\\NuGet.targets(97,5): error : --- End of stack trace from previous location where exception was thrown --- [C:\\BuildAgent\\work\\29495d0a71cf35ac\\Universe\\.r\\MvcPrecompilation\\.build\\KoreBuild.proj]\r\n[06:45:35] :\t [Step 4/4] C:\\BuildAgent\\work\\29495d0a71cf35ac\\.dotnet\\sdk\\1.0.0\\NuGet.targets(97,5): error :    at System.Runtime.ExceptionServices.ExceptionDispatchInfo.Throw() [C:\\BuildAgent\\work\\29495d0a71cf35ac\\Universe\\.r\\MvcPrecompilation\\.build\\KoreBuild.proj]\r\n[06:45:35] :\t [Step 4/4] C:\\BuildAgent\\work\\29495d0a71cf35ac\\.dotnet\\sdk\\1.0.0\\NuGet.targets(97,5): error :    at System.Runtime.CompilerServices.TaskAwaiter.HandleNonSuccessAndDebuggerNotification(Task task) [C:\\BuildAgent\\work\\29495d0a71cf35ac\\Universe\\.r\\MvcPrecompilation\\.build\\KoreBuild.proj]\r\n[06:45:35] :\t [Step 4/4] C:\\BuildAgent\\work\\29495d0a71cf35ac\\.dotnet\\sdk\\1.0.0\\NuGet.targets(97,5): error :    at System.Runtime.CompilerServices.TaskAwaiter`1.GetResult() [C:\\BuildAgent\\work\\29495d0a71cf35ac\\Universe\\.r\\MvcPrecompilation\\.build\\KoreBuild.proj]\r\n[06:45:35] :\t [Step 4/4] C:\\BuildAgent\\work\\29495d0a71cf35ac\\.dotnet\\sdk\\1.0.0\\NuGet.targets(97,5): error :    at NuGet.Commands.RestoreCommand.<ExecuteAsync>d__8.MoveNext() [C:\\BuildAgent\\work\\29495d0a71cf35ac\\Universe\\.r\\MvcPrecompilation\\.build\\KoreBuild.proj]\r\n[06:45:35] :\t [Step 4/4] C:\\BuildAgent\\work\\29495d0a71cf35ac\\.dotnet\\sdk\\1.0.0\\NuGet.targets(97,5): error : --- End of stack trace from previous location where exception was thrown --- [C:\\BuildAgent\\work\\29495d0a71cf35ac\\Universe\\.r\\MvcPrecompilation\\.build\\KoreBuild.proj]\r\n[06:45:35] :\t [Step 4/4] C:\\BuildAgent\\work\\29495d0a71cf35ac\\.dotnet\\sdk\\1.0.0\\NuGet.targets(97,5): error :    at System.Runtime.ExceptionServices.ExceptionDispatchInfo.Throw() [C:\\BuildAgent\\work\\29495d0a71cf35ac\\Universe\\.r\\MvcPrecompilation\\.build\\KoreBuild.proj]\r\n[06:45:35] :\t [Step 4/4] C:\\BuildAgent\\work\\29495d0a71cf35ac\\.dotnet\\sdk\\1.0.0\\NuGet.targets(97,5): error :    at System.Runtime.CompilerServices.TaskAwaiter.HandleNonSuccessAndDebuggerNotification(Task task) [C:\\BuildAgent\\work\\29495d0a71cf35ac\\Universe\\.r\\MvcPrecompilation\\.build\\KoreBuild.proj]\r\n[06:45:35] :\t [Step 4/4] C:\\BuildAgent\\work\\29495d0a71cf35ac\\.dotnet\\sdk\\1.0.0\\NuGet.targets(97,5): error :    at System.Runtime.CompilerServices.TaskAwaiter`1.GetResult() [C:\\BuildAgent\\work\\29495d0a71cf35ac\\Universe\\.r\\MvcPrecompilation\\.build\\KoreBuild.proj]\r\n[06:45:35] :\t [Step 4/4] C:\\BuildAgent\\work\\29495d0a71cf35ac\\.dotnet\\sdk\\1.0.0\\NuGet.targets(97,5): error :    at NuGet.Commands.RestoreRunner.<ExecuteAsync>d__7.MoveNext() [C:\\BuildAgent\\work\\29495d0a71cf35ac\\Universe\\.r\\MvcPrecompilation\\.build\\KoreBuild.proj]\r\n[06:45:35] :\t [Step 4/4] C:\\BuildAgent\\work\\29495d0a71cf35ac\\.dotnet\\sdk\\1.0.0\\NuGet.targets(97,5): error : --- End of stack trace from previous location where exception was thrown --- [C:\\BuildAgent\\work\\29495d0a71cf35ac\\Universe\\.r\\MvcPrecompilation\\.build\\KoreBuild.proj]\r\n[06:45:35] :\t [Step 4/4] C:\\BuildAgent\\work\\29495d0a71cf35ac\\.dotnet\\sdk\\1.0.0\\NuGet.targets(97,5): error :    at System.Runtime.ExceptionServices.ExceptionDispatchInfo.Throw() [C:\\BuildAgent\\work\\29495d0a71cf35ac\\Universe\\.r\\MvcPrecompilation\\.build\\KoreBuild.proj]\r\n[06:45:35] :\t [Step 4/4] C:\\BuildAgent\\work\\29495d0a71cf35ac\\.dotnet\\sdk\\1.0.0\\NuGet.targets(97,5): error :    at System.Runtime.CompilerServices.TaskAwaiter.HandleNonSuccessAndDebuggerNotification(Task task) [C:\\BuildAgent\\work\\29495d0a71cf35ac\\Universe\\.r\\MvcPrecompilation\\.build\\KoreBuild.proj]\r\n[06:45:35] :\t [Step 4/4] C:\\BuildAgent\\work\\29495d0a71cf35ac\\.dotnet\\sdk\\1.0.0\\NuGet.targets(97,5): error :    at System.Runtime.CompilerServices.TaskAwaiter`1.GetResult() [C:\\BuildAgent\\work\\29495d0a71cf35ac\\Universe\\.r\\MvcPrecompilation\\.build\\KoreBuild.proj]\r\n[06:45:35] :\t [Step 4/4] C:\\BuildAgent\\work\\29495d0a71cf35ac\\.dotnet\\sdk\\1.0.0\\NuGet.targets(97,5): error :    at NuGet.Commands.RestoreRunner.<ExecuteAndCommitAsync>d__6.MoveNext() [C:\\BuildAgent\\work\\29495d0a71cf35ac\\Universe\\.r\\MvcPrecompilation\\.build\\KoreBuild.proj]\r\n[06:45:35] :\t [Step 4/4] C:\\BuildAgent\\work\\29495d0a71cf35ac\\.dotnet\\sdk\\1.0.0\\NuGet.targets(97,5): error : --- End of stack trace from previous location where exception was thrown --- [C:\\BuildAgent\\work\\29495d0a71cf35ac\\Universe\\.r\\MvcPrecompilation\\.build\\KoreBuild.proj]\r\n[06:45:35] :\t [Step 4/4] C:\\BuildAgent\\work\\29495d0a71cf35ac\\.dotnet\\sdk\\1.0.0\\NuGet.targets(97,5): error :    at System.Runtime.ExceptionServices.ExceptionDispatchInfo.Throw() [C:\\BuildAgent\\work\\29495d0a71cf35ac\\Universe\\.r\\MvcPrecompilation\\.build\\KoreBuild.proj]\r\n[06:45:35] :\t [Step 4/4] C:\\BuildAgent\\work\\29495d0a71cf35ac\\.dotnet\\sdk\\1.0.0\\NuGet.targets(97,5): error :    at System.Runtime.CompilerServices.TaskAwaiter.HandleNonSuccessAndDebuggerNotification(Task task) [C:\\BuildAgent\\work\\29495d0a71cf35ac\\Universe\\.r\\MvcPrecompilation\\.build\\KoreBuild.proj]\r\n[06:45:35] :\t [Step 4/4] C:\\BuildAgent\\work\\29495d0a71cf35ac\\.dotnet\\sdk\\1.0.0\\NuGet.targets(97,5): error :    at System.Runtime.CompilerServices.TaskAwaiter`1.GetResult() [C:\\BuildAgent\\work\\29495d0a71cf35ac\\Universe\\.r\\MvcPrecompilation\\.build\\KoreBuild.proj]\r\n[06:45:35] :\t [Step 4/4] C:\\BuildAgent\\work\\29495d0a71cf35ac\\.dotnet\\sdk\\1.0.0\\NuGet.targets(97,5): error :    at NuGet.Commands.RestoreRunner.<CompleteTaskAsync>d__9.MoveNext() [C:\\BuildAgent\\work\\29495d0a71cf35ac\\Universe\\.r\\MvcPrecompilation\\.build\\KoreBuild.proj]\r\n[06:45:35] :\t [Step 4/4] C:\\BuildAgent\\work\\29495d0a71cf35ac\\.dotnet\\sdk\\1.0.0\\NuGet.targets(97,5): error : --- End of stack trace from previous location where exception was thrown --- [C:\\BuildAgent\\work\\29495d0a71cf35ac\\Universe\\.r\\MvcPrecompilation\\.build\\KoreBuild.proj]\r\n[06:45:35] :\t [Step 4/4] C:\\BuildAgent\\work\\29495d0a71cf35ac\\.dotnet\\sdk\\1.0.0\\NuGet.targets(97,5): error :    at System.Runtime.ExceptionServices.ExceptionDispatchInfo.Throw() [C:\\BuildAgent\\work\\29495d0a71cf35ac\\Universe\\.r\\MvcPrecompilation\\.build\\KoreBuild.proj]\r\n[06:45:35] :\t [Step 4/4] C:\\BuildAgent\\work\\29495d0a71cf35ac\\.dotnet\\sdk\\1.0.0\\NuGet.targets(97,5): error :    at System.Runtime.CompilerServices.TaskAwaiter.HandleNonSuccessAndDebuggerNotification(Task task) [C:\\BuildAgent\\work\\29495d0a71cf35ac\\Universe\\.r\\MvcPrecompilation\\.build\\KoreBuild.proj]\r\n[06:45:35] :\t [Step 4/4] C:\\BuildAgent\\work\\29495d0a71cf35ac\\.dotnet\\sdk\\1.0.0\\NuGet.targets(97,5): error :    at System.Runtime.CompilerServices.TaskAwaiter`1.GetResult() [C:\\BuildAgent\\work\\29495d0a71cf35ac\\Universe\\.r\\MvcPrecompilation\\.build\\KoreBuild.proj]\r\n[06:45:35] :\t [Step 4/4] C:\\BuildAgent\\work\\29495d0a71cf35ac\\.dotnet\\sdk\\1.0.0\\NuGet.targets(97,5): error :    at NuGet.Commands.RestoreRunner.<RunAsync>d__2.MoveNext() [C:\\BuildAgent\\work\\29495d0a71cf35ac\\Universe\\.r\\MvcPrecompilation\\.build\\KoreBuild.proj]\r\n[06:45:35] :\t [Step 4/4] C:\\BuildAgent\\work\\29495d0a71cf35ac\\.dotnet\\sdk\\1.0.0\\NuGet.targets(97,5): error : --- End of stack trace from previous location where exception was thrown --- [C:\\BuildAgent\\work\\29495d0a71cf35ac\\Universe\\.r\\MvcPrecompilation\\.build\\KoreBuild.proj]\r\n[06:45:35] :\t [Step 4/4] C:\\BuildAgent\\work\\29495d0a71cf35ac\\.dotnet\\sdk\\1.0.0\\NuGet.targets(97,5): error :    at System.Runtime.ExceptionServices.ExceptionDispatchInfo.Throw() [C:\\BuildAgent\\work\\29495d0a71cf35ac\\Universe\\.r\\MvcPrecompilation\\.build\\KoreBuild.proj]\r\n[06:45:35] :\t [Step 4/4] C:\\BuildAgent\\work\\29495d0a71cf35ac\\.dotnet\\sdk\\1.0.0\\NuGet.targets(97,5): error :    at System.Runtime.CompilerServices.TaskAwaiter.HandleNonSuccessAndDebuggerNotification(Task task) [C:\\BuildAgent\\work\\29495d0a71cf35ac\\Universe\\.r\\MvcPrecompilation\\.build\\KoreBuild.proj]\r\n[06:45:35] :\t [Step 4/4] C:\\BuildAgent\\work\\29495d0a71cf35ac\\.dotnet\\sdk\\1.0.0\\NuGet.targets(97,5): error :    at System.Runtime.CompilerServices.TaskAwaiter`1.GetResult() [C:\\BuildAgent\\work\\29495d0a71cf35ac\\Universe\\.r\\MvcPrecompilation\\.build\\KoreBuild.proj]\r\n[06:45:35] :\t [Step 4/4] C:\\BuildAgent\\work\\29495d0a71cf35ac\\.dotnet\\sdk\\1.0.0\\NuGet.targets(97,5): error :    at NuGet.Commands.RestoreRunner.<Run>d__1.MoveNext() [C:\\BuildAgent\\work\\29495d0a71cf35ac\\Universe\\.r\\MvcPrecompilation\\.build\\KoreBuild.proj]\r\n[06:45:35] :\t [Step 4/4] C:\\BuildAgent\\work\\29495d0a71cf35ac\\.dotnet\\sdk\\1.0.0\\NuGet.targets(97,5): error : --- End of stack trace from previous location where exception was thrown --- [C:\\BuildAgent\\work\\29495d0a71cf35ac\\Universe\\.r\\MvcPrecompilation\\.build\\KoreBuild.proj]\r\n[06:45:35] :\t [Step 4/4] C:\\BuildAgent\\work\\29495d0a71cf35ac\\.dotnet\\sdk\\1.0.0\\NuGet.targets(97,5): error :    at System.Runtime.ExceptionServices.ExceptionDispatchInfo.Throw() [C:\\BuildAgent\\work\\29495d0a71cf35ac\\Universe\\.r\\MvcPrecompilation\\.build\\KoreBuild.proj]\r\n[06:45:35] :\t [Step 4/4] C:\\BuildAgent\\work\\29495d0a71cf35ac\\.dotnet\\sdk\\1.0.0\\NuGet.targets(97,5): error :    at System.Runtime.CompilerServices.TaskAwaiter.HandleNonSuccessAndDebuggerNotification(Task task) [C:\\BuildAgent\\work\\29495d0a71cf35ac\\Universe\\.r\\MvcPrecompilation\\.build\\KoreBuild.proj]\r\n[06:45:35] :\t [Step 4/4] C:\\BuildAgent\\work\\29495d0a71cf35ac\\.dotnet\\sdk\\1.0.0\\NuGet.targets(97,5): error :    at System.Runtime.CompilerServices.TaskAwaiter`1.GetResult() [C:\\BuildAgent\\work\\29495d0a71cf35ac\\Universe\\.r\\MvcPrecompilation\\.build\\KoreBuild.proj]\r\n[06:45:35] :\t [Step 4/4] C:\\BuildAgent\\work\\29495d0a71cf35ac\\.dotnet\\sdk\\1.0.0\\NuGet.targets(97,5): error :    at NuGet.Build.Tasks.RestoreTask.<ExecuteAsync>d__37.MoveNext()<--- [C:\\BuildAgent\\work\\29495d0a71cf35ac\\Universe\\.r\\MvcPrecompilation\\.build\\KoreBuild.proj]\r\n[06:45:35] :\t [Step 4/4] C:\\BuildAgent\\work\\29495d0a71cf35ac\\.dotnet\\sdk\\1.0.0\\NuGet.targets(97,5): error :  [C:\\BuildAgent\\work\\29495d0a71cf35ac\\Universe\\.r\\MvcPrecompilation\\.build\\KoreBuild.proj]\r\n[06:45:35] :\t [Step 4/4] MSBUILD : error MSB4166: Child node \"4\" exited prematurely. Shutting down. Diagnostic information may be found in files in the temporary files directory named MSBuild_*.failure.txt.\r\n[06:45:35] :\t [Step 4/4] C:\\BuildAgent\\work\\29495d0a71cf35ac\\.dotnet\\sdk\\1.0.0\\Roslyn\\Microsoft.CSharp.Core.targets(71,5): warning MSB5021: \"cmd\" and its child processes are being terminated in order to cancel the build. [C:\\BuildAgent\\work\\29495d0a71cf35ac\\Universe\\.r\\Identity\\src\\Microsoft.AspNetCore.Identity\\Microsoft.AspNetCore.Identity.csproj]\r\n[06:45:35] :\t [Step 4/4] \r\n[06:45:35] :\t [Step 4/4] Build FAILED.\r\n[06:45:35] :\t [Step 4/4] \r\n```\r\n```\r\n[16:07:11]C:\\BuildAgent\\work\\29495d0a71cf35ac\\.dotnet\\sdk\\1.0.0\\Roslyn\\Microsoft.CSharp.Core.targets(71,5): error MSB6003: The specified task executable \"C:\\BuildAgent\\work\\29495d0a71cf35ac\\.dotnet\\sdk\\1.0.0\\Roslyn\\RunCsc.cmd\" could not be run. The paging file is too small for this operation to complete [C:\\BuildAgent\\work\\29495d0a71cf35ac\\Universe\\.r\\MusicStore\\test\\E2ETests\\E2ETests.csproj]\r\n```\r\n",
  "state": "OPEN",
  "createdAt": "2017-03-10T16:17:43Z",
  "updatedAt": "2024-02-21T16:37:11Z",
  "closedAt": null,
  "author": {
    "login": "pakrym"
  },
  "labels": [
    "triaged"
  ],
  "assignees": {
    "nodes": []
  },
  "milestone": null,
  "comments": {
    "nodes": []
  }
}