{
  "number": 6603,
  "title": "CombineTargetFrameworkInfoProperties fails on `portable` framework names",
  "body": "### Issue Description\r\nWhen referencing a project that uses TargetFramework values containing `+` `CombineTargetFrameworkInfoProperties` fails with \r\n\r\n```\r\nC:\\src\\dotnet\\wcf\\.dotnet\\sdk\\6.0.100-preview.4.21255.9\\Microsoft.Common.CurrentVersion.targets(1809,5): error MSB4018: The \"CombineTargetFrameworkInfoProperties\" task failed unexpectedly.\r\nSystem.Xml.XmlException: The '+' character, hexadecimal value 0x2B, cannot be included in a name.\r\n   at System.Xml.XmlConvert.VerifyNCName(String name, ExceptionType exceptionType) in System.Private.Xml.dll:token 0x6000b7b+0x25\r\n   at System.Xml.XmlConvert.VerifyNCName(String name) in System.Private.Xml.dll:token 0x6000b7a+0x0\r\n   at System.Xml.Linq.XName..ctor(XNamespace ns, String localName) in System.Private.Xml.Linq.dll:token 0x600029a+0xd\r\n   at System.Xml.Linq.XNamespace.GetName(String localName, Int32 index, Int32 count) in System.Private.Xml.Linq.dll:token 0x60002b6+0x28\r\n   at Microsoft.Build.Tasks.CombineTargetFrameworkInfoProperties.Execute() in Microsoft.Build.Tasks.Core.dll:token 0x6000100+0x0\r\n   at Microsoft.Build.BackEnd.TaskExecutionHost.Microsoft.Build.BackEnd.ITaskExecutionHost.Execute() in Microsoft.Build.dll:token 0x60015da+0x3e\r\n   at Microsoft.Build.BackEnd.TaskBuilder.ExecuteInstantiatedTask(ITaskExecutionHost taskExecutionHost, TaskLoggingContext taskLoggingContext, TaskHost taskHost, ItemBucket bucket, TaskExecutionMode howToExecuteTask) in Microsoft.Build.dll:token 0x600145a+0x2b5 [C:\\src\\dotnet\\wcf\\src\\System.ServiceModel.Primitives\\src\\System.ServiceModel.Primitives.Facade.csproj]\r\n```\r\n\r\nThis is a regression from 5.0.  cc @mconnew @ViktorHofer \r\n\r\n### Steps to Reproduce\r\nBuild attached repro. \r\n[repro.zip](https://github.com/dotnet/msbuild/files/6689937/repro.zip)\r\n\r\n\r\n### Expected Behavior\r\nBuild successfully and don't throw when TargetFramework contains a `+`\r\n\r\n### Actual Behavior\r\nException is thrown\r\n\r\n### Analysis\r\nRegression was introduced by https://github.com/dotnet/msbuild/commit/83cd7d4e36b71d5b2cefd02cb9a5a58d27dd6a75\r\n\r\n### Versions & Configurations\r\n```\r\n.NET SDK (reflecting any global.json):\r\n Version:   6.0.100-preview.5.21278.7\r\n Commit:    1961425fbd\r\n\r\nRuntime Environment:\r\n OS Name:     Windows\r\n OS Version:  10.0.19042\r\n OS Platform: Windows\r\n RID:         win10-x64\r\n Base Path:   C:\\Program Files\\dotnet\\sdk\\6.0.100-preview.5.21278.7\\\r\n\r\nHost (useful for support):\r\n  Version: 6.0.0-preview.5.21277.4\r\n  Commit:  d73fb996ce\r\n\r\n.NET SDKs installed:\r\n  5.0.202 [C:\\Program Files\\dotnet\\sdk]\r\n  5.0.300-preview.21258.4 [C:\\Program Files\\dotnet\\sdk]\r\n  6.0.100-preview.5.21278.7 [C:\\Program Files\\dotnet\\sdk]\r\n\r\n.NET runtimes installed:\r\n  Microsoft.AspNetCore.App 3.1.15 [C:\\Program Files\\dotnet\\shared\\Microsoft.AspNetCore.App]\r\n  Microsoft.AspNetCore.App 5.0.5 [C:\\Program Files\\dotnet\\shared\\Microsoft.AspNetCore.App]\r\n  Microsoft.AspNetCore.App 6.0.0-preview.5.21277.4 [C:\\Program Files\\dotnet\\shared\\Microsoft.AspNetCore.App]\r\n  Microsoft.NETCore.App 3.1.15 [C:\\Program Files\\dotnet\\shared\\Microsoft.NETCore.App]\r\n  Microsoft.NETCore.App 5.0.5 [C:\\Program Files\\dotnet\\shared\\Microsoft.NETCore.App]\r\n  Microsoft.NETCore.App 6.0.0-preview.5.21277.4 [C:\\Program Files\\dotnet\\shared\\Microsoft.NETCore.App]\r\n  Microsoft.WindowsDesktop.App 3.1.15 [C:\\Program Files\\dotnet\\shared\\Microsoft.WindowsDesktop.App]\r\n  Microsoft.WindowsDesktop.App 5.0.5 [C:\\Program Files\\dotnet\\shared\\Microsoft.WindowsDesktop.App]\r\n  Microsoft.WindowsDesktop.App 6.0.0-preview.5.21277.5 [C:\\Program Files\\dotnet\\shared\\Microsoft.WindowsDesktop.App]\r\n```\r\n\r\n### Attach a binlog\r\n[msbuild.zip](https://github.com/dotnet/msbuild/files/6689943/msbuild.zip)\r\n",
  "state": "CLOSED",
  "createdAt": "2021-06-21T23:19:55Z",
  "updatedAt": "2024-02-21T14:12:57Z",
  "closedAt": "2021-08-16T23:17:07Z",
  "author": {
    "login": "ericstj"
  },
  "labels": [
    "bug",
    "regression",
    "triaged"
  ],
  "assignees": {
    "nodes": [
      {
        "login": "dsplaisted"
      },
      {
        "login": "Forgind"
      }
    ]
  },
  "milestone": {
    "title": "VS 17.0"
  },
  "comments": {
    "nodes": [
      {
        "body": "@dsplaisted, can you take a look at this? Looks like we have to change how the TF is represented.",
        "createdAt": "2021-06-30T15:22:52Z",
        "updatedAt": "2021-06-30T15:22:52Z",
        "author": {
          "login": "rainersigwald"
        }
      },
      {
        "body": "The issue is that we pass TargetFramework values back as XML with the updates to the project reference protocol, and we don't properly escape them when they contain a `+` character.\r\n\r\nI'm not sure when I'll be able to look at fixing this though.",
        "createdAt": "2021-06-30T15:28:18Z",
        "updatedAt": "2021-06-30T15:28:18Z",
        "author": {
          "login": "dsplaisted"
        }
      },
      {
        "body": "@Forgind It looks like this was fixed but for the life of me I cannot figure out how to change my csproj file should be change to be able to support '+' in TargetFrameworks.  Can you provide an example?",
        "createdAt": "2021-11-17T22:26:13Z",
        "updatedAt": "2021-11-17T22:26:13Z",
        "author": {
          "login": "chauncat"
        }
      },
      {
        "body": "repro.zip has an example above.\r\n\r\nWhat version of MSBuild are you using?",
        "createdAt": "2021-11-17T22:51:17Z",
        "updatedAt": "2021-11-17T22:51:17Z",
        "author": {
          "login": "Forgind"
        }
      },
      {
        "body": "Using MSBuild 16.11.2.50704.\r\nWe have a test pcl with following TargetFrameworks.\r\n`<TargetFrameworks>netstandard2.0;portable-net45+win8+wp8</TargetFrameworks>`\r\n\r\nThe different comes in that from the fact we have a Xamarin Android project references the test pcl.  That project will not compile with the same error as this bug.  ",
        "createdAt": "2021-11-17T23:03:46Z",
        "updatedAt": "2021-11-17T23:05:16Z",
        "author": {
          "login": "chauncat"
        }
      },
      {
        "body": "Ah. This made it into 17.0, if I remember correctly, so 16.11 doesn't actually have the fix. Can you try updating to 17.0 to see if you still see it?",
        "createdAt": "2021-11-17T23:05:38Z",
        "updatedAt": "2021-11-17T23:05:38Z",
        "author": {
          "login": "Forgind"
        }
      },
      {
        "body": "So VS2019 will never have this fix?",
        "createdAt": "2021-11-17T23:06:21Z",
        "updatedAt": "2021-11-17T23:06:21Z",
        "author": {
          "login": "chauncat"
        }
      },
      {
        "body": "I believe that is correct, but @dsplaisted would know for sure.",
        "createdAt": "2021-11-17T23:07:44Z",
        "updatedAt": "2021-11-17T23:07:44Z",
        "author": {
          "login": "Forgind"
        }
      },
      {
        "body": "That is super frustrating.  Thanks.  @dsplaisted let me know if it might show up in vs2019 since the bug appeared after I updated.  ",
        "createdAt": "2021-11-17T23:15:47Z",
        "updatedAt": "2021-11-17T23:15:47Z",
        "author": {
          "login": "chauncat"
        }
      },
      {
        "body": "We don't have any plans to fix this in VS 2019.\r\n\r\nTo clarify, the bug here was introduced (I believe) in the .NET 6.0 SDK.  If you're using VS 2019, I would generally recommend trying to use the version of the .NET SDK that aligns with that VS version (for example 5.0.4xx of the .NET SDK along with VS 16.11).  I believe that if you do so you will not hit this issue.",
        "createdAt": "2021-11-17T23:27:25Z",
        "updatedAt": "2021-11-17T23:27:25Z",
        "author": {
          "login": "dsplaisted"
        }
      }
    ]
  }
}