{
  "number": 11302,
  "title": "The expression \"[MSBuild]::VersionGreaterThanOrEquals('', 9.0)\" cannot be evaluated. Version string was not in a correct format on old C++ project",
  "body": "### Issue Description\n\nI am looking into [this sample project provided by Microsoft](https://github.com/microsoftarchive/msdn-code-gallery-microsoft/tree/master/Official%20Windows%20Platform%20Sample/Direct2D%20composite%20effect%20modes%20sample/%5BC%2B%2B%5D-Direct2D%20composite%20effect%20modes%20sample), and got this error when I try to build it\n\n\n### Steps to Reproduce\n\n1. Clone https://github.com/microsoftarchive/msdn-code-gallery-microsoft\n2. cd into `Official Windows Platform Sample/Direct2D basic image effects sample/[C++]-Direct2D basic image effects sample/C++`\n3. Build the project either with visual studio 2022, or msbuild from native x64 tool command prompt\n\n### Expected Behavior\n\nBuilds fine.\n\n### Actual Behavior\n\n```\nD:\\[C++]-Direct2D basic image effects sample\\C++>msbuild\nMSBuild version 17.12.12+1cce77968 for .NET Framework\nBuild started 1/20/2025 1:06:16 AM.\n\nProject \"D:\\[C++]-Direct2D basic image effects sample\\C++\\D2DEffectsHelloWorld.sln\" on n\node 1 (default targets).\nValidateSolutionConfiguration:\n  Building solution configuration \"Debug|Win32\".\nProject \"D:\\[C++]-Direct2D basic image effects sample\\C++\\D2DEffectsHelloWorld.sln\" (1)\nis building \"D:\\[C++]-Direct2D basic image effects sample\\C++\\D2DEffectsHelloWorld.vcxpr\noj\" (2) on node 1 (default targets).\nC:\\Program Files\\Microsoft Visual Studio\\2022\\Community\\MSBuild\\Microsoft\\VisualStudio\\v\n17.0\\AppxPackage\\Microsoft.AppXPackage.Targets(225,25): error MSB4184: The expression \"[\nMSBuild]::VersionGreaterThanOrEquals('', 9.0)\" cannot be evaluated. Version string was n\not in a correct format. [D:\\[C++]-Direct2D basic image effects sample\\C++\\D2DEffectsHell\noWorld.vcxproj]\nDone Building Project \"D:\\[C++]-Direct2D basic image effects sample\\C++\\D2DEffectsHelloW\norld.vcxproj\" (default targets) -- FAILED.\n```\n\n### Analysis\n\n_No response_\n\n### Versions & Configurations\n\n_No response_",
  "state": "OPEN",
  "createdAt": "2025-01-19T17:09:54Z",
  "updatedAt": "2025-03-11T14:48:26Z",
  "closedAt": null,
  "author": {
    "login": "HO-COOH"
  },
  "milestone": null,
  "assignees": {
    "nodes": [
      {
        "login": "Sergio0694"
      }
    ]
  },
  "labels": [
    "triaged"
  ],
  "comments": {
    "nodes": [
      {
        "body": "Hi @Sergio0694,\n\nI see it's related to you recent changes in [`Microsoft.AppxPackage.targets`\n](https://devdiv.visualstudio.com/DevDiv/_git/VS/commit/cb231a8a1c6a00a14a2fe0ce86a5cf9dedebe0e9?refName=refs%2Fheads%2Fmain&_a=compare&path=%2Fsrc%2Fvsproject%2FPackageAndDeploy%2FBuildTasks%2FMicrosoft.AppxPackage.targets).\n\nCould you please take a look? I have spotted several other tickets across the git caused by this change:\nhttps://github.com/actions/runner-images/issues/11016\nhttps://github.com/actions/runner-images/issues/11140",
        "createdAt": "2025-01-23T09:06:42Z",
        "author": {
          "login": "YuliiaKovalova"
        }
      },
      {
        "body": "Hi @YuliiaKovalova! Yes this seems to be the bug that the commit you linked fixed. I think that's only available in VS 17.13 though (since that PR was merged in late November, after VS 17.12 had already released), and it wasn't backported.\n\n@HO-COOH would it be possible for you to try this on VS 17.13 Preview 3 (it was released yesterday) and see if it's fixed there? \ud83d\ude42",
        "createdAt": "2025-01-23T21:36:01Z",
        "author": {
          "login": "Sergio0694"
        }
      },
      {
        "body": "@YuliiaKovalova, @Sergio0694, thanks for identifying that this is in-fact a valid bug. \nSince most GitHub VMs (and azure ones) have updated to VS 17.12, we have been somewhat blocked due to this.\n\nDo you know any workarounds, that could help us get unblocked due to this issue in the meantime (while 17.13 GA gets released and adopted by VMs) ?\n",
        "createdAt": "2025-01-24T12:33:24Z",
        "author": {
          "login": "rp9-next"
        }
      },
      {
        "body": "> [@HO-COOH](https://github.com/HO-COOH) would it be possible for you to try this on VS 17.13 Preview 3 (it was released yesterday) and see if it's fixed there? \ud83d\ude42\n\nJust tried, now I got \n```\nBuild started at 8:46 PM...\n1>------ Build started: Project: D2DEffectsHelloWorld, Configuration: Debug x64 ------\n1>pch.cpp\n1>D2DEffectsHelloWorld.cpp\n1>SampleOverlay.cpp\n1>DirectXBase.cpp\n1>D2DEffectsHelloWorld.vcxproj -> D:\\msdn-code-gallery-microsoft\\Official Windows Platform Sample\\Direct2D basic image effects sample\\[C++]-Direct2D basic image effects sample\\C++\\x64\\Debug\\D2DEffectsHelloWorld\\D2DEffectsHelloWorld.exe\n1>D:\\msdn-code-gallery-microsoft\\Official Windows Platform Sample\\Direct2D basic image effects sample\\[C++]-Direct2D basic image effects sample\\C++\\x64\\Debug\\D2DEffectsHelloWorld\\AppxManifest.xml : error APPX0501: Validation error. Element not found. (Exception from HRESULT: 0x80070490)\n1>Done building project \"D2DEffectsHelloWorld.vcxproj\" -- FAILED.\n========== Build: 0 succeeded, 1 failed, 0 up-to-date, 0 skipped ==========\n========== Build completed at 8:46 PM and took 08.416 seconds ==========\n========== Deploy: 0 succeeded, 0 failed, 0 skipped ==========\n========== Deploy completed at 8:46 PM and took 08.417 seconds ==========\n```\nThis is after I `Retarget solution` (otherwise it's windows 8.1 app that can't be build)",
        "createdAt": "2025-01-24T12:50:23Z",
        "author": {
          "login": "HO-COOH"
        }
      },
      {
        "body": "> \"Do you know any workarounds\"\n\nYou should be able to avoid the error if you manually specify `RuntimeIdentifiers` in your project file.\n\n> \"Just tried, now I got\"\n\nMmh that seems to be a different error. Do you have a minimal repro you can share?",
        "createdAt": "2025-01-25T01:45:21Z",
        "author": {
          "login": "Sergio0694"
        }
      },
      {
        "body": "> > \"Just tried, now I got\"\n> \n> Mmh that seems to be a different error. Do you have a minimal repro you can share?\n\n@Sergio0694 Already have a reproduce in OP. [This example project](https://github.com/microsoftarchive/msdn-code-gallery-microsoft/tree/master/Official%20Windows%20Platform%20Sample/Direct2D%20composite%20effect%20modes%20sample/%5BC%2B%2B%5D-Direct2D%20composite%20effect%20modes%20sample)",
        "createdAt": "2025-01-25T05:45:08Z",
        "author": {
          "login": "HO-COOH"
        }
      },
      {
        "body": "agreed with @Sergio0694 offline he checks the issue for vs17.13 and fixes if it's still relevant.",
        "createdAt": "2025-02-05T09:13:07Z",
        "author": {
          "login": "YuliiaKovalova"
        }
      }
    ]
  }
}