{
  "number": 8946,
  "title": "Fleaky test ResponseFileSwitchesAppearInCommandLine",
  "body": "### Context\r\n\r\nFailing CI test on Mac\r\n\r\n```\r\nShouldly.ShouldAssertException : \\\"MSBUILD : error MSB1060: Undefined environment variable passed in as switch.\\r\\n    Full command line:...\\\"\\n    should contain (case insensitive comparison)\\n\\\": %NONEXISTENTENVIRONMENTVARIABLE%\\\"\\n    but did not\r\n```\r\n\r\nFull output of the test\r\n\r\n```\r\nMSBUILD : error MSB1060: Undefined environment variable passed in as switch.\r\n    Full command line: '/Users/runner/work/1/s/artifacts/bin/Microsoft.Build.CommandLine.UnitTests/Debug/net7.0/MSBuild.dll project.proj -nologo'\r\n  Switches appended by response files:\r\n'' came from '/Users/runner/work/1/s/artifacts/bin/Microsoft.Build.CommandLine.UnitTests/Debug/net7.0/MSBuild.rsp'\r\n'' came from '/private/var/folders/24/8k48jl6d249_n_qfxwsl6xvm0000gn/T/jol2i3fv.gsq/Directory.Build.rsp'\r\n'-nowarn:MSB1001 @myRsp.rsp %NONEXISTENTENVIRONMENTVARIABLE%' came from '/private/var/folders/24/8k48jl6d249_n_qfxwsl6xvm0000gn/T/jol2i3fv.gsq/MSBuildTemprunner/Temporary02d0d4329a7440e5a9b6306760054ce9/MSBuild.rsp'\r\n'-nr:false -m:2' came from '/private/var/folders/24/8k48jl6d249_n_qfxwsl6xvm0000gn/T/jol2i3fv.gsq/MSBuildTemprunner/Temporary02d0d4329a7440e5a9b6306760054ce9/myRsp.rsp'\r\n```\r\n\r\nUnexpectedly missing:\r\n\r\n```\r\nSwitch: %NONEXISTENTENVIRONMENTVARIABLE%\r\n\r\nFor switch syntax, type \"MSBuild -help\"\r\n\r\n```\r\n\r\nso it looks like `CommandLineSwitchException` was not thrown",
  "state": "OPEN",
  "createdAt": "2023-06-23T16:13:46Z",
  "updatedAt": "2024-01-31T08:14:01Z",
  "closedAt": null,
  "author": {
    "login": "JanKrivanek"
  },
  "labels": [
    "triaged"
  ],
  "assignees": {
    "nodes": []
  },
  "milestone": null,
  "comments": {
    "nodes": []
  }
}