{
  "number": 9139,
  "title": "[Unhandled Exception]: ",
  "body": "### Issue Description\r\n\r\nI was running a single test in Roslyn that I had added locally and got an OOM.\r\n\r\n### Steps to Reproduce\r\n\r\nIn a Roslyn enlistment, with 8.0.100-preview7 SDK installed, run:\r\n```\r\n> dotnet test .\\src\\Compilers\\CSharp\\Test\\Emit\\ --filter CodeGenAsyncTests --framework net7.0 --logger html\r\n```\r\n\r\n\r\n### Actual Behavior\r\n\r\n```\r\nMSBUILD : error : This is an unhandled exception in MSBuild -- PLEASE UPVOTE AN EXISTING ISSUE OR FILE A NEW ONE AT htt\r\nps://aka.ms/msbuild/unhandled [C:\\Users\\rigibson\\src\\roslyn\\src\\Compilers\\CSharp\\Test\\Emit\\Microsoft.CodeAnalysis.CShar\r\np.Emit.UnitTests.csproj::TargetFramework=net7.0]\r\nMSBUILD : error :     System.OutOfMemoryException: Exception of type 'System.OutOfMemoryException' was thrown. [C:\\User\r\ns\\rigibson\\src\\roslyn\\src\\Compilers\\CSharp\\Test\\Emit\\Microsoft.CodeAnalysis.CSharp.Emit.UnitTests.csproj::TargetFramewo\r\nrk=net7.0]\r\nMSBUILD : error :    at System.Reflection.RuntimeCustomAttributeData.GetCustomAttributeRecords(RuntimeModule module, In\r\nt32 targetToken) [C:\\Users\\rigibson\\src\\roslyn\\src\\Compilers\\CSharp\\Test\\Emit\\Microsoft.CodeAnalysis.CSharp.Emit.UnitTe\r\nsts.csproj::TargetFramework=net7.0]\r\nMSBUILD : error :    at System.Reflection.RuntimeCustomAttributeData.GetCustomAttributes(RuntimeModule module, Int32 tk\r\nTarget) [C:\\Users\\rigibson\\src\\roslyn\\src\\Compilers\\CSharp\\Test\\Emit\\Microsoft.CodeAnalysis.CSharp.Emit.UnitTests.cspro\r\nj::TargetFramework=net7.0]\r\nMSBUILD : error :    at System.Reflection.RuntimeCustomAttributeData.GetCustomAttributesInternal(RuntimeType target) [C\r\n:\\Users\\rigibson\\src\\roslyn\\src\\Compilers\\CSharp\\Test\\Emit\\Microsoft.CodeAnalysis.CSharp.Emit.UnitTests.csproj::TargetF\r\nramework=net7.0]\r\nMSBUILD : error :    at Microsoft.Build.Shared.LoadedType..ctor(Type type, AssemblyLoadInfo assemblyLoadInfo, Assembly\r\nloadedAssembly, Type iTaskItemType, Boolean loadedViaMetadataLoadContext) [C:\\Users\\rigibson\\src\\roslyn\\src\\Compilers\\C\r\nSharp\\Test\\Emit\\Microsoft.CodeAnalysis.CSharp.Emit.UnitTests.csproj::TargetFramework=net7.0]\r\nMSBUILD : error :    at Microsoft.Build.Shared.TypeLoader.AssemblyInfoToLoadedTypes.GetLoadedTypeByTypeName(String type\r\nName, Boolean useTaskHost) [C:\\Users\\rigibson\\src\\roslyn\\src\\Compilers\\CSharp\\Test\\Emit\\Microsoft.CodeAnalysis.CSharp.E\r\nmit.UnitTests.csproj::TargetFramework=net7.0]\r\nMSBUILD : error :    at Microsoft.Build.BackEnd.AssemblyTaskFactory.InitializeFactory(AssemblyLoadInfo loadInfo, String\r\n taskName, IDictionary`2 taskParameters, String taskElementContents, IDictionary`2 taskFactoryIdentityParameters, Boole\r\nan taskHostFactoryExplicitlyRequested, TargetLoggingContext targetLoggingContext, ElementLocation elementLocation, Stri\r\nng taskProjectFile) [C:\\Users\\rigibson\\src\\roslyn\\src\\Compilers\\CSharp\\Test\\Emit\\Microsoft.CodeAnalysis.CSharp.Emit.Uni\r\ntTests.csproj::TargetFramework=net7.0]\r\nMSBUILD : error :    at Microsoft.Build.Execution.TaskRegistry.RegisteredTaskRecord.GetTaskFactory(TargetLoggingContext\r\n targetLoggingContext, ElementLocation elementLocation, String taskProjectFile) [C:\\Users\\rigibson\\src\\roslyn\\src\\Compi\r\nlers\\CSharp\\Test\\Emit\\Microsoft.CodeAnalysis.CSharp.Emit.UnitTests.csproj::TargetFramework=net7.0]\r\nMSBUILD : error :    at Microsoft.Build.Execution.TaskRegistry.RegisteredTaskRecord.CanTaskBeCreatedByFactory(String ta\r\nskName, String taskProjectFile, IDictionary`2 taskIdentityParameters, TargetLoggingContext targetLoggingContext, Elemen\r\ntLocation elementLocation) [C:\\Users\\rigibson\\src\\roslyn\\src\\Compilers\\CSharp\\Test\\Emit\\Microsoft.CodeAnalysis.CSharp.E\r\nmit.UnitTests.csproj::TargetFramework=net7.0]\r\nMSBUILD : error :    at Microsoft.Build.Execution.TaskRegistry.<>c__DisplayClass40_0.<GetMatchingRegistration>b__0(Regi\r\nsteredTaskRecord r) [C:\\Users\\rigibson\\src\\roslyn\\src\\Compilers\\CSharp\\Test\\Emit\\Microsoft.CodeAnalysis.CSharp.Emit.Uni\r\ntTests.csproj::TargetFramework=net7.0]\r\nMSBUILD : error :    at System.Linq.Enumerable.TryGetFirst[TSource](IEnumerable`1 source, Func`2 predicate, Boolean& fo\r\nund) [C:\\Users\\rigibson\\src\\roslyn\\src\\Compilers\\CSharp\\Test\\Emit\\Microsoft.CodeAnalysis.CSharp.Emit.UnitTests.csproj::\r\nTargetFramework=net7.0]\r\nMSBUILD : error :    at System.Linq.Enumerable.FirstOrDefault[TSource](IEnumerable`1 source, Func`2 predicate) [C:\\User\r\ns\\rigibson\\src\\roslyn\\src\\Compilers\\CSharp\\Test\\Emit\\Microsoft.CodeAnalysis.CSharp.Emit.UnitTests.csproj::TargetFramewo\r\nrk=net7.0]\r\nMSBUILD : error :    at Microsoft.Build.Execution.TaskRegistry.GetMatchingRegistration(String taskName, IEnumerable`1 t\r\naskRecords, String taskProjectFile, IDictionary`2 taskIdentityParameters, TargetLoggingContext targetLoggingContext, El\r\nementLocation elementLocation) [C:\\Users\\rigibson\\src\\roslyn\\src\\Compilers\\CSharp\\Test\\Emit\\Microsoft.CodeAnalysis.CSha\r\nrp.Emit.UnitTests.csproj::TargetFramework=net7.0]\r\nMSBUILD : error :    at Microsoft.Build.Execution.TaskRegistry.GetTaskRegistrationRecord(String taskName, String taskPr\r\nojectFile, IDictionary`2 taskIdentityParameters, Boolean exactMatchRequired, TargetLoggingContext targetLoggingContext,\r\n ElementLocation elementLocation, Boolean& retrievedFromCache) [C:\\Users\\rigibson\\src\\roslyn\\src\\Compilers\\CSharp\\Test\\\r\nEmit\\Microsoft.CodeAnalysis.CSharp.Emit.UnitTests.csproj::TargetFramework=net7.0]\r\nMSBUILD : error :    at Microsoft.Build.Execution.TaskRegistry.GetTaskRegistrationRecord(String taskName, String taskPr\r\nojectFile, IDictionary`2 taskIdentityParameters, Boolean exactMatchRequired, TargetLoggingContext targetLoggingContext,\r\n ElementLocation elementLocation, Boolean& retrievedFromCache) [C:\\Users\\rigibson\\src\\roslyn\\src\\Compilers\\CSharp\\Test\\\r\nEmit\\Microsoft.CodeAnalysis.CSharp.Emit.UnitTests.csproj::TargetFramework=net7.0]\r\nMSBUILD : error :    at Microsoft.Build.Execution.TaskRegistry.GetRegisteredTask(String taskName, String taskProjectFil\r\ne, IDictionary`2 taskIdentityParameters, Boolean exactMatchRequired, TargetLoggingContext targetLoggingContext, Element\r\nLocation elementLocation) [C:\\Users\\rigibson\\src\\roslyn\\src\\Compilers\\CSharp\\Test\\Emit\\Microsoft.CodeAnalysis.CSharp.Em\r\nit.UnitTests.csproj::TargetFramework=net7.0]\r\nMSBUILD : error :    at Microsoft.Build.BackEnd.TaskExecutionHost.FindTaskInRegistry(IDictionary`2 taskIdentityParamete\r\nrs) [C:\\Users\\rigibson\\src\\roslyn\\src\\Compilers\\CSharp\\Test\\Emit\\Microsoft.CodeAnalysis.CSharp.Emit.UnitTests.csproj::T\r\nargetFramework=net7.0]\r\nMSBUILD : error :    at Microsoft.Build.BackEnd.TaskExecutionHost.Microsoft.Build.BackEnd.ITaskExecutionHost.FindTask(I\r\nDictionary`2 taskIdentityParameters) [C:\\Users\\rigibson\\src\\roslyn\\src\\Compilers\\CSharp\\Test\\Emit\\Microsoft.CodeAnalysi\r\ns.CSharp.Emit.UnitTests.csproj::TargetFramework=net7.0]\r\nMSBUILD : error :    at Microsoft.Build.BackEnd.TaskBuilder.ExecuteBucket(TaskHost taskHost, ItemBucket bucket, TaskExe\r\ncutionMode howToExecuteTask, Dictionary`2 lookupHash) [C:\\Users\\rigibson\\src\\roslyn\\src\\Compilers\\CSharp\\Test\\Emit\\Micr\r\nosoft.CodeAnalysis.CSharp.Emit.UnitTests.csproj::TargetFramework=net7.0]\r\nMSBUILD : error :    at Microsoft.Build.BackEnd.TaskBuilder.ExecuteTask(TaskExecutionMode mode, Lookup lookup) [C:\\User\r\ns\\rigibson\\src\\roslyn\\src\\Compilers\\CSharp\\Test\\Emit\\Microsoft.CodeAnalysis.CSharp.Emit.UnitTests.csproj::TargetFramewo\r\nrk=net7.0]\r\nMSBUILD : error :    at Microsoft.Build.BackEnd.TaskBuilder.ExecuteTask(TargetLoggingContext loggingContext, BuildReque\r\nstEntry requestEntry, ITargetBuilderCallback targetBuilderCallback, ProjectTargetInstanceChild taskInstance, TaskExecut\r\nionMode mode, Lookup inferLookup, Lookup executeLookup, CancellationToken cancellationToken) [C:\\Users\\rigibson\\src\\ros\r\nlyn\\src\\Compilers\\CSharp\\Test\\Emit\\Microsoft.CodeAnalysis.CSharp.Emit.UnitTests.csproj::TargetFramework=net7.0]\r\nMSBUILD : error :    at Microsoft.Build.BackEnd.TargetEntry.ProcessBucket(ITaskBuilder taskBuilder, TargetLoggingContex\r\nt targetLoggingContext, TaskExecutionMode mode, Lookup lookupForInference, Lookup lookupForExecution) [C:\\Users\\rigibso\r\nn\\src\\roslyn\\src\\Compilers\\CSharp\\Test\\Emit\\Microsoft.CodeAnalysis.CSharp.Emit.UnitTests.csproj::TargetFramework=net7.0\r\n]\r\nMSBUILD : error :    at Microsoft.Build.BackEnd.TargetEntry.ExecuteTarget(ITaskBuilder taskBuilder, BuildRequestEntry r\r\nequestEntry, ProjectLoggingContext projectLoggingContext, CancellationToken cancellationToken) [C:\\Users\\rigibson\\src\\r\r\noslyn\\src\\Compilers\\CSharp\\Test\\Emit\\Microsoft.CodeAnalysis.CSharp.Emit.UnitTests.csproj::TargetFramework=net7.0]\r\nMSBUILD : error :    at Microsoft.Build.BackEnd.TargetBuilder.ProcessTargetStack(ITaskBuilder taskBuilder) [C:\\Users\\ri\r\ngibson\\src\\roslyn\\src\\Compilers\\CSharp\\Test\\Emit\\Microsoft.CodeAnalysis.CSharp.Emit.UnitTests.csproj::TargetFramework=n\r\net7.0]\r\nMSBUILD : error :    at Microsoft.Build.BackEnd.TargetBuilder.BuildTargets(ProjectLoggingContext loggingContext, BuildR\r\nequestEntry entry, IRequestBuilderCallback callback, String[] targetNames, Lookup baseLookup, CancellationToken cancell\r\nationToken) [C:\\Users\\rigibson\\src\\roslyn\\src\\Compilers\\CSharp\\Test\\Emit\\Microsoft.CodeAnalysis.CSharp.Emit.UnitTests.c\r\nsproj::TargetFramework=net7.0]\r\nMSBUILD : error :    at Microsoft.Build.BackEnd.RequestBuilder.BuildProject() [C:\\Users\\rigibson\\src\\roslyn\\src\\Compile\r\nrs\\CSharp\\Test\\Emit\\Microsoft.CodeAnalysis.CSharp.Emit.UnitTests.csproj::TargetFramework=net7.0]\r\nMSBUILD : error :    at Microsoft.Build.BackEnd.RequestBuilder.BuildAndReport() [C:\\Users\\rigibson\\src\\roslyn\\src\\Compi\r\nlers\\CSharp\\Test\\Emit\\Microsoft.CodeAnalysis.CSharp.Emit.UnitTests.csproj::TargetFramework=net7.0]\r\nFatal error. Internal CLR error. (0x80131506)\r\n```\r\n\r\n### Analysis\r\n\r\n_No response_\r\n\r\n### Versions & Configurations\r\n\r\n> dotnet --version\r\n8.0.100-preview.7.23376.3",
  "state": "CLOSED",
  "createdAt": "2023-08-18T20:59:53Z",
  "updatedAt": "2024-02-21T14:03:50Z",
  "closedAt": "2023-10-06T19:00:51Z",
  "author": {
    "login": "RikkiGibson"
  },
  "labels": [
    "bug",
    "needs-more-info",
    "stale",
    "closed-by-bot",
    "triaged"
  ],
  "assignees": {
    "nodes": []
  },
  "milestone": null,
  "comments": {
    "nodes": [
      {
        "body": "Can't repro this locally in Windows. ",
        "createdAt": "2023-08-21T06:11:58Z",
        "updatedAt": "2023-08-21T06:11:58Z",
        "author": {
          "login": "JaynieBai"
        }
      },
      {
        "body": "@RikkiGibson Can you reproduce this? A memory dump would be very helpful (if this was on windows and [WER was on](https://learn.microsoft.com/en-us/windows/win32/wer/wer-settings?redirectedfrom=MSDN) - you might be able to get it without reproing. But if it reproes consistently - custom collected minidump might be better - e.g. use [ProcDump](https://learn.microsoft.com/en-us/sysinternals/downloads/procdump): `procdump -ma -e -x . <your command line>` to monitor the app for crash and collect dump into current folder)",
        "createdAt": "2023-08-21T06:22:52Z",
        "updatedAt": "2023-08-21T06:22:52Z",
        "author": {
          "login": "JanKrivanek"
        }
      },
      {
        "body": "I suspect that running some Roslyn bootstrap builds locally before testing caused memory usage to build up till finally it OOMed. I'll try and turn on WER and follow up if I happen to get a dump. Thanks.",
        "createdAt": "2023-08-22T06:42:35Z",
        "updatedAt": "2023-08-22T06:42:35Z",
        "author": {
          "login": "RikkiGibson"
        }
      },
      {
        "body": "This issue is marked as stale because feedback has been requested for 30 days with no response. Please respond within 14 days or this issue will be closed due to inactivity.",
        "createdAt": "2023-09-22T00:01:13Z",
        "updatedAt": "2023-09-22T00:01:13Z",
        "author": {
          "login": "ghost"
        }
      },
      {
        "body": "This issue was closed due to inactivity. If you can still reproduce this bug, please comment with the requested information, detailed steps to reproduce the problem, or any other notes that might help in the investigation.",
        "createdAt": "2023-10-06T19:00:52Z",
        "updatedAt": "2023-10-06T19:00:52Z",
        "author": {
          "login": "ghost"
        }
      }
    ]
  }
}