{
  "number": 9913,
  "title": "[Bug]:  error MSB8071: Cannot parse tool output 'D:\\dix\\Storage-XAccel\\src\\VmTstLib\\tests\\unittest\\Mocks\\Runners\\Host\\MockHostMgmtQueueGroup.cpp(8,1): fatal error C1060: compiler is out of heap space' with regex '^In file included from .*$': Exception of type 'System.OutOfMemoryException' was thrown.",
  "body": "### Issue Description\n\nBuild FAILED.\r\n\r\n       \"D:\\dix\\Storage-XAccel\\dirs.proj\" (default target) (1) ->\r\n       \"D:\\dix\\Storage-XAccel\\src\\dirs.proj\" (VerifyAlteredTargetsUsed;Build target) (2) ->\r\n       \"D:\\dix\\Storage-XAccel\\src\\VmTstLib\\dirs.proj\" (Build target) (25) ->\r\n       \"D:\\dix\\Storage-XAccel\\src\\VmTstLib\\tests\\dirs.proj\" (default target) (27:2) ->\r\n       \"D:\\dix\\Storage-XAccel\\src\\VmTstLib\\tests\\unittest\\dirs.proj\" (default target) (29:2) ->\r\n       \"D:\\dix\\Storage-XAccel\\src\\VmTstLib\\tests\\unittest\\asfo\\dirs.proj\" (default target) (40:2) ->\r\n       \"D:\\dix\\Storage-XAccel\\src\\VmTstLib\\tests\\unittest\\asfo\\VmTstLibUnitTestCore_asfo.vcxproj\" (default target) (49) ->\r\n       (ClCompile target) ->\r\n         D:\\.tools\\CxCache\\.A\\MsBuild.Corext.bd5eQKfpJOCxPbnmdwMRyQ\\Extensions\\Microsoft\\VC\\V170\\Microsoft.CppCommon.targets(703,5): error MSB8071: Cannot parse tool output 'D:\\dix\\Storage-XAccel\\src\\VmTstLib\\tests\\unittest\\Mocks\\Runners\\Host\\MockHostMgmtQueueGroup.cpp(8,1): fatal error C1060: compiler is out of heap space' with regex '^In file included from .*$': Exception of type 'System.OutOfMemoryException' was thrown. [D:\\dix\\Storage-XAccel\\src\\VmTstLib\\tests\\unittest\\asfo\\VmTstLibUnitTestCore_asfo.vcxproj]\r\n\r\n\r\n       \"D:\\dix\\Storage-XAccel\\dirs.proj\" (default target) (1) ->\r\n       \"D:\\dix\\Storage-XAccel\\src\\dirs.proj\" (VerifyAlteredTargetsUsed;Build target) (2) ->\r\n       \"D:\\dix\\Storage-XAccel\\src\\VmTstLib\\dirs.proj\" (Build target) (25) ->\r\n       \"D:\\dix\\Storage-XAccel\\src\\VmTstLib\\tests\\dirs.proj\" (default target) (27:2) ->\r\n       \"D:\\dix\\Storage-XAccel\\src\\VmTstLib\\tests\\CosimTest\\dirs.proj\" (default target) (30:2) ->\r\n       \"D:\\dix\\Storage-XAccel\\src\\VmTstLib\\tests\\CosimTest\\asfo\\CosimTest_asfo.vcxproj\" (default target) (52) ->\r\n         MSBUILD : error : This is an unhandled exception in MSBuild -- PLEASE UPVOTE AN EXISTING ISSUE OR FILE A NEW ONE AT https://aka.ms/msbuild/unhandled. [D:\\dix\\Storage-XAccel\\src\\VmTstLib\\tests\\CosimTest\\asfo\\CosimTest_asfo.vcxproj]\r\n       MSBUILD : error :     System.OutOfMemoryException: Exception of type 'System.OutOfMemoryException' was thrown. [D:\\dix\\Storage-XAccel\\src\\VmTstLib\\tests\\CosimTest\\asfo\\CosimTest_asfo.vcxproj]\r\n       MSBUILD : error :    at Go7(RegexRunner ) [D:\\dix\\Storage-XAccel\\src\\VmTstLib\\tests\\CosimTest\\asfo\\CosimTest_asfo.vcxproj]\r\n       MSBUILD : error :    at System.Text.RegularExpressions.RegexRunner.Scan(Regex regex, String text, Int32 textbeg, Int32 textend, Int32 textstart, Int32 prevlen, Boolean quick, TimeSpan timeout) [D:\\dix\\Storage-XAccel\\src\\VmTstLib\\tests\\CosimTest\\asfo\\CosimTest_asfo.vcxproj]\r\n       MSBUILD : error :    at System.Text.RegularExpressions.Regex.Run(Boolean quick, Int32 prevlen, String input, Int32 beginning, Int32 length, Int32 startat) [D:\\dix\\Storage-XAccel\\src\\VmTstLib\\tests\\CosimTest\\asfo\\CosimTest_asfo.vcxproj]\r\n       MSBUILD : error :    at System.Text.RegularExpressions.Regex.Match(String input, Int32 startat) [D:\\dix\\Storage-XAccel\\src\\VmTstLib\\tests\\CosimTest\\asfo\\CosimTest_asfo.vcxproj]\r\n       MSBUILD : error :    at Microsoft.Build.Shared.CanonicalError.Parse(String message) [D:\\dix\\Storage-XAccel\\src\\VmTstLib\\tests\\CosimTest\\asfo\\CosimTest_asfo.vcxproj]\r\n       MSBUILD : error :    at Microsoft.Build.Utilities.TaskLoggingHelper.LogMessageFromText(String lineOfText, MessageImportance messageImportance) [D:\\dix\\Storage-XAccel\\src\\VmTstLib\\tests\\CosimTest\\asfo\\CosimTest_asfo.vcxproj]\r\n       MSBUILD : error :    at Microsoft.Build.CPPTasks.VCToolTask.LogEventsFromTextOutput(String singleLine, MessageImportance messageImportance) [D:\\dix\\Storage-XAccel\\src\\VmTstLib\\tests\\CosimTest\\asfo\\CosimTest_asfo.vcxproj]\r\n       MSBUILD : error :    at Microsoft.Build.Utilities.ToolTask.LogMessagesFromStandardErrorOrOutput(Queue dataQueue, ManualResetEvent dataAvailableSignal, MessageImportance messageImportance, StandardOutputOrErrorQueueType queueType) [D:\\dix\\Storage-XAccel\\src\\VmTstLib\\tests\\CosimTest\\asfo\\CosimTest_asfo.vcxproj]\r\n       MSBUILD : error :    at Microsoft.Build.Utilities.ToolTask.HandleToolNotifications(Process proc) [D:\\dix\\Storage-XAccel\\src\\VmTstLib\\tests\\CosimTest\\asfo\\CosimTest_asfo.vcxproj]\r\n       MSBUILD : error :    at Microsoft.Build.Utilities.ToolTask.ExecuteTool(String pathToTool, String responseFileCommands, String commandLineCommands) [D:\\dix\\Storage-XAccel\\src\\VmTstLib\\tests\\CosimTest\\asfo\\CosimTest_asfo.vcxproj]\r\n       MSBUILD : error :    at Microsoft.Build.CPPTasks.TrackedVCToolTask.TrackerExecuteTool(String pathToTool, String responseFileCommands, String commandLineCommands) [D:\\dix\\Storage-XAccel\\src\\VmTstLib\\tests\\CosimTest\\asfo\\CosimTest_asfo.vcxproj]\r\n       MSBUILD : error :    at Microsoft.Build.CPPTasks.TrackedVCToolTask.ExecuteTool(String pathToTool, String responseFileCommands, String commandLineCommands) [D:\\dix\\Storage-XAccel\\src\\VmTstLib\\tests\\CosimTest\\asfo\\CosimTest_asfo.vcxproj]\r\n       MSBUILD : error :    at Microsoft.Build.Utilities.ToolTask.Execute() [D:\\dix\\Storage-XAccel\\src\\VmTstLib\\tests\\CosimTest\\asfo\\CosimTest_asfo.vcxproj]\r\n       MSBUILD : error :    at Microsoft.Build.CPPTasks.VCToolTask.Execute() [D:\\dix\\Storage-XAccel\\src\\VmTstLib\\tests\\CosimTest\\asfo\\CosimTest_asfo.vcxproj]\r\n       MSBUILD : error :    at Microsoft.Build.CPPTasks.TrackedVCToolTask.Execute() [D:\\dix\\Storage-XAccel\\src\\VmTstLib\\tests\\CosimTest\\asfo\\CosimTest_asfo.vcxproj]\r\n       MSBUILD : error :    at Microsoft.Build.BackEnd.TaskExecutionHost.Microsoft.Build.BackEnd.ITaskExecutionHost.Execute() [D:\\dix\\Storage-XAccel\\src\\VmTstLib\\tests\\CosimTest\\asfo\\CosimTest_asfo.vcxproj]\r\n       MSBUILD : error :    at Microsoft.Build.BackEnd.TaskBuilder.<ExecuteInstantiatedTask>d__26.MoveNext() [D:\\dix\\Storage-XAccel\\src\\VmTstLib\\tests\\CosimTest\\asfo\\CosimTest_asfo.vcxproj]\r\n       MSBUILD : error : --- End of stack trace from previous location where exception was thrown --- [D:\\dix\\Storage-XAccel\\src\\VmTstLib\\tests\\CosimTest\\asfo\\CosimTest_asfo.vcxproj]\r\n       MSBUILD : error :    at System.Runtime.ExceptionServices.ExceptionDispatchInfo.Throw() [D:\\dix\\Storage-XAccel\\src\\VmTstLib\\tests\\CosimTest\\asfo\\CosimTest_asfo.vcxproj]\r\n       MSBUILD : error :    at System.Runtime.CompilerServices.TaskAwaiter.HandleNonSuccessAndDebuggerNotification(Task task) [D:\\dix\\Storage-XAccel\\src\\VmTstLib\\tests\\CosimTest\\asfo\\CosimTest_asfo.vcxproj]\r\n       MSBUILD : error :    at Microsoft.Build.BackEnd.TaskBuilder.<InitializeAndExecuteTask>d__24.MoveNext() [D:\\dix\\Storage-XAccel\\src\\VmTstLib\\tests\\CosimTest\\asfo\\CosimTest_asfo.vcxproj]\r\n       MSBUILD : error : --- End of stack trace from previous location where exception was thrown --- [D:\\dix\\Storage-XAccel\\src\\VmTstLib\\tests\\CosimTest\\asfo\\CosimTest_asfo.vcxproj]\r\n       MSBUILD : error :    at System.Runtime.ExceptionServices.ExceptionDispatchInfo.Throw() [D:\\dix\\Storage-XAccel\\src\\VmTstLib\\tests\\CosimTest\\asfo\\CosimTest_asfo.vcxproj]\r\n       MSBUILD : error :    at System.Runtime.CompilerServices.TaskAwaiter.HandleNonSuccessAndDebuggerNotification(Task task) [D:\\dix\\Storage-XAccel\\src\\VmTstLib\\tests\\CosimTest\\asfo\\CosimTest_asfo.vcxproj]\r\n       MSBUILD : error :    at Microsoft.Build.BackEnd.TaskBuilder.<ExecuteBucket>d__19.MoveNext() [D:\\dix\\Storage-XAccel\\src\\VmTstLib\\tests\\CosimTest\\asfo\\CosimTest_asfo.vcxproj]\r\n       MSBUILD : error : --- End of stack trace from previous location where exception was thrown --- [D:\\dix\\Storage-XAccel\\src\\VmTstLib\\tests\\CosimTest\\asfo\\CosimTest_asfo.vcxproj]\r\n       MSBUILD : error :    at System.Runtime.ExceptionServices.ExceptionDispatchInfo.Throw() [D:\\dix\\Storage-XAccel\\src\\VmTstLib\\tests\\CosimTest\\asfo\\CosimTest_asfo.vcxproj]\r\n       MSBUILD : error :    at Microsoft.Build.BackEnd.TaskBuilder.<ExecuteTask>d__18.MoveNext() [D:\\dix\\Storage-XAccel\\src\\VmTstLib\\tests\\CosimTest\\asfo\\CosimTest_asfo.vcxproj]\r\n       MSBUILD : error : --- End of stack trace from previous location where exception was thrown --- [D:\\dix\\Storage-XAccel\\src\\VmTstLib\\tests\\CosimTest\\asfo\\CosimTest_asfo.vcxproj]\r\n       MSBUILD : error :    at System.Runtime.ExceptionServices.ExceptionDispatchInfo.Throw() [D:\\dix\\Storage-XAccel\\src\\VmTstLib\\tests\\CosimTest\\asfo\\CosimTest_asfo.vcxproj]\r\n       MSBUILD : error :    at System.Runtime.CompilerServices.TaskAwaiter.HandleNonSuccessAndDebuggerNotification(Task task) [D:\\dix\\Storage-XAccel\\src\\VmTstLib\\tests\\CosimTest\\asfo\\CosimTest_asfo.vcxproj]\r\n       MSBUILD : error :    at Microsoft.Build.BackEnd.TaskBuilder.<ExecuteTask>d__13.MoveNext() [D:\\dix\\Storage-XAccel\\src\\VmTstLib\\tests\\CosimTest\\asfo\\CosimTest_asfo.vcxproj]\r\n       MSBUILD : error : --- End of stack trace from previous location where exception was thrown --- [D:\\dix\\Storage-XAccel\\src\\VmTstLib\\tests\\CosimTest\\asfo\\CosimTest_asfo.vcxproj]\r\n       MSBUILD : error :    at System.Runtime.ExceptionServices.ExceptionDispatchInfo.Throw() [D:\\dix\\Storage-XAccel\\src\\VmTstLib\\tests\\CosimTest\\asfo\\CosimTest_asfo.vcxproj]\r\n       MSBUILD : error :    at Microsoft.Build.BackEnd.TargetEntry.<ProcessBucket>d__51.MoveNext() [D:\\dix\\Storage-XAccel\\src\\VmTstLib\\tests\\CosimTest\\asfo\\CosimTest_asfo.vcxproj]\r\n       MSBUILD : error : --- End of stack trace from previous location where exception was thrown --- [D:\\dix\\Storage-XAccel\\src\\VmTstLib\\tests\\CosimTest\\asfo\\CosimTest_asfo.vcxproj]\r\n       MSBUILD : error :    at System.Runtime.ExceptionServices.ExceptionDispatchInfo.Throw() [D:\\dix\\Storage-XAccel\\src\\VmTstLib\\tests\\CosimTest\\asfo\\CosimTest_asfo.vcxproj]\r\n       MSBUILD : error :    at Microsoft.Build.BackEnd.TargetEntry.<ExecuteTarget>d__44.MoveNext() [D:\\dix\\Storage-XAccel\\src\\VmTstLib\\tests\\CosimTest\\asfo\\CosimTest_asfo.vcxproj]\r\n       MSBUILD : error : --- End of stack trace from previous location where exception was thrown --- [D:\\dix\\Storage-XAccel\\src\\VmTstLib\\tests\\CosimTest\\asfo\\CosimTest_asfo.vcxproj]\r\n       MSBUILD : error :    at System.Runtime.ExceptionServices.ExceptionDispatchInfo.Throw() [D:\\dix\\Storage-XAccel\\src\\VmTstLib\\tests\\CosimTest\\asfo\\CosimTest_asfo.vcxproj]\r\n       MSBUILD : error :    at Microsoft.Build.BackEnd.TargetBuilder.<ProcessTargetStack>d__23.MoveNext() [D:\\dix\\Storage-XAccel\\src\\VmTstLib\\tests\\CosimTest\\asfo\\CosimTest_asfo.vcxproj]\r\n       MSBUILD : error : --- End of stack trace from previous location where exception was thrown --- [D:\\dix\\Storage-XAccel\\src\\VmTstLib\\tests\\CosimTest\\asfo\\CosimTest_asfo.vcxproj]\r\n       MSBUILD : error :    at System.Runtime.ExceptionServices.ExceptionDispatchInfo.Throw() [D:\\dix\\Storage-XAccel\\src\\VmTstLib\\tests\\CosimTest\\asfo\\CosimTest_asfo.vcxproj]\r\n       MSBUILD : error :    at System.Runtime.CompilerServices.TaskAwaiter.HandleNonSuccessAndDebuggerNotification(Task task) [D:\\dix\\Storage-XAccel\\src\\VmTstLib\\tests\\CosimTest\\asfo\\CosimTest_asfo.vcxproj]\r\n       MSBUILD : error :    at Microsoft.Build.BackEnd.TargetBuilder.<BuildTargets>d__10.MoveNext() [D:\\dix\\Storage-XAccel\\src\\VmTstLib\\tests\\CosimTest\\asfo\\CosimTest_asfo.vcxproj]\r\n       MSBUILD : error : --- End of stack trace from previous location where exception was thrown --- [D:\\dix\\Storage-XAccel\\src\\VmTstLib\\tests\\CosimTest\\asfo\\CosimTest_asfo.vcxproj]\r\n       MSBUILD : error :    at System.Runtime.ExceptionServices.ExceptionDispatchInfo.Throw() [D:\\dix\\Storage-XAccel\\src\\VmTstLib\\tests\\CosimTest\\asfo\\CosimTest_asfo.vcxproj]\r\n       MSBUILD : error :    at System.Runtime.CompilerServices.TaskAwaiter.HandleNonSuccessAndDebuggerNotification(Task task) [D:\\dix\\Storage-XAccel\\src\\VmTstLib\\tests\\CosimTest\\asfo\\CosimTest_asfo.vcxproj]\r\n       MSBUILD : error :    at Microsoft.Build.BackEnd.RequestBuilder.<BuildProject>d__68.MoveNext() [D:\\dix\\Storage-XAccel\\src\\VmTstLib\\tests\\CosimTest\\asfo\\CosimTest_asfo.vcxproj]\r\n       MSBUILD : error : --- End of stack trace from previous location where exception was thrown --- [D:\\dix\\Storage-XAccel\\src\\VmTstLib\\tests\\CosimTest\\asfo\\CosimTest_asfo.vcxproj]\r\n       MSBUILD : error :    at System.Runtime.ExceptionServices.ExceptionDispatchInfo.Throw() [D:\\dix\\Storage-XAccel\\src\\VmTstLib\\tests\\CosimTest\\asfo\\CosimTest_asfo.vcxproj]\r\n       MSBUILD : error :    at System.Runtime.CompilerServices.TaskAwaiter.HandleNonSuccessAndDebuggerNotification(Task task) [D:\\dix\\Storage-XAccel\\src\\VmTstLib\\tests\\CosimTest\\asfo\\CosimTest_asfo.vcxproj]\r\n       MSBUILD : error :    at Microsoft.Build.BackEnd.RequestBuilder.<BuildAndReport>d__59.MoveNext() [D:\\dix\\Storage-XAccel\\src\\VmTstLib\\tests\\CosimTest\\asfo\\CosimTest_asfo.vcxproj]\r\n\r\n\r\n       \"D:\\dix\\Storage-XAccel\\dirs.proj\" (default target) (1) ->\r\n       \"D:\\dix\\Storage-XAccel\\src\\dirs.proj\" (VerifyAlteredTargetsUsed;Build target) (2) ->\r\n       \"D:\\dix\\Storage-XAccel\\src\\VmTstLib\\dirs.proj\" (Build target) (25) ->\r\n       \"D:\\dix\\Storage-XAccel\\src\\VmTstLib\\tests\\dirs.proj\" (default target) (27:2) ->\r\n       \"D:\\dix\\Storage-XAccel\\src\\VmTstLib\\tests\\CosimBackendDdx\\VmtdCosimBackendDdx.vcxproj\" (default target) (35) ->\r\n       (Link target) ->\r\n         D:\\dix\\Storage-XAccel\\src\\VmTstLib\\lib\\TestLib\\Params\\OptList.incl(804): fatal error C1002: compiler is out of heap space in pass 2 [D:\\dix\\Storage-XAccel\\src\\VmTstLib\\tests\\CosimBackendDdx\\VmtdCosimBackendDdx.vcxproj]\r\n         LINK : fatal error LNK1257: code generation failed [D:\\dix\\Storage-XAccel\\src\\VmTstLib\\tests\\CosimBackendDdx\\VmtdCosimBackendDdx.vcxproj]\r\n\r\n\r\n       \"D:\\dix\\Storage-XAccel\\dirs.proj\" (default target) (1) ->\r\n       \"D:\\dix\\Storage-XAccel\\src\\dirs.proj\" (VerifyAlteredTargetsUsed;Build target) (2) ->\r\n       \"D:\\dix\\Storage-XAccel\\src\\VmTstLib\\dirs.proj\" (Build target) (25) ->\r\n       \"D:\\dix\\Storage-XAccel\\src\\VmTstLib\\tests\\dirs.proj\" (default target) (27:2) ->\r\n       \"D:\\dix\\Storage-XAccel\\src\\VmTstLib\\tests\\unittest\\dirs.proj\" (default target) (29:2) ->\r\n       \"D:\\dix\\Storage-XAccel\\src\\VmTstLib\\tests\\unittest\\asfo\\dirs.proj\" (default target) (40:2) ->\r\n       \"D:\\dix\\Storage-XAccel\\src\\VmTstLib\\tests\\unittest\\asfo\\VmTstLibUnitTestCore_asfo.vcxproj\" (default target) (49) ->\r\n         MSBUILD : error : This is an unhandled exception in MSBuild -- PLEASE UPVOTE AN EXISTING ISSUE OR FILE A NEW ONE AT https://aka.ms/msbuild/unhandled. [D:\\dix\\Storage-XAccel\\src\\VmTstLib\\tests\\unittest\\asfo\\VmTstLibUnitTestCore_asfo.vcxproj]\r\n       MSBUILD : error :     System.OutOfMemoryException: Exception of type 'System.OutOfMemoryException' was thrown. [D:\\dix\\Storage-XAccel\\src\\VmTstLib\\tests\\unittest\\asfo\\VmTstLibUnitTestCore_asfo.vcxproj]\r\n       MSBUILD : error :    at Go4(RegexRunner ) [D:\\dix\\Storage-XAccel\\src\\VmTstLib\\tests\\unittest\\asfo\\VmTstLibUnitTestCore_asfo.vcxproj]\r\n       MSBUILD : error :    at System.Text.RegularExpressions.RegexRunner.Scan(Regex regex, String text, Int32 textbeg, Int32 textend, Int32 textstart, Int32 prevlen, Boolean quick, TimeSpan timeout) [D:\\dix\\Storage-XAccel\\src\\VmTstLib\\tests\\unittest\\asfo\\VmTstLibUnitTestCore_asfo.vcxproj]\r\n       MSBUILD : error :    at System.Text.RegularExpressions.Regex.Run(Boolean quick, Int32 prevlen, String input, Int32 beginning, Int32 length, Int32 startat) [D:\\dix\\Storage-XAccel\\src\\VmTstLib\\tests\\unittest\\asfo\\VmTstLibUnitTestCore_asfo.vcxproj]\r\n       MSBUILD : error :    at System.Text.RegularExpressions.Regex.Match(String input, Int32 startat) [D:\\dix\\Storage-XAccel\\src\\VmTstLib\\tests\\unittest\\asfo\\VmTstLibUnitTestCore_asfo.vcxproj]\r\n       MSBUILD : error :    at Microsoft.Build.CPPTasks.VCToolTask.ParseLine(String inputLine) [D:\\dix\\Storage-XAccel\\src\\VmTstLib\\tests\\unittest\\asfo\\VmTstLibUnitTestCore_asfo.vcxproj]\r\n       MSBUILD : error : --- End of stack trace from previous location where exception was thrown --- [D:\\dix\\Storage-XAccel\\src\\VmTstLib\\tests\\unittest\\asfo\\VmTstLibUnitTestCore_asfo.vcxproj]\r\n       MSBUILD : error :    at System.Runtime.ExceptionServices.ExceptionDispatchInfo.Throw() [D:\\dix\\Storage-XAccel\\src\\VmTstLib\\tests\\unittest\\asfo\\VmTstLibUnitTestCore_asfo.vcxproj]\r\n       MSBUILD : error :    at Microsoft.Build.CPPTasks.VCToolTask.ReportRegexException(String inputLine, Regex regex, Exception e) [D:\\dix\\Storage-XAccel\\src\\VmTstLib\\tests\\unittest\\asfo\\VmTstLibUnitTestCore_asfo.vcxproj]\r\n       MSBUILD : error :    at Microsoft.Build.CPPTasks.VCToolTask.ParseLine(String inputLine) [D:\\dix\\Storage-XAccel\\src\\VmTstLib\\tests\\unittest\\asfo\\VmTstLibUnitTestCore_asfo.vcxproj]\r\n       MSBUILD : error :    at Microsoft.Build.CPPTasks.VCToolTask.LogEventsFromTextOutput(String singleLine, MessageImportance messageImportance) [D:\\dix\\Storage-XAccel\\src\\VmTstLib\\tests\\unittest\\asfo\\VmTstLibUnitTestCore_asfo.vcxproj]\r\n       MSBUILD : error :    at Microsoft.Build.Utilities.ToolTask.LogMessagesFromStandardErrorOrOutput(Queue dataQueue, ManualResetEvent dataAvailableSignal, MessageImportance messageImportance, StandardOutputOrErrorQueueType queueType) [D:\\dix\\Storage-XAccel\\src\\VmTstLib\\tests\\unittest\\asfo\\VmTstLibUnitTestCore_asfo.vcxproj]\r\n       MSBUILD : error :    at Microsoft.Build.Utilities.ToolTask.HandleToolNotifications(Process proc) [D:\\dix\\Storage-XAccel\\src\\VmTstLib\\tests\\unittest\\asfo\\VmTstLibUnitTestCore_asfo.vcxproj]\r\n       MSBUILD : error :    at Microsoft.Build.Utilities.ToolTask.ExecuteTool(String pathToTool, String responseFileCommands, String commandLineCommands) [D:\\dix\\Storage-XAccel\\src\\VmTstLib\\tests\\unittest\\asfo\\VmTstLibUnitTestCore_asfo.vcxproj]\r\n       MSBUILD : error :    at Microsoft.Build.CPPTasks.TrackedVCToolTask.TrackerExecuteTool(String pathToTool, String responseFileCommands, String commandLineCommands) [D:\\dix\\Storage-XAccel\\src\\VmTstLib\\tests\\unittest\\asfo\\VmTstLibUnitTestCore_asfo.vcxproj]\r\n       MSBUILD : error :    at Microsoft.Build.CPPTasks.TrackedVCToolTask.ExecuteTool(String pathToTool, String responseFileCommands, String commandLineCommands) [D:\\dix\\Storage-XAccel\\src\\VmTstLib\\tests\\unittest\\asfo\\VmTstLibUnitTestCore_asfo.vcxproj]\r\n       MSBUILD : error :    at Microsoft.Build.Utilities.ToolTask.Execute() [D:\\dix\\Storage-XAccel\\src\\VmTstLib\\tests\\unittest\\asfo\\VmTstLibUnitTestCore_asfo.vcxproj]\r\n       MSBUILD : error :    at Microsoft.Build.CPPTasks.VCToolTask.Execute() [D:\\dix\\Storage-XAccel\\src\\VmTstLib\\tests\\unittest\\asfo\\VmTstLibUnitTestCore_asfo.vcxproj]\r\n       MSBUILD : error :    at Microsoft.Build.CPPTasks.TrackedVCToolTask.Execute() [D:\\dix\\Storage-XAccel\\src\\VmTstLib\\tests\\unittest\\asfo\\VmTstLibUnitTestCore_asfo.vcxproj]\r\n       MSBUILD : error :    at Microsoft.Build.BackEnd.TaskExecutionHost.Microsoft.Build.BackEnd.ITaskExecutionHost.Execute() [D:\\dix\\Storage-XAccel\\src\\VmTstLib\\tests\\unittest\\asfo\\VmTstLibUnitTestCore_asfo.vcxproj]\r\n       MSBUILD : error :    at Microsoft.Build.BackEnd.TaskBuilder.<ExecuteInstantiatedTask>d__26.MoveNext() [D:\\dix\\Storage-XAccel\\src\\VmTstLib\\tests\\unittest\\asfo\\VmTstLibUnitTestCore_asfo.vcxproj]\r\n       MSBUILD : error : --- End of stack trace from previous location where exception was thrown --- [D:\\dix\\Storage-XAccel\\src\\VmTstLib\\tests\\unittest\\asfo\\VmTstLibUnitTestCore_asfo.vcxproj]\r\n       MSBUILD : error :    at System.Runtime.ExceptionServices.ExceptionDispatchInfo.Throw() [D:\\dix\\Storage-XAccel\\src\\VmTstLib\\tests\\unittest\\asfo\\VmTstLibUnitTestCore_asfo.vcxproj]\r\n       MSBUILD : error :    at System.Runtime.CompilerServices.TaskAwaiter.HandleNonSuccessAndDebuggerNotification(Task task) [D:\\dix\\Storage-XAccel\\src\\VmTstLib\\tests\\unittest\\asfo\\VmTstLibUnitTestCore_asfo.vcxproj]\r\n       MSBUILD : error :    at Microsoft.Build.BackEnd.TaskBuilder.<InitializeAndExecuteTask>d__24.MoveNext() [D:\\dix\\Storage-XAccel\\src\\VmTstLib\\tests\\unittest\\asfo\\VmTstLibUnitTestCore_asfo.vcxproj]\r\n       MSBUILD : error : --- End of stack trace from previous location where exception was thrown --- [D:\\dix\\Storage-XAccel\\src\\VmTstLib\\tests\\unittest\\asfo\\VmTstLibUnitTestCore_asfo.vcxproj]\r\n       MSBUILD : error :    at System.Runtime.ExceptionServices.ExceptionDispatchInfo.Throw() [D:\\dix\\Storage-XAccel\\src\\VmTstLib\\tests\\unittest\\asfo\\VmTstLibUnitTestCore_asfo.vcxproj]\r\n       MSBUILD : error :    at System.Runtime.CompilerServices.TaskAwaiter.HandleNonSuccessAndDebuggerNotification(Task task) [D:\\dix\\Storage-XAccel\\src\\VmTstLib\\tests\\unittest\\asfo\\VmTstLibUnitTestCore_asfo.vcxproj]\r\n       MSBUILD : error :    at Microsoft.Build.BackEnd.TaskBuilder.<ExecuteBucket>d__19.MoveNext() [D:\\dix\\Storage-XAccel\\src\\VmTstLib\\tests\\unittest\\asfo\\VmTstLibUnitTestCore_asfo.vcxproj]\r\n       MSBUILD : error : --- End of stack trace from previous location where exception was thrown --- [D:\\dix\\Storage-XAccel\\src\\VmTstLib\\tests\\unittest\\asfo\\VmTstLibUnitTestCore_asfo.vcxproj]\r\n       MSBUILD : error :    at System.Runtime.ExceptionServices.ExceptionDispatchInfo.Throw() [D:\\dix\\Storage-XAccel\\src\\VmTstLib\\tests\\unittest\\asfo\\VmTstLibUnitTestCore_asfo.vcxproj]\r\n       MSBUILD : error :    at Microsoft.Build.BackEnd.TaskBuilder.<ExecuteTask>d__18.MoveNext() [D:\\dix\\Storage-XAccel\\src\\VmTstLib\\tests\\unittest\\asfo\\VmTstLibUnitTestCore_asfo.vcxproj]\r\n       MSBUILD : error : --- End of stack trace from previous location where exception was thrown --- [D:\\dix\\Storage-XAccel\\src\\VmTstLib\\tests\\unittest\\asfo\\VmTstLibUnitTestCore_asfo.vcxproj]\r\n       MSBUILD : error :    at System.Runtime.ExceptionServices.ExceptionDispatchInfo.Throw() [D:\\dix\\Storage-XAccel\\src\\VmTstLib\\tests\\unittest\\asfo\\VmTstLibUnitTestCore_asfo.vcxproj]\r\n       MSBUILD : error :    at System.Runtime.CompilerServices.TaskAwaiter.HandleNonSuccessAndDebuggerNotification(Task task) [D:\\dix\\Storage-XAccel\\src\\VmTstLib\\tests\\unittest\\asfo\\VmTstLibUnitTestCore_asfo.vcxproj]\r\n       MSBUILD : error :    at Microsoft.Build.BackEnd.TaskBuilder.<ExecuteTask>d__13.MoveNext() [D:\\dix\\Storage-XAccel\\src\\VmTstLib\\tests\\unittest\\asfo\\VmTstLibUnitTestCore_asfo.vcxproj]\r\n       MSBUILD : error : --- End of stack trace from previous location where exception was thrown --- [D:\\dix\\Storage-XAccel\\src\\VmTstLib\\tests\\unittest\\asfo\\VmTstLibUnitTestCore_asfo.vcxproj]\r\n       MSBUILD : error :    at System.Runtime.ExceptionServices.ExceptionDispatchInfo.Throw() [D:\\dix\\Storage-XAccel\\src\\VmTstLib\\tests\\unittest\\asfo\\VmTstLibUnitTestCore_asfo.vcxproj]\r\n       MSBUILD : error :    at Microsoft.Build.BackEnd.TargetEntry.<ProcessBucket>d__51.MoveNext() [D:\\dix\\Storage-XAccel\\src\\VmTstLib\\tests\\unittest\\asfo\\VmTstLibUnitTestCore_asfo.vcxproj]\r\n       MSBUILD : error : --- End of stack trace from previous location where exception was thrown --- [D:\\dix\\Storage-XAccel\\src\\VmTstLib\\tests\\unittest\\asfo\\VmTstLibUnitTestCore_asfo.vcxproj]\r\n       MSBUILD : error :    at System.Runtime.ExceptionServices.ExceptionDispatchInfo.Throw() [D:\\dix\\Storage-XAccel\\src\\VmTstLib\\tests\\unittest\\asfo\\VmTstLibUnitTestCore_asfo.vcxproj]\r\n       MSBUILD : error :    at Microsoft.Build.BackEnd.TargetEntry.<ExecuteTarget>d__44.MoveNext() [D:\\dix\\Storage-XAccel\\src\\VmTstLib\\tests\\unittest\\asfo\\VmTstLibUnitTestCore_asfo.vcxproj]\r\n       MSBUILD : error : --- End of stack trace from previous location where exception was thrown --- [D:\\dix\\Storage-XAccel\\src\\VmTstLib\\tests\\unittest\\asfo\\VmTstLibUnitTestCore_asfo.vcxproj]\r\n       MSBUILD : error :    at System.Runtime.ExceptionServices.ExceptionDispatchInfo.Throw() [D:\\dix\\Storage-XAccel\\src\\VmTstLib\\tests\\unittest\\asfo\\VmTstLibUnitTestCore_asfo.vcxproj]\r\n       MSBUILD : error :    at Microsoft.Build.BackEnd.TargetBuilder.<ProcessTargetStack>d__23.MoveNext() [D:\\dix\\Storage-XAccel\\src\\VmTstLib\\tests\\unittest\\asfo\\VmTstLibUnitTestCore_asfo.vcxproj]\r\n       MSBUILD : error : --- End of stack trace from previous location where exception was thrown --- [D:\\dix\\Storage-XAccel\\src\\VmTstLib\\tests\\unittest\\asfo\\VmTstLibUnitTestCore_asfo.vcxproj]\r\n       MSBUILD : error :    at System.Runtime.ExceptionServices.ExceptionDispatchInfo.Throw() [D:\\dix\\Storage-XAccel\\src\\VmTstLib\\tests\\unittest\\asfo\\VmTstLibUnitTestCore_asfo.vcxproj]\r\n       MSBUILD : error :    at System.Runtime.CompilerServices.TaskAwaiter.HandleNonSuccessAndDebuggerNotification(Task task) [D:\\dix\\Storage-XAccel\\src\\VmTstLib\\tests\\unittest\\asfo\\VmTstLibUnitTestCore_asfo.vcxproj]\r\n       MSBUILD : error :    at Microsoft.Build.BackEnd.TargetBuilder.<BuildTargets>d__10.MoveNext() [D:\\dix\\Storage-XAccel\\src\\VmTstLib\\tests\\unittest\\asfo\\VmTstLibUnitTestCore_asfo.vcxproj]\r\n       MSBUILD : error : --- End of stack trace from previous location where exception was thrown --- [D:\\dix\\Storage-XAccel\\src\\VmTstLib\\tests\\unittest\\asfo\\VmTstLibUnitTestCore_asfo.vcxproj]\r\n       MSBUILD : error :    at System.Runtime.ExceptionServices.ExceptionDispatchInfo.Throw() [D:\\dix\\Storage-XAccel\\src\\VmTstLib\\tests\\unittest\\asfo\\VmTstLibUnitTestCore_asfo.vcxproj]\r\n       MSBUILD : error :    at System.Runtime.CompilerServices.TaskAwaiter.HandleNonSuccessAndDebuggerNotification(Task task) [D:\\dix\\Storage-XAccel\\src\\VmTstLib\\tests\\unittest\\asfo\\VmTstLibUnitTestCore_asfo.vcxproj]\r\n       MSBUILD : error :    at Microsoft.Build.BackEnd.RequestBuilder.<BuildProject>d__68.MoveNext() [D:\\dix\\Storage-XAccel\\src\\VmTstLib\\tests\\unittest\\asfo\\VmTstLibUnitTestCore_asfo.vcxproj]\r\n       MSBUILD : error : --- End of stack trace from previous location where exception was thrown --- [D:\\dix\\Storage-XAccel\\src\\VmTstLib\\tests\\unittest\\asfo\\VmTstLibUnitTestCore_asfo.vcxproj]\r\n       MSBUILD : error :    at System.Runtime.ExceptionServices.ExceptionDispatchInfo.Throw() [D:\\dix\\Storage-XAccel\\src\\VmTstLib\\tests\\unittest\\asfo\\VmTstLibUnitTestCore_asfo.vcxproj]\r\n       MSBUILD : error :    at System.Runtime.CompilerServices.TaskAwaiter.HandleNonSuccessAndDebuggerNotification(Task task) [D:\\dix\\Storage-XAccel\\src\\VmTstLib\\tests\\unittest\\asfo\\VmTstLibUnitTestCore_asfo.vcxproj]\r\n       MSBUILD : error :    at Microsoft.Build.BackEnd.RequestBuilder.<BuildAndReport>d__59.MoveNext() [D:\\dix\\Storage-XAccel\\src\\VmTstLib\\tests\\unittest\\asfo\\VmTstLibUnitTestCore_asfo.vcxproj]\r\n\r\n    0 Warning(s)\r\n    5 Error(s)\r\n\r\nTime Elapsed 00:07:08.75\r\nCleaning build logs\r\nFound 0 byte file \"D:\\dix\\Storage-XAccel\\msbuild.wrn\"\r\nERR: Build failed.\r\nPS D:\\dix\\Storage-XAccel>\n\n### Steps to Reproduce\n\nBuilt the entire repo.\n\n### Expected Behavior\n\nRepo builds.\n\n### Actual Behavior\n\nCompiler crashes.\n\n### Analysis\n\n_No response_\n\n### Versions & Configurations\n\n_No response_",
  "state": "CLOSED",
  "createdAt": "2024-03-23T23:58:29Z",
  "updatedAt": "2024-04-02T14:07:38Z",
  "closedAt": "2024-04-02T14:07:38Z",
  "author": {
    "login": "Fetrovsky"
  },
  "labels": [
    "bug"
  ],
  "assignees": {
    "nodes": []
  },
  "milestone": null,
  "comments": {
    "nodes": [
      {
        "body": "BTW, the machine has 64 GB of RAM and I've built this repo multiple times with this memory.",
        "createdAt": "2024-03-24T00:22:59Z",
        "updatedAt": "2024-03-24T00:22:59Z",
        "author": {
          "login": "Fetrovsky"
        }
      },
      {
        "body": "Build FAILED.\r\n\r\n       \"D:\\dix\\Storage-XAccel\\dirs.proj\" (default target) (1) ->\r\n       \"D:\\dix\\Storage-XAccel\\src\\dirs.proj\" (VerifyAlteredTargetsUsed;Build target) (2) ->\r\n       \"D:\\dix\\Storage-XAccel\\src\\lib\\dirs.proj\" (Build target) (3) ->\r\n       \"D:\\dix\\Storage-XAccel\\src\\lib\\DiskResize\\dirs.proj\" (default target) (4:2) ->\r\n       \"D:\\dix\\Storage-XAccel\\src\\lib\\DiskResize\\lib\\asapdiskresize.vcxproj\" (default target) (14) ->\r\n       (VcpkgInstallManifestDependencies target) ->\r\n         D:\\.tools\\CxCache\\Microsoft.Build.Vcpkg.2023.7.24.150-9d47b24ea\\tools\\scripts\\buildsystems\\msbuild\\vcpkg.targets(183,5): warning :     [CredentialProvider]MSAL Log (Error): False MSAL 4.54.1.0 MSAL.Desktop 4.8 or later Windows 10 Enterprise [2024-03-24 00:22:21Z] [MSAL:0001]    ERROR   ErrorInternalImpl:134   Created an error: 9u8f4, StatusInternal::InteractionRequired, InternalEvent::None, Error Code 0, Context 'No refresh tokens available in the cache, but an account was found on disk. RT likely deleted.' [D:\\dix\\Storage-XAccel\\src\\lib\\DiskResize\\lib\\asapdiskresize.vcxproj]\r\n\r\n\r\n       \"D:\\dix\\Storage-XAccel\\dirs.proj\" (default target) (1) ->\r\n       \"D:\\dix\\Storage-XAccel\\src\\dirs.proj\" (VerifyAlteredTargetsUsed;Build target) (2) ->\r\n       \"D:\\dix\\Storage-XAccel\\src\\VmTstLib\\dirs.proj\" (Build target) (24) ->\r\n       \"D:\\dix\\Storage-XAccel\\src\\VmTstLib\\tests\\dirs.proj\" (default target) (26:2) ->\r\n       \"D:\\dix\\Storage-XAccel\\src\\VmTstLib\\tests\\CosimTest\\dirs.proj\" (default target) (33:2) ->\r\n       \"D:\\dix\\Storage-XAccel\\src\\VmTstLib\\tests\\CosimTest\\asfo\\CosimTest_asfo.vcxproj\" (default target) (74) ->\r\n       (Link target) ->\r\n         D:\\dix\\Storage-XAccel\\src\\inc\\json.hpp(5408): fatal error C1002: compiler is out of heap space in pass 2 [D:\\dix\\Storage-XAccel\\src\\VmTstLib\\tests\\CosimTest\\asfo\\CosimTest_asfo.vcxproj]\r\n         D:\\.tools\\CxCache\\.A\\VisualCppTools.-NDKSs-NACtYkZ0OymHT2g\\lib\\native\\include\\xhash(950): fatal error C1002: compiler is out of heap space in pass 2 [D:\\dix\\Storage-XAccel\\src\\VmTstLib\\tests\\CosimTest\\asfo\\CosimTest_asfo.vcxproj]\r\n         LINK : fatal error LNK1257: code generation failed [D:\\dix\\Storage-XAccel\\src\\VmTstLib\\tests\\CosimTest\\asfo\\CosimTest_asfo.vcxproj]\r\n         D:\\dix\\Storage-XAccel\\src\\VmTstLib\\lib\\TestLib\\Params\\OptList.incl(1000): fatal error C1002: compiler is out of heap space in pass 2 [D:\\dix\\Storage-XAccel\\src\\VmTstLib\\tests\\CosimTest\\asfo\\CosimTest_asfo.vcxproj]\r\n\r\n    1 Warning(s)\r\n    4 Error(s)\r\n\r\nTime Elapsed 00:10:31.04\r\nCleaning build logs\r\nERR: Build failed.\r\nPS D:\\dix\\Storage-XAccel>",
        "createdAt": "2024-03-24T00:35:29Z",
        "updatedAt": "2024-03-24T00:35:29Z",
        "author": {
          "login": "Fetrovsky"
        }
      },
      {
        "body": "Team Triage: We believe that this is an issue with Visual Studio C++ targets, not MSBuild. Can you [open a Visual Studio feedback ticket instead](https://docs.microsoft.com/visualstudio/ide/feedback-options)?\r\n\r\nAfter it's created, that will open an internal bug which will be routed to the right team. If you post the link here, we may be able to help that process, go faster.",
        "createdAt": "2024-03-26T15:04:20Z",
        "updatedAt": "2024-03-26T15:04:20Z",
        "author": {
          "login": "AR-May"
        }
      }
    ]
  }
}