{
  "number": 11184,
  "title": "Intermitent build issues of MSBuild repo - xml CDATA escaping not properly interpreted",
  "body": "### Context\n\nIntermittent build errors of our repo indicating that xml was incorrectly parsed and 'CDATA' escaping sequence spilled over into the content\n\n\n\n```\nC:\\src\\msbuild-2\\artifacts\\obj\\Microsoft.Build.BuildCheck.UnitTests\\Debug\\net472\\BuildCheckUnitTestsConstants.cs(1,1): error CS1525: Invalid expression term '<' [C:\\src\\msbuild-2\\src\\BuildCheck.UnitTests\\Microsoft.Build.BuildCheck.UnitTests.csproj::TargetFramework=net472]\nC:\\src\\msbuild-2\\artifacts\\obj\\Microsoft.Build.BuildCheck.UnitTests\\Debug\\net472\\BuildCheckUnitTestsConstants.cs(1,10): error CS1003: Syntax error, ']' expected [C:\\src\\msbuild-2\\src\\BuildCheck.UnitTests\\Microsoft.Build.BuildCheck.UnitTests.csproj::TargetFramework=net472]\nC:\\src\\msbuild-2\\artifacts\\obj\\Microsoft.Build.BuildCheck.UnitTests\\Debug\\net472\\BuildCheckUnitTestsConstants.cs(1,10): error CS1002: ; expected [C:\\src\\msbuild-2\\src\\BuildCheck.UnitTests\\Microsoft.Build.BuildCheck.UnitTests.csproj::TargetFramework=net472]\nC:\\src\\msbuild-2\\artifacts\\obj\\Microsoft.Build.BuildCheck.UnitTests\\Debug\\net472\\BuildCheckUnitTestsConstants.cs(10,7): error CS1022: Type or namespace definition, or end-of-file expected [C:\\src\\msbuild-2\\src\\BuildCheck.UnitTests\\Microsoft.Build.BuildCheck.UnitTests.csproj::TargetFramework=net472]\nC:\\src\\msbuild-2\\artifacts\\obj\\Microsoft.Build.BuildCheck.UnitTests\\Debug\\net472\\BuildCheckUnitTestsConstants.cs(10,9): error CS8803: Top-level statements must precede namespace and type declarations. [C:\\src\\msbuild-2\\src\\BuildCheck.UnitTests\\Microsoft.Build.BuildCheck.UnitTests.csproj::TargetFramework=net472]\nC:\\src\\msbuild-2\\artifacts\\obj\\Microsoft.Build.BuildCheck.UnitTests\\Debug\\net472\\BuildCheckUnitTestsConstants.cs(10,9): error CS1525: Invalid expression term '>' [C:\\src\\msbuild-2\\src\\BuildCheck.UnitTests\\Microsoft.Build.BuildCheck.UnitTests.csproj::TargetFramework=net472]\nC:\\src\\msbuild-2\\artifacts\\obj\\Microsoft.Build.BuildCheck.UnitTests\\Debug\\net472\\BuildCheckUnitTestsConstants.cs(10,10): error CS1733: Expected expression [C:\\src\\msbuild-2\\src\\BuildCheck.UnitTests\\Microsoft.Build.BuildCheck.UnitTests.csproj::TargetFramework=net472]\nC:\\src\\msbuild-2\\artifacts\\obj\\Microsoft.Build.BuildCheck.UnitTests\\Debug\\net472\\BuildCheckUnitTestsConstants.cs(10,10): error CS1002: ; expected [C:\\src\\msbuild-2\\src\\BuildCheck.UnitTests\\Microsoft.Build.BuildCheck.UnitTests.csproj::TargetFramework=net472]\n```\n\nLooking on the file it complains about - it realy contains unexpected xml escaping sequences:\n\nBuildCheckUnitTestsConstants.cs:\n```csharp\n<![CDATA[\nnamespace Microsoft.Build.BuildCheck.UnitTests\n{\n    internal sealed class BuildCheckUnitTestsConstants\n    {\n        public const string MicrosoftBuildPackageVersion = @\"17.14.0-dev-24620-01\";\n        public const string RepoRoot = @\"C:\\src\\msbuild-2\\\";\n    }\n}\n      ]]>\n```\n\nIt seems like the CDATA from the msbuild file was not properly interpreted:\n\n\nhttps://github.com/dotnet/msbuild/blob/a71903d9684e24db3db261b27ca73c0ef879cf81/src/BuildCheck.UnitTests/Microsoft.Build.BuildCheck.UnitTests.csproj#L53-L74\n\n### Repro steps\n\nI'm not sure about specific conditions - but it appears every couple full builds. Then I need to clean the artifacts folder and issue is gone for some time\n\n### Binlog\n\n[msbuild-cdata-issue.binlog.txt](https://github.com/user-attachments/files/18231879/msbuild-cdata-issue.binlog.txt)\n\n### Note\n\nThis seems related to https://devdiv.visualstudio.com/DevDiv/_workitems/edit/1980399/, https://developercommunity.visualstudio.com/t/Project-Generated-Files-Sometimes-Contai/10604117",
  "state": "CLOSED",
  "createdAt": "2024-12-20T17:43:03Z",
  "updatedAt": "2025-01-21T10:06:56Z",
  "closedAt": "2025-01-20T18:10:50Z",
  "author": {
    "login": "JanKrivanek"
  },
  "milestone": null,
  "assignees": {
    "nodes": [
      {
        "login": "JanKrivanek"
      }
    ]
  },
  "labels": [
    "Area: Our Own Build",
    "triaged"
  ],
  "comments": {
    "nodes": [
      {
        "body": "I'm not able to reproduce the issue locally. @JanKrivanek, it's probably something that depends on the environment.",
        "createdAt": "2025-01-10T12:55:36Z",
        "author": {
          "login": "MichalPavlik"
        }
      },
      {
        "body": "Caught this with evidence :-)\n\nThe file again appears already up to date to the batch build:\n\n<img width=\"765\" alt=\"Image\" src=\"https://github.com/user-attachments/assets/03c89c86-cfc1-4cb2-a1cd-ccbfb8050b36\" />\n\n\nIn procmon I can see this was update by msbuild spawned by the VS:\n\n<img width=\"893\" alt=\"Image\" src=\"https://github.com/user-attachments/assets/833edc5f-73a4-44af-b265-af53ec95ca3b\" />\n\n\nAnd the project it runs was apparently injected by ReSharper:\n\n```\n<Project DefaultTargets=\"ControllerTarget\" xmlns=\"http://schemas.microsoft.com/developer/msbuild/2003\">\n <UsingTask AssemblyFile=\"C:\\Users\\jankrivanek\\AppData\\Local\\JetBrains\\Installations\\ReSharperPlatformVs17_f4389299_000\\JetBrains.Platform.MsBuildTask.v17.dll\" TaskName=\"JetBrains.Platform.MsBuildTask.ControllerTask\" />\n <Target Name=\"ControllerTarget\">\n  <Message Importance=\"High\" Text=\"Run controller from C:\\Users\\jankrivanek\\AppData\\Local\\JetBrains\\Installations\\ReSharperPlatformVs17_f4389299_000\\JetBrains.Platform.MsBuildTask.v17.dll\" />\n  <ControllerTask PortValue=\"59648\" BuildToolVersion=\"17.14\" LoggerPath=\"C:\\Users\\jankrivanek\\AppData\\Local\\Temp\\JetLogs\\MsBuildTask\\2025-01-17 15-28-24Z-MsBuildTask.log\" />\n </Target>\n</Project>\n```\n\n[Gowodiz.proj](https://github.com/user-attachments/files/18481146/Gowodiz.proj.txt)\n\n\nAnd from their log linked I can see it was really trying to build the project:\n\n```\n18:49:42.309 |I| Build                          | :82                            | Finish build part [1/2] for project 'Microsoft.Build.BuildCheck.UnitTests.csproj': Success\n18:49:43.090 |I| Build                          | :85                            | Finish build part [2/2] for project 'Microsoft.Build.BuildCheck.UnitTests.csproj': Success\n```\n\nThat being said - the issue is in ReSharper - I'll log issue with JB",
        "createdAt": "2025-01-20T18:10:50Z",
        "author": {
          "login": "JanKrivanek"
        }
      },
      {
        "body": "While 3rd party product issue - just for consistency - unchecking the \"Extensions -> ReSharper -> Options -> General -> Read solution model directly from project/solution files.\" reliably gets rid of the issue, while checking it reliably leads to the issue (with combination of switching branches/configs or accumulating specific changes within the inputs)\n\n\n<img width=\"922\" alt=\"Image\" src=\"https://github.com/user-attachments/assets/b9899438-44f6-4ab7-a2fb-d9ec03c80bf9\" />",
        "createdAt": "2025-01-21T07:18:18Z",
        "author": {
          "login": "JanKrivanek"
        }
      },
      {
        "body": "https://youtrack.jetbrains.com/issue/RSRP-499811/JetBrains.Platform.MsBuildTask.ControllerTask-Incorrectly-process-CDATA-section-in-project-file",
        "createdAt": "2025-01-21T10:06:54Z",
        "author": {
          "login": "JanKrivanek"
        }
      }
    ]
  }
}